BT9GeoSEMF0POmhi8wPO0LOGva+io4N9QyDc/rpdKRujhfqLN/OZtuE3kDHwS3g9mIfzerkFV67l4uAGFRBeivs48c/DIakmXbJ87sfi96hxd72DzqdXsA==
jpBmoyR1tWWfvJ5U+Tn9AHrFY4rIQ2CzyO746Jcm1l2x0adU19mJ1itaG10MDCOMPaWfe+rI248Ac3+RtPHHbJwWfyCxlrMecEuM+rZfx0XzeonMRHGYb3w83LnB595PBgdgW975ih9v/9kyKStAwwmnmJmwu0MuoUnX6u2+cDItvP5uE8QB2xutaSIVLiyav46XjNnLjVdWa1d0
nvZr70j8kWEFJJd/9hsQzxRquOlQW7xRiK3a9uH/2EcsQSq55renYhBtWhOnexkOEZ/w5CIDOMWo79NiqQ1XlpXKAF5F2J7yS9BRV1OpKZ6tGhw2F6q3UEEfnZver1eI
AEjCGwb16KMZdgM5aiUOq6q1iy8ajbGiGRhJ8a+SZuULWGvRG9qoiEl0k5L5M20PNonODHWXZJp9tL7mQ+yhcwtl6eoFhoyy7wbXhIljrX/Go1e8
5lNm6DgmMj6r5IS9avzyerJ7OCEcdigcIYxETcSvz14wdqMqZqTTwAf7OxZfmadIVjVimQtXRVjfGZlvLeOY8UrotFet
9CICtM23A1es7b48FIYpVTO0rzxI2+ZUh7OEpOUGsYT9+V/Ka8GjcgsZHaRxxQqJ/H4UWsuowpEtpdKPpeOI5tIdwvBE9jRqhLV2MaszKDIhfkbnuQnFs52LpGyDs1c2sxHjWLJt/lkXD+HIGxG1j4GrnAHukIhXkQ==
Qe5iRjtq/fQ5qs0vzhB4pwwZFkGex64IFfUXrNMEf0pdGHjCkcLzbE652dyEGV2U/QfkLuVIHkKrgBSnc7kprs3K3Ea3OjfgoU/da/6/V7g=
3Sa105h3X4lkQzpWunebh1d4tORIV49R3K/B7fLp0FkoEiaQr7GsYC0dV1zzFH96Pci4sjFSc9yu6ZkspAldpJ3XJF5F2J7yS9BUV1OpKZ6tGhw2F6q3UEEfnZver1eI
8GFXMQv9eUTe44EOWvK2Dw0ZFkGex64IFfUXrNMEf0pdGHjCkcLzbE652dyEGV2U/QfkLuVIHkKrgBSnc7kprs3K3Ea3OjfgoU/da/6/V7g=
YwfxjGsQKpgqO0x80dlvzw4ZFkGex64IFfUXrNMEf0pdGHjCkcLzbE652dyEGV2U/QfkLuVIHkKrgBSnc7kprs3K3Ea3OjfgoU/da/6/V7g=
YAep73r4EkHfaEC6s7LsyhZb3vvJDbMvgx/DTO93vetdRLqlyao+ve0vTKDzk6e24zHzmCLNLllHb3EIC3FlDzHLrMFe8LhXoQ==
ypvU8lOjMS5Eimw1l3K2vRdb3vvJDbMvgx/DTO93vetdRLqlyao+ve0vTKDzk6e24zHzmCLNLllHb3EIC3FlDzHLrMFe8LhXoQ==
lJUOp+vx6LQKumLPxqxfXRRb3vvJDbMvgx/DTO93vetdRLqlyao+ve0vTKDzk6e24zHzmCLNLllHb3EIC3FlDzHLrMFe8LhXoQ==
lNzfJVEzVxijb1nBbg6JS0N0552GQ/Rh0A7cTPUk+O1YR7uupO4vquo8R7Dzk6e24zHzmCLNLllHb3EIC3FlDzHLrMFe8LhXoQ==
PtKckMbESDNswnn5G3wwh0N0552GQ/Rh0AreQvUk+O1YR7uupO4vquo8R7Dzk6e24zHzmCLNLllHb3EIC3FlDzHLrMFe8LhXoQ==
9erVzrHFWLjKISEkjQLpyRGk/2LKYIdExGG2KHOj4Cs750RZWkmc5Pkg4VLuJHeyXHkHU4kYQUgkKBOAZybdnfVV6rVXrg==
qTRiIP29MJBlMMGey7gvdGMjsj3dyLDbUv6a7wOcCL9qLRm31x6N2t6ewgGo7GSBelJq7JLdS6Ej1Lk65y7cHGuJ/WfwdxKiLf633xDgUrVxN0fk1nAgwDldifcjMMSCkU1MKOlNeZi+aF8nUW/T3dgaX7U4GuAz1SIFq4YpY9KgC2jrgihxSmC1oGPKB/jv3aUOUcjY+I7EiN/O6hj5NznB5fPOFJjN9SVGzwC6OjBpRgat5tBqE0X92P/NaAXJUQJP5AObxlkt+PdY4WhTtCB8zxKLDV3J/pc5iFAvbBhpEf4MmdxNA65Hqf5sdx+dyusCeCtp/TGsyu4DnIfJk+RHmwwBmZyBHCtQmUvJZohQRm14ZxOBORjNfUOooeiTECVhLU0sMACROnF0dNjMTFmrCpllHXwX6Sy+1p3Bey+MZGvuLU9g9hS9MfPyYnYTQngwTSxeTqv+38LE4XMrOdZSjCbx2yZcq57oxPGOri0o2G49MdPcfffbC5YPuTeJRpUSmbu3VZhPecnv3QMosTpIZFd9
j5kxuNP6KQf+bgo5wGMGR6ALWipG7HWjU8UvvkoNZK1KGfPGwZlfAdTX1Gvsw/oZmPLxfl0w5LQny2mBSGOw+XMWXGmoW5oqKDm8ELDY6N/ijTRZSOfTbNlply8xI4I+ySjjsgw8/rauldla9XL5uwCcfJKHGY7O8Khs/00nZTCz+qCdZ0mAtB4iQJ+rhLcKRZvXupLvxjO/9GvbG9kTz92fKRACazxn08gDuo8HMqFKA3rCas07LRtDupQCj+Odb3VGYq3FSap/WevtcS4lneVZ1KuCif5ZfrxUC3wPBglxi7dSAPdNlbszSgQ1o9xvEADZGRiquLLVZhjZ17myWcO7x+Irv8nNMSRf1xzbzOj44J0IpatfEPs3R0k3a3/U3ZqSaUzS+Iy8O66deLJBL/kCM1Xr+h6zzqLHeiuXHn7+2lFZmnef7BvdNAdHibL1DWsQB3cNDW+8vtXK3W3I+ZZmJb/QKBxVTH44P1mDcoudlr21wSQpxs5w//ZNna9HyYxprLRsG9THMhUZpTFCYVd6
SQwE0wDVqj2tJRu23HNeS5z7wflFSZbo2JJQPbqfxTircxvcRD0ezlg3/6BvkXjZT1Ge6GcCks0kykjpzTmocrHol8HiiwdqFf/faiulSvOQhyx4g36NzHI3oaWQ25od+INMLo9bhS7cQpKX0+Ev+1UDECCnsAk67Mxbdr4kCNz2rtZFFYjhhMmo0zICYewM2mWwhMnGAmlZbzxzrtJY9MSkhDjMxtY1asIKEWJauMIGt8GMPGK8n30aiRr4U7T9IQpO0fAK+rXD3rhTy16Ahey5tWpr3pV2ENcOgNZ5BEB2B3z514V3shbw9PenYVTQgIqBC5jwb0GrO0BZkXAXk0z/5Pz49LUs9e8XRFujz82nz9eAnc66TVzW8Jicb+bZKBbpu3mWm/G7vlbn7rbPfjuzNiq+jvn9CvMXeLuJfEMXrZrhDX84IydJRTscKl1OTclgrdYyDZvALBRBbCpwewkn2h8dAhURkWBhku5k9/JduYcTidjBCCTok0BnZl1d9RVqdVdu
zHBj+2sJKP/rJJyURkGQkSvuVeauFEasPloebJTdFZG107PnKkU/mYtTWYFOP1/5L7BeKMAElZIpcBsn9MpVZotQgqORY5E5m5WU/LHQQGlm5uMVM+j4bBd8uOwNpVrqNDNKP1sWYJXZ91Qn3ALZFveBYEtNI9SvZXrSvS9kxptACu5r/DB80tqcx0VJ0vq546CiNkooD4V2nSsXS1rMG3I73Lo8D6Bwu8+fOtOfwV0bS/LS89Yq6WmGD0Ov7yYhjYBxeptIxakHdxzZ8gLshuWR33KLVSlbDnB52fxABw4/u/FEFLb4lVY2YvGLnWuFPiAPMzfg6ISv8g+DCXn/vlvj8RHROGfLbMf09Pj8pRTVt2cMG+t/FUc3RwgdRio1PI5AUFynFgEILvmzeZ6LyZtmpi8ufn8mW8umoj4GaQXqK6cw+8EMGzeViukNdygbBxE1c1xi7ZatMfAlVrqd46B0pIms4oCjKR/KFx0KBSmxuJFaLqxHqj3BF5sJUFHwxDAjCCcuLQXVLXp9V2Y=
zHBj+2sJKP/rJJyURkGQkSvuVeauFEasPloebJTdFZG107PnKkU/mYtTWYFOP1/5L7BeKMAElZIpcBsn9MpVZotQgqORY5E5m5WU/LHQQGlm5uMVM+j4bBd8uOwNpVrqNDNKP1sWYJXZ91Qn3ALZFveBYEtNI9SvZXrSvS9kxptACu5r/DB80tqcx0VJ0vq546CiNkooD4V2nSsXS1rMG3I73Lo8D6Bwu8+fOtOfwV0bS/LS89Yq6WmGD0Ov7yYhjYBxeptIxakHdxzZ8gLshuWR33KLVSlbDnB52fxABw4/u/FEFLb4lVY2YvGLnWuFPiAPMzfg6ISv8g+DCXn/vlvj8RHROGfLbMf09Pj8pRTVt2cMG+t/FUc3RwgdRio1PI5AUFynFgEILvmzeZ6LyZtmpi8ufn8mW8umoj4GaQXqK6cw+8EMGzeViukNdygbBxE1c1xi7ZatMfAlVrqd46B0pIms4oCjKR/KFx0KBSmxuJFaLqxHqj3BF5sJUFHwxDAjCCcuLQXVLXp9V2Y=
j5kxuNP6KQf+bgo5wGMGR6ALWipG7HWjU8UvvkoNZK1KGfPGwZlfAdTX1Gvsw/oZmPLxfl0w5LQny2mBSGOw+XMWXGmoW5oqKDm8ELDY6N/ijTRZSOfTbNlply8xI4I+ySjjsgw8/rauldla9XL5uwCcfJKHGY7O8Khs/00nZTCz+qCdZ0mAtB4iQJ+rhLcKRZvXupLvxjO/9GvbG9kTz92fKRACazxn08gDuo8HMqFKA3rCas07LRtDupQCj+Odb3VGYq3FSap/WevtcS4lneVZ1KuCif5ZfrxUC3wPBglxi7dSAPdNlbszSgQ1o9xvEADZGRiquLLVZhjZ17myWcO7x+Irv8nNMSRf1xzbzOj44J0IpatfEPs3R0k3a3/U3ZqSaUzS+Iy8O66deLJBL/kCM1Xr+h6zzqLHeiuXHn7+2lFZmnef7BvdNAdHibL1DWsQB3cNDW+8vtXK3W3I+ZZmJb/QKBxVTH44P1mDcoudlr21wSQpxs5w//ZNna9HyYxprLRsG9THMhUZpTFCYVd6
7PQ1M1P3gXatMuCiH5ibKacb2JMjYXpVw2V8bX8+c4cVdhDntwFRS2NSERpIYifYtPW9j8z0Z0W6S9ChtIYgfPk8PI3cv/e+uCZLKg50W6A/6yNWpyn/qV5FyhljZ014h+khLzXz4FHCuJxXhQ==
sCOB4M7M9SMSfU+5y9OOuyTNiSLD5x3KpPwDjPijf1qjNifShNraDSgYDF3L3ufx5nB5u03rsaG8TxjA0u+1kf0wcmmQIEqrnsQUtnWg3jqbiDX/oxGpFj2CvF6nUncYEcd9s66XV4A=
/fu2jVubGwepORDHWNi085eSluGwJCyyt8gk5gSq/NacW31bn1oVGkxq28iYjZmvKCxLNeaDFGHwznzMFeSY7bgHGy4Ers+qivznMFNTx7YDcZMZgo0OWScvkYirsUUPEQvMQb6wmFeB
TmQSY5HiPQlf/vjRTOChGyLGjyvn4AncguwDifuHZViuNifShNraDSgYDF3L3ufx5nB5u03rsaG8TxjA0u+1kf0wcmmQIEqrnsQUtnWg3jqbiDX/oxGpFj2CvF6nUncYEcd9s66XV4A=
AABk6g4jPuqUoJYuXkrOG8AFn2FFrSELs7IhGniC95jEVU0PXJS3hYorwKGkplA8KZysDWxfR/7oBrsqflSLYI+Lk9Y3ia9prmXaGXOHfTjXCbGvRVMQkZLYrFe1
BDTRKqehWWiQHTwAezqKUxqUoDG93Is6XFgVe4dKHRpEesPo8L1hb3B849Ve85zheH4EbP00wK2A9zNOHL7HqoLs/9B7I/922yH7uXo9htmv3ynoA2GdT2k7JGGmoJBXiQ==
kngwjguAY63a3V4wMjQGdDX4NIEU8NMGq4M5NqOa+gZ9EE7B35/OAF0t4I8iAcYCupRDSH5dPouNtqLCeWq8kMEoRV/BhuVdxUFEQbg5kaMXED0do79XRxqZmNyuV7c=
C+6IkEr4Hndvj8KZcB0FYiLGjyvn4AncguwDifuHZVi1NifShNraDSgYDF3L3ufx5nB5u03rsaG8TxjA0u+1kf0wcmmQIEqrnsQUtnWg3jqbiDX/oxGpFj2CvF6nUncYEcd9s66XV4A=
z9TwfSU5yTABQUPSgA9kGSSwlwKU+KgScG1fdYdYABwEMM3o4qBnLzpp5doKrJWhZW8YLbMjhbyP5zlPPv2Tqpvf5MZ7I/922yH7uXo9htmv3ynoA2GdT2k7JGGmoJBXiQ==
wguD+kVVjxD+nUMYGehqMvsx8iTyklNHvlynDDc/q34ihrjF5mlvxI1OnCH8Gn+Ds1bUMuPgEMkxOtj2LZ1T+aMeM1/FIs0GfqK8LcecitPKx/xK78ljUweyc/zQive7hp8Dmm45R3OSglEzUnmAoWcxkkLc58FbDyNiTx23T0OeinjnRHulSTe04bXEKUUr5HsZPtYn3yaB9YJIpAilwxRM0nTVJXe1ZDeUzXK1QjoceG+ZmzG53S7rA5giJd4Yw/QZDHTYHrBlh9K1Q5qrB1Ap3/s+841hhHnfL3G5bMQRBKW/5J+2zFEh2KoA4zzkHFGBMT5NXdxpi6nGldBeSnv49o9DYalm3fJ8Lkci92jxt73DTudX8A==
kLVBjnEp4+0RawYMDbtP63aRUUIiiVflHTZXp2id+aWOXJWsZJAX4oflEy/WkHeyo6gQDCxiiMHelS+wJcIMRSTGH5e7eqR2G1yQfdl2iNI1gXMta3KD231eDfJWrqzJn8BqR0JrDI6X9WNnb36jWEgWV+/OczOeVsUHBzoOwVeKpeC1bx3iBiRbQe/nbzJrBatvl1bmyGP8B2W9H7jxUZx1pb9s1+n6rhvfEuk5Uuw8lAWXXKDicO3ZN8HMuwSpqmkiLhRUH91jjTlpxqdTvDo5/swLmKmIzKTeRE2LwlEbxkuT2IUvP0bPjVXstQ+L6SXMkFnolbvcY/a4+a1Iztg/XPAUffF1xvHdaIHH+eKNzH6es5RGC/sdaZL1/mzKH34X/HkbTQc221fE
sGt4b2DRs6LFgMEYk0k8Rm0TII7Fnn299klRkx/n9B8hqVXcp9yizJRfl9uHYO6+X7d4fQeAhRlNcKqXw3Rpvyircj2ft9hPv121iAsgQmV5IoikdgidtYSjkMHrP8MiX6/QuH4nvQQEt2CEi208UHyImmkghjXmCuF4aRqOkE/Cd4hAyzygjqb1OoFdPRqmjK2wSgqtqUyqX6UHbA43Fp09aGrtNpN/WMdmsn7ogrBwCkFSqbuu4RxZPgiSL4cwEKYT3fUdC37FDoMTrs5aYf+D3L4Yq6zkPs0iwqATkAPstC+vZQEYDiLGX8eoZCWCZrRfksAVxoQg/X+PMsWZRyXmASU5MkgJPHmV65sgAaUHn3PfRonUVOpX8w==
/n/eA0yUrBrUeBFnkaEhMdQYfADkY502BvV857mt99LEjS8Bmu8ZNd5sZ6ZbhDDoBD549YZZb/TtflyRnKr/M9PmFAKD0BD5UQoYRk0t00nDrvNvpRLNNh6SfJ2nLApjqnc8eo/5Y2NngrNMsDp3C+Yvw6oOCUdD8rKRgzLJABEHgVJyvNfBa28Tov99B8/z/jq41yRLpXlXhCEFpJnFm4TL2Q62F98W4cVC+MS4JXN0/BJEtRV3hQQHVH0SBcKKfMivqfsBue1O28MoQpVeqKNE2TwU6B6ABbcSBSMqK7cwmR/LXsONUeRJH58RCex0cbRlj4SvtvwxERgaYFO8VHzhQQFefV3sCbtpdvVg3vobSDa/I1GpVr3CvJ4nknfYkQd98y7XV8A=
/n/eA0yUrBrUeBFnkaEhMdQYfADkY502BvV857mt99LEjS8Bmu8ZNd5sZ6ZbhDDoBD549YZZb/TtflyRnKr/M9PmFAKD0BD5UQoYRk0t00nDrvNvpRLNNh6SfJ2nLApjqnc8eo/5Y2NngrNMsDp3C+Yvw6oOCUdD8rKRgzLJABEHgVJyvNfBa28Tov99B8/z/jq41yRLpXlXhCEFpJnFm4TL2Q62F98W4cVC+MS4JXN0/BJEtRV3hQQHVH0SBcKKfMivqfsBue1O28MoQpVeqKNE2TwU6B6ABbcSBSMqK7cwmR/LXsONUeRJH58RCex0cbRlj4SvtvwxERgaYFO8VHzhQQFefV3sCbtpdvVg3vobSDa/I1GpVr3CvJ4nknfYkQd98y7XV8A=
kLVBjnEp4+0RawYMDbtP63aRUUIiiVflHTZXp2id+aWOXJWsZJAX4oflEy/WkHeyo6gQDCxiiMHelS+wJcIMRSTGH5e7eqR2G1yQfdl2iNI1gXMta3KD231eDfJWrqzJn8BqR0JrDI6X9WNnb36jWEgWV+/OczOeVsUHBzoOwVeKpeC1bx3iBiRbQe/nbzJrBatvl1bmyGP8B2W9H7jxUZx1pb9s1+n6rhvfEuk5Uuw8lAWXXKDicO3ZN8HMuwSpqmkiLhRUH91jjTlpxqdTvDo5/swLmKmIzKTeRE2LwlEbxkuT2IUvP0bPjVXstQ+L6SXMkFnolbvcY/a4+a1Iztg/XPAUffF1xvHdaIHH+eKNzH6es5RGC/sdaZL1/mzKH34X/HkbTQc221fE
FNuVhuiYl6YqUwpsoECCUc0P9QDTRqNt4so+LM1Bon8gDq61QaNRNw0mabVxHbBZhvntO6NAyTWvXxvvjulM5LJXqw==
1q9g/AjgbGUdc9CI248ikAYQd8VOapKEefEWx5yOEg31E+WfoYbFHSXD4YHdObHj95Cd3cO/dwf6GTgczlfX
Aijmrael27rvCTJcVVzirs0P9QDTRqNw4so+LM1Bon8gDq61QaNRNw0mabVxFLRZgfntO6NAyTWvXxvvjulM5LJXqw==
MQ47rGQr3kHmaPbWc9nXA0nwyhd1S9eotmcWBMFZGPOYu7p93mX1eXJ39rqtv3kTbl/3ngfkqYbOMH+2TlkvgsnM6ey0rJsUx/KVWaVxwqFXug==
YiCNWxOweUrY4n7ei3WXPQi53kd0QYOvvGFDBN1ZGPOYu7p93mX1eXJ39rqtv3kTbl/3ngfkqYbOMH+2SFovg8nM6ey0rJsUx/KVWaVxwqFXug==
V5XZGUtshSx6MKz5+OOnsN7PQRYz/SBvHn6F02zqm2lTBxATqBh7w5ZYReQlOQ8LFUkmLq+Jl6i8zYKOwVvm6AhMyKJaD0AaPBg3yfibEk4cURurq4OP9kvBS/wrHXLZn795KPPBDc/Z2/Qh1oCAV5k=
6bz5ZfExplz+PLJF+mqYct7PQRYz/SBvHn6F02zqm2lTBxATqBh7w5ZYReQnOQ8LFUkmLq+Jl6i8zYKOwVvm6AhMyKJaD0AaPBg3yfibEk4cURurq4OP9kvBS/gqHXLZn795KPPBDc/Z2/Qh1oCAV5k=
7AUgBn9+VSrr4t6BaqoIHL2jtsEIxtJ3EzJkhBgqwgdnXbls8Lp90DwCUfjH0MtUC2Vqak9QYPWHycIMlSk4OR679m/Zt8IFQkyVxUXtrj1zeM+OpWgeYusglAAznimOjWpc5vcaN8Dh713Lvp9XmA==
FhZ3PI86DNg6w5kmMC0yinYgeUKZFUi1ol3VNeW9rg0T6A/+hbie0gsw1vOTzym+7fqcltfKt3AB/x07Hs9XqA==
fPO1Sua5+VsByKYuNkEFvwtIeco/6imLwckoUcqxpcGdQS6Jm2Sfah0kPnajnGhHK3Pp+iW2TMIPllcU6ZPtT+azV6w=
sQEhCpczwfawCozazsywt7aQqloKJp+IiWN8k9LzhyTuRoXgg4Ybe2BAroycgdKfMA6+1bHjgZedphlVwVxnOXL53RvzgLmVH9+Lj16pfMSiV7s=
hl3FMrWwimzSO2jjSG2CXvfZvgoLLMuPg2Upk87zhyTuRoXgg4Ybe2BAroycgdKfMA6+1bHjgZedphlVwVBmOXL53RvzgLmVH9+Lj16pfMSiV7s=
SqCONQrn6j7oeiqKs1vY7d6ORQEgvDVvGWKe02v2gGlUGw4DuAZl3YhGW+U0chYWDUo3JeGKnfOr3IOU3ASs5gdEya4RbzIQPBg2yfibEk4cURurq4OP9kvBS/oqHXDZn795KPPBDc/Z2/Qh1oCAV5k=
9jhG+gBUSd2GNNrcVfDTPeZtKCBtjxbcl8Lcw6c8RFG5p827X8dc3BVDiJahczBXVs6M8umuwNSrkAJ+QOtW3ZZUchxSzlVreFc2Gy0fuTNufzc+h0Rpps5Qv1bAPe9hyaypDDTM2/TH0tX5JdGCgVea
HZ7HI/2wLWbQexwM4ZW0p+ZtKCBtjxbcl8Lcw6c8RFG5p827X8dc3BVDiJahczBXVs6M8umuwNSrkAJ+QOtW3ZZUchxSzlVreFc2Gy0fuTNufzc+h0Rpps5Qv1bNOO9uyaypDDTM2/TH0tX5JdGCgVea
241VAWHl9WxOh+gMnlQtT+ZtKCBtjxbcl8Lcw6c8RFG5p827X8dc3BVDiJaiczBXVs6M8umuwNSrkAJ+QOtW3ZZUchxSzlVreFc2Gy0fuTNufzc+h0Rpps5Qv1bAOO9uyaypDDTM2/TH0tX5JdGCgVea
kE//3c+T5K0ytdmuFMoI/t7PQRYz/SBvHn6F1nfom2xGBRARphBjwpZaUuU0chYWDUo3JeGKnfOr3IOU3ASs5gdEya4RbzIQPBg2yfibEk4cURurq4OP9kvBS/8rHX/Zn795KPPBDc/Z2/Qh1oCAV5k=
mjzHczdiYmY5j+F5AeCTMwYQd8VMapKEe/EWx5yOEg31E+WfoYbFHSXM4IHQObHj95Cd3cO/dwf6GTgczlfX
ocnOEqri31KfaQZb5OQkHM0P9QDTRqNw4Mo+LM9Bon8gDq61QaNRNw0mabVxFLdZjPntO6NAyTWvXxvvjulM5LJXqw==
jAVaAdn8jZFx43mI91ReSQi53kd0QYOvvGFDBN1ZGPOYu7p93mX1e3J39ritv3kTbl/3ngfkqYbOMH+2T1ovj8nM6ey0rJsUx/KVWaVxwqFXug==
bbNuJFXXjYCMUgMSNpZrltd9EDAHkyjSOTghDe+/EnrLpUagwAlLVkvOv4uCyBMmMD9DF/pe+Q8Ywwq1/m3lozIvZjDN94krbmcH1mdsOd6O6G++a5Sf90k0WaSUpItMByoF0UW5splXgg==
H6CI20OjTDlTqvYP/rZcmt7PQRYz/SBvHn6F02zqm2lTBxATqBh7w5ZYReQmOQ8LFUkmLq+Jl6i8zYKOwVvm6AhMyKJaD0IaPBg1yfibEk4cURurq4OP9kvBS/UqHX7Zn795KPPBDc/Z2/Qh1oCAV5k=
IChJ/1PXb6PIaMGBYs3yD97PQRYz/SBvHn6F02zqm2lTBxATqBh7w5ZYReQnOQ8LFUkmLq+Jl6i8zYKOwVvm6AhMyKJaD0IaPBg1yfibEk4cURurq4OP9kvBS/4vHXfYn795KPPBDc/Z2/Qh1oCAV5k=
PIKSWnuzg/RlFZT76HhGsd7PQRYz/SBvHn6F02zqm2lTBxATqBh7w5ZYReQnOQ8LFUkmLq+Jl6i8zYKOwVvm6AhMyKJaD0IaPBg1yfibEk4cURurq4OP9kvBS/svHXfYn795KPPBDc/Z2/Qh1oCAV5k=
Rp0sABzDtcPI5kOPKtnws97PQRYz/SBvHn6F02zqm2lTBxATqBh7w5ZYReQnOQ8LFUkmLq+Jl6i8zYKOwVvm6AhMyKJaD0IaPBg1yfibEk4cURurq4OP9kvBS/wuHXfYn795KPPBDc/Z2/Qh1oCAV5k=
PXgiPBtr8aMbhWPypjJwZ72jtsEIxtJ3EzJkhBgqwgdnXblu8Lp90DwCUfjH0MtUC2Vqak9QYPWHycIMlSk4OR679m/ZtcIFQk6VxUXtrj1zeM+OpWgeYusglAczmCiOjWpc5vcaN8Dh713Lvp9XmA==
q3oCBzfJreAcuzRGW8T6l0I/T+tg+Ueubt8DK2tSZyLEsr63sNH5te5jjUtEkcy3tySV+ip6cqp8a8CKL1YXZc2NJqRwxEetArUZIEEcJBO675RAA6ofzgLT/pBLRzjcVwa8l4aMHwwtlBEpzOTVXbBPx0ychiMLu5ROAW0DW1fSrg4p+5O7NyXfg8yTFVHN0vea/ZY85sdqrgv4By6ju04nKRyL1bedOL282NB9DUM6haccg5s3ALoylTAkZBQWodpWKPYPGM1eJY6vn0B030EYDDJt0eQ9j8KpqZBnli4cs6hKJeFA4v/c3/70NJ/GWNtE/PKjBIyI94/M8m0lRuPEQ9Xl48E2a8FkwfD2+OKZDq2hUx7rBVM/L1FjKv249g9k+BRijGnay0BovfG5QHcTIzDSfZ7Qk8zzbcLAnrj1/3KdM0JrT4CRvxMOa43plIH/h4HhLAxBPEXXVIc2xMFZeIJwO/yszOnh2Q7VXVR5c4luZYgegivAF+PzeihuTYrcBjf6NyAhD90rfn9XeA==
vVsnKIuk25A6evap3QPb+ivuVeauFEasPloebJTdFZG107PnKkU/mYtTWYFOP1/5L7BeKMAElZIpcBsn9MpVZotQgqORY5E5m5WU/LHQQGlm5uMVM+j4bBd8uOwNpVrqNDNKP1sWYJXZ91Qn3ALZFveBYEtNI9SvZXrSvS9kxptACu5r/DB80tqcx0VJ0vq546CiNkooD4V2nSsXS1rMG3I73Lo8D6Bwu8+fOtOfwV0bS/LS89Yq6WmGD0Ov7yYhjYBxeptIxakHdxzZ8gLshuWR33KLVSlbDnB52fxABw4/u/FEFLb4lVY2YvGLnWuFPiAPMzfg6ISv8g+DCXn/vlvj8RHROGfLbMf09Pj8pRTVt2cMG+t/FUc3RwgdRio1PI5AUFynFgEILvmzeZ6LyZtmpi8ufn8mW8umoj4GaQXqK6cw+8EMGzeViukNdygbBxE1c1xi7ZatMfAlVrqd46B0pIms4oCjKR/KFx0KBSmxuJFaLqxHqjDFF5gIUFHwxDAjCCcuLQXVLXp9V2Y=
N+Y7R1+wYMNKxu+JP3O8Xe90bi40p5MRFxECgxWXnPGEotyCHxOf7RU22mpvvFe6IPowSGDf+ndPlsmYNKtw9M/Bh7DsSN8eULuVzFCcgVMDm7cYKwUZ/K2U+jTUZwuy+tE+4YTwE3fj4eMEO9Y8hOeZUtlbAPKn56FW1Hk5XhewY9NXKrhgmQGpK1VqpTH5n6EKDOA9GCVFWzOiCX+Ih7WpkN3hBKoZ3xTlw0riyIY1YUCKCm7JO1fnIOE8R/5b8ngonlfjp8/5r4odi/KO64561/IBVqgGfiLhEbr/j7TbBaQPp0HCTQ3TYM+XBZ23fObFQv0leAEWHpV38KAMjQwmqDc5y4IznS5N/aEsuZ6OqO9+YVEfPEh02eSU5AuMB+qFEUX5MtlXwg==
Fi7ZP8Cdg9DbZ25wDajFR0I/T+tg+Ueubt8DK2tSZyLEsr63sNH5te5jjUtEkcy3tySV+ip6cqp8a8CKL1YXZc2NJqRwxEetArUZIEEcJBO675RAA6ofzgLT/pBLRzjcVwa8l4aMHwwtlBEpzOTVXbBPx0ychiMLu5ROAW0DW1fSrg4p+5O7NyXfg8yTFVHN0vea/ZY85sdqrgv4By6ju04nKRyL1bedOL282NB9DUM6haccg5s3ALoylTAkZBQWodpWKPYPGM1eJY6vn0B030EYDDJt0eQ9j8KpqZBnli4cs6hKJeFA4v/c3/70NJ/GWNtE/PKjBIyI94/M8m0lRuPEQ9Xl48E2a8FkwfD2+OKZDq2hUx7rBVM/L1FjKv249g9k+BRijGnay0BovfG5QHcTIzDSfZ7Qk8zzbcLAnrj1/3KdM0JrT4CRvxMOa43plIH/h4HhLAxBPEXXVIc2xMFZeIJwO/yszOnh2Q7VXVR5c4luZYgegivAGePzeihuTYrcBjf6NyAhD90rfn9XeA==
V1ZsZ/l+lFr2Zv7O2CwPqNQYfADkY502BvV857mt99LEjS8Bmu8ZNd5sZ6ZbhDDoBD549YZZb/TtflyRnKr/M9PmFAKD0BD5UQoYRk0t00nDrvNvpRLNNh6SfJ2nLApjqnc8eo/5Y2NngrNMsDp3C+Yvw6oOCUdD8rKRgzLJABEHgVJyvNfBa28Tov99B8/z/jq41yRLpXlXhCEFpJnFm4TL2Q62F98W4cVC+MS4JXN0/BJEtRV3hQQHVH0SBcKKfMivqfsBue1O28MoQpVeqKNE2TwU6B6ABbcSBSMqK7cwmR/LXsONUeRJH58RCex0cbRlj4SvtvwxERgaYFO8VHzhQQFefV3sCbtpdvVg3vobSDm7I1KoVr3CvJ4nknfYkQd98y7XV8A=
N+Y7R1+wYMNKxu+JP3O8Xe90bi40p5MRFxECgxWXnPGEotyCHxOf7RU22mpvvFe6IPowSGDf+ndPlsmYNKtw9M/Bh7DsSN8eULuVzFCcgVMDm7cYKwUZ/K2U+jTUZwuy+tE+4YTwE3fj4eMEO9Y8hOeZUtlbAPKn56FW1Hk5XhewY9NXKrhgmQGpK1VqpTH5n6EKDOA9GCVFWzOiCX+Ih7WpkN3hBKoZ3xTlw0riyIY1YUCKCm7JO1fnIOE8R/5b8ngonlfjp8/5r4odi/KO64561/IBVqgGfiLhEbr/j7TbBaQPp0HCTQ3TYM+XBZ23fObFQv0leAEWHpV38KAMjQwmqDc5y4IznS5N/aEsuZ6OqO9+YVEfPEh02eSU5AuMB+qFEUX5MtlXwg==
raYrWXcC0wxlWHAp3/IswSvuVeauFEasPloebJTdFZG107PnKkU/mYtTWYFOP1/5L7BeKMAElZIpcBsn9MpVZotQgqORY5E5m5WU/LHQQGlm5uMVM+j4bBd8uOwNpVrqNDNKP1sWYJXZ91Qn3ALZFveBYEtNI9SvZXrSvS9kxptACu5r/DB80tqcx0VJ0vq546CiNkooD4V2nSsXS1rMG3I73Lo8D6Bwu8+fOtOfwV0bS/LS89Yq6WmGD0Ov7yYhjYBxeptIxakHdxzZ8gLshuWR33KLVSlbDnB52fxABw4/u/FEFLb4lVY2YvGLnWuFPiAPMzfg6ISv8g+DCXn/vlvj8RHROGfLbMf09Pj8pRTVt2cMG+t/FUc3RwgdRio1PI5AUFynFgEILvmzeZ6LyZtmpi8ufn8mW8umoj4GaQXqK6cw+8EMGzeViukNdygbBxE1c1xi7ZatMfAlVrqd46B0pIms4oCjKR/KFx0KBSmxuJFaLqxHqj7GF5gIUFHwxDAjCCcuLQXVLXp9V2Y=
u121N1m6TPWVZ8ZqyhRFe9QYfADkY502BvV857mt99LEjS8Bmu8ZNd5sZ6ZbhDDoBD549YZZb/TtflyRnKr/M9PmFAKD0BD5UQoYRk0t00nDrvNvpRLNNh6SfJ2nLApjqnc8eo/5Y2NngrNMsDp3C+Yvw6oOCUdD8rKRgzLJABEHgVJyvNfBa28Tov99B8/z/jq41yRLpXlXhCEFpJnFm4TL2Q62F98W4cVC+MS4JXN0/BJEtRV3hQQHVH0SBcKKfMivqfsBue1O28MoQpVeqKNE2TwU6B6ABbcSBSMqK7cwmR/LXsONUeRJH58RCex0cbRlj4SvtvwxERgaYFO8VHzhQQFefV3sCbtpdvVg3vobSDa4I1KoVr3CvJ4nknfYkQd98y7XV8A=
bwZzEeLjOOwmmojO4uJak0I/T+tg+Ueubt8DK2tSZyLEsr63sNH5te5jjUtEkcy3tySV+ip6cqp8a8CKL1YXZc2NJqRwxEetArUZIEEcJBO675RAA6ofzgLT/pBLRzjcVwa8l4aMHwwtlBEpzOTVXbBPx0ychiMLu5ROAW0DW1fSrg4p+5O7NyXfg8yTFVHN0vea/ZY85sdqrgv4By6ju04nKRyL1bedOL282NB9DUM6haccg5s3ALoylTAkZBQWodpWKPYPGM1eJY6vn0B030EYDDJt0eQ9j8KpqZBnli4cs6hKJeFA4v/c3/70NJ/GWNtE/PKjBIyI94/M8m0lRuPEQ9Xl48E2a8FkwfD2+OKZDq2hUx7rBVM/L1FjKv249g9k+BRijGnay0BovfG5QHcTIzDSfZ7Qk8zzbcLAnrj1/3KdM0JrT4CRvxMOa43plIH/h4HhLAxBPEXXVIc2xMFZeIJwO/yszOnh2Q7VXVR5c4luZYgegivAFuDzeihuTYrcBjf6NyAhD90rfn9XeA==
8bbjD5cOfrT2gOVzGD7jpO90bi40p5MRFxECgxWXnPGEotyCHxOf7RU22mpvvFe6IPowSGDf+ndPlsmYNKtw9M/Bh7DsSN8eULuVzFCcgVMDm7cYKwUZ/K2U+jTUZwuy+tE+4YTwE3fj4eMEO9Y8hOeZUtlbAPKn56FW1Hk5XhewY9NXKrhgmQGpK1VqpTH5n6EKDOA9GCVFWzOiCX+Ih7WpkN3hBKoZ3xTlw0riyIY1YUCKCm7JO1fnIOE8R/5b8ngonlfjp8/5r4odi/KO64561/IBVqgGfiLhEbr/j7TbBaQPp0HCTQ3TYM+XBZ23fObFQv0leAEWHpV38KAMjQwmqDc5y4IznS5N/aEsuZ6OqO9+b1IfPEh02eSU5AuMB+qFEUX5MtlXwg==
rc7GQyUB4WtfUCU2F5I2GSvuVeauFEasPloebJTdFZG107PnKkU/mYtTWYFOP1/5L7BeKMAElZIpcBsn9MpVZotQgqORY5E5m5WU/LHQQGlm5uMVM+j4bBd8uOwNpVrqNDNKP1sWYJXZ91Qn3ALZFveBYEtNI9SvZXrSvS9kxptACu5r/DB80tqcx0VJ0vq546CiNkooD4V2nSsXS1rMG3I73Lo8D6Bwu8+fOtOfwV0bS/LS89Yq6WmGD0Ov7yYhjYBxeptIxakHdxzZ8gLshuWR33KLVSlbDnB52fxABw4/u/FEFLb4lVY2YvGLnWuFPiAPMzfg6ISv8g+DCXn/vlvj8RHROGfLbMf09Pj8pRTVt2cMG+t/FUc3RwgdRio1PI5AUFynFgEILvmzeZ6LyZtmpi8ufn8mW8umoj4GaQXqK6cw+8EMGzeViukNdygbBxE1c1xi7ZatMfAlVrqd46B0pIms4oCjKR/KFx0KBSmxuJFaLqxHqjnHF5gIUFHwxDAjCCcuLQXVLXp9V2Y=
dD/F2WlB0lL+1cfLQcoiINQYfADkY502BvV857mt99LEjS8Bmu8ZNd5sZ6ZbhDDoBD549YZZb/TtflyRnKr/M9PmFAKD0BD5UQoYRk0t00nDrvNvpRLNNh6SfJ2nLApjqnc8eo/5Y2NngrNMsDp3C+Yvw6oOCUdD8rKRgzLJABEHgVJyvNfBa28Tov99B8/z/jq41yRLpXlXhCEFpJnFm4TL2Q62F98W4cVC+MS4JXN0/BJEtRV3hQQHVH0SBcKKfMivqfsBue1O28MoQpVeqKNE2TwU6B6ABbcSBSMqK7cwmR/LXsONUeRJH58RCex0cbRlj4SvtvwxERgaYFO8VHzhQQFefV3sCbtpdvVg3vobSDG5I1KoVr3CvJ4nknfYkQd98y7XV8A=
S6T2f9WgbfjJQy/vjaZ0eUI/T+tg+Ueubt8DK2tSZyLEsr63sNH5te5jjUtEkcy3tySV+ip6cqp8a8CKL1YXZc2NJqRwxEetArUZIEEcJBO675RAA6ofzgLT/pBLRzjcVwa8l4aMHwwtlBEpzOTVXbBPx0ychiMLu5ROAW0DW1fSrg4p+5O7NyXfg8yTFVHN0vea/ZY85sdqrgv4By6ju04nKRyL1bedOL282NB9DUM6haccg5s3ALoylTAkZBQWodpWKPYPGM1eJY6vn0B030EYDDJt0eQ9j8KpqZBnli4cs6hKJeFA4v/c3/70NJ/GWNtE/PKjBIyI94/M8m0lRuPEQ9Xl48E2a8FkwfD2+OKZDq2hUx7rBVM/L1FjKv249g9k+BRijGnay0BovfG5QHcTIzDSfZ7Qk8zzbcLAnrj1/3KdM0JrT4CRvxMOa43plIH/h4HhLAxBPEXXVIc2xMFZeIJwO/yszOnh2Q7VXVR5c4luZYgegivAGefzei9uTYrcBjf6NyAhD90rfn9XeA==
oRkUdG1p5tgZRvf0PkGiXO90bi40p5MRFxECgxWXnPGEotyCHxOf7RU22mpvvFe6IPowSGDf+ndPlsmYNKtw9M/Bh7DsSN8eULuVzFCcgVMDm7cYKwUZ/K2U+jTUZwuy+tE+4YTwE3fj4eMEO9Y8hOeZUtlbAPKn56FW1Hk5XhewY9NXKrhgmQGpK1VqpTH5n6EKDOA9GCVFWzOiCX+Ih7WpkN3hBKoZ3xTlw0riyIY1YUCKCm7JO1fnIOE8R/5b8ngonlfjp8/5r4odi/KO64561/IBVqgGfiLhEbr/j7TbBaQPp0HCTQ3TYM+XBZ23fObFQv0leAEWHpV38KAMjQwmqDc5y4IznS5N/aEsuZ6OqO9+aFAfPU902eSU5AuMB+qFEUX5MtlXwg==
XTB9h79f5OavVC35ofjPFyvuVeauFEasPloebJTdFZG107PnKkU/mYtTWYFOP1/5L7BeKMAElZIpcBsn9MpVZotQgqORY5E5m5WU/LHQQGlm5uMVM+j4bBd8uOwNpVrqNDNKP1sWYJXZ91Qn3ALZFveBYEtNI9SvZXrSvS9kxptACu5r/DB80tqcx0VJ0vq546CiNkooD4V2nSsXS1rMG3I73Lo8D6Bwu8+fOtOfwV0bS/LS89Yq6WmGD0Ov7yYhjYBxeptIxakHdxzZ8gLshuWR33KLVSlbDnB52fxABw4/u/FEFLb4lVY2YvGLnWuFPiAPMzfg6ISv8g+DCXn/vlvj8RHROGfLbMf09Pj8pRTVt2cMG+t/FUc3RwgdRio1PI5AUFynFgEILvmzeZ6LyZtmpi8ufn8mW8umoj4GaQXqK6cw+8EMGzeViukNdygbBxE1c1xi7ZatMfAlVrqd46B0pIms4oCjKR/KFx0KBSmxuJFaLqxHqjDGF5kPUFHwxDAjCCcuLQXVLXp9V2Y=
rGe838JK3lkrkoQrXMi/ItQYfADkY502BvV857mt99LEjS8Bmu8ZNd5sZ6ZbhDDoBD549YZZb/TtflyRnKr/M9PmFAKD0BD5UQoYRk0t00nDrvNvpRLNNh6SfJ2nLApjqnc8eo/5Y2NngrNMsDp3C+Yvw6oOCUdD8rKRgzLJABEHgVJyvNfBa28Tov99B8/z/jq41yRLpXlXhCEFpJnFm4TL2Q62F98W4cVC+MS4JXN0/BJEtRV3hQQHVH0SBcKKfMivqfsBue1O28MoQpVeqKNE2TwU6B6ABbcSBSMqK7cwmR/LXsONUeRJH58RCex0cbRlj4SvtvwxERgaYFO8VHzhQQFefV3sCbtpdvVg3vobSDi4I1OvVr3CvJ4nknfYkQd98y7XV8A=
4WLeNshw5VXag7LY/OH2vUI/T+tg+Ueubt8DK2tSZyLEsr63sNH5te5jjUtEkcy3tySV+ip6cqp8a8CKL1YXZc2NJqRwxEetArUZIEEcJBO675RAA6ofzgLT/pBLRzjcVwa8l4aMHwwtlBEpzOTVXbBPx0ychiMLu5ROAW0DW1fSrg4p+5O7NyXfg8yTFVHN0vea/ZY85sdqrgv4By6ju04nKRyL1bedOL282NB9DUM6haccg5s3ALoylTAkZBQWodpWKPYPGM1eJY6vn0B030EYDDJt0eQ9j8KpqZBnli4cs6hKJeFA4v/c3/70NJ/GWNtE/PKjBIyI94/M8m0lRuPEQ9Xl48E2a8FkwfD2+OKZDq2hUx7rBVM/L1FjKv249g9k+BRijGnay0BovfG5QHcTIzDSfZ7Qk8zzbcLAnrj1/3KdM0JrT4CRvxMOa43plIH/h4HhLAxBPEXXVIc2xMFZeIJwO/yszOnh2Q7VXVR5c4luZYgegivAFeHzey9uTYrcBjf6NyAhD90rfn9XeA==
KyRzx9cERdywHoZ199Sdlu90bi40p5MRFxECgxWXnPGEotyCHxOf7RU22mpvvFe6IPowSGDf+ndPlsmYNKtw9M/Bh7DsSN8eULuVzFCcgVMDm7cYKwUZ/K2U+jTUZwuy+tE+4YTwE3fj4eMEO9Y8hOeZUtlbAPKn56FW1Hk5XhewY9NXKrhgmQGpK1VqpTH5n6EKDOA9GCVFWzOiCX+Ih7WpkN3hBKoZ3xTlw0riyIY1YUCKCm7JO1fnIOE8R/5b8ngonlfjp8/5r4odi/KO64561/IBVqgGfiLhEbr/j7TbBaQPp0HCTQ3TYM+XBZ23fObFQv0leAEWHpV38KAMjQwmqDc5y4IznS5N/aEsuZ6OqO9+bVMfPU902eSU5AuMB+qFEUX5MtlXwg==
N/FieluvQUNzVgrGF5kldgcI5cXXBRei8jqLjA5xOoYkL65kU0eFInrg98atln2240Vlgt7dGGWxckhOfFl3Slo0y+eWnNtYjMADUd7BS7m/tP/Ataa3Co702NzvOLmHheZh5RmybEncfjUr+6BhZaefk5+mCfSUileT
yOJZWW4XWEjOQepnSPVa4C+Eq/YuNL3SRQVkqRS99gSMyLGKrvwnGv7Vt+sOoPHghIDD2Kd+DfUVPRrNV9Y=
wphKTXX9et4KaR5LHVEumDS8s1C0uiPZx/UYXr4keQdF5iFl2bIsyRx+das7oKHl559TH+YJNBTKV9M=
QU+YPlGDXVdmK+ouOmHimbw4MyMAZCkOMJwHXdv6z1QLN6R6arrZ1Qf7OxZfmadKUjVingtXRVjfGZlvLeOY8UrotFet
aE9b+XONVIh1sSR31xC89ZkdAXXY/Us+0Mbt8T3WAR9HK6BaCfekmRLwgQS+IK7yRDjX0hx6FtugYUXcokT+NWnOq1Ianh8v+eZctlbhfnqbyf0l4ntgtMDflnrTFVoUK1/PfD8eztoAESFKqXkuX1QlTCkIfqmzOETofrJZwfrSGIvo3m8LhA+7Zuvh7ACzhV4J059kDrBJhF9mQg8kxROFnL+xtBQyKAQ22WMVo7Mec1znBU7zARjyUARnVuIvKobDutJEmVnyEwDrNqpPYooo0F672if6YEmHvmua/OCj0c5ra9Q7T00XHAZk+yF1ZWSukPwCn+/WjkE1EGnsc7OWkYtvsCeDwbI1CLAkDJ3VSD1jZ4JVCvWOBnP1sv8t7l/+L0pJka3kYOIyV3hdZzPRmqmnk7KlCltikZuNNxjCCPP+q+TuPA4ka18w2d/pzn8ryKTGRwUZp37QEc7XexI+9jmrIygGdPtwDIrNlip8Q/y7GBR798nxpGZ2Botv1NTJWjLU62psRZos1H0LJ+4VNT+RBtV9VYKwoWg+QQMnUK190z8HZ6pZiDxeV0c=
ycl8VET4Rlk4GpbTKR27nPcMOnACgNwclKb40NxMMS3yQ472NeOC8Tb0Zp7qK+RweqbjDSiQ82IE7hnqvoxqqRq6+caEIFnjydMVQKDtZHKNrNBNQd8/xdE4SXAJeSZ1zYz3bg69PrNPpkC386XdIBn4ph8rmo89MO3LcS/3PQG9//LdRh3O8ofImoV4DmvEB5J2mKjSiE6LuI9zCI/zf+Wu3PdRuLWlEk1B4bOHuSf5JZiT2U0Qyc4qT9vFSNNzH7/YhFngGaL5lLCuQdFDLUwyf2W5qgFPw5UEEee+GmRSkKfYWCJ1nhWxb1YSVsXG+L7lAMQ/QcaHeqe+0gnpnSzAemJ/eHU3q3FSmd/TKjVCO1phMw1fKDoou24zJNZMRsTzD1jZNzlWH+M4nIbfldGHBuD5Tn8LKt4+qTPj0DY8W+jcos2++uTjtIvg1ONnARGcFt6GY1+s9AHKqpTTmqQlAvw8fWN3dvV9T6nGTe0dokiRAL7p8x8w5e1Lf39XYvkQbHZXbw==
sGDZb9u/wsHjRJgW2rI5hW0TII7Fnn289klRkx/n9B8hqVXcp9yizJRfl9uHYO6+X7d4fQeAhRlNcKqXw3Rpvyircj2ft9hPv121iAsgQmV5IoikdgidtYSjkMHrP8MiX6/QuH4nvQQEt2CEi208UHyImmkghjXmCuF4aRqOkE/Cd4hAyzygjqb1OoFdPRqmjK2wSgqtqUyqX6UHbA43Fp09aGrtNpN/WMdmsn7ogrBwCkFSqbuu4RxZPgiSL4cwEKYT3fUdC37FDoMTrs5aYf+D3L4Yq6zkPs0iwqATkAPstC+vZQEYDiLGX8eoZCWCZrRfksAVxoQg/X+PMsWZRyXmASU5M0wJPH6V65sgAaUHn3PfRonUVOpX8w==
HTAruLcqHWYXbufzqqNoOYCDKeRlCZo9qYUt2rx3D5HiCGHjJwfcb2lpnYwPPDpcDN8PSx/ABu4Xd7BNb6B9KTVwUqe7VIGPYOu67fcXQN8n3S0Yk0DqtTFiQFReaKVFvKOoMdNf69KX75ho1kcllJw3+BQTzVSAtMjSWcimTdby4QBZ4q74fwq3wBAjnDgePnWiEcXdsvZEbfg6Ik2RPJJfnXdU7h9m1f2gOkXWC+/AR/4i5khq4DjKiWLBm1bRZFnGOOoPbwBY5tsNnb2T7l2OG4M2rvKxt8MUTjDLlBQGzRoymHO48yT0Z3/NYYCeukbHVzDETVKu9BeiKDW+tNj9B7/K5fF37SZJddGd1Jmk/g17A8Cp9c9fO69uaewk0lfL
bkO5i5U6aI0iR5jeetj3c0N0552GQ/Rh0AreQvUk+O1YR7uupO4vquo8R7Dzk6e24zHznSXNLl5Hb3EIC3FlDzHLrMFe8LhXoQ==
rs4ziY1GfTahO8xa84s95//u02q9+/I6vZS+xgNMIZRLhe4KRWYMEq8m16RJwy0fBsNX3A==
TMRxP9bhD2/zDmJeFEZ3jy+Eq/YuNL3SRQVkqRS99gSMyLGKrvwnGvnWt+sOoPHghIDD2Kd+DfUVPRrNV9Y=
jbJCJc6KosOhSW4r9QxyyTS8s1C0uiPZx/UYXr4keQdF5iFl2bUvyRx+das7oKHl559TH+YJNBTKV9M=
8iYYTax0v/ws3ZmLjua3xSLGjyvn4AncguwDifuHZVi1NifShNraDSgYDF3L3ufx5nB5u03rsaG4TRbA0u+1kf0wcmmQIEqrnsQUtnWg3jqbiDH4oxGuFj2CvF6nUncYEcd9s66XV4A=
gi/Ha8bE32yu3NSKSFihOTX4NIEU8NMGq4M5NqOa+gZ9EE7B35/OAF0t4I8iAcYGuJpDSH5dPouNtqLCeWq8kMEoRV/BhuVdxUVDQbg+kaMXED0do79XRxqZmNyuV7c=
rIRbG+pyVEaSKJnb59fbBxqUoDG93Is6XFgVe4dKHRpEesPo8L1hb3B849Ve85zheHoGYv00wK2A9zNOHL7HqoLs/9B7I/922yH7vX09ht6v3ynoA2GdT2k7JGGmoJBXiQ==
lxozts05FkTsDafey385UcAFn2FFrSELs7IhGniC95jEVU0PXJS3hYorwKGkolIyKZysDWxfR/7oBrsqflSLYI+Lk9Y3ia9tqWXaHnOHfTjXCbGvRVMQkZLYrFe1
sCU6+y/7sTWXxPMHR2OFAiLGjyvn4AncguwDifuHZViuNifShNraDSgYDF3L3ufx5nB5u03rsaG4TRbA0u+1kf0wcmmQIEqrnsQUtnWg3jqbiDH4oxGuFj2CvF6nUncYEcd9s66XV4A=
0EiEFeBLt64SVHxz6tg3k5eSluGwJCyyt8gk5gSq/NacW31bn1oVGkxq28iYjZmvKCxLNeaDFGHwyn7CFeSY7bgHGy4Ers+qivznMFNTx7YDcZMdhY0OXicvkYirsUUPEQvMQb6wmFeB
uwoeeqCX2Vm9adxtDad9YiTNiSLD5x3KpPwDjPijf1qjNifShNraDSgYDF3L3ufx5nB5u03rsaG4TRbA0u+1kf0wcmmQIEqrnsQUtnWg3jqbiDH4oxGuFj2CvF6nUncYEcd9s66XV4A=
jnCHrCpBBbNv2VrO3mBolqcb2JMjYXpVw2V8bX8+c4cVdhDntwFRS2NSERpIYifYtPW9j8z0Z0W6S9ChtIIicvk8PI3cv/e+uCZLKg50W6A/6yNWpyn/rVlFyh5jZ014h+khLzXz4FHCuJxXhQ==
MxHmfGTr84I/Tyrs3EdYazfV+P3+7c8yfNXFMo9xU2GGHx8aHX/Ntemwg0BOVRSlRuRRb28l1JRBXCFGJnWowrRyFyofV2hW57tbFn/ZR80x9UKe6xfl2H9ZeW8NIzhxqqiUV40=
ijk5DRt4Tw0Vw89uwUFt2D1+08E3j1s5VG8tZlrmybgZBhoS2M3LiTHhBvgfpOOR6H6mAC4Ve6XGo2AOCkSBvRqocaquHGe6ebZ3yw6AsQAEIAO4p15NFZWd2q1Xtg==
