8bOo3DzqWCnnYvKMvDQ1i7OGva+io4N9QyDc/rpdKRujhfqLN/OZtuE3kDHwS3g9mIfzerkFV67l4uAGFRBeivs49c7DKK8mXbF868fi96hxd4udzqdXsA==
zpgteDsnSk8T7arp3jWeFnrFY4rIQ2CzyO746Jcm1l2x0adU19mJ1itaG10MDCOMPaWfe+rI248Ac3+RtPHHbJwWfyCxlrMecEuM+rZfx0XzeonMRHGYb3w83LnB595PBgdgW975ih9v/9kyKStAwwmnmJmwu0MuoUnX6u2+cDItvP5uE8QF2hukbyIVLSyfv46XjNnLu0lWa1d0
g1w17jnvST0XobGOdFplIBRquOlQW7xRiK3a9uH/2EcsQSq55renYhBtWhOnexkOEZ/w5CIDOMWo79NiqQ1XlpXKAF5F2J7yS9BVVlOgL56tGRwzF6q3UEEfq4Xer1eI
OJ3xcWUWar0ND39IjjRMfaq1iy8ajbGiGRhJ8a+SZuULWGvRG9qoiEl0k5L5M20PNonODHWXZJp9tL7mQ+ylcgts7+oFhYy37wbXhIljm2HGo1e8
rZDtpPrn8UEJkm0gVCFQBrJ7OCEcdigcIYxETcSvz14wdqMqZqTTwAf7OxZfmadEVzVrnwtXRljaGZlvLeOYx1TotFet
nOWl7jI0H6xH8PaNhya7xGMjsj3dyLDbUv6a7wOcCL9qLRm31x6N2t6ewgGo7GSBelJq7JLdS6Ej1Lk65y7cHGuJ/WfwdxKiLf633xDgUrVxN0fk1nAgwDldifcjMMSCkU1MKOlNeZi+aF8nUW/T3dgaX7U4GuAz1SIFq4YpY9KgC2jrgihxSmC1oGPKB/jv3aUOUcjY+I7EiN/O6hj5NznB5fPOFJjN9SVGzwC6OjBpRgat5tBqE0X92P/NaAXJUQJP5AObxlkt+PdY4WhTtCB8zxKLDV3J/pc5iFAvbBhpEf4MmdxNA65Hqf5sdx+dyusCeCtp/TGsyu4DnIfJk+RHmwwBmZyBHCtQmUvJZohQRm14ZxOBORjNfUOooeiTECVhLU0sMACROnF0dNjMTFmrCpllHXwX6Sy+1p3Bey+MZGvuLU9g9hS9MfPyYnYTQngwTSxeTqv+38LE4XMrOdZSjCbx2yZcq57oxPGOri0o2G49MdPcfffbC5YPuTeER5Ubn7u3VphKecnv3QMohyRIZFd9
LfXTBn8fNyGrut8dbVK+D6ALWipG7HWjU8UvvkoNZK1KGfPGwZlfAdTX1Gvsw/oZmPLxfl0w5LQny2mBSGOw+XMWXGmoW5oqKDm8ELDY6N/ijTRZSOfTbNlply8xI4I+ySjjsgw8/rauldla9XL5uwCcfJKHGY7O8Khs/00nZTCz+qCdZ0mAtB4iQJ+rhLcKRZvXupLvxjO/9GvbG9kTz92fKRACazxn08gDuo8HMqFKA3rCas07LRtDupQCj+Odb3VGYq3FSap/WevtcS4lneVZ1KuCif5ZfrxUC3wPBglxi7dSAPdNlbszSgQ1o9xvEADZGRiquLLVZhjZ17myWcO7x+Irv8nNMSRf1xzbzOj44J0IpatfEPs3R0k3a3/U3ZqSaUzS+Iy8O66deLJBL/kCM1Xr+h6zzqLHeiuXHn7+2lFZmnef7BvdNAdHibL1DWsQB3cNDW+8vtXK3W3I+ZZmJb/QKBxVTH44P1mDcoudlr21wSQpxs5w//ZAnK9Oz4xpr7RpG9THMhUZky9CYVd6
WQkiKl5AAIH1u1oAfmsHgJz7wflFSZbo2JJQPbqfxTircxvcRD0ezlg3/6BvkXjZT1Ge6GcCks0kykjpzTmocrHol8HiiwdqFf/faiulSvOQhyx4g36NzHI3oaWQ25od+INMLo9bhS7cQpKX0+Ev+1UDECCnsAk67Mxbdr4kCNz2rtZFFYjhhMmo0zICYewM2mWwhMnGAmlZbzxzrtJY9MSkhDjMxtY1asIKEWJauMIGt8GMPGK8n30aiRr4U7T9IQpO0fAK+rXD3rhTy16Ahey5tWpr3pV2ENcOgNZ5BEB2B3z514V3shbw9PenYVTQgIqBC5jwb0GrO0BZkXAXk0z/5Pz49LUs9e8XRFujz82nz9eAnc66TVzW8Jicb+bZKBbpu3mWm/G7vlbn7rbPfjuzNiq+jvn9CvMXeLuJfEMXrZrhDX84IydJRTscKl1OTclgrdYyDZvALBRBbCpwewkn2h8dAhURkWBhku5k9/JQuIcaj9jBCyTtk0BnZl1dwwtqdVdu
nL1LsHvHi+Yxc/5fcZV90SvuVeauFEasPloebJTdFZG107PnKkU/mYtTWYFOP1/5L7BeKMAElZIpcBsn9MpVZotQgqORY5E5m5WU/LHQQGlm5uMVM+j4bBd8uOwNpVrqNDNKP1sWYJXZ91Qn3ALZFveBYEtNI9SvZXrSvS9kxptACu5r/DB80tqcx0VJ0vq546CiNkooD4V2nSsXS1rMG3I73Lo8D6Bwu8+fOtOfwV0bS/LS89Yq6WmGD0Ov7yYhjYBxeptIxakHdxzZ8gLshuWR33KLVSlbDnB52fxABw4/u/FEFLb4lVY2YvGLnWuFPiAPMzfg6ISv8g+DCXn/vlvj8RHROGfLbMf09Pj8pRTVt2cMG+t/FUc3RwgdRio1PI5AUFynFgEILvmzeZ6LyZtmpi8ufn8mW8umoj4GaQXqK6cw+8EMGzeViukNdygbBxE1c1xi7ZatMfAlVrqd46B0pIms4oCjKR/KFx0KBSmxuJFaLqxHqjDAF5IPUFHzxDUjCCcuLQXjM3p9V2Y=
jhJK+7kH+EJAeoIJEYar3acb2JMjYXpVw2V8bX8+c4cVdhDntwFRS2NSERpIYifYtPW9j8z0Z0W6S9ChtIYgfPk8PI3cv/e+uCZLKg50W6A/6yNWpyn/pF9Fwx9jZ054gukhLzXz4GfcuJxXhQ==
9WOb3TJO1jvG8+utctkS8CTNiSLD5x3KpPwDjPijf1qjNifShNraDSgYDF3L3ufx5nB5u03rsaG8TxjA0u+1kf0wcmmQIEqrnsQUtnWg3jqbiDj+oxivFj2BvFunUncYEcdLra6XV4A=
konkTMUaLqRZN7nxdODBV5eSluGwJCyyt8gk5gSq/NacW31bn1oVGkxq28iYjZmvKCxLNeaDFGHwznzMFeSY7bgHGy4Ers+qivznMFNTx7YDcZMUg40HXycvkoiusUUPEQvMd6CwmFeB
FFm4eIG2CDKN9Qu04IK1QiLGjyvn4AncguwDifuHZViuNifShNraDSgYDF3L3ufx5nB5u03rsaG8TxjA0u+1kf0wcmmQIEqrnsQUtnWg3jqbiDj+oxivFj2BvFunUncYEcdLra6XV4A=
h06onCWRAzmCkhIqqRTmFMAFn2FFrSELs7IhGniC95jEVU0PXJS3hYorwKGkplA8KZysDWxfR/7oBrsqflSLYI+Lk9Y3ia9kr2XTH3OHfjjSCbGvRVMQp4zYrFe1
hDgEMM6P59/BSg0xuaxn6xqUoDG93Is6XFgVe4dKHRpEesPo8L1hb3B849Ve85zheH4EbP00wK2A9zNOHL7HqoLs/9B7I/922yH7tHs9j9+v3yroBmGdT2k7JFe4oJBXiQ==
pQAzcFcZtHExLK0KqscRzzX4NIEU8NMGq4M5NqOa+gZ9EE7B35/OAF0t4I8iAcYCupRDSH5dPouNtqLCeWq8kMEoRV/BhuVdxUxFQbE/kaMUEDgdo79XRxqvhtyuV7c=
PkX47tsbtPliQnWGKEQowSLGjyvn4AncguwDifuHZVi1NifShNraDSgYDF3L3ufx5nB5u03rsaG8TxjA0u+1kf0wcmmQIEqrnsQUtnWg3jqbiDj+oxivFj2BvFunUncYEcdLra6XV4A=
QDwidXGMcC4TOmUl14nwxySwlwKU+KgScG1fdYdYABwEMM3o4qBnLzpp5doKrJWhZW8YLbMjhbyP5zlPPv2Tqpvf5MZ7I/922yH7tXs9j9+v3yroBmGdT2k7JFe4oJBXiQ==
7AwNFSqTsBrLTUPgneekQfsx8iTyklNHvlynDDc/q34ihrjF5mlvxI1OnCH8Gn+Ds1bUMuPgEMkxOtj2LZ1T+aMeM1/FIs0GfqK8LcecitPKx/xK78ljUweyc/zQive7hp8Dmm45R3OSglEzUnmAoWcxkkLc58FbDyNiTx23T0OeinjnRHulSTe04bXEKUUr5HsZPtYn3yaB9YJIpAilwxRM0nTVJXe1ZDeUzXK1QjoceG+ZmzG53S7rA5giJd4Yw/QZDHTYHrBlh9K1Q5qrB1Ap3/s+841hhHnfL3G5bMQRBKW/5J+2zFEh2KoA4zzkHFGBMT5NXdxpi6nGldBeSnv4+Y5DaK9m3fF8K0ci92jxt4vdTudX8A==
hozie52FLc+6O5pzS3bKGW0TII7Fnn299klRkx/n9B8hqVXcp9yizJRfl9uHYO6+X7d4fQeAhRlNcKqXw3Rpvyircj2ft9hPv121iAsgQmV5IoikdgidtYSjkMHrP8MiX6/QuH4nvQQEt2CEi208UHyImmkghjXmCuF4aRqOkE/Cd4hAyzygjqb1OoFdPRqmjK2wSgqtqUyqX6UHbA43Fp09aGrtNpN/WMdmsn7ogrBwCkFSqbuu4RxZPgiSL4cwEKYT3fUdC37FDoMTrs5aYf+D3L4Yq6zkPs0iwqATkAPstC+vZQEYDiLGX8eoZCWCZrRfksAVxoQg/X+PMsWZRyXmASU5PUkJNX+V65ggBKUHn3PfRr/KVOpX8w==
hv4RnoPMsLabBcbpGenntnaRUUIiiVflHTZXp2id+aWOXJWsZJAX4oflEy/WkHeyo6gQDCxiiMHelS+wJcIMRSTGH5e7eqR2G1yQfdl2iNI1gXMta3KD231eDfJWrqzJn8BqR0JrDI6X9WNnb36jWEgWV+/OczOeVsUHBzoOwVeKpeC1bx3iBiRbQe/nbzJrBatvl1bmyGP8B2W9H7jxUZx1pb9s1+n6rhvfEuk5Uuw8lAWXXKDicO3ZN8HMuwSpqmkiLhRUH91jjTlpxqdTvDo5/swLmKmIzKTeRE2LwlEbxkuT2IUvP0bPjVXstQ+L6SXMkFnolbvcY/a4+a1Iztg/XPAUffF1xvHdaIHH+eKNzH6es5RJCvsUb5L1/WzPH34X/Hkbexk221fE
hlt+MbThUFH5dc+hFv9vStQYfADkY502BvV857mt99LEjS8Bmu8ZNd5sZ6ZbhDDoBD549YZZb/TtflyRnKr/M9PmFAKD0BD5UQoYRk0t00nDrvNvpRLNNh6SfJ2nLApjqnc8eo/5Y2NngrNMsDp3C+Yvw6oOCUdD8rKRgzLJABEHgVJyvNfBa28Tov99B8/z/jq41yRLpXlXhCEFpJnFm4TL2Q62F98W4cVC+MS4JXN0/BJEtRV3hQQHVH0SBcKKfMivqfsBue1O28MoQpVeqKNE2TwU6B6ABbcSBSMqK7cwmR/LXsONUeRJH58RCex0cbRlj4SvtvwxERgaYFO8VHzhQQFefV3sCbtpdvVg3vobSDm+I1ivVr3BvJsnknfYkQdL7S7XV8A=
UV5LHv+bsiNko6rlMN8zKAwZFkGex64IFfUXrNMEf0pdGHjCkcLzbE652dyEGV2U/QfkLuVIHkKrgBOic7srrszJ3EO3OjfgoU/rdf6/V7g=
YWOza2mZ8p7KmIk7dP/gTFd4tORIV49R3K/B7fLp0FkoEiaQr7GsYC0dV1zzFH96Pci4sjFSc9yu6ZkspAldpJ3XJF5F2J7yS9BTUlOrK56sGRwzF6q3UEEfq4Xer1eI
eGF0f0afrm7q1yliKmC0vkBX56FfOrbp8tKDuWiWwP6Fke489Ocb0If1DdlLPuTEYnhtgr7V3HdMR0AFa15rJkAxJKITvK29nwJpxDs6MwReYTlU9CFOs6mFRObVMF6qO9hzqoMDqwYc0fwLB8L3iLGXC/2Oh1eQ
+7ZjZHiSMLy6iWiji8sLaffI4UhYeYeYgn4x3Ix7Peg4uwQhWw0TCUd758DITWse5O44H3RIgZedphlVwVdlOXb73RrwgLyVH9+Lj16fYsSiV7s=
TgovudvSzxJeWc5NcHmthQ0ZFkGex64IFfUXrNMEf0pdGHjCkcLzbE652dyEGV2U/QfkLuVIHkKrgBWic7srrszJ3EO3OjfgoU/rdf6/V7g=
vMEaVCPbATktlidhoAaFjffI4UhYeYeYgn4x3I17Peg4uwQhWw0TCUd758DITWse5O44H3RIgZedphlVwVFlOXb73RrwgLyVH9+Lj16fYsSiV7s=
Hnp1BWECpzy0thHhTlcB4g4ZFkGex64IFfUXrNMEf0pdGHjCkcLzbE652dyEGV2U/QfkLuVIHkKrgBaic7srrszJ3EO3OjfgoU/rdf6/V7g=
JP0vPLQraXXGozwQNJep5PfI4UhYeYeYgn4x3I57Peg4uwQhWw0TCUd758DITWse5O44H3RIgZedphlVwVJlOXb73RrwgLyVH9+Lj16fYsSiV7s=
g1lzTAH+APiPCZytiCk2Og8ZFkGex64IFfUXrNMEf0pdGHjCkcLzbE652dyEGV2U/QfkLuVIHkKrgBiic7srrszJ3EO3OjfgoU/rdf6/V7g=
yifUt3tOmvOHgnxCKa0yf/fI4UhYeYeYgn4x3I97Peg4uwQhWw0TCUd758DITWse5O44H3RIgZedphlVwVxlOXb73RrwgLyVH9+Lj16fYsSiV7s=
V6YzWmzXVGU8nXycok7eag0Z30M3L8BcSb7JJmWTSEdLPybiD00MVyVvf92+DRwOX6xOFDT39gQKXM7ghIuRyoi2+5y4kKfdn+NQXbyKPiLP2iCTHgIWW304KtAOOl5Ma7clH+GGBZ1lwiABmjtxYrSQWF2Dv7eHui/mnI5Xlw==
G+jDlbrflFf3ZQXNE8+0bIPKJzMlI3Z/0m83SDzJkhSLskURbkauLiZMA1zf7Yw6cBBRHxtpPxUbIBoNZdKnBjfB+iUk/uYPQdvK5bXkrK1qo5o1Oir7ej3UvgaDjCDUy0frysQlDNcv5tfkyYMbwYaDV5w=
gwCKiVB8TeWqZgeDvxXFMQ0Z30M3L8BcSb7JJmWTSEdLPybiD00MVyVtf92+DRwOX6xOFDT39gQKXM7ghIuRyoi2+5y4kKfdn+NSXbyKPiLP2iCTHgIWW304KtAOOl5Ma7clH+GGBZ1lzCMBmjtxYrSQWF2Dv7eHui/mnI5Xlw==
IvgvaqBoUkpPat4WhSuxDhZb3vvJDbMvgx/DTO93vetdRLqlyao+ve0vTKDzk6e24zHzmCPNLFtHbnIIDnFlDzHLrPdA8LhXoQ==
z35i0T6ElF2mEEN11Fs6jyERlaJSYFjHH1W4ot2Csc0NNVmL+fwWNbUiui5mo6owXysDVofpXyj/hegbg6Yu+GKpQS/Vs0DnfPi8V6U=
NKN+6TOC3DhcOuUwFB9CyBdb3vvJDbMvgx/DTO93vetdRLqlyao+ve0vTKDzk6e24zHzmiPNLFtHbnIIDnFlDzHLrPdA8LhXoQ==
TPQSw7eRERvF2hWr1Yq6jCERlaJSYFjHH1W4ot2Dsc0NNVmL+fwWNbUiui5mo6owXysDVofpXyr/hegbg6Yu+GKpQS/Vs0DnfPi8V6U=
royxL7qH8sh04OErkfnlDRRb3vvJDbMvgx/DTO93vetdRLqlyao+ve0vTKDzk6e24zHzlCPNLFtHbnIIDnFlDzHLrPdA8LhXoQ==
KmZFLsEesKkTOpgJebmThSERlaJSYFjHH1W4ot2Asc0NNVmL+fwWNbUiui5mo6owXysDVofpXyT/hegbg6Yu+GKpQS/Vs0DnfPi8V6U=
pxlhVvYEuBMf0ONPJkCIohVb3vvJDbMvgx/DTO93vetdRLqlyao+ve0vTKDzk6e24zHznCLNLFtHbnIIDnFlDzHLrPdA8LhXoQ==
lc+Ke6rP9sqny5LHP3MGbiERlaJSYFjHH1W4ot2Bsc0NNVmL+fwWNbUiui5mo6owXysDVofpXyz+hegbg6Yu+GKpQS/Vs0DnfPi8V6U=
AtmhDWEfIMCcJwrKSpKfFwwZFkGO2awqPvsXrNMEf0pdGHjCkcLzbE652dyEGV2U/QfkLuVIHkKrgBOnc7srrszJ3EO3OjfgoU/rdf6/V7g=
0hBjsCuMxVj+a8cilAYqhNb4pfPy9ct2f2mV4LpvZgLSlX8y8h1VHSWRXyT7GjMknoG5NLQBTpPp5cQGFRBeivs488/DI6smXLF868fi96hxd4udzqdXsA==
biSgq2ALDxCOg4FPq4/dK6pGnZPKl7pngn48dnMr20hSiK0zNexL+4dTomUE7Qp6SU4Qmre3aw1ydFJOOTuwCB1coohsVdAjIiLKk7nIzkiCutLUD8dhV72mOZVh0sX5Ufu92hAA3NX/3+vP/h/ChIJXmw==
lLarguJWkm4ZZ5/nCmWRQ6pGnZPKl7s812QrfWk69khknYJxZchynMgXKs7ObOr4iIud0qyGP1RkcFtVG3P05fDKclqryiSbIiLKk7nIzkiCutLUD8dhV72mOZVh1MT5Ufu92hAA3NX/3+vP/h/ChIJXmw==
emsJf09mDHovpIbvT0oy6apGnZPKl7lngn48dnMr20hSiK0zNexL+4dSomUE7Qp6SU4Qmre3aw1ydFJOOTuwCB1coohsV9AjIiLKk7nIzkiCutLUD8dhV72mOZVh1Mf5Ufu92hAA3NX/3+vP/h/ChIJXmw==
cFtQ56sYb9j4+YEQp65PeoPKJzMlI3Z/0m83SDzJkhSLskURbkauLiZMA1zf7Yw6cBBRHxtpPxUbIBoNZdKnBjfB+iUk/uYPQdvK5bXkqKR9pJo1Oir7ej3UvgaDjCXUy0DrysQlDNcv5tfkyYMbwYaDV5w=
quhF6mKbjCKul4cf43BJjw0Z30M3L8FcSb7JJmWTSEdLPybiD00MVyVvf92+DRwOX6xOFDT39gUKXM7ghIuRyoi2+5y4kKfdn+NSXbyKPiLP2iCTHgIWW304KtAOOl5Ma7clH+GGBZ1lwiMBnTtxYrSQWF2Dv7eHui/mnI5Xlw==
l3QJ/+hekCUscScLpZ/hFapGnZPKl7s812QrfWk69khknYJxZ8hynMgXKs7ObOr4iIud0qyGP1RkcFtVG3P25fDKclqryiSbIiLKk7nIzkiCutLUD8dhV72mOZVh0Mb5Ufu92hAA3NX/3+vP/h/ChIJXmw==
5LbM1l6xfx8QDi+6yM0SeyrMQHrWsVZEsysrGFdCg1URWQSOwt5jCa2Xlv4DyeLLDxvm0YAfLkNL1IDb4qL61/jar5TvUkOrmgsY7P4JRcHa25mGxNs+6dr75tgDnJluDpgPDq1Ef+pLJDj31BFrvIeapaEz95KJV5I=
crN1P3jMyNOV5BFvPE2St9dKs1DOQPcmvco+LM1Bon8gDq61QaNRNw0mabVxFrFZgvvtOqBAzDWvXxvvjt9S5LJXqw==
D7KwFMI0xp3qpdxapipjwlRDbouSjPeFcvBbflmq2lQh0T73pI4qPd0zPc9pxg1t3aQMEUa7KXJcMCBti38/16LPTuy2V68=
jlX+D/KgW08V8THoWRSHrK/VmXpZ3PHkREABo+nYYP45FnDXWMusrBx0osGqQOXxvVEumbtU35p9tL7mQ+ygdgts6+oEhYy37wbXhIljm2HGo1e8
hGrffBUxXnGuRcyafcH7/fbW6B1YJoicgGM5iNK6hC6gSIrogopQGxJKroydgdKfMA6+1bHjgZedphlVwVNlOX373RrwgLyVH9+Lj16fYsSiV7s=
bjUPev1OZps/Vf6wLdfisNPSxrPDZnjp7ItjtmL4rJ3CFmMazBhcChFryM+dmNyxb3gNcqDQXmjw3GDCAr+I2vRIT+nQawpOBCEzi1NTx7YDcZMUhI0HWycukoiusUUPEQvMd6CwmFeB
YwdO0zmDcoJBuPI3/EzcfKiOtx4MNoOOxn4y3J/6wmSkSIrogopQGxJKroydgdKfMA6+1bHjgZedphlVwVFhOX373RrwgLyVH9+Lj16fYsSiV7s=
fyEd7Fv3TNeiFHLTHtdXkjEoI2YZ+NOicWguzZeYfnxWa5oz2H9yCQ7RnZ3SEx4OPUvxl+7bf2qXUEHibtQXAp0p50qLCCCbZJ3z8OeWfW2Dm8qlV74=
7CypxxJReuMCWmFOe65gSk4lKhXshMDFx7AyUVmczLySdSan5TsQ5dues5Taipfnvlc7dAoBOTRLqlb8eAjW8JbaBLOe6uKkabGmJ8yOwm1F0/W/UQaV/RWMcCGgO4GCZFDo/RM/x+fqb9a8nleH
Yqv3AfVNEmcsVcGhvb64z6iOtx4MNoOOxn4y3J/6wmSkSIrogopQGxJKroydgdKfMA6+1bHjgZedphlVwVZnOXz73RrwgLyVH9+Lj16fYsSiV7s=
myAZcwl/EUKOJ3mNn+KfRTIoI2YZ+NOicWguzZeYfnxWa5oz2H9yCQ7RnZ3SEx4OPUvxl+7bf2qXUEHibtQXAp4u50uLCCCbZJ3z8OeWfW2Dm8qlV74=
WyDDgWcJpRqr8XmTAZ9Ep04lKhXshMDFx7AyUVmczLySdSag5TsQ5dues5Taipfnvlc7dAoBOTRLqlb8eAjW8JbaBLOe6uKkabGmJ8yOwm1F0/W/UQaV/RWHciGgO4GCZFDo/RM/x+fqb9a8nleH
0rU+ybLli43sGPHYAfQp4KiOtx4MNoOOxn4y3J/6wmSkSIrogopQGxJKroydgdKfMA6+1bHjgZedphlVwVFmOXz73RrwgLyVH9+Lj16fYsSiV7s=
PS/SxFSlSpgftF/PRehElNdKs1DOQPcmvco+LMxBon8gDq61QaNRNw0mabVxHbFZjPvtOqBAzDWvXxvvjt9S5LJXqw==
rR2VWYrch7gSvCzx6n2hTVRDbouSjPeFcvBbflmq2lQg0T73pI4qPd0zPc9pxg1t3aAMEUi7KXJcMCBti38/16LPTuy2V68=
AlZDroTnhIqd3RZ9nggQBPCTGFk7m5+1KQIfyeqzIyyrx0EgJgr4WPEqm/r4QCrZFNN2zviZd7u3W8uWzzn3iwMVU5r7NpaYivkJ752DaIdkyKRXvQ==
VHOTIt7jU3o5ud6VHmprO6+oiXgU2PzxUV0M96SYJ7R2H3bSHtaq8CFZqMGqQeXxvVEumbtU35p9tL7mQ+ykcgtk6uoEhYy37wbXhIljm2HGo1e8
Jqg+nfVhYdJvppRpv1te19JmFysAiC/JPiMmFu2/E3rLpUagwApLTkrEupuDxxN1cG0FSulYpkUWzAK08iaF0zgvZjPN94krbmcH1mdsOd6O6G++YJCf/0o0WKeUoYtMByoF0XOnsplXgg==
GVYry9/zcwjgpeEjUgx4LfHw1ntAyPfjF0AHo+nYYf5yH3bSHtaq8CFZqMGqQeXxvVEumbtU35p9tL7mQ+yodwtl6uoEhYy37wbXhIljm2HGo1e8
4R90TJ20NqCxrBO9BqKAr1zjcjLinL8TYiGi8axYGAe5xRHoqoZBqF82d6PEIEo08BFuF7SOOl0Nc20v+Ua9DS3mO/EwuhlSrHCQzfv/r3dyj57Mple/
wnBJcYQyJiZd3xhiw590ldJmFysAiC/JPiMmFu2/EHrJpUagwApLTkrEupuDxxN1cG0FSulYpkUWzAK08iaF0zgvZjPN94krbmcH1mdsOd6O6G++b5Of/0o0WKeUoYtMByoF0XOnsplXgg==
+i6QYLlJ4u5NwMb3eVeIw/Hw1ntAyPfjF0AHo+nYYf5yH3bSHtaq8CFZqMGqQeXxvVEumbtU35p9tL7mQ+ypdQtl6uoEhYy37wbXhIljm2HGo1e8
lKDmkP8gX0Rxx2eDW4PVvl7jcjLinL8TYiGi8axYGAe5xRHoqoZBqF82d6PEIEo08BFuF7SOOl0Nc20v+Ua9DS3nPfEwuhlSrHCQzfv/r3dyj57Mple/
ki3AAAXTcT0PbRUunV6gm62oiXgU2PzxUV0M96SYJ7R2H3bSHtaq8CFZqMGqQeXxvVEumbtU35p9tL7mQ+ypcgtl6uoEhYy37wbXhIljm2HGo1e8
opHsuVyDfBVgjocYlr1YYE4lKhXshMDFx7AyUVmczLySdSe68zUX+seVu4WJioHwqFc+NVoYcDdB5Vm4MgbZ+JfWT9Ps4OKkaLGmJ8yOwm1F0/W/UQaV/RWGcSGrOoGCZFDo/RM/x+fqb9a8nleH
HynHQAIJVQ7F2EIBpcY+1fHw1ntAyPfjF0AHo+nYYf5yH3bSHtaq8CFZqMGqQeXxvVEumbtU35p9tL7mQ+ykdgtm6uoEhYy37wbXhIljm2HGo1e8
YtAgrl099cuNSqw1KlpZTddKs1DOQPcmvco+LM9Bon8gDq61QaNRNw0mabVxELRZh/rtOqBAzDWvXxvvjt9S5LJXqw==
6o9pd2zm5FR0ezez8YN99VRDbouSjPeFcvBbflmq2lQj0T73pI4qPd0zPc9pxg1t3aMIEUO6KXJcMCBti38/16LPTuy2V68=
m5/gpdIAFCl8ODrDqmOafK3VmXpZ3PHkREABo+nYYP45FnDXWMusrBx0osGqQuXxvVEumbtU35p9tL7mQ+yidAtm6uoEhYy37wbXhIljm2HGo1e8
ugBWrvT5E1mzQBsmYtuQQ/bW6B1YJoicgGM5iNK6hC6gSIrogopQGxBKroyfgdKfMA6+1bHjgZedphlVwVRmOXf63RrwgLyVH9+Lj16fYsSiV7s=
lPKy0NfbksCz2Zb6JCr3CdPSxrPDZnjp7ItjtmL4rJ3BFmMazBhcChFryM+dmNyxb3gNcqDQXmjw3GDCAr+K2vRITenQawpOBCEzi1NTx7YDcZMego0NWicukoiusUUPEQvMd6CwmFeB
dSseyon/2iHO8B1Cq+gjdqiOtx4MNoOOxn4y3J/6wmSkSIrogopQGxBKroyfgdKfMA6+1bHjgZedphlVwVRlOXb63RrwgLyVH9+Lj16fYsSiV7s=
gVN0CbVGvV6poG1pSedupDEoI2YZ+NOicWguzZeYfnxWa5oz2H9yCQ7RnZ/SEx4MPUvxl+7bf2qXUEHibtQXAp4s50GKCCCbZJ3z8OeWfW2Dm8qlV74=
e/zU947AJ3+WKIcEtgsn4NPSxrPDZnjp7ItjtmL4r53AFmMazBhcChFryM+dmNyxb3gNcqDQXmjw3GDCAr+K2vRITenQawpOBCEzi1NTx7YDcZMfho0MWicukoiusUUPEQvMd6CwmFeB
5bbzHul7E8EzPzs4meRfUaiOtx4MNoOOxn4y3J/6wmSkSIrogopQGxBKroyfgdKfMA6+1bHjgZedphlVwV1kOXb63RrwgLyVH9+Lj16fYsSiV7s=
OefeaY4au2myoTHigM6XNTIoI2YZ+NOicWguzZeYfnxWa5oz2H9yCQ7RnZ/SEx4MPUvxl+7bf2qXUEHibtQXApwu50GKCCCbZJ3z8OeWfW2Dm8qlV74=
PD5rk6jik0JrTQabMHJivV9cu0BwAn+f0HznjX5p7+I9hXge41mvlNJ2UhlK1qX5k/a6wUlAbnR2oypLWIfCQS7ZjceSy46EXYMBr+7jj6L32NE6LowHCrxgV7kKcJBTRJXjKCfO7eVj07qdV4Y=
ZyL7HRJI5sjZ5LsQtDdGQ6iOtx4MNoOOxn4y3J/6wmSkSIrogopQGxBKroyfgdKfMA6+1bHjgZedphlVwVFhOXb63RrwgLyVH9+Lj16fYsSiV7s=
muIk/phGTcxQuaaXiw+G8NdKs1DOQPcmvco+LM5Bon8gDq61QaNRNw0mabVxEbBZhvrtOqBAzDWvXxvvjt9S5LJXqw==
ZXO7tbOYV1o8fEGq08TPJFRDbouSjPeFcvBbflmq2lQi0T73pI4qPd0zPc9pxg1t3awMEUK6KXJcMCBti38/16LPTuy2V68=
zQfeWcnfMe0BGNwoTIWprqzVmXpZ3PHkREABo+nYYP45FnDXWMusrBx0osGqQ+XxvVEumbtU35p9tL7mQ+ykdgtg6uoEhYy37wbXhIljm2HGo1e8
dWGAdM4FRBEQ7N4VkgX2a/bW6B1YJoicgGM5iNK6hC6gSIrogopQGxFKroyegdKfMA6+1bHjgZedphlVwVJkOX363RrwgLyVH9+Lj16fYsSiV7s=
gVfU7PsjPDcmQP4zV/2jVl9cu0BwAn+f0HznjX5p7+I9hXoe41mvlNJ2UhlK1qX5k/a6wUlAbnR2oypLWIfCQS7ZjcaSy46FXYMBr+7jj6L32NE6LowHCrhgV7IKcJBTRJXjKCfO7eVj07qdV4Y=
wsNvi9NiS1Tnc43AZHHLB6iOtx4MNoOOxn4y3J/6wmSkSIrogopQGxFKroyegdKfMA6+1bHjgZedphlVwVFhOX363RrwgLyVH9+Lj16fYsSiV7s=
WzlAeqgJ5b9vIrQJcNdm8TEoI2YZ+NOicWguzZeYfnxWa5oz2H9yCQ7RnZ7SEx4NPUvxl+7bf2qXUEHibtQXApgp50qKCCCbZJ3z8OeWfW2Dm8qlV74=
Qfz/k/OhVHU1ByxmItwpm9PSxrPDZnjp7ItjtmL4r53BFmMazBhcChFryM+dmNyxb3gNcqDQXmjw3GDCAr+L2vRITOnQawpOBCEzi1NTx7YDcZMVh40GWicukoiusUUPEQvMd6CwmFeB
Fw5MRZXDSFpJkHCcGpbEcqiOtx4MNoOOxn4y3J/6wmSkSIrogopQGxFKroyegdKfMA6+1bHjgZedphlVwVBkOXz63RrwgLyVH9+Lj16fYsSiV7s=
DKpzATIuitBgLi0vmTDg+gYQd8VOapKEefEWx5yOEg31E+WfoYbFHSXG4oHbOLHi9JCY3cO/dwf6LyYczlfX
DYNPeRsLMyA0kZ1I3/Qa/s0P9QDTRqNw4so+LM1Bon8gDq61QaNRNw0mabVxELFZh/jtOqBAzDWvXxvvjt9S5LJXqw==
PjXOigErSEkdzVcSoX+bclztzVh1DtO0+WJZA9xZGPOYu7p93mX1eXJ39rqtv3kTbl/3ngfkqYbOMH+2QVwvhMjM6O+0qZsUx/KVWZNvwqFXug==
8W1VYhBthYq67mV6SlZcyVJx9r6GWrpo0BzAQuJ/6NoUCO9pcCvqTmThkwvzk6e24zHzmCLNLVhHbnIIDnFlDzHLrPdA8LhXoQ==
IPUSerugZfy2pcCL5IWg+HwZk6x9sTsrXz1DE2KOroEyTybSTZdJC25Hx7bnjHm+jsgvHu0w3x1IVJgHFAFLbAfKxbHzR/K5V6I=
JZu6ZL/KUeXi1W3fATRWQM0P9QDTRqNw4so+LM1Bon8gDq61QaNRNw0mabVxHbZZjfjtOqBAzDWvXxvvjt9S5LJXqw==
rZ0GFPxI6LKpyNEJtMe2DOdantR3Ci8HjTAnKS9fJMZJMlem4XJfFC4RVklINnebsPWtjpCgckK6Up6otJQ8cu5nLLqQ8KN5bOOOzoCpjxs/6yNWpyn/rl5FwhhjZk54gukhLzXz4GfcuJxXhQ==
DkJhgCkTiRJ69GcHaGICq+dantR3Ci8HjTAnKS9fJMZJMlem4XJfFC4QVklINnebsPWtjpCgckK6Up6otJQ8cu5nLLqQ8KN5bOOOzoCpjxs/6yNWpyn/rF9Fyx9jZk54gukhLzXz4GfcuJxXhQ==
aLUUI4y+WRuklzZcjzt4T7+t5YpKicJzBjBkgQMowgJyX7lo67Br0TwARvHRipcJRSAvYRsGJvXCzd5DxC04OR679m/Zt8IFQkyVxUXtrj1zeM+OpWgeYusglAIzmS+OjGlc4/caN8Dh72vVvp9XmA==
rHW6FSiuoDv7w7y1iGqFkL+t5YpKicJzBjBkgQMowgJyX7lo67Br0TwBRvHRipcJRSAvYRsGJvXCzd5DxC04OR679m/Zt8IFQkyVxUXtrj1zeM+OpWgeYusgmAIzmS+OjGlc4/caN8Dh72vVvp9XmA==
rqH6ox0A8xr+m/bBW5MDLr+t5YpKicJzBjBkgQMowgJyX7lo67Br0TwCRvHRipcJRSAvYRsGJvXCzd5DxC04OR679m/Zt8IFQkyVxUXtrj1zeM+OpWgeYusglAMzmS+OjGlc4/caN8Dh72vVvp9XmA==
09RnddSfxIKhS51Xu+8nCFJx9r6GWrpo0BzAQuJ/6NoUCO9pcCvqTmThkwvzk6e24zHznSXNLl9HbnIIDnFlDzHLrPdA8LhXoQ==
D9+cvpktRBFosqdhBLW5IHwZk6x9sTsrXz1DE2KOroEyTybSTZdJC25Hx7bnjHm+jsgvHu8y3x9PVJgHFAFLbAfKxbHzR/K5V6I=
/udHgugjjcRJ7bL/siXL9HYgeUKZFUi1ol3VNeW9rg0T6A/+hbie0gsw1PaTyS++7Pmck9fKt3AB/yslHs9XqA==
wCVOrrnQyNoOjtjXUGXugwtIeco/6imLwckoUcqxpcGdQS6Jm2Sfah0kPnajnGZCK3Xv+iS1TMcPllcU6ZPbUeazV6w=
bJTtJkEBctrzewup690gGudje2svwAbYgsDcw6c8RFG5p82+SsVS3BVDlYioZWoLC4DJt+L6lpKr1QZiD7pS3ZZUchxSzlVreFc2Gy0fuTNufzc+h0Rpps5Qv1bLOO9kz6yoDzTJ2/TH0tX5E8+CgVea
Z0i+o0DvJuYbOTSuFTjsY+dje2svwAbYgsDcw6c8RFG5p82+SsVS3BVDkoioZWoLC4DJt+L6lpKr1QZiD7pS3ZZUchxSzlVreFc2Gy0fuTNufzc+h0Rpps5Qv1bAOO9kz6yoDzTJ2/TH0tX5E8+CgVea
0XmS2u+yHSQSaWJ7+D0QEdzBEF1xsjBrC3yF02zqm2lTBxAWvRp1w5ZYRewiKEpLQw9yLrXc2/Pu2J/bjQCs5gdEya4RbzIQPBg2yfibEk4cURurq4OP9kvBS/0rHXXfn756KPbBDc/Z2/QXyICAV5k=
TZTImwPPNOSMAPXEFQD7/NzBEF1xsjBrC3yF02zqm2lTBxAWvRp1w5ZaRewiKEpLQw9yLrXc2/Pu2J/bjQCs5gdEya4RbzIQPBg2yfibEk4cURurq4OP9kvBS/krHXXfn756KPbBDc/Z2/QXyICAV5k=
XwLDtT6VoWBbrHhMcym4Jl1cvltyAnqbwmL8jXl79eI6mWQF7l2+is5+TQkXlfGrkuaujksJPj5/5moBVojKQCKS7beYy46HXYMBr+7jj6L32NE6LowHCr1kV7kPcJBTRJXjKCfO7eVj07qdV4Y=
mZMidriA69YJ76JJxNfB2W0EnqYvsmIlFixCFHKGxfM4TybTTZdJC25Hx7bnjHm+jsgvHukx3x1PVJgHFAFLbAfKxbHzR/K5V6I=
KyEy4BlqAWQ62a3RUUUvfAYQd8VMapKEe/EWx5yOEg31E+WfoYbFHSXC4IHaP7Hi9JCY3cO/dwf6LyYczlfX
42oZ4MCiriTa/hzwonVTds0P9QDTRqNw4Mo+LM9Bon8gDq61QaNRNw0mabVxHLRZhv/tOqBAzDWvXxvvjt9S5LJXqw==
thoCdJr05jJL9P/U6kXwbt/BEF1xsjBrC3yF02zqm2lTBxAWvRp1w5ZYWPosL1VXSAdja6Tdwe68iIaSjgri6AhMyKJaD0IaPBg1yfibEk4cURurq4OP9kvBS/8rHXTfn756KPbBDc/Z2/QXyICAV5k=
Bo92A/VOrP30VaY7eMQJ7N/BEF1xsjBrC3yF02zqm2lTBxAWvRp1w5ZYX/osL1VXSAdja6Tdwe68iIaSjgri6AhMyKJaD0IaPBg1yfibEk4cURurq4OP9kvBS/UrHXTfn756KPbBDc/Z2/QXyICAV5k=
mHNR1R1n0+Jl2/N6RQWqHgYQd8VMapKEe/EWx5yOEg31E+WfoYbFHSXG4oHfOrHh9JCY3cO/dwf6LyYczlfX
413VyvfgfOzDFM3OzHZXGM0P9QDTRqNw4Mo+LM9Bon8gDq61QaNRNw0mabVxEbZZg/rtOaBAzDWvXxvvjt9S5LJXqw==
PHDaM4AcWhrY5HLiray5MLyt54pKicJzBjBkgQMowgJyX7lo67Br0TwBRvHRipcJRSAvYRsGJvXCzd5DxC04OR679m/ZtcIFQk6VxUXtrj1zeM+OpWgeYusglgIznyqOj2lc4/caN8Dh72vVvp9XmA==
X/AVv67yQiRYrEahJA0uaORanNR3Ci8HjTAnKS9fJMZJMlem4XJfFC4TVklINnebsPWtjpCgckK6Up6otJQ8cu5nLrqQ8KF5bOOOzoCpjxs/6yNWpyn/qVlFzBpjZU54gukhLzXz4GfcuJxXhQ==
0iu98JZ6WbAvL2wgLsGxLQYQd9hMapKEe/EWx5yOEg31E+WfoYbFHSXF4YHROrHh9JCY3cO/dwf6LyYczlfX
rCGNEFbYsIUVRM9vFx6CE5ni0oyS9l7L8gcW6G2PWQNuT9eux7RJ9k6A32YNqE+eytwLn3T5O6RHAvWJ01/isVeq
CELrNnaEzVMbvmdCLPpocc0P9QDTRqNw4Mo+LM9Bon8gDq61QaNRNw0mabVxHLVZjfrtOaBAzDWvXxvvjt9S5LJXqw==
IIBrBPfQ2kPvcIZ9LL1xOL+t5opKicJzBjBkgQMowgJyX7lo67Br0TwARvHRipcJRSAvYRsGJvXCzd5DxC04OR679m/ZtcIFQk6VxUXtrj1zeM+OpWgeYusglQczkCqOj2lc4/caN8Dh72vVvp9XmA==
45pAqrmvTs98rBiEEeQ1VQYQd8VNapKEevEWx5yOEg31E+WfoYbFHSXF4YHQOrHh9JCY3cO/dwf6LyYczlfX
mteVIRec+lCtA+7jWr8f6s0P9QDTRqNw4co+LM5Bon8gDq61QaNRNw0mabVxF7VZjPrtOaBAzDWvXxvvjt9S5LJXqw==
X1kBQ7qFlFj1PrrhP3crW9/BEV1xsjBrC3yF02zqm2lTBxAWvRp1w5ZYWPosL1VXSAdja6Tdwe68iIaSjgri6AhMyKJaD0MaPBg0yfibEk4cURurq4OP9kvBS/QtHX7an716KPbBDc/Z2/QXyICAV5k=
vPyF6cbI4PMx/syzvOQ0kt/BEV1xsjBrC3yF02zqm2lTBxAWvRp1w5ZYX/osL1VXSAdja6Tdwe68iIaSjgri6AhMyKJaD0MaPBg0yfibEk4cURurq4OP9kvBS/4sHX7an716KPbBDc/Z2/QXyICAV5k=
bw6asYYb6hW7RnHCtPoD97yt5opKicJzBjBkgQMowgJyX7lo67Br0TwBRvHRipcJRSAvYRsGJvXCzd5DxC04OR679m/ZtMIFQk+VxUXtrj1zeM+OpWgeYusglwEzkSqOj2lc4/caN8Dh72vVvp9XmA==
e1udCsWmFlU9NMFQc/9L7byt5opKicJzBjBkgQMowgJyX7lo67Br0TwCRvHRipcJRSAvYRsGJvXCzd5DxC04OR679m/ZtMIFQk+VxUXtrj1zeM+OpWgeYusgkAYzkSqOj2lc4/caN8Dh72vVvp9XmA==
muUgDCMImg8L9/k7a6DvoORandR3Ci8HjTAnKS9fJMZJMlem4XJfFC4TVklINnebsPWtjpCgckK6Up6otJQ8cu5nL7qQ8KB5bOOOzoCpjxs/6yNWpyn/pV9FwhpjZU54gukhLzXz4GfcuJxXhQ==
le0gCp807U04cnpRx1MwoeRandR3Ci8HjTAnKS9fJMZJMlem4XJfFC4RVklINnebsPWtjpCgckK6Up6otJQ8cu5nL7qQ8KB5bOOOzoCpjxs/6yNWpyn/qF5FwhpjZU54gukhLzXz4GfcuJxXhQ==
TcFuNe9dr8Uk5EKlOvX+7EI/T+tg+Ueubt8DK2tSZyLEsr63sNH5te5jjUtEkcy3tySV+ip6cqp8a8CKL1YXZc2NJqRwxEetArUZIEEcJBO675RAA6ofzgLT/pBLRzjcVwa8l4aMHwwtlBEpzOTVXbBPx0ychiMLu5ROAW0DW1fSrg4p+5O7NyXfg8yTFVHN0vea/ZY85sdqrgv4By6ju04nKRyL1bedOL282NB9DUM6haccg5s3ALoylTAkZBQWodpWKPYPGM1eJY6vn0B030EYDDJt0eQ9j8KpqZBnli4cs6hKJeFA4v/c3/70NJ/GWNtE/PKjBIyI94/M8m0lRuPEQ9Xl48E2a8FkwfD2+OKZDq2hUx7rBVM/L1FjKv249g9k+BRijGnay0BovfG5QHcTIzDSfZ7Qk8zzbcLAnrj1/3KdM0JrT4CRvxMOa43plIH/h4HhLAxBPEXXVIc2xMFZeIJwO/yszOnh2Q7VXVR5c4luZYgegivAGePzeiluT4ncAzf6NyAhD+s1fn9XeA==
MXAGczPgDwiYS9+gK/ZFqu90bi40p5MRFxECgxWXnPGEotyCHxOf7RU22mpvvFe6IPowSGDf+ndPlsmYNKtw9M/Bh7DsSN8eULuVzFCcgVMDm7cYKwUZ/K2U+jTUZwuy+tE+4YTwE3fj4eMEO9Y8hOeZUtlbAPKn56FW1Hk5XhewY9NXKrhgmQGpK1VqpTH5n6EKDOA9GCVFWzOiCX+Ih7WpkN3hBKoZ3xTlw0riyIY1YUCKCm7JO1fnIOE8R/5b8ngonlfjp8/5r4odi/KO64561/IBVqgGfiLhEbr/j7TbBaQPp0HCTQ3TYM+XBZ23fObFQv0leAEWHpV38KAMjQwmqDc5y4IznS5N/aEsuZ6OqO9+aFIfPEl02+eU4QuMB+qFEXPnMtlXwg==
NS/lXI5Hk4PDfmothNzvYivuVeauFEasPloebJTdFZG107PnKkU/mYtTWYFOP1/5L7BeKMAElZIpcBsn9MpVZotQgqORY5E5m5WU/LHQQGlm5uMVM+j4bBd8uOwNpVrqNDNKP1sWYJXZ91Qn3ALZFveBYEtNI9SvZXrSvS9kxptACu5r/DB80tqcx0VJ0vq546CiNkooD4V2nSsXS1rMG3I73Lo8D6Bwu8+fOtOfwV0bS/LS89Yq6WmGD0Ov7yYhjYBxeptIxakHdxzZ8gLshuWR33KLVSlbDnB52fxABw4/u/FEFLb4lVY2YvGLnWuFPiAPMzfg6ISv8g+DCXn/vlvj8RHROGfLbMf09Pj8pRTVt2cMG+t/FUc3RwgdRio1PI5AUFynFgEILvmzeZ6LyZtmpi8ufn8mW8umoj4GaQXqK6cw+8EMGzeViukNdygbBxE1c1xi7ZatMfAlVrqd46B0pIms4oCjKR/KFx0KBSmxuJFaLqxHqjDBF5gJUFPzxDUjCCcuLQXjM3p9V2Y=
Xb7IpbiNP4ZtQqdm1soC+tQYfADkY502BvV857mt99LEjS8Bmu8ZNd5sZ6ZbhDDoBD549YZZb/TtflyRnKr/M9PmFAKD0BD5UQoYRk0t00nDrvNvpRLNNh6SfJ2nLApjqnc8eo/5Y2NngrNMsDp3C+Yvw6oOCUdD8rKRgzLJABEHgVJyvNfBa28Tov99B8/z/jq41yRLpXlXhCEFpJnFm4TL2Q62F98W4cVC+MS4JXN0/BJEtRV3hQQHVH0SBcKKfMivqfsBue1O28MoQpVeqKNE2TwU6B6ABbcSBSMqK7cwmR/LXsONUeRJH58RCex0cbRlj4SvtvwxERgaYFO8VHzhQQFefV3sCbtpdvVg3vobSDi/I1KpVr/BvJsnknfYkQdL7S7XV8A=
m4ExL8ALA1ZyzGgIK5SPn1Jx9r6GWrpo0BzAQuJ/69oUCOxpcCvqTmThkwvzk6e24zHznibNKllHbXIIDnFlDzHLrPdA8LhXoQ==
Z86EhZOZq0VKwXHp1TdPlnKKprYSe+6VnfOhf+4zL9I3yLGKrvwnGvvVt+8JoPPjhIXD2Kd+DfUjIxrNV9Y=
4exinH2Qbxyp/HC3bH7QmnwZk6x9sTsrXz1DE2KOroIyTybRTZdJC25Hx7bnjHm+jsgvHu8x3xtJVJsHFAFLbAfKxbHzR/K5V6I=
ZPYXfp0HG/J92fgpm9Wz11Jx9r6GWrpo0BzAQuJ/6toUCO1pcCvqTmThkwvzk6e24zHzmyXNKVlHbXIIDnFlDzHLrPdA8LhXoQ==
2d89qP28yw1upH3tzwK7qHwZk6x9sTsrXz1DE2KOroMyTybQTZdJC25Hx7bnjHm+jsgvHuwz3xhJVJsHFAFLbAfKxbHzR/K5V6I=
IdotXs5NG58BGcxIjAdfSHYgeUKZFUi1ol3VNeW9rg0T6A/+hbie0gsw1/CTzym+7/mck9fKt3AB/yslHs9XqA==
tPiKtUX7hDu6TbJ4JvzC6ksl4cNmE6z0Edh0didleKsoAGb8tKHKbygOpqWpw6ln1WbRBSn13qkKeWWJCOAURVcfw7+2/3r0ulej
HuD9w3LLd/pNSSamKBQftwYQd8VOapKEefEWx5yOEg31E+WfoYbFHSXN4YHRObHh9JCY3cO/dwf6LyYczlfX
etHG/XFVj7L1o7ePbEqbbXwZk6x9sTsrXz1DE2KOroEyTybSTZdJC25Hx7bnjHm+jsgvHusx3xZJVJsHFAFLbAfKxbHzR/K5V6I=
/JYYSjqx7QPpb1vcLe7GmEI/T+tg+Ueubt8DK2tSZyLEsr63sNH5te5jjUtEkcy3tySV+ip6cqp8a8CKL1YXZc2NJqRwxEetArUZIEEcJBO675RAA6ofzgLT/pBLRzjcVwa8l4aMHwwtlBEpzOTVXbBPx0ychiMLu5ROAW0DW1fSrg4p+5O7NyXfg8yTFVHN0vea/ZY85sdqrgv4By6ju04nKRyL1bedOL282NB9DUM6haccg5s3ALoylTAkZBQWodpWKPYPGM1eJY6vn0B030EYDDJt0eQ9j8KpqZBnli4cs6hKJeFA4v/c3/70NJ/GWNtE/PKjBIyI94/M8m0lRuPEQ9Xl48E2a8FkwfD2+OKZDq2hUx7rBVM/L1FjKv249g9k+BRijGnay0BovfG5QHcTIzDSfZ7Qk8zzbcLAnrj1/3KdM0JrT4CRvxMOa43plIH/h4HhLAxBPEXXVIc2xMFZeIJwO/yszOnh2Q7VXVR5c4luZYgegivAEubzcCluT4ncAzf6NyAhD+s1fn9XeA==
iLt1Wm9Vr8Pnqe/OrykGLyvuVeauFEasPloebJTdFZG107PnKkU/mYtTWYFOP1/5L7BeKMAElZIpcBsn9MpVZotQgqORY5E5m5WU/LHQQGlm5uMVM+j4bBd8uOwNpVrqNDNKP1sWYJXZ91Qn3ALZFveBYEtNI9SvZXrSvS9kxptACu5r/DB80tqcx0VJ0vq546CiNkooD4V2nSsXS1rMG3I73Lo8D6Bwu8+fOtOfwV0bS/LS89Yq6WmGD0Ov7yYhjYBxeptIxakHdxzZ8gLshuWR33KLVSlbDnB52fxABw4/u/FEFLb4lVY2YvGLnWuFPiAPMzfg6ISv8g+DCXn/vlvj8RHROGfLbMf09Pj8pRTVt2cMG+t/FUc3RwgdRio1PI5AUFynFgEILvmzeZ6LyZtmpi8ufn8mW8umoj4GaQXqK6cw+8EMGzeViukNdygbBxE1c1xi7ZatMfAlVrqd46B0pIms4oCjKR/KFx0KBSmxuJFaLqxHqjvAF5IJUFPzxDUjCCcuLQXjM3p9V2Y=
glqgOglgGfPzoyt4Yr9V0EI/T+tg+Ueubt8DK2tSZyLEsr63sNH5te5jjUtEkcy3tySV+ip6cqp8a8CKL1YXZc2NJqRwxEetArUZIEEcJBO675RAA6ofzgLT/pBLRzjcVwa8l4aMHwwtlBEpzOTVXbBPx0ychiMLu5ROAW0DW1fSrg4p+5O7NyXfg8yTFVHN0vea/ZY85sdqrgv4By6ju04nKRyL1bedOL282NB9DUM6haccg5s3ALoylTAkZBQWodpWKPYPGM1eJY6vn0B030EYDDJt0eQ9j8KpqZBnli4cs6hKJeFA4v/c3/70NJ/GWNtE/PKjBIyI94/M8m0lRuPEQ9Xl48E2a8FkwfD2+OKZDq2hUx7rBVM/L1FjKv249g9k+BRijGnay0BovfG5QHcTIzDSfZ7Qk8zzbcLAnrj1/3KdM0JrT4CRvxMOa43plIH/h4HhLAxBPEXXVIc2xMFZeIJwO/yszOnh2Q7VXVR5c4luZYgegivAE+bzcCluT4ncAzf6NyAhD+s1fn9XeA==
Uzpzw3PLbEKeC+M74wJSv+90bi40p5MRFxECgxWXnPGEotyCHxOf7RU22mpvvFe6IPowSGDf+ndPlsmYNKtw9M/Bh7DsSN8eULuVzFCcgVMDm7cYKwUZ/K2U+jTUZwuy+tE+4YTwE3fj4eMEO9Y8hOeZUtlbAPKn56FW1Hk5XhewY9NXKrhgmQGpK1VqpTH5n6EKDOA9GCVFWzOiCX+Ih7WpkN3hBKoZ3xTlw0riyIY1YUCKCm7JO1fnIOE8R/5b8ngonlfjp8/5r4odi/KO64561/IBVqgGfiLhEbr/j7TbBaQPp0HCTQ3TYM+XBZ23fObFQv0leAEWHpV38KAMjQwmqDc5y4IznS5N/aEsuZ6OqO9+a1QfNkl02+eU4QuMB+qFEXPnMtlXwg==
fjHcdql1EsvlYMileVhcANQYfADkY502BvV857mt99LEjS8Bmu8ZNd5sZ6ZbhDDoBD549YZZb/TtflyRnKr/M9PmFAKD0BD5UQoYRk0t00nDrvNvpRLNNh6SfJ2nLApjqnc8eo/5Y2NngrNMsDp3C+Yvw6oOCUdD8rKRgzLJABEHgVJyvNfBa28Tov99B8/z/jq41yRLpXlXhCEFpJnFm4TL2Q62F98W4cVC+MS4JXN0/BJEtRV3hQQHVH0SBcKKfMivqfsBue1O28MoQpVeqKNE2TwU6B6ABbcSBSMqK7cwmR/LXsONUeRJH58RCex0cbRlj4SvtvwxERgaYFO8VHzhQQFefV3sCbtpdvVg3vobSDO+I1ipVr/BvJsnknfYkQdL7S7XV8A=
b0Cd97FRsqP4O+7YP5vqByvuVeauFEasPloebJTdFZG107PnKkU/mYtTWYFOP1/5L7BeKMAElZIpcBsn9MpVZotQgqORY5E5m5WU/LHQQGlm5uMVM+j4bBd8uOwNpVrqNDNKP1sWYJXZ91Qn3ALZFveBYEtNI9SvZXrSvS9kxptACu5r/DB80tqcx0VJ0vq546CiNkooD4V2nSsXS1rMG3I73Lo8D6Bwu8+fOtOfwV0bS/LS89Yq6WmGD0Ov7yYhjYBxeptIxakHdxzZ8gLshuWR33KLVSlbDnB52fxABw4/u/FEFLb4lVY2YvGLnWuFPiAPMzfg6ISv8g+DCXn/vlvj8RHROGfLbMf09Pj8pRTVt2cMG+t/FUc3RwgdRio1PI5AUFynFgEILvmzeZ6LyZtmpi8ufn8mW8umoj4GaQXqK6cw+8EMGzeViukNdygbBxE1c1xi7ZatMfAlVrqd46B0pIms4oCjKR/KFx0KBSmxuJFaLqxHqjzAF5IJUFPzxDUjCCcuLQXjM3p9V2Y=
GvMLGx4RyEXfMpygqmpGxO90bi40p5MRFxECgxWXnPGEotyCHxOf7RU22mpvvFe6IPowSGDf+ndPlsmYNKtw9M/Bh7DsSN8eULuVzFCcgVMDm7cYKwUZ/K2U+jTUZwuy+tE+4YTwE3fj4eMEO9Y8hOeZUtlbAPKn56FW1Hk5XhewY9NXKrhgmQGpK1VqpTH5n6EKDOA9GCVFWzOiCX+Ih7WpkN3hBKoZ3xTlw0riyIY1YUCKCm7JO1fnIOE8R/5b8ngonlfjp8/5r4odi/KO64561/IBVqgGfiLhEbr/j7TbBaQPp0HCTQ3TYM+XBZ23fObFQv0leAEWHpV38KAMjQwmqDc5y4IznS5N/aEsuZ6OqO9+bFQfNkl02+eU4QuMB+qFEXPnMtlXwg==
Gfa6+mjx6oW7UTnLFyCGStQYfADkY502BvV857mt99LEjS8Bmu8ZNd5sZ6ZbhDDoBD549YZZb/TtflyRnKr/M9PmFAKD0BD5UQoYRk0t00nDrvNvpRLNNh6SfJ2nLApjqnc8eo/5Y2NngrNMsDp3C+Yvw6oOCUdD8rKRgzLJABEHgVJyvNfBa28Tov99B8/z/jq41yRLpXlXhCEFpJnFm4TL2Q62F98W4cVC+MS4JXN0/BJEtRV3hQQHVH0SBcKKfMivqfsBue1O28MoQpVeqKNE2TwU6B6ABbcSBSMqK7cwmR/LXsONUeRJH58RCex0cbRlj4SvtvwxERgaYFO8VHzhQQFefV3sCbtpdvVg3vobSDS+I1ipVr/BvJsnknfYkQdL7S7XV8A=
IjVE8DCJ6HgW5Re5hkaz+0I/T+tg+Ueubt8DK2tSZyLEsr63sNH5te5jjUtEkcy3tySV+ip6cqp8a8CKL1YXZc2NJqRwxEetArUZIEEcJBO675RAA6ofzgLT/pBLRzjcVwa8l4aMHwwtlBEpzOTVXbBPx0ychiMLu5ROAW0DW1fSrg4p+5O7NyXfg8yTFVHN0vea/ZY85sdqrgv4By6ju04nKRyL1bedOL282NB9DUM6haccg5s3ALoylTAkZBQWodpWKPYPGM1eJY6vn0B030EYDDJt0eQ9j8KpqZBnli4cs6hKJeFA4v/c3/70NJ/GWNtE/PKjBIyI94/M8m0lRuPEQ9Xl48E2a8FkwfD2+OKZDq2hUx7rBVM/L1FjKv249g9k+BRijGnay0BovfG5QHcTIzDSfZ7Qk8zzbcLAnrj1/3KdM0JrT4CRvxMOa43plIH/h4HhLAxBPEXXVIc2xMFZeIJwO/yszOnh2Q7VXVR5c4luZYgegivAGObzcCluT4ncAzf6NyAhD+s1fn9XeA==
WLnFvVFG9klauXKkIwk+Hu90bi40p5MRFxECgxWXnPGEotyCHxOf7RU22mpvvFe6IPowSGDf+ndPlsmYNKtw9M/Bh7DsSN8eULuVzFCcgVMDm7cYKwUZ/K2U+jTUZwuy+tE+4YTwE3fj4eMEO9Y8hOeZUtlbAPKn56FW1Hk5XhewY9NXKrhgmQGpK1VqpTH5n6EKDOA9GCVFWzOiCX+Ih7WpkN3hBKoZ3xTlw0riyIY1YUCKCm7JO1fnIOE8R/5b8ngonlfjp8/5r4odi/KO64561/IBVqgGfiLhEbr/j7TbBaQPp0HCTQ3TYM+XBZ23fObFQv0leAEWHpV38KAMjQwmqDc5y4IznS5N/aEsuZ6OqO9+YVQfNkl02+eU4QuMB+qFEXPnMtlXwg==
WPtbWToDHM3z7LX9LtJoISvuVeauFEasPloebJTdFZG107PnKkU/mYtTWYFOP1/5L7BeKMAElZIpcBsn9MpVZotQgqORY5E5m5WU/LHQQGlm5uMVM+j4bBd8uOwNpVrqNDNKP1sWYJXZ91Qn3ALZFveBYEtNI9SvZXrSvS9kxptACu5r/DB80tqcx0VJ0vq546CiNkooD4V2nSsXS1rMG3I73Lo8D6Bwu8+fOtOfwV0bS/LS89Yq6WmGD0Ov7yYhjYBxeptIxakHdxzZ8gLshuWR33KLVSlbDnB52fxABw4/u/FEFLb4lVY2YvGLnWuFPiAPMzfg6ISv8g+DCXn/vlvj8RHROGfLbMf09Pj8pRTVt2cMG+t/FUc3RwgdRio1PI5AUFynFgEILvmzeZ6LyZtmpi8ufn8mW8umoj4GaQXqK6cw+8EMGzeViukNdygbBxE1c1xi7ZatMfAlVrqd46B0pIms4oCjKR/KFx0KBSmxuJFaLqxHqjnFF5MJUFPzxDUjCCcuLQXjM3p9V2Y=
aoheOnj/oLCgoErgFpK3mNQYfADkY502BvV857mt99LEjS8Bmu8ZNd5sZ6ZbhDDoBD549YZZb/TtflyRnKr/M9PmFAKD0BD5UQoYRk0t00nDrvNvpRLNNh6SfJ2nLApjqnc8eo/5Y2NngrNMsDp3C+Yvw6oOCUdD8rKRgzLJABEHgVJyvNfBa28Tov99B8/z/jq41yRLpXlXhCEFpJnFm4TL2Q62F98W4cVC+MS4JXN0/BJEtRV3hQQHVH0SBcKKfMivqfsBue1O28MoQpVeqKNE2TwU6B6ABbcSBSMqK7cwmR/LXsONUeRJH58RCex0cbRlj4SvtvwxERgaYFO8VHzhQQFefV3sCbtpdvVg3vobSDK7I1mpVr/BvJsnknfYkQdL7S7XV8A=
R0a3VW+kkLMmOkeoqHl1uUI/T+tg+Ueubt8DK2tSZyLEsr63sNH5te5jjUtEkcy3tySV+ip6cqp8a8CKL1YXZc2NJqRwxEetArUZIEEcJBO675RAA6ofzgLT/pBLRzjcVwa8l4aMHwwtlBEpzOTVXbBPx0ychiMLu5ROAW0DW1fSrg4p+5O7NyXfg8yTFVHN0vea/ZY85sdqrgv4By6ju04nKRyL1bedOL282NB9DUM6haccg5s3ALoylTAkZBQWodpWKPYPGM1eJY6vn0B030EYDDJt0eQ9j8KpqZBnli4cs6hKJeFA4v/c3/70NJ/GWNtE/PKjBIyI94/M8m0lRuPEQ9Xl48E2a8FkwfD2+OKZDq2hUx7rBVM/L1FjKv249g9k+BRijGnay0BovfG5QHcTIzDSfZ7Qk8zzbcLAnrj1/3KdM0JrT4CRvxMOa43plIH/h4HhLAxBPEXXVIc2xMFZeIJwO/yszOnh2Q7VXVR5c4luZYgegivAEuPzcSluT4ncAzf6NyAhD+s1fn9XeA==
7OvJWJmmbYG9hNxkMvy3Xu90bi40p5MRFxECgxWXnPGEotyCHxOf7RU22mpvvFe6IPowSGDf+ndPlsmYNKtw9M/Bh7DsSN8eULuVzFCcgVMDm7cYKwUZ/K2U+jTUZwuy+tE+4YTwE3fj4eMEO9Y8hOeZUtlbAPKn56FW1Hk5XhewY9NXKrhgmQGpK1VqpTH5n6EKDOA9GCVFWzOiCX+Ih7WpkN3hBKoZ3xTlw0riyIY1YUCKCm7JO1fnIOE8R/5b8ngonlfjp8/5r4odi/KO64561/IBVqgGfiLhEbr/j7TbBaQPp0HCTQ3TYM+XBZ23fObFQv0leAEWHpV38KAMjQwmqDc5y4IznS5N/aEsuZ6OqO9+alEfN0l02+eU4QuMB+qFEXPnMtlXwg==
KYZgZDVtHjd6LXg53NrZGivuVeauFEasPloebJTdFZG107PnKkU/mYtTWYFOP1/5L7BeKMAElZIpcBsn9MpVZotQgqORY5E5m5WU/LHQQGlm5uMVM+j4bBd8uOwNpVrqNDNKP1sWYJXZ91Qn3ALZFveBYEtNI9SvZXrSvS9kxptACu5r/DB80tqcx0VJ0vq546CiNkooD4V2nSsXS1rMG3I73Lo8D6Bwu8+fOtOfwV0bS/LS89Yq6WmGD0Ov7yYhjYBxeptIxakHdxzZ8gLshuWR33KLVSlbDnB52fxABw4/u/FEFLb4lVY2YvGLnWuFPiAPMzfg6ISv8g+DCXn/vlvj8RHROGfLbMf09Pj8pRTVt2cMG+t/FUc3RwgdRio1PI5AUFynFgEILvmzeZ6LyZtmpi8ufn8mW8umoj4GaQXqK6cw+8EMGzeViukNdygbBxE1c1xi7ZatMfAlVrqd46B0pIms4oCjKR/KFx0KBSmxuJFaLqxHqj3BF5MJUFPzxDUjCCcuLQXjM3p9V2Y=
J9miNITYZPjb2xjCeZoiedQYfADkY502BvV857mt99LEjS8Bmu8ZNd5sZ6ZbhDDoBD549YZZb/TtflyRnKr/M9PmFAKD0BD5UQoYRk0t00nDrvNvpRLNNh6SfJ2nLApjqnc8eo/5Y2NngrNMsDp3C+Yvw6oOCUdD8rKRgzLJABEHgVJyvNfBa28Tov99B8/z/jq41yRLpXlXhCEFpJnFm4TL2Q62F98W4cVC+MS4JXN0/BJEtRV3hQQHVH0SBcKKfMivqfsBue1O28MoQpVeqKNE2TwU6B6ABbcSBSMqK7cwmR/LXsONUeRJH58RCex0cbRlj4SvtvwxERgaYFO8VHzhQQFefV3sCbtpdvVg3vobSDa/I1mpVr/BvJsnknfYkQdL7S7XV8A=
r+SuBz3snemSXGWo45FewEI/T+tg+Ueubt8DK2tSZyLEsr63sNH5te5jjUtEkcy3tySV+ip6cqp8a8CKL1YXZc2NJqRwxEetArUZIEEcJBO675RAA6ofzgLT/pBLRzjcVwa8l4aMHwwtlBEpzOTVXbBPx0ychiMLu5ROAW0DW1fSrg4p+5O7NyXfg8yTFVHN0vea/ZY85sdqrgv4By6ju04nKRyL1bedOL282NB9DUM6haccg5s3ALoylTAkZBQWodpWKPYPGM1eJY6vn0B030EYDDJt0eQ9j8KpqZBnli4cs6hKJeFA4v/c3/70NJ/GWNtE/PKjBIyI94/M8m0lRuPEQ9Xl48E2a8FkwfD2+OKZDq2hUx7rBVM/L1FjKv249g9k+BRijGnay0BovfG5QHcTIzDSfZ7Qk8zzbcLAnrj1/3KdM0JrT4CRvxMOa43plIH/h4HhLAxBPEXXVIc2xMFZeIJwO/yszOnh2Q7VXVR5c4luZYgegivAFOLzeChuT4ncAzf6NyAhD+s1fn9XeA==
Ms2p+S5eaLcSwhxFycmUMO90bi40p5MRFxECgxWXnPGEotyCHxOf7RU22mpvvFe6IPowSGDf+ndPlsmYNKtw9M/Bh7DsSN8eULuVzFCcgVMDm7cYKwUZ/K2U+jTUZwuy+tE+4YTwE3fj4eMEO9Y8hOeZUtlbAPKn56FW1Hk5XhewY9NXKrhgmQGpK1VqpTH5n6EKDOA9GCVFWzOiCX+Ih7WpkN3hBKoZ3xTlw0riyIY1YUCKCm7JO1fnIOE8R/5b8ngonlfjp8/5r4odi/KO64561/IBVqgGfiLhEbr/j7TbBaQPp0HCTQ3TYM+XBZ23fObFQv0leAEWHpV38KAMjQwmqDc5y4IznS5N/aEsuZ6OqO9+bFAfPkh02+eU4QuMB+qFEXPnMtlXwg==
UXBDuN+HwKlvSz1GlcgoMCvuVeauFEasPloebJTdFZG107PnKkU/mYtTWYFOP1/5L7BeKMAElZIpcBsn9MpVZotQgqORY5E5m5WU/LHQQGlm5uMVM+j4bBd8uOwNpVrqNDNKP1sWYJXZ91Qn3ALZFveBYEtNI9SvZXrSvS9kxptACu5r/DB80tqcx0VJ0vq546CiNkooD4V2nSsXS1rMG3I73Lo8D6Bwu8+fOtOfwV0bS/LS89Yq6WmGD0Ov7yYhjYBxeptIxakHdxzZ8gLshuWR33KLVSlbDnB52fxABw4/u/FEFLb4lVY2YvGLnWuFPiAPMzfg6ISv8g+DCXn/vlvj8RHROGfLbMf09Pj8pRTVt2cMG+t/FUc3RwgdRio1PI5AUFynFgEILvmzeZ6LyZtmpi8ufn8mW8umoj4GaQXqK6cw+8EMGzeViukNdygbBxE1c1xi7ZatMfAlVrqd46B0pIms4oCjKR/KFx0KBSmxuJFaLqxHqj/HF5oIUFPzxDUjCCcuLQXjM3p9V2Y=
y7c6PjqWr19L8wGKdjlYAdQYfADkY502BvV857mt99LEjS8Bmu8ZNd5sZ6ZbhDDoBD549YZZb/TtflyRnKr/M9PmFAKD0BD5UQoYRk0t00nDrvNvpRLNNh6SfJ2nLApjqnc8eo/5Y2NngrNMsDp3C+Yvw6oOCUdD8rKRgzLJABEHgVJyvNfBa28Tov99B8/z/jq41yRLpXlXhCEFpJnFm4TL2Q62F98W4cVC+MS4JXN0/BJEtRV3hQQHVH0SBcKKfMivqfsBue1O28MoQpVeqKNE2TwU6B6ABbcSBSMqK7cwmR/LXsONUeRJH58RCex0cbRlj4SvtvwxERgaYFO8VHzhQQFefV3sCbtpdvVg3vobSDe5I1CoVr/BvJsnknfYkQdL7S7XV8A=
ysKjmyymZrxCJbJ2O2rcXUI/T+tg+Ueubt8DK2tSZyLEsr63sNH5te5jjUtEkcy3tySV+ip6cqp8a8CKL1YXZc2NJqRwxEetArUZIEEcJBO675RAA6ofzgLT/pBLRzjcVwa8l4aMHwwtlBEpzOTVXbBPx0ychiMLu5ROAW0DW1fSrg4p+5O7NyXfg8yTFVHN0vea/ZY85sdqrgv4By6ju04nKRyL1bedOL282NB9DUM6haccg5s3ALoylTAkZBQWodpWKPYPGM1eJY6vn0B030EYDDJt0eQ9j8KpqZBnli4cs6hKJeFA4v/c3/70NJ/GWNtE/PKjBIyI94/M8m0lRuPEQ9Xl48E2a8FkwfD2+OKZDq2hUx7rBVM/L1FjKv249g9k+BRijGnay0BovfG5QHcTIzDSfZ7Qk8zzbcLAnrj1/3KdM0JrT4CRvxMOa43plIH/h4HhLAxBPEXXVIc2xMFZeIJwO/yszOnh2Q7VXVR5c4luZYgegivAGOHzeChuT4ncAzf6NyAhD+s1fn9XeA==
3osf/2RFaM+Jk59i+hfhTe90bi40p5MRFxECgxWXnPGEotyCHxOf7RU22mpvvFe6IPowSGDf+ndPlsmYNKtw9M/Bh7DsSN8eULuVzFCcgVMDm7cYKwUZ/K2U+jTUZwuy+tE+4YTwE3fj4eMEO9Y8hOeZUtlbAPKn56FW1Hk5XhewY9NXKrhgmQGpK1VqpTH5n6EKDOA9GCVFWzOiCX+Ih7WpkN3hBKoZ3xTlw0riyIY1YUCKCm7JO1fnIOE8R/5b8ngonlfjp8/5r4odi/KO64561/IBVqgGfiLhEbr/j7TbBaQPp0HCTQ3TYM+XBZ23fObFQv0leAEWHpV38KAMjQwmqDc5y4IznS5N/aEsuZ6OqO9+YFMfPkh02+eU4QuMB+qFEXPnMtlXwg==
SEvy5Ct5gSoN/w6n1TzyrCvuVeauFEasPloebJTdFZG107PnKkU/mYtTWYFOP1/5L7BeKMAElZIpcBsn9MpVZotQgqORY5E5m5WU/LHQQGlm5uMVM+j4bBd8uOwNpVrqNDNKP1sWYJXZ91Qn3ALZFveBYEtNI9SvZXrSvS9kxptACu5r/DB80tqcx0VJ0vq546CiNkooD4V2nSsXS1rMG3I73Lo8D6Bwu8+fOtOfwV0bS/LS89Yq6WmGD0Ov7yYhjYBxeptIxakHdxzZ8gLshuWR33KLVSlbDnB52fxABw4/u/FEFLb4lVY2YvGLnWuFPiAPMzfg6ISv8g+DCXn/vlvj8RHROGfLbMf09Pj8pRTVt2cMG+t/FUc3RwgdRio1PI5AUFynFgEILvmzeZ6LyZtmpi8ufn8mW8umoj4GaQXqK6cw+8EMGzeViukNdygbBxE1c1xi7ZatMfAlVrqd46B0pIms4oCjKR/KFx0KBSmxuJFaLqxHqjnEF5sIUFPzxDUjCCcuLQXjM3p9V2Y=
c7KkNHKu7+FxRuyfsgCIAtQYfADkY502BvV857mt99LEjS8Bmu8ZNd5sZ6ZbhDDoBD549YZZb/TtflyRnKr/M9PmFAKD0BD5UQoYRk0t00nDrvNvpRLNNh6SfJ2nLApjqnc8eo/5Y2NngrNMsDp3C+Yvw6oOCUdD8rKRgzLJABEHgVJyvNfBa28Tov99B8/z/jq41yRLpXlXhCEFpJnFm4TL2Q62F98W4cVC+MS4JXN0/BJEtRV3hQQHVH0SBcKKfMivqfsBue1O28MoQpVeqKNE2TwU6B6ABbcSBSMqK7cwmR/LXsONUeRJH58RCex0cbRlj4SvtvwxERgaYFO8VHzhQQFefV3sCbtpdvVg3vobSDG6I1GoVr/BvJsnknfYkQdL7S7XV8A=
5/cbSZTnBsBxVmp7Vq+7kTJ6jpJklvfe/P8oLHF7lqirJIzFUGpMLhLkIFT9wGA1Icm7frIFFC8tHix9HP71jZDaVpPQPnv9pTLP6Oy6An56RvRhFHVmXKwwAQJu9FeiHImnIIjo4zvkPTPQ5/a9jQP7ioVXng==
AvjgDwjS7o/3RI1ecD+B0rw4MyMAZCkOMJwHXdv6z1QLN6R6arrZ1Qf7OxZfmadIVjVhmAtVRljaGZlvLeOYx1TotFet
FCzV9F1zgKcI/gxbj/S0bS+Eq/YuNL3SRQVkqRS99gSMyLGKrvwnGvzRt+gIoPPjhIXD2Kd+DfUjIxrNV9Y=
MoRZMxVKO3xnk4bhFijaczS8s1C0uiPZx/UYXr4keQdF5iFl2bAoyR94dak4oKTl559TH+Y/KhTKV9M=
RQBGHd0jvkE/3mNqxwH87pkdAXXY/Us+0Mbt8T3WAR9HK6BaCfekmRLwgQS+IK7yRDjX0hx6FtugYUXcokT+NWnOq1Ianh8v+eZctlbhfnqbyf0l4ntgtMDflnrTFVoUK1/PfD8eztoAESFKqXkuX1QlTCkIfqmzOETofrJZwfrSGIvo3m8LhA+7Zuvh7ACzhV4J059kDrBJhF9mQg8kxROFnL+xtBQyKAQ22WMVo7Mec1znBU7zARjyUARnVuIvKobDutJEmVnyEwDrNqpPYooo0F672if6YEmHvmua/OCj0c5ra9Q7T00XHAZk+yF1ZWSrlP0OnerRjkE1EGnsc7OWkYtvsCeDwbI1CLAkDJ3VSD1jZ4JVCvWOBnP1sv8t7l/+L0pJka3kYOIyV3hdZzPRmqmnk7KlCltikZuNNxjCCPP+q+TuPA4ka18w2d/pzn8ryKTGRwUZp37QEc7XexI+9jmrIygGdPtwDIrNlip8Q/y7GBR798nxpGZ2Botv1NTJWjLU62psRZos1H0LJ+4VNT+RBtV9VYC0oWs4QQEkUKh90z8HZ6pvljxeV0c=
J1tFEqU2ayoAlBrJMJ5cC/cMOnACgNwclKb40NxMMS3yQ472NeOC8Tb0Zp7qK+RweqbjDSiQ82IE7hnqvoxqqRq6+caEIFnjydMVQKDtZHKNrNBNQd8/xdE4SXAJeSZ1zYz3bg69PrNPpkC386XdIBn4ph8rmo89MO3LcS/3PQG9//LdRh3O8ofImoV4DmvEB5J2mKjSiE6LuI9zCI/zf+Wu3PdRuLWlEk1B4bOHuSf5JZiT2U0Qyc4qT9vFSNNzH7/YhFngGaL5lLCuQdFDLUwyf2W5qgFPw5UEEee+GmRSkKfYWCJ1nhWxb1YSVsXG+L7lAMQ/QcaDeKK50gnpnSzAemJ/eHU3q3FSmd/TKjVCO1phMw1fKDoou24zJNZMRsTzD1jZNzlWH+M4nIbfldGHBuD5Tn8LKt4+qTPj0DY8W+jcos2++uTjtIvg1ONnARGcFt6GY1+s9AHKqpTTmqQlAvw8fWN3dvV9T6nGTe0doEyRA7jp8Rww4O1Lf39XYs8ObHZXbw==
uzquVJj/xzEntg83mLLO4W0TII7Fnn289klRkx/n9B8hqVXcp9yizJRfl9uHYO6+X7d4fQeAhRlNcKqXw3Rpvyircj2ft9hPv121iAsgQmV5IoikdgidtYSjkMHrP8MiX6/QuH4nvQQEt2CEi208UHyImmkghjXmCuF4aRqOkE/Cd4hAyzygjqb1OoFdPRqmjK2wSgqtqUyqX6UHbA43Fp09aGrtNpN/WMdmsn7ogrBwCkFSqbuu4RxZPgiSL4cwEKYT3fUdC37FDoMTrs5aYf+D3L4Yq6zkPs0iwqATkAPstC+vZQEYDiLGX8eoZCWCZrRfksAVxoQg/X+PMsWZRyXmASU5MUgJP3iV6ZggBKUHn3PfRr/KVOpX8w==
U1I5UfBlIyk99EK9NgUJA4CDKeRlCZo5q4Aq2rx3D5HiCGHjJwfcb2lpnYwPPDpcDN8PSx/ABu4Xd7BNb6B9KTVwUqe7VIGPYOu67fcXQN8n3S0Yk0DqtTFiQFReaKVFvKOoMdNf69KX75ho1kcllJw3+BQTzVSAtMjSWcimTdby4QBZ4q74fwq3wBAjnDgePnWiEcXdsvZEbfg6Ik2RPJJfnXdU7h9m1f2gOkXWC+/AR/4i5khq4DjKiWLBm1bRZFnGOOoPbwBY5tsNnb2T7l2OG4M2rvKxt8MUTjDLlBQGzRoymHO48yT0Z3/NYYCeukbHVzDETVKu9BeiKDW+tNj9B7/K5fF37SZJddGR0Jmn+A15AMCs9c9fO69uX/Ik0lfL
qOUyNlG0IyD6IDS7FCCqfEN0552GQ/Rh0AreQvUk+O1YR7uupO4vquo8R7Dzk6e24zHzlSLNLVhHbXIIDnFlDzHLrPdA8LhXoQ==
gmlqkIip0X90Y1ByrR9arf/u02q9+/I6vZS+xgNMKZNLhugKR2UMF68m16RJwxsBBsNX3A==
Y02q7wEpeEq8lanMZpGH1S+Eq/YuNL3SRQVkqRS99gSMyLGKrvwnGvHRt+gIoPPjhIXD2Kd+DfUjIxrNV9Y=
aVHD7hVWdO6WxTSc/WslFjS8s1C0uiPZx/UYXr4keQdF5iFl2b0oyR94dak4oKTl559TH+Y/KhTKV9M=
DfQWslJMl2uK/UjeDYId/iLGjyvn4AncguwDifuHZVi1NifShNraDSgYDF3L3ufx5nB5u03rsaG4TRbA0u+1kf0wcmmQIEqrnsQUtnWg3jqbiDn/oxKoFj+BvFunUncYEcdLra6XV4A=
he1mgGjgbpyB4FnPhmwbgzX4NIEU8NMGq4M5NqOa+gZ9EE7B35/OAF0t4I8iAcYGuJpDSH5dPouNtqLCeWq8kMEoRV/BhuVdxU1EQbs4kaEUEDgdo79XRxqvhtyuV7c=
Kf/kSaPO8RpBPm9LBr7cAhqUoDG93Is6XFgVe4dKHRpEesPo8L1hb3B849Ve85zheHoGYv00wK2A9zNOHL7HqoLs/9B7I/922yH7tXo9hdiv3SroBmGdT2k7JFe4oJBXiQ==
TOr6yVkBnYviFKdiDlX+M8AFn2FFrSELs7IhGniC95jEVU0PXJS3hYorwKGkolIyKZysDWxfR/7oBrsqflSLYI+Lk9Y3ia9lrmXZGHOFfjjSCbGvRVMQp4zYrFe1
EoRuMnxYThPtXMvwjmthiCLGjyvn4AncguwDifuHZViuNifShNraDSgYDF3L3ufx5nB5u03rsaG4TRbA0u+1kf0wcmmQIEqrnsQUtnWg3jqbiDn/oxKoFj+BvFunUncYEcdLra6XV4A=
OHCx4K/4GI8awuSxjtcWc5eSluGwJCyyt8gk5gSq/NacW31bn1oVGkxq28iYjZmvKCxLNeaDFGHwyn7CFeSY7bgHGy4Ers+qivznMFNTx7YDcZMVgo0NWCctkoiusUUPEQvMd6CwmFeB
kmulNAl5AIX8bvrGxDBfbyTNiSLD5x3KpPwDjPijf1qjNifShNraDSgYDF3L3ufx5nB5u03rsaG4TRbA0u+1kf0wcmmQIEqrnsQUtnWg3jqbiDn/oxKoFj+BvFunUncYEcdLra6XV4A=
057+/fi+92QFyOW+31GDgqcb2JMjYXpVw2V8bX8+c4cVdhDntwFRS2NSERpIYifYtPW9j8z0Z0W6S9ChtIIicvk8PI3cv/e+uCZLKg50W6A/6yNWpyn/pV5FyRhjZU54gukhLzXz4GfcuJxXhQ==
YnXiVASaUViDzHP3pjuivzfV+P3+7c8yfNXFMo9xU2GGHx8aHX/Ntemwg0BOVRSlRuRRb28l1JRBXCFGJnWowrRyFyofV2hW57tbFn/ZR8U29UGY6xXm2HpZeW8NIzhHtKiUV40=
m+hrNGwj4gCJmB5v826koT1+08E3j1s5VG8tZlrmybgZBhoS2M3LiTHhBvgfpOOR6H6mAC4Ve6XGo2AOCkSBvRqocaquHGe6cbF3yAiAswMEJQO4p15NFaOD2q1Xtg==
