Q7NH0LRb2gUUCHOmOoTHzrOGva+io4N9QyDc/rpdKRujhfqLN/OZtuE3kDHwS3g9mIfzerkFV67l4uAGFRBeivs4+cnDIq4mX7J86Mfi96hxd7Kiz6dXsA==
0Wt97+LMNWWj0Bnb2uDNyHrFY4rIQ2CzyO746Jcm1l2x0adU19mJ1itaG10MDCOMPaWfe+rI248Ac3+RtPHHbJwWfyCxlrMecEuM+rZfx0XzeonMRHGYb3w83LnB595PBgdgW975ih9v/9kyKStAwwmnmJmwu0MuoUnX6u2+cDItvP5uE8QJ3RuubiIXLiycv46XjNnLgnZXa1d0
IT2ManJVfy4Zfw+PsUNAoBRquOlQW7xRiK3a9uH/2EcsQSq55renYhBtWhOnexkOEZ/w5CIDOMWo79NiqQ1XlpXKAF5F2J7yS9BZUVOqLp6vGhwwF6q3UEEfkrrfr1eI
j7LR+FYLxjV16TGR8jHKc6q1iy8ajbGiGRhJ8a+SZuULWGvRG9qoiEl0k5L5M20PNonODHWXZJp9tL7mQ+ypdQtm7uoHhoy07wbXhIljol7Ho1e8
1H+z71asiSyyZodhcesaj7J7OCEcdigcIYxETcSvz14wdqMqZqTTwAf7OxZfmadPVzVhngtVRVjZGZlvLeOY/mvptFet
16yr5K/+Qs6mJBqgkNn6yGMjsj3dyLDbUv6a7wOcCL9qLRm31x6N2t6ewgGo7GSBelJq7JLdS6Ej1Lk65y7cHGuJ/WfwdxKiLf633xDgUrVxN0fk1nAgwDldifcjMMSCkU1MKOlNeZi+aF8nUW/T3dgaX7U4GuAz1SIFq4YpY9KgC2jrgihxSmC1oGPKB/jv3aUOUcjY+I7EiN/O6hj5NznB5fPOFJjN9SVGzwC6OjBpRgat5tBqE0X92P/NaAXJUQJP5AObxlkt+PdY4WhTtCB8zxKLDV3J/pc5iFAvbBhpEf4MmdxNA65Hqf5sdx+dyusCeCtp/TGsyu4DnIfJk+RHmwwBmZyBHCtQmUvJZohQRm14ZxOBORjNfUOooeiTECVhLU0sMACROnF0dNjMTFmrCpllHXwX6Sy+1p3Bey+MZGvuLU9g9hS9MfPyYnYTQngwTSxeTqv+38LE4XMrOdZSjCbx2yZcq57oxPGOri0o2G49MdPcfffbC5YPuTeIR5URnru1VZhJecnv3QMovhtJZFd9
rlhOtuUn+zoTD9NbWH3sWJz7wflFSZbo2JJQPbqfxTircxvcRD0ezlg3/6BvkXjZT1Ge6GcCks0kykjpzTmocrHol8HiiwdqFf/faiulSvOQhyx4g36NzHI3oaWQ25od+INMLo9bhS7cQpKX0+Ev+1UDECCnsAk67Mxbdr4kCNz2rtZFFYjhhMmo0zICYewM2mWwhMnGAmlZbzxzrtJY9MSkhDjMxtY1asIKEWJauMIGt8GMPGK8n30aiRr4U7T9IQpO0fAK+rXD3rhTy16Ahey5tWpr3pV2ENcOgNZ5BEB2B3z514V3shbw9PenYVTQgIqBC5jwb0GrO0BZkXAXk0z/5Pz49LUs9e8XRFujz82nz9eAnc66TVzW8Jicb+bZKBbpu3mWm/G7vlbn7rbPfjuzNiq+jvn9CvMXeLuJfEMXrZrhDX84IydJRTscKl1OTclgrdYyDZvALBRBbCpwewkn2h8dAhURkWBhku5k9/JcuIcQjtjDCCTuk0BnZl1d+jRrdVdu
XKnGWqzSlG0cOe8rkuiOHqALWipG7HWjU8UvvkoNZK1KGfPGwZlfAdTX1Gvsw/oZmPLxfl0w5LQny2mBSGOw+XMWXGmoW5oqKDm8ELDY6N/ijTRZSOfTbNlply8xI4I+ySjjsgw8/rauldla9XL5uwCcfJKHGY7O8Khs/00nZTCz+qCdZ0mAtB4iQJ+rhLcKRZvXupLvxjO/9GvbG9kTz92fKRACazxn08gDuo8HMqFKA3rCas07LRtDupQCj+Odb3VGYq3FSap/WevtcS4lneVZ1KuCif5ZfrxUC3wPBglxi7dSAPdNlbszSgQ1o9xvEADZGRiquLLVZhjZ17myWcO7x+Irv8nNMSRf1xzbzOj44J0IpatfEPs3R0k3a3/U3ZqSaUzS+Iy8O66deLJBL/kCM1Xr+h6zzqLHeiuXHn7+2lFZmnef7BvdNAdHibL1DWsQB3cNDW+8vtXK3W3I+ZZmJb/QKBxVTH44P1mDcoudlr21wSQpxs5w//ZMnK9EzoxrrLRqG9THMhUZqhBDYVd6
KhQxjUTJeO4loCDSCUuISivuVeauFEasPloebJTdFZG107PnKkU/mYtTWYFOP1/5L7BeKMAElZIpcBsn9MpVZotQgqORY5E5m5WU/LHQQGlm5uMVM+j4bBd8uOwNpVrqNDNKP1sWYJXZ91Qn3ALZFveBYEtNI9SvZXrSvS9kxptACu5r/DB80tqcx0VJ0vq546CiNkooD4V2nSsXS1rMG3I73Lo8D6Bwu8+fOtOfwV0bS/LS89Yq6WmGD0Ov7yYhjYBxeptIxakHdxzZ8gLshuWR33KLVSlbDnB52fxABw4/u/FEFLb4lVY2YvGLnWuFPiAPMzfg6ISv8g+DCXn/vlvj8RHROGfLbMf09Pj8pRTVt2cMG+t/FUc3RwgdRio1PI5AUFynFgEILvmzeZ6LyZtmpi8ufn8mW8umoj4GaQXqK6cw+8EMGzeViukNdygbBxE1c1xi7ZatMfAlVrqd46B0pIms4oCjKR/KFx0KBSmxuJFaLqxHqjzAF5gOUFPwxDYjCCcuLQXaDHt9V2Y=
lQJznvjqT9gB79p9B01tgKcb2JMjYXpVw2V8bX8+c4cVdhDntwFRS2NSERpIYifYtPW9j8z0Z0W6S9ChtIYgfPk8PI3cv/e+uCZLKg50W6A/6yNWpyn/qF9FyR5jZU14gekhLzXz4F7juZxXhQ==
sZnsOplG9K/D6LaMM3UqCCTNiSLD5x3KpPwDjPijf1qjNifShNraDSgYDF3L3ufx5nB5u03rsaG8TxjA0u+1kf0wcmmQIEqrnsQUtnWg3jqbiDT+oxKuFj+CvFinUncYEcdykq+XV4A=
D1MXslRWwAKUwc11YF77aJeSluGwJCyyt8gk5gSq/NacW31bn1oVGkxq28iYjZmvKCxLNeaDFGHwznzMFeSY7bgHGy4Ers+qivznMFNTx7YDcZMYg40NXictkYitsUUPEQvMTp+xmFeB
ktmhzKNGKojLgBf9HnN+LyLGjyvn4AncguwDifuHZViuNifShNraDSgYDF3L3ufx5nB5u03rsaG8TxjA0u+1kf0wcmmQIEqrnsQUtnWg3jqbiDT+oxKuFj+CvFinUncYEcdykq+XV4A=
AcvsOcMKLdBfN3AiFw1S9sAFn2FFrSELs7IhGniC95jEVU0PXJS3hYorwKGkplA8KZysDWxfR/7oBrsqflSLYI+Lk9Y3ia9or2XZHnOFfTjRCbGvRVMQnrPZrFe1
zjYvCQqreGz2vgLBjd31XxqUoDG93Is6XFgVe4dKHRpEesPo8L1hb3B849Ve85zheH4EbP00wK2A9zNOHL7HqoLs/9B7I/922yH7uHs9hd6v3SnoBWGdT2k7JG6HoZBXiQ==
OSZbM/556QfwN/t88/dtjjX4NIEU8NMGq4M5NqOa+gZ9EE7B35/OAF0t4I8iAcYCupRDSH5dPouNtqLCeWq8kMEoRV/BhuVdxUBFQbs+kaEXEDsdo79XRxqWud2uV7c=
Ys4nbAJBZ/csmU/MKrgRLSLGjyvn4AncguwDifuHZVi1NifShNraDSgYDF3L3ufx5nB5u03rsaG8TxjA0u+1kf0wcmmQIEqrnsQUtnWg3jqbiDT+oxKuFj+CvFinUncYEcdykq+XV4A=
omb5bMkIiq+56zsjJO5Jrfsx8iTyklNHvlynDDc/q34ihrjF5mlvxI1OnCH8Gn+Ds1bUMuPgEMkxOtj2LZ1T+aMeM1/FIs0GfqK8LcecitPKx/xK78ljUweyc/zQive7hp8Dmm45R3OSglEzUnmAoWcxkkLc58FbDyNiTx23T0OeinjnRHulSTe04bXEKUUr5HsZPtYn3yaB9YJIpAilwxRM0nTVJXe1ZDeUzXK1QjoceG+ZmzG53S7rA5giJd4Yw/QZDHTYHrBlh9K1Q5qrB1Ap3/s+841hhHnfL3G5bMQRBKW/5J+2zFEh2KoA4zzkHFGBMT5NXdxpi6nGldBeSnv49I5DYq5m3/J8KEci92jxt7LiT+dX8A==
OIiDWc76bNJtB4bRWSO5520TII7Fnn299klRkx/n9B8hqVXcp9yizJRfl9uHYO6+X7d4fQeAhRlNcKqXw3Rpvyircj2ft9hPv121iAsgQmV5IoikdgidtYSjkMHrP8MiX6/QuH4nvQQEt2CEi208UHyImmkghjXmCuF4aRqOkE/Cd4hAyzygjqb1OoFdPRqmjK2wSgqtqUyqX6UHbA43Fp09aGrtNpN/WMdmsn7ogrBwCkFSqbuu4RxZPgiSL4cwEKYT3fUdC37FDoMTrs5aYf+D3L4Yq6zkPs0iwqATkAPstC+vZQEYDiLGX8eoZCWCZrRfksAVxoQg/X+PMsWZRyXmASU5MEkJP36V6ZsgB6UHn3PfRob1VepX8w==
orl6v76W36ti0fbLdkcZpXaRUUIiiVflHTZXp2id+aWOXJWsZJAX4oflEy/WkHeyo6gQDCxiiMHelS+wJcIMRSTGH5e7eqR2G1yQfdl2iNI1gXMta3KD231eDfJWrqzJn8BqR0JrDI6X9WNnb36jWEgWV+/OczOeVsUHBzoOwVeKpeC1bx3iBiRbQe/nbzJrBatvl1bmyGP8B2W9H7jxUZx1pb9s1+n6rhvfEuk5Uuw8lAWXXKDicO3ZN8HMuwSpqmkiLhRUH91jjTlpxqdTvDo5/swLmKmIzKTeRE2LwlEbxkuT2IUvP0bPjVXstQ+L6SXMkFnolbvcY/a4+a1Iztg/XPAUffF1xvHdaIHH+eKNzH6es5RECvsebpL3/mzMH34X/HkbQiY321fE
ULkf/tXNYunKWzRGExb//NQYfADkY502BvV857mt99LEjS8Bmu8ZNd5sZ6ZbhDDoBD549YZZb/TtflyRnKr/M9PmFAKD0BD5UQoYRk0t00nDrvNvpRLNNh6SfJ2nLApjqnc8eo/5Y2NngrNMsDp3C+Yvw6oOCUdD8rKRgzLJABEHgVJyvNfBa28Tov99B8/z/jq41yRLpXlXhCEFpJnFm4TL2Q62F98W4cVC+MS4JXN0/BJEtRV3hQQHVH0SBcKKfMivqfsBue1O28MoQpVeqKNE2TwU6B6ABbcSBSMqK7cwmR/LXsONUeRJH58RCex0cbRlj4SvtvwxERgaYFO8VHzhQQFefV3sCbtpdvVg3vobSDW+I1KuVr/CvJgnknfYkQdy0i/XV8A=
f+/igWZTSj1L3JouqUipwySwlwKU+KgScG1fdYdYABwEMM3o4qBnLzpp5doKrJWhZW8YLbMjhbyP5zlPPv2Tqpvf5MZ7I/922yH7uXs9hd6v3SnoBWGdT2k7JG6HoZBXiQ==
gpMABwbs+m3M0iykvJERSwwZFkGex64IFfUXrNMEf0pdGHjCkcLzbE652dyEGV2U/QfkLuVIHkKrgBGhc70rrs7K3EC3OjfgoU/SSv+/V7g=
UBRgx28AsKnKJUWesGGVkVd4tORIV49R3K/B7fLp0FkoEiaQr7GsYC0dV1zzFH96Pci4sjFSc9yu6ZkspAldpJ3XJF5F2J7yS9BSUVOtK56uGhwwF6q3UEEfkrrfr1eI
I6Tln7yHuhT0jGWJ26gfEEBX56FfOrbp8tKDuWiWwP6Fke489Ocb0If1DdlLPuTEYnhtgr7V3HdMR0AFa15rJkAxJKITvK29nwJpxDs6MwReYTlU9CFOs6mFRObVMF6qO9hyqYMFqwYe0vwIB8L3iLGXMsKPh1eQ
S7iIbc6e8Gy+WuZ75CnZ5/fI4UhYeYeYgn4x3Ix7Peg4uwQhWw0TCUd758DITWse5O44H3RIgZedphlVwVZmOXD73RjzgL+VH9+Lj16mXcWiV7s=
6RLoTqIvdXTZPVe9K3G77kUPaoSTiveYcvBbflmq2lQh0T73pI4qPd0zPc9pxg1t3aQIEUa7KXBfMCNti38/16L2ce22V68=
/Z3wJVCm9GbbWSq4Yb6D3lRDbouSjPeFcvBbflmq2lQh0T73pI4qPd0zPc9pxg1t3acIEUa7KXBfMCNti38/16L2ce22V68=
6nEvMcEohid2eKYoguKoT/CTGFk7m5+1KQIfyeqzIyyrx0EgJgr4WPEqm/r4QCvZFNN2zviZd7u3W8uWzzn3iQEVVJv7NJWYifkJ752DaL5byaRXvQ==
9ZYIC+FYQHzHGeBQbYybrBh4YyRebitpTuLbrldWNvn7vOhWb+KCNRY8IsSy9iVDuL+GYo3HaRtuV+fmJzzZTg54z24g5L8JS0R6VFTyK9yHumUBiqjTqVey
WE/mr7AADk5xxj1eYxyv43U1nhfEsZjx/eDOZFc0z9iCi0sqdPyHXOaX9lqOPgqY8ZHoCXooxRmtWS6Rq7z/8q18/i6ThAWbm+trYpZuLNw/zpdMWQuCtterV7Q=
KNt9q7NHdBvMjeabRYr0RA25iBd+WtX9vHtfB49aEr2WtLJ80i6VC3h39rqtv3kTbl/3ngfkqYbOMH+2TlgvjsvM6uy0qpsUx/KVWapQw6FXug==
wiN9BVcbnGD2QlCBV5QWUPzApxb1mSJtqou/HWMQUt3+8i0pKhpg0GbGDVDrZqMLuIDWXEXh+o84DrbFmQPZx2XmQaV5N4yJ9XtVaFsgxyXHn7NfBoa11apXsw==
0EPdqW+lNcUZgfGvzZo7ZFLY6MtDc2qOx3Ner4pDNhZWGnqE+eXIJQLsFWUFza4dM9hPLuVIHkKrgBKgc7Arrs7K3EC3OjfgoU/SSv+/V7g=
8zK4YqLzM7z4YFLn12sCDhjah7AqUlmxpmr8eBIGOTj3Vq8TjOACZAkxRuesjiItJVMV/zEGdb11AJNhwTuhwMfQS70zP+enStZJ/b5Xpw==
SGBtTLeqXmiDAzgH78IIfUs7fT1RaXtiVv2IqkQXNef8qehab+KCNRY8IsSy9iVDuL+GYo3HaRtuV+fmJzzZTg54z24o4L8HS0R6VFTyK9yHumUBiqjTqVey
kLNqajWZixba/yfDlIxiC5kdAXXY/Us+0Mbt8T3WAR9HK6BaCfekmRLwgQS+IK7yRDjX0hx6FtugYUXcokT+NWnOq1Ianh8v+eZctlbhfnqbyf0l4ntgtMDflnrTFVoUK1/PfD8eztoAESFKqXkuX1QlTCkIfqmzOETofrJZwfrSGIvo3m8LhA+7Zuvh7ACzhV4J059kDrBJhF9mQg8kxROFnL+xtBQyKAQ22WMVo7Mec1znBU7zARjyUARnVuIvKobDutJEmVnyEwDrNqpPYooo0F672if6YEmHvmua/OCj0c5ra9Q7T00XHAZk+yF1ZWSkkv8AmOnWjkE1EGnsc7OWkYtvsCeDwbI1CLAkDJ3VSD1jZ4JVCvWOBnP1sv8t7l/+L0pJka3kYOIyV3hdZzPRmqmnk7KlCltikZuNNxjCCPP+q+TuPA4ka18w2d/pzn8ryKTGRwUZp37QEc7XexI+9jmrIygGdPtwDIrNlip8Q/y7GBR798nxpGZ2Botv1NTJWjLU62psRZos1H0LJ+4VNT+RBtV9VYKwoWg6QQAnUKt90z8HZ6pWqT1eV0c=
oM0o7bnT2ria14/22Y9wE/cMOnACgNwclKb40NxMMS3yQ472NeOC8Tb0Zp7qK+RweqbjDSiQ82IE7hnqvoxqqRq6+caEIFnjydMVQKDtZHKNrNBNQd8/xdE4SXAJeSZ1zYz3bg69PrNPpkC386XdIBn4ph8rmo89MO3LcS/3PQG9//LdRh3O8ofImoV4DmvEB5J2mKjSiE6LuI9zCI/zf+Wu3PdRuLWlEk1B4bOHuSf5JZiT2U0Qyc4qT9vFSNNzH7/YhFngGaL5lLCuQdFDLUwyf2W5qgFPw5UEEee+GmRSkKfYWCJ1nhWxb1YSVsXG+L7lAMQ/QcaGfaG+0gnpnSzAemJ/eHU3q3FSmd/TKjVCO1phMw1fKDoou24zJNZMRsTzD1jZNzlWH+M4nIbfldGHBuD5Tn8LKt4+qTPj0DY8W+jcos2++uTjtIvg1ONnARGcFt6GY1+s9AHKqpTTmqQlAvw8fWN3dvV9T6nGTe0dokiRALrp8B8w4+1Lf39XYvYxbXZXbw==
/j+j0kN/TdRBlL/KluEh0m0TII7Fnn289klRkx/n9B8hqVXcp9yizJRfl9uHYO6+X7d4fQeAhRlNcKqXw3Rpvyircj2ft9hPv121iAsgQmV5IoikdgidtYSjkMHrP8MiX6/QuH4nvQQEt2CEi208UHyImmkghjXmCuF4aRqOkE/Cd4hAyzygjqb1OoFdPRqmjK2wSgqtqUyqX6UHbA43Fp09aGrtNpN/WMdmsn7ogrBwCkFSqbuu4RxZPgiSL4cwEKYT3fUdC37FDoMTrs5aYf+D3L4Yq6zkPs0iwqATkAPstC+vZQEYDiLGX8eoZCWCZrRfksAVxoQg/X+PMsWZRyXmASU5M0wJPHqV6JsgB6UHn3PfRob1VepX8w==
RISHoCrsxcgUF94KV5fAVICDKeRlCZo8roMt2rx3D5HiCGHjJwfcb2lpnYwPPDpcDN8PSx/ABu4Xd7BNb6B9KTVwUqe7VIGPYOu67fcXQN8n3S0Yk0DqtTFiQFReaKVFvKOoMdNf69KX75ho1kcllJw3+BQTzVSAtMjSWcimTdby4QBZ4q74fwq3wBAjnDgePnWiEcXdsvZEbfg6Ik2RPJJfnXdU7h9m1f2gOkXWC+/AR/4i5khq4DjKiWLBm1bRZFnGOOoPbwBY5tsNnb2T7l2OG4M2rvKxt8MUTjDLlBQGzRoymHO48yT0Z3/NYYCeukbHVzDETVKu9BeiKDW+tNj9B7/K5fF37SZJddGT1Jmk+g14A8Cv9c9fO69uZs0l0lfL
VuLZMc5XfvN8e4FXqD+TjEN0552GQ/Rh0AreQvUk+O1YR7uupO4vquo8R7Dzk6e24zHznSXNLlpHbHEIDXFlDzHLrM5/8bhXoQ==
TnyKALR+0CnhWGWqSZC7GP/u02q9+/I6vZS+xgNMIZRLheoKRmYMFK8m16RJwyI+B8NX3A==
eAVTP1P7Mae9TQWN176BgS+Eq/YuNL3SRQVkqRS99gSMyLGKrvwnGvnWt+sKoPLghIbD2Kd+DfUaHBvNV9Y=
qOzextwJmvCRbbT4BFuFITS8s1C0uiPZx/UYXr4keQdF5iFl2bUvyRx6dag7oKfl559TH+YGFRXKV9M=
Rb3D0NmKPwHukdVOO6VHCCLGjyvn4AncguwDifuHZVi1NifShNraDSgYDF3L3ufx5nB5u03rsaG4TRbA0u+1kf0wcmmQIEqrnsQUtnWg3jqbiDH4oxGqFj6CvFinUncYEcdykq+XV4A=
mo+91bwfW4EJEUraDv36tTX4NIEU8NMGq4M5NqOa+gZ9EE7B35/OAF0t4I8iAcYGuJpDSH5dPouNtqLCeWq8kMEoRV/BhuVdxUVDQbg6kaAXEDsdo79XRxqWud2uV7c=
EjRhlAcNmjnWe008oZwdLRqUoDG93Is6XFgVe4dKHRpEesPo8L1hb3B849Ve85zheHoGYv00wK2A9zNOHL7HqoLs/9B7I/922yH7vX09htqv3CnoBWGdT2k7JG6HoZBXiQ==
eI59mEEUnfx1irchifnuCsAFn2FFrSELs7IhGniC95jEVU0PXJS3hYorwKGkolIyKZysDWxfR/7oBrsqflSLYI+Lk9Y3ia9tqWXaGnOEfTjRCbGvRVMQnrPZrFe1
8QaVLWJmUtoxEvat2dLT4SLGjyvn4AncguwDifuHZViuNifShNraDSgYDF3L3ufx5nB5u03rsaG4TRbA0u+1kf0wcmmQIEqrnsQUtnWg3jqbiDH4oxGqFj6CvFinUncYEcdykq+XV4A=
WCpfsrdR2TgKnOHkxGdyFJeSluGwJCyyt8gk5gSq/NacW31bn1oVGkxq28iYjZmvKCxLNeaDFGHwyn7CFeSY7bgHGy4Ers+qivznMFNTx7YDcZMdhY0OWicskYitsUUPEQvMTp+xmFeB
CwuewtfWnN78Eyzmb5I0YCTNiSLD5x3KpPwDjPijf1qjNifShNraDSgYDF3L3ufx5nB5u03rsaG4TRbA0u+1kf0wcmmQIEqrnsQUtnWg3jqbiDH4oxGqFj6CvFinUncYEcdykq+XV4A=
nxGe+3P23S3CEMxHjFJW/6cb2JMjYXpVw2V8bX8+c4cVdhDntwFRS2NSERpIYifYtPW9j8z0Z0W6S9ChtIIicvk8PI3cv/e+uCZLKg50W6A/6yNWpyn/rVlFyhpjZE14gekhLzXz4F7juZxXhQ==
y1xvh/5BMUyXVXPdSLUEwTfV+P3+7c8yfNXFMo9xU2GGHx8aHX/Ntemwg0BOVRSlRuRRb28l1JRBXCFGJnWowrRyFyofV2hW57tbFn/ZR80x9UKa6xTl2HlZeW8NIzh+i6mUV40=
dh3zI6xYecgMxjXnG3osLj1+08E3j1s5VG8tZlrmybgZBhoS2M3LiTHhBvgfpOOR6H6mAC4Ve6XGo2AOCkSBvRqocaquHGe6ebZ3ywqAsgAEJgO4p15NFZq8261Xtg==
