I4ZCe0lXPM5dPbiDqN5mHbOGva+io4N9QyDc/rpdKRujhfqLN/OZtuE3kDHwS3g9mIfzerkFV67l4uAGFRBeivs488/DJKomW7F87sfi96hxd72DzqdXsA==
t6uz67s7em6wUExTfq5mjnrFY4rIQ2CzyO746Jcm1l2x0adU19mJ1itaG10MDCOMPaWfe+rI248Ac3+RtPHHbJwWfyCxlrMecEuM+rZfx0XzeonMRHGYb3w83LnB595PBgdgW975ih9v/9kyKStAwwmnmJmwu0MuoUnX6u2+cDItvP5uE8QD2xuoaiITLSyav46XjNnLjVdWa1d0
wzHD8C3Q/DShHmNB+asxZhRquOlQW7xRiK3a9uH/2EcsQSq55renYhBtWhOnexkOEZ/w5CIDOMWo79NiqQ1XlpXKAF5F2J7yS9BTV1OsKp6rGRw2F6q3UEEfnZver1eI
MjKFOsv8miMS04JKeETsQ6q1iy8ajbGiGRhJ8a+SZuULWGvRG9qoiEl0k5L5M20PNonODHWXZJp9tL7mQ+yjcwtg6uoDhYyy7wbXhIljrX/Go1e8
1jn6yAO7UnYKg9Rvj+0dK7J7OCEcdigcIYxETcSvz14wdqMqZqTTwAf7OxZfmadJVjVnmgtRRljfGZlvLeOY8UrotFet
ArkoPs8Ft295nMAS4rAcsmMjsj3dyLDbUv6a7wOcCL9qLRm31x6N2t6ewgGo7GSBelJq7JLdS6Ej1Lk65y7cHGuJ/WfwdxKiLf633xDgUrVxN0fk1nAgwDldifcjZc7Qn0hKLu4cLZ28aAh6AzbT1dUfX7U4FLM21SpV/IB7M4f5C2jrgihxH2rnrmbMAf++iaAMUZ+FqtfEgNLL6hj5OWrE5fueQ56fpXAfzwC6OjBpRgat5tBqE0X92P/NaAXJUQJP5AObxlkt+PdY4WhTtCB8zxKLDV3J/pc5iFAvbBhpEf4MmdxNA65Hqf5sdx+dyusCeCtp/TGsyu4DnIfJk+RHmwwBmZyBHCtQmUvJZohQRm14ZxOBORjNfUOooeiTECVhLU0sMACROnF0dNjMTFmrCpllHXwX6Sy+1p3Bey+MZGvuLU9g9hS9MfPyYnYTQngwTSxeTqv+38LE4XMrOdZSjCbx2yZcq57oxPGOri0o2G49MdPcfffbC5YPuTeKRpUXmruxVphPecnv3QMosTpIZFd9
TglyeT0aHM17k7IC8SDFyKALWipG7HWjU8UvvkoNZK1KGfPGwZlfAdTX1Gvsw/oZmPLxfl0w5LQny2mBSGOw+XMWXGmoW5oqKDm8ELDY6N/ijTRZSOfTbIxjxSE0JYQ5mHzmsAxro+T3ldFX8HL5uw7PeZKPSdnIovg5pk0nZTCz+vWXNUeFshglEcuuhrddGMmOupriwzO/9GWIHtkbn4qZe0BXMjxn08gDuo8HMqFKA3rCas07LRtDupQCj+Odb3VGYq3FSap/WevtcS4lneVZ1KuCif5ZfrxUC3wPBglxi7dSAPdNlbszSgQ1o9xvEADZGRiquLLVZhjZ17myWcO7x+Irv8nNMSRf1xzbzOj44J0IpatfEPs3R0k3a3/U3ZqSaUzS+Iy8O66deLJBL/kCM1Xr+h6zzqLHeiuXHn7+2lFZmnef7BvdNAdHibL1DWsQB3cNDW+8vtXK3W3I+ZZmJb/QKBxVTH44P1mDcoudlr21wSQpxs5w//ZOna9Cyoxvr7RsG9THMhUZpTFCYVd6
Y0jO3dAgu0EcfHjoKiUm+5z7wflFSZbo2JJQPbqfxTircxvcRD0ezlg3/6BvkXjZT1Ge6GcCks0kykjpzTmocrHol8HiiwdqFf/faiulSvOQhyx4g36NzHI3oaWQjpBP9oZKKIgK0SveQsXKgbgv81gGECCnvlo/7MQLIbh2WImvrtZFFYjh0cP63TcEZ+tdjmCyhJ6bUDBZZzF2rtJY+pehhDCckdBnOpdTEWJauMIGt8GMPGK8n30aiRr4U7T9IQpO0fAK+rXD3rhTy16Ahey5tWpr3pV2ENcOgNZ5BEB2B3z514V3shbw9PenYVTQgIqBC5jwb0GrO0BZkXAXk0z/5Pz49LUs9e8XRFujz82nz9eAnc66TVzW8Jicb+bZKBbpu3mWm/G7vlbn7rbPfjuzNiq+jvn9CvMXeLuJfEMXrZrhDX84IydJRTscKl1OTclgrdYyDZvALBRBbCpwewkn2h8dAhURkWBhku5k9/JeuYcWitjHCyTok0BnZl1d9RVqdVdu
J/IXb/YqEp5tCoIfbi1K0yvuVeauFEasPloebJTdFZG107PnKkU/mYtTWYFOP1/5L7BeKMAElZIpcBsn9MpVZotQgqORY5E5m5WU/LHQQGlm5uMVM+j4bEJ26uIIo1ztZWdPPVtBPceA91wq2QLZFvnSZUtFc4OpNyqH5C9kxptACrthrj551NyblhFM0PruvvL7NkIlCoV2nSVETlrESyU9juppVqBwu8+fOtOfwV0bS/LS89Yq6WmGD0Ov7yYhjYBxeptIxakHdxzZ8gLshuWR33KLVSlbDnB52fxABw4/u/FEFLb4lVY2YvGLnWuFPiAPMzfg6ISv8g+DCXn/vlvj8RHROGfLbMf09Pj8pRTVt2cMG+t/FUc3RwgdRio1PI5AUFynFgEILvmzeZ6LyZtmpi8ufn8mW8umoj4GaQXqK6cw+8EMGzeViukNdygbBxE1c1xi7ZatMfAlVrqd46B0pIms4oCjKR/KFx0KBSmxuJFaLqxHqj7BF54KUFfzxDAjCCcuLQXVLXp9V2Y=
txCz6Eiv4WgtNJR7ngsCSy+Eq/YuNL3SRQVkqRS99gSMyLGKrvwnGv7Rt+4KoPfjhIDD2Kd+DfUVPRrNV9Y=
Sdpzyt0n+wESkOeurOo3+DS8s1C0uiPZx/UYXr4keQdF5iFl2bIoyRl6da04oKHl559TH+YJNBTKV9M=
T8e5Rwmph8v4+NRDTN1Qdi+Eq/YuNL3SRQVkqRS99gSMyLGKrvwnGv/Rt+4KoPfjhIDD2Kd+DfUVPRrNV9Y=
T69cEW7QOdAC90U2dLgI9DS8s1C0uiPZx/UYXr4keQdF5iFl2bMoyRl6da04oKHl559TH+YJNBTKV9M=
cv5bHDTCy4oRiScyM9xRP6cb2JMjYXpVw2V8bX8+c4cVdhDntwFRS2NSERpIYifYtPW9j8z0Z0W6S9ChtIYgfPk8PI3cv/e+uCZLKg50W6A/6yNWpyn/q15FzxpjYU54h+khLzXz4FHCuJxXhQ==
NYtiQWvEl39Q/1aiCxifWiTNiSLD5x3KpPwDjPijf1qjNifShNraDSgYDF3L3ufx5nB5u03rsaG8TxjA0u+1kf0wcmmQIEqrnsQUtnWg3jqbiDf/oxSqFjuBvF6nUncYEcd9s66XV4A=
dhnCcmDrI4njhbVkwsO7n5eSluGwJCyyt8gk5gSq/NacW31bn1oVGkxq28iYjZmvKCxLNeaDFGHwznzMFeSY7bgHGy4Ers+qivznMFNTx7YDcZMbgo0LWicpkoirsUUPEQvMQb6wmFeB
NOd+RBT0zRiKf7m3VWvD3iLGjyvn4AncguwDifuHZViuNifShNraDSgYDF3L3ufx5nB5u03rsaG8TxjA0u+1kf0wcmmQIEqrnsQUtnWg3jqbiDf/oxSqFjuBvF6nUncYEcd9s66XV4A=
aC9inu2xh/qNs2O3wfOascAFn2FFrSELs7IhGniC95jEVU0PXJS3hYorwKGkplA8KZysDWxfR/7oBrsqflSLYI+Lk9Y3ia9rrmXfGnOBfjjXCbGvRVMQkZLYrFe1
aMzUBPR5LbvepSNRwBNj0xqUoDG93Is6XFgVe4dKHRpEesPo8L1hb3B849Ve85zheH4EbP00wK2A9zNOHL7HqoLs/9B7I/922yH7u3o9g9qv2SroA2GdT2k7JGGmoJBXiQ==
ithxE/osCB1eIRB29Xde7jX4NIEU8NMGq4M5NqOa+gZ9EE7B35/OAF0t4I8iAcYCupRDSH5dPouNtqLCeWq8kMEoRV/BhuVdxUNEQb06kaUUED0do79XRxqZmNyuV7c=
zPIzz8UM5WoZZ6IB7d7lxCLGjyvn4AncguwDifuHZVi1NifShNraDSgYDF3L3ufx5nB5u03rsaG8TxjA0u+1kf0wcmmQIEqrnsQUtnWg3jqbiDf/oxSqFjuBvF6nUncYEcd9s66XV4A=
jQZMhKxJ1fS7nFtcMsk5prQi5t0YVchT/1tvF9tLUhzOpYhamh3wRIFCGZd74PiOAPSnoNAC7DfgpP1o7bDesIC6OVx+qY8RYmhrbxp7El1xyztKtIyaPtZpUDtbPHP9/zDGmjIeKCCEmnB9BAj6ZqtSfz2TTgX4mYhZ0GiUOOlJn2XVn3BbhuFB8HoGCr8yHS3JNv5io7+0H7d10t0vsuAZsEqLUUganuXENAhTQLq/Xd8yNwau63zK6plqDrYQt/bQur4emS1Kw/cIO7ncs1d9unEN7xjzZ7nlC5xavX4NGQA91qLtywAcdLHsGtALyXf6jx2SNUFREMGibpSXwp/pZ4aKSKfbZNhzMOdW/a21xUrlV/4=
X89W4c2GJViNtk5Ct0RTH3y6L9sspJ5NM8xP6BIxJblnbv3q/uJnasK+Pc2B21Izt05/1F/dDTDtUl58Fw/9dTdYMQQBs8HuViGIDsuJirIMRIyFAGEHdENEd6o6gs5jWxXcGyvs5wIBJhmImXJ4DB+MV7+5RVCzYfvRxftrBbDTfqiNZK+Iz8+1X00iUt/uvSmjqaZTu37tPTYIjCXAKnqJ00TCWvf7DobjUqaGccCEdsvrdiUfV2mQAmD5mIxyCbARs83ap65htzSm4JVtE04K4iM2YLxNoEY6m2q3fiS9W99pgqrAZj1jcoyf9jRkjSa6XRxAYr09S+iN43P3NlNRA9uSLVtad8mCSDtRFY9h67yBzlDoV/E=
wsxIv2iJ9mgMtB8J6BvGPu90bi40p5MRFxECgxKZga+Bv9qBUxOL4xUi8DMP5xexN/wxBniR8GZaoYj4cf5hq5vcgLLwSN8cUL6UixCYhVQNjKYMcAZB4L6V9y2SVBPT+sdq4YH3Q3a0sOICJtUoh7uAC8EPDL6m8qJQnHQmCEHkNIJaW+4HgRPyfURptCHsiKhAVbkjHWlfTCO6EX2Ixua2x47tEbEK/l7bg0Sjz8kyYVeOECXIdkvtMKZuWbwI6G84hk/hp463utZXjPaSpYoyzqxHSqgGfiLhEbr/j7TbBaQPp0HCTQ3TYM+XBZ23fObFQv0leAEWHpV38KAMjQwmqDc5y4IznS5N/aEsuZ6OqO9+b1UfOkp03+eU5AuMB+qFEUX5MtlXwg==
V1R9NbneX0fgmd47uKH2rNomkAz2RFAaBKEMle6OwLcrHpv4ECjiIT+LD51X0OlqSF2oKprt0DTBkrkH+3AY3kDER5DQMgwHoPQd+G0gfmDAyhmsftmv4aI4y/+a63KNsftberS8+g4WuTCr26zTrT/A5uoy7ghQxErQ7YSYGjbrYp8Nk37lyNnYuUDoBJg5Ce9FJZ8Ae3YhEVDqhprf4t0dqQb+UsOPdM/X5VJNj+Ig6ZA6i6Foat41ZKSIw6Dq/20/Ajc2Tts8mgoJ6p4WwPeG8Eq+brndipNXmLspvGOXTdpBDd94w6dphZscyh0uzekgTdZSzbtAzNQhbIowW4lHGr8dotVxEUAhMu4ENxLfmUd2ijiHK6SI06Bnxp19dfUq1VfO
NrvyrvzHjPHt+zwlHqQVqRieHxk5BptUOBscwXKehI6vvVlMU69+VYUJsiwWj78+V7CzqTDdx4S6ae2Cu4aJaBQSRVMmedIC2GRPShhJtrmioBI9vOGV7kL9XBsyafu8XYElpgF23ewIJ2QklUkgv27hqtkYgn1wjyOuJjgkjFtiB+LfpMwfUlkQT7BGf7dZeUAUjiNBTDR1s0ojP1G8YICb12srTUQ22zEd/vdMMXr0YFXcavvUEolSdjRFWhjcMU8bGP/s7ahcg9e+y/LBVDsRd7tL9slDadA5MlA68GTLSzmVF7MZW81sa+k58OqDENZacMbzal4PBRnfZcqKloliuDx90IbaYpUEb7v8JOpROnoeRDTKuamAYixbN+OZzefhajNV9G240vje4bpdLTtaCxlLa/+96049RM57VDS85iy1At9QRHVVOfyPJ1M8Orn+TAsYowHKJN7ETQvC0RtGSxPYBS+/Rk+N1ew1DwvppcwQWWiVO9zj9jj5LUhO2L9ccBT98fXGcd3ogUf5Yo1Mfh6zFEiL+5hqEvN9bEof/hd8eZtNhzZbV0Q=
hWXniXYT2j1w8BRbaVMzTvXMKnbjyuO5gfIeaWijZPjLCQVyQ8MCKofVAd4cOamyYAzR9HEx0CDUfX2OD711IggEcw2Swd8Tdpr7KNgXWyyii36aNXjqydCvqP/7B6DcBzhOzhDxEpVtdQBv4ox1bTBKxsduQsyrWDbYQmuD47rfFxiCqszU9u8BFSP5NfMe2v/q8CULaBz48VJsrS8feADzk9LEP3XZe2k3XOsj7wZoNN6HWmWU9Q74MJ0xJ6nfh0w3k3xjWkwErkrXEigFR0i5zU0uzrJOHenrF3oeaVp/uBdQt3aVOUkPJbTU+/el+SjihAs/w1FfT6FCI51U5ej6+PaxMv3lK3JLsduj37W75r3snnN0/CxObJ0SF/DMJX051N+v8/Qqkb7km9CDCZqMXmwdA+IZi+4LO8jNjzcWZ439vL2vw/mNjLjJoLUzjEt2kKklaIZIFxxYBDVRfZZZ3cDRz1mqnWQ+tiPcaIOrMOq6o3VMgo9WV1RpU+0PZnNXbA==
qQWCq3KEuge0LhLyCwQ9pny6L9sspJ5MM8xP6BIxJblnbv3q/uJnasK+Pc2B21Izt05/1F/dDTDtUl58Fw/9dTdYMQQBs8HuViGIDsuJirIMRIyFAGEHdENEd6o6gs5jWxXcGyvs5wIBJhmImXJ4DB+MV7+5RVCzYfvRxftrBbDTfqiNZK+Iz8+1X00iUt/uvSmjqaZTu37tPTYIjCXAKnqJ00TCWvf7DobjUqaGccCEdsvrdiUfV2mQAmD5mIxyCbARs83ap65htzSm4JVtE04K4iM2YLxNoEY6m2q3fiS9W99pgqrAZj1jcoyf9jRkjSa6XRxAYr09S+iN43P3NlNRA9SSLVtad8mCSDtRFY9h67yBzlDoV/E=
dajBFlyY5vx8R/bdVvHlsNsdDckuFdKA626n0REYg1b0+RNYgYi4pK49GNIalWDcYfpp37soyPYg7Leo0Ar8L8DczaAt+K4IYCKp1P4hH4kC0JunWjMipVHTK0K0hIom9pFgcxv0g0WfqFYSspa4uGQiADXEwMoei0pvNZNGFeC58GkYqNxIUakH9V0f+MsegfkAskZCj8o9Ndk+/mqzp5Tnhz2SFd8KgIEgwgvZ2IJ+XbR8yJtwwp9Fzzo3Dr7zXLLaUapGxqhXbkAyPpYJtSp7B8B78exLd2WqeQ3nCOtHQdVD3JJNxm2BkLVWKn1T4KQE+SzS4HPpb+qHHZolWXFo8Wqu3Od6cHH3DgrAN0MEYIP4px7NVZXdWu1X9g==
QdtwBqobBS5FPrcLXkZ75kN0552GQ/Rh0AreQvUk+O1YR7uupO4vquo8R7Dzk6e24zHznyfNKlpHaXIIC3FlDzHLrMFe8LhXoQ==
QsFtxnnYNvdGahxDr58sF//u02q9+/I6vZS+xgNMI5ZLgeoKQ2UMEq8m16RJwy0fBsNX3A==
VdO5+tu9hQfKHE4YttjzsC+Eq/YuNL3SRQVkqRS99gSMyLGKrvwnGvvUt+8KoPfjhIDD2Kd+DfUVPRrNV9Y=
BhDKyc/WEE8V+uWOQ2MGzDS8s1C0uiPZx/UYXr4keQdF5iFl2bctyRh6da04oKHl559TH+YJNBTKV9M=
V7UtC+RO5ihb6NABUvooGiLGjyvn4AncguwDifuHZVi1NifShNraDSgYDF3L3ufx5nB5u03rsaG4TRbA0u+1kf0wcmmQIEqrnsQUtnWg3jqbiDP6oxWqFjuBvF6nUncYEcd9s66XV4A=
FMd0Z3A8S4p+B/3hyXfqXDX4NIEU8NMGq4M5NqOa+gZ9EE7B35/OAF0t4I8iAcYGuJpDSH5dPouNtqLCeWq8kMEoRV/BhuVdxUdBQbw6kaUUED0do79XRxqZmNyuV7c=
pevSnsszo9z97qgWdjssxBqUoDG93Is6XFgVe4dKHRpEesPo8L1hb3B849Ve85zheHoGYv00wK2A9zNOHL7HqoLs/9B7I/922yH7v389gtqv2SroA2GdT2k7JGGmoJBXiQ==
QPsOUw52E2DIGnmLU2BkFsAFn2FFrSELs7IhGniC95jEVU0PXJS3hYorwKGkolIyKZysDWxfR/7oBrsqflSLYI+Lk9Y3ia9vq2XeGnOBfjjXCbGvRVMQkZLYrFe1
7yTU1yMzN4WjpWgqCicK9iLGjyvn4AncguwDifuHZViuNifShNraDSgYDF3L3ufx5nB5u03rsaG4TRbA0u+1kf0wcmmQIEqrnsQUtnWg3jqbiDP6oxWqFjuBvF6nUncYEcd9s66XV4A=
qpARp/S9BSbwCxUfIPvNlJeSluGwJCyyt8gk5gSq/NacW31bn1oVGkxq28iYjZmvKCxLNeaDFGHwyn7CFeSY7bgHGy4Ers+qivznMFNTx7YDcZMfh40KWicpkoirsUUPEQvMQb6wmFeB
K2pineFB0vwAFPnXEa3zNSTNiSLD5x3KpPwDjPijf1qjNifShNraDSgYDF3L3ufx5nB5u03rsaG4TRbA0u+1kf0wcmmQIEqrnsQUtnWg3jqbiDP6oxWqFjuBvF6nUncYEcd9s66XV4A=
K7SkUhdy6YARZIySxnihL6cb2JMjYXpVw2V8bX8+c4cVdhDntwFRS2NSERpIYifYtPW9j8z0Z0W6S9ChtIIicvk8PI3cv/e+uCZLKg50W6A/6yNWpyn/r1tFzhpjYU54h+khLzXz4FHCuJxXhQ==
Q23ZH/e+CLLvr0mEZv6fYjfV+P3+7c8yfNXFMo9xU2GGHx8aHX/Ntemwg0BOVRSlRuRRb28l1JRBXCFGJnWowrRyFyofV2hW57tbFn/ZR88z9Uaa6xHm2H9ZeW8NIzhxqqiUV40=
2FM28ivJaG2hAhiFNscOCT1+08E3j1s5VG8tZlrmybgZBhoS2M3LiTHhBvgfpOOR6H6mAC4Ve6XGo2AOCkSBvRqocaquHGe6e7R3zwqAtwMEIAO4p15NFZWd2q1Xtg==
