U4zk8YmmkYMAfTgnaPt2fbOGva+io4N9QyDc/rpdKRujhfqLN/OZtuE3kDHwS3g9mIfzerkFV67l4uAGFRBeivs49cvDJKomVLB868fi96hxd4udzqdXsA==
aCvwES+mddXqFFAIrC6cl3rFY4rIQ2CzyO746Jcm1l2x0adU19mJ1itaG10MDCOMPaWfe+rI248Ac3+RtPHHbJwWfyCxlrMecEuM+rZfx0XzeonMRHGYb3w83LnB595PBgdgW975ih9v/9kyKStAwwmnmJmwu0MuoUnX6u2+cDItvP5uE8QF3xuoaiIcLCyfv46XjNnLu0lWa1d0
W2+bzQbpRYtb0r6ADE9p1BRquOlQW7xRiK3a9uH/2EcsQSq55renYhBtWhOnexkOEZ/w5CIDOMWo79NiqQ1XlpXKAF5F2J7yS9BVU1OsKp6kGBwzF6q3UEEfq4Xer1eI
BxGgrnTohpTWZnGIjtq2cKq1iy8ajbGiGRhJ8a+SZuULWGvRG9qoiEl0k5L5M20PNonODHWXZJp9tL7mQ+yldwtg6uoMhIy37wbXhIljm2HGo1e8
I5B5w7XrwoVJNaWVZijwn7J7OCEcdigcIYxETcSvz14wdqMqZqTTwAf7OxZfmadEUjVnmgteR1jaGZlvLeOYx1TotFet
wGm1cHaOEcyDdJk8YJw0T2Mjsj3dyLDbUv6a7wOcCL9qLRm31x6N2t6ewgGo7GSBelJq7JLdS6Ej1Lk65y7cHGuJ/WfwdxKiLf633xDgUrVxN0fk1nAgwDldifcjMMSCkU1MKOlNeZi+aF8nUW/T3dgaX7U4GuAz1SIFq4YpY9KgC2jrgihxSmC1oGPKB/jv3aUOUcjY+I7EiN/O6hj5NznB5fPOFJjN9SVGzwC6OjBpRgat5tBqE0X92P/NaAXJUQJP5AObxlkt+PdY4WhTtCB8zxKLDV3J/pc5iFAvbBhpEf4MmdxNA65Hqf5sdx+dyusCeCtp/TGsyu4DnIfJk+RHmwwBmZyBHCtQmUvJZohQRm14ZxOBORjNfUOooeiTECVhLU0sMACROnF0dNjMTFmrCpllHXwX6Sy+1p3Bey+MZGvuLU9g9hS9MfPyYnYTQngwTSxeTqv+38LE4XMrOdZSjCbx2yZcq57oxPGOri0o2G49MdPcfffbC5YPuTeEQpUXmru+V5hKecnv3QMohyRIZFd9
uPMJvCMoxolbuLLM8bHge6ALWipG7HWjU8UvvkoNZK1KGfPGwZlfAdTX1Gvsw/oZmPLxfl0w5LQny2mBSGOw+XMWXGmoW5oqKDm8ELDY6N/ijTRZSOfTbNlply8xI4I+ySjjsgw8/rauldla9XL5uwCcfJKHGY7O8Khs/00nZTCz+qCdZ0mAtB4iQJ+rhLcKRZvXupLvxjO/9GvbG9kTz92fKRACazxn08gDuo8HMqFKA3rCas07LRtDupQCj+Odb3VGYq3FSap/WevtcS4lneVZ1KuCif5ZfrxUC3wPBglxi7dSAPdNlbszSgQ1o9xvEADZGRiquLLVZhjZ17myWcO7x+Irv8nNMSRf1xzbzOj44J0IpatfEPs3R0k3a3/U3ZqSaUzS+Iy8O66deLJBL/kCM1Xr+h6zzqLHeiuXHn7+2lFZmnef7BvdNAdHibL1DWsQB3cNDW+8vtXK3W3I+ZZmJb/QKBxVTH44P1mDcoudlr21wSQpxs5w//ZAma9CyoxgrrRpG9THMhUZky9CYVd6
KXSdZyPzBigryzzpMlWQoSvuVeauFEasPloebJTdFZG107PnKkU/mYtTWYFOP1/5L7BeKMAElZIpcBsn9MpVZotQgqORY5E5m5WU/LHQQGlm5uMVM+j4bBd8uOwNpVrqNDNKP1sWYJXZ91Qn3ALZFveBYEtNI9SvZXrSvS9kxptACu5r/DB80tqcx0VJ0vq546CiNkooD4V2nSsXS1rMG3I73Lo8D6Bwu8+fOtOfwV0bS/LS89Yq6WmGD0Ov7yYhjYBxeptIxakHdxzZ8gLshuWR33KLVSlbDnB52fxABw4/u/FEFLb4lVY2YvGLnWuFPiAPMzfg6ISv8g+DCXn/vlvj8RHROGfLbMf09Pj8pRTVt2cMG+t/FUc3RwgdRio1PI5AUFynFgEILvmzeZ6LyZtmpi8ufn8mW8umoj4GaQXqK6cw+8EMGzeViukNdygbBxE1c1xi7ZatMfAlVrqd46B0pIms4oCjKR/KFx0KBSmxuJFaLqxHqjDFF54KUFjyxDUjCCcuLQXjM3p9V2Y=
p5R87Zzd/YHeJXMWROXY2Jz7wflFSZbo2JJQPbqfxTircxvcRD0ezlg3/6BvkXjZT1Ge6GcCks0kykjpzTmocrHol8HiiwdqFf/faiulSvOQhyx4g36NzHI3oaWQ25od+INMLo9bhS7cQpKX0+Ev+1UDECCnsAk67Mxbdr4kCNz2rtZFFYjhhMmo0zICYewM2mWwhMnGAmlZbzxzrtJY9MSkhDjMxtY1asIKEWJauMIGt8GMPGK8n30aiRr4U7T9IQpO0fAK+rXD3rhTy16Ahey5tWpr3pV2ENcOgNZ5BEB2B3z514V3shbw9PenYVTQgIqBC5jwb0GrO0BZkXAXk0z/5Pz49LUs9e8XRFujz82nz9eAnc66TVzW8Jicb+bZKBbpu3mWm/G7vlbn7rbPfjuzNiq+jvn9CvMXeLuJfEMXrZrhDX84IydJRTscKl1OTclgrdYyDZvALBRBbCpwewkn2h8dAhURkWBhku5k9/JQvYcWitjICiTtk0BnZl1dwwtqdVdu
Yp1M3JodeZyS8QPrNGJJwqcb2JMjYXpVw2V8bX8+c4cVdhDntwFRS2NSERpIYifYtPW9j8z0Z0W6S9ChtIYgfPk8PI3cv/e+uCZLKg50W6A/6yNWpyn/pFpFzxpjbk94gukhLzXz4GfcuJxXhQ==
jd6s2Q9hZ75Gs8hgRxAIBiTNiSLD5x3KpPwDjPijf1qjNifShNraDSgYDF3L3ufx5nB5u03rsaG8TxjA0u+1kf0wcmmQIEqrnsQUtnWg3jqbiDj7oxSqFjSAvFunUncYEcdLra6XV4A=
d8qo8LC9dUlyxmjd3p25WpeSluGwJCyyt8gk5gSq/NacW31bn1oVGkxq28iYjZmvKCxLNeaDFGHwznzMFeSY7bgHGy4Ers+qivznMFNTx7YDcZMUho0LWicmk4iusUUPEQvMd6CwmFeB
rfvIdx3vKNHwKzxpZTnPYiLGjyvn4AncguwDifuHZViuNifShNraDSgYDF3L3ufx5nB5u03rsaG8TxjA0u+1kf0wcmmQIEqrnsQUtnWg3jqbiDj7oxSqFjSAvFunUncYEcdLra6XV4A=
KXCOz72SbVkz2iDI7oQQKMAFn2FFrSELs7IhGniC95jEVU0PXJS3hYorwKGkplA8KZysDWxfR/7oBrsqflSLYI+Lk9Y3ia9kqmXfGnOOfzjSCbGvRVMQp4zYrFe1
8lzJ3Ko+BbXb7hhmSFIVKRqUoDG93Is6XFgVe4dKHRpEesPo8L1hb3B849Ve85zheH4EbP00wK2A9zNOHL7HqoLs/9B7I/922yH7tH49g9qv1ivoBmGdT2k7JFe4oJBXiQ==
RjSYeAF/QoNS7bJi7Nck6zX4NIEU8NMGq4M5NqOa+gZ9EE7B35/OAF0t4I8iAcYCupRDSH5dPouNtqLCeWq8kMEoRV/BhuVdxUxAQb06kaoVEDgdo79XRxqvhtyuV7c=
XjnmDXdF7291iOh+JkEyAiLGjyvn4AncguwDifuHZVi1NifShNraDSgYDF3L3ufx5nB5u03rsaG8TxjA0u+1kf0wcmmQIEqrnsQUtnWg3jqbiDj7oxSqFjSAvFunUncYEcdLra6XV4A=
LW3T/gMgrwMc18GFEPeeEySwlwKU+KgScG1fdYdYABwEMM3o4qBnLzpp5doKrJWhZW8YLbMjhbyP5zlPPv2Tqpvf5MZ7I/922yH7tX49g9qv1ivoBmGdT2k7JFe4oJBXiQ==
2Xzvq1zCjlFDv377iExSjPsx8iTyklNHvlynDDc/q34ihrjF5mlvxI1OnCH8Gn+Ds1bUMuPgEMkxOtj2LZ1T+aMeM1/FIs0GfqK8LcecitPKx/xK78ljUweyc/zQive7hp8Dmm45R3OSglEzUnmAoWcxkkLc58FbDyNiTx23T0OeinjnRHulSTe04bXEKUUr5HsZPtYn3yaB9YJIpAilwxRM0nTVJXe1ZDeUzXK1QjoceG+ZmzG53S7rA5giJd4Yw/QZDHTYHrBlh9K1Q5qrB1Ap3/s+841hhHnfL3G5bMQRBKW/5J+2zFEh2KoA4zzkHFGBMT5NXdxpi6nGldBeSnv4+YtDZKpm1PB8K0ci92jxt4vdTudX8A==
hBdmxIbSgHb+4pHHDe7xs20TII7Fnn299klRkx/n9B8hqVXcp9yizJRfl9uHYO6+X7d4fQeAhRlNcKqXw3Rpvyircj2ft9hPv121iAsgQmV5IoikdgidtYSjkMHrP8MiX6/QuH4nvQQEt2CEi208UHyImmkghjXmCuF4aRqOkE/Cd4hAyzygjqb1OoFdPRqmjK2wSgqtqUyqX6UHbA43Fp09aGrtNpN/WMdmsn7ogrBwCkFSqbuu4RxZPgiSL4cwEKYT3fUdC37FDoMTrs5aYf+D3L4Yq6zkPs0iwqATkAPstC+vZQEYDiLGX8eoZCWCZrRfksAVxoQg/X+PMsWZRyXmASU5PUwJOXqV4pkgBKUHn3PfRr/KVOpX8w==
89zXgqcXMdatnZ8ihbaBEnaRUUIiiVflHTZXp2id+aWOXJWsZJAX4oflEy/WkHeyo6gQDCxiiMHelS+wJcIMRSTGH5e7eqR2G1yQfdl2iNI1gXMta3KD231eDfJWrqzJn8BqR0JrDI6X9WNnb36jWEgWV+/OczOeVsUHBzoOwVeKpeC1bx3iBiRbQe/nbzJrBatvl1bmyGP8B2W9H7jxUZx1pb9s1+n6rhvfEuk5Uuw8lAWXXKDicO3ZN8HMuwSpqmkiLhRUH91jjTlpxqdTvDo5/swLmKmIzKTeRE2LwlEbxkuT2IUvP0bPjVXstQ+L6SXMkFnolbvcY/a4+a1Iztg/XPAUffF1xvHdaIHH+eKNzH6es5RJD/sYapL8/GzPH34X/Hkbexk221fE
oLedeHFhEafj6JdP7g3D6tQYfADkY502BvV857mt99LEjS8Bmu8ZNd5sZ6ZbhDDoBD549YZZb/TtflyRnKr/M9PmFAKD0BD5UQoYRk0t00nDrvNvpRLNNh6SfJ2nLApjqnc8eo/5Y2NngrNMsDp3C+Yvw6oOCUdD8rKRgzLJABEHgVJyvNfBa28Tov99B8/z/jq41yRLpXlXhCEFpJnFm4TL2Q62F98W4cVC+MS4JXN0/BJEtRV3hQQHVH0SBcKKfMivqfsBue1O28MoQpVeqKNE2TwU6B6ABbcSBSMqK7cwmR/LXsONUeRJH58RCex0cbRlj4SvtvwxERgaYFO8VHzhQQFefV3sCbtpdvVg3vobSDm7I1SqVrTAvJsnknfYkQdL7S7XV8A=
/bsWH5uTR+PwBJJaAU2INQwZFkGex64IFfUXrNMEf0pdGHjCkcLzbE652dyEGV2U/QfkLuVIHkKrgBKgc7wqrsTI3EO3OjfgoU/rdf6/V7g=
FAzpF082hy/ckYN6nD0r4Fd4tORIV49R3K/B7fLp0FkoEiaQr7GsYC0dV1zzFH96Pci4sjFSc9yu6ZkspAldpJ3XJF5F2J7yS9BSUFOsKp6kGBwzF6q3UEEfq4Xer1eI
ybqh9B5EBAAoaQ5wcvuNGUBX56FfOrbp8tKDuWiWwP6Fke489Ocb0If1DdlLPuTEYnhtgr7V3HdMR0AFa15rJkAxJKITvK29nwJpxDs6MwReYTlU9CFOs6mFRObVMF6qO9hyqIMEqgYU0PwLB8L3iLGXC/2Oh1eQ
RsGNpnvWL/B9csnrQXIXgPfI4UhYeYeYgn4x3Ix7Peg4uwQhWw0TCUd758DITWse5O44H3RIgZedphlVwVZnOXH63RLxgLyVH9+Lj16fYsSiV7s=
Vw6rYHZJMVViWdHXMQ4Yb9dKs1DOQPcmvco+LM1Bon8gDq61QaNRNw0mabVxFrZZhfntMqFAzDWvXxvvjt9S5LJXqw==
iK5tmT9ByR2lqeKWeFEhVlRDbouSjPeFcvBbflmq2lQh0T73pI4qPd0zPc9pxg1t3aYMEUG5KXpdMCBti38/16LPTuy2V68=
Pv0M6dW11nUE+e+zC8I2x6/VmXpZ3PHkREABo+nYYP45FnDXWMusrBx0osGqQOXxvVEumbtU35p9tL7mQ+yldgtl6eoMhIy37wbXhIljm2HGo1e8
KyM1TSKOjShE/PMOwKvMe/zApxb3mXYpvJanGWMCQ427vWYtKhYs3ijIAljqauhryorWXEXh+o84DrbFmQPZx2XmQaV5M46J/HlVYlkgxCXHn7NfBr+K1KpXsw==
froVUWrg9iLaR3NoKoHqCG7ewusYHeKhiwY/Fy7KwuhojCgiOs+gGlzY10mYW/JOfBH7K8vDb/Yrgat7S12W2b/226hWgS3P+ZtUl2jAoFe5
24s8URlHdQggJeT0TkZP3Bh4YyRcbn8tXePHuFQFMuW5/q9WIajHfxgzKsW+vUUxsr+GYo3HaRtuV+fmJzzZTg54z24r5b8PSURwVlTxK9yHumUBs5fSqVey
TL63z3c431Pd70ZmEHCROgLamLpmUVP9rW35OVgINjD2WuRz/uoCZAkxRuesjiItJVMV/zEGdb11BJFhyzmhysXQSL0zP+enSu92/L5Xpw==
tXs6bWRi/H8CIj3rIhReFgNb46QZaifSscxvq1jnAqGuuU0lkutOJt0jwY/uw08Cd3gRGi5sx2o8hJfYCZDYMsR1o0gn7q1F43P6vVem
EA1eTlN5IGNrG52ZG81nenD4iBetqzwWPYKqjip4KjPzzJBytnpKaOD8sIJSHxhahOi/qaBL+k50AcNLI/M3NpPRQ9vUrR1ZN0ZDSP7R1Y+ha3y3kNCoV7E=
fFTQ7UoiC9Pnl6kOJCSnFWaG33mUvFmaxatC0LzqOhfTNnmfxpPKUCkLC1jem/m2sjY+/R6huKGuUxbXif+C3bJktb1V5a4lQxCvtnWg3jqbiDn6oxOpFjSAvFunUncYEcdLra6XV4A=
voqN6703foTwM4rcIPbiGNd9EDAHkyjSOTghDeqqEHTKpUegwRVaHUrSrY2DwlIlaSQGQKZX4g8Ywwq1/m3loTIvZjLN94krbmcH1mdsOd6O6G++YZGf/Uk0UKaUoYtMByoF0XOnsplXgg==
YfjC/wfEUDxMlkyk3bv7TKiOtx4MNoOOxn4y3J/6wmSkSIrogopQGxJKroydgdKfMA6+1bHjgZedphlVwVVmOXb53RLxgLyVH9+Lj16fYsSiV7s=
+h9Vc4ZnCl5l7XukyKzrVnMe0b5aCk5phs34RaZPxmPxc2KZmpiF6Y1JLoGLTL9CTex+vvM0x+27/2lyvBzsb19eF9y5u/t59rtXpA==
O7UUwpEZu4z5VVHyn1X6ThZb3vvJDbMvgx/DTO93vetdRLqlyao+ve0vTKDzk6e24zHznCLNLFlHZnMIDnFlDzHLrPdA8LhXoQ==
guFpJ8fhbsIdRZjlCgNeZCERlaJSYFjHH1W4ot2Csc0NNVmL+fwWNbUiui5mo6owXysDVofpXyz+hegZg64v+GKpQS/Vs0DnfPi8V6U=
ZkhTNoFBkrgDi4f+dJn8Y6pGnZPKl7s812QrfWk69khknYJxZMhynMgXKszObOr4iIud0qyGP1RkcFtVG3P05fDKclqryiSbIiLKk7nIzkiCutLUD8dhV72mOZVh1MX5Ufm90hEA3NX/3+vP/h/ChIJXmw==
PC05dcS7Ee3Q25KRvCTSBfbW6B1YJoicgGM5iNK6hC6gSIrogopQGxJKroydgdKfMA6+1bHjgZedphlVwV1mOXH53RLxgLyVH9+Lj16fYsSiV7s=
XfxVbS3qgcQ7Re0j0aTQMF9cu0BwAn+f0HznjX5p7+I9hXse41mvlNJ2UhlK1qX5k/a6wUlAbnR2oypLWIfCQS7ZjcWSy46GXYMBr+7jj6L32NE6LowHCrxlV78JcJhSRJXjKCfO7eVj07qdV4Y=
50T0tvBS+jGRA5bnynDkgaiOtx4MNoOOxn4y3J/6wmSkSIrogopQGxJKroydgdKfMA6+1bHjgZedphlVwVVnOXD53RLxgLyVH9+Lj16fYsSiV7s=
zaeOlSpy2Nrd+LawYzcGmHMe0b5aCk5phs34RaZPxmPxc2KZmpiF6Y1JLoGLTL9CTex+vvM0yey7+WlyvBzsb19eF9y5u/t59rtXpA==
vdrgiyWgER6VxemdKNTomwYQd8VOapKEefEWx5yOEg31E+WfoYbFHSXN44HeObHq9ZCY3cO/dwf6LyYczlfX
2RzEmsboCA304WwqC9JwGc0P9QDTRqNw4so+LM1Bon8gDq61QaNRNw0mabVxFLFZgvntMqFAzDWvXxvvjt9S5LJXqw==
RuaQc0tzC9K0rUe1TdfIQQ0ZFkGex64IFfUXrNMEf0pdGHjCkcLzbE652dyEGV2U/QfkLuVIHkKrgBmmc7sursTI3EO3OjfgoU/rdf6/V7g=
6odq7vfy6g5ZuaqdgPzh2vfI4UhYeYeYgn4x3I17Peg4uwQhWw0TCUd758DITWse5O44H3RIgZedphlVwV1hOXb+3RLxgLyVH9+Lj16fYsSiV7s=
D5/TEY17tO1ME+zfEzrp4QwLE0KN3q8DGPkXrNMEf0pdGHjCkcLzbE652dyEGV2U/QfkLuVIHkKrgBenc7sursTI3EO3OjfgoU/rdf6/V7g=
HFNHixlmaZ99Q9tn6soRwDQ1PjEMpILjLXYu3Zacfm/FkRW8MvCw3YWSj8jjWlJb8fJwQw5dta88UEHibtQXAp8p50GOCCiaZJ3z8OeWfW2Dm8qlV74=
V3XGoxSIu3LpjAn41Y8U2hdb3vvJDbMvgx/DTO93vetdRLqlyao+ve0vTKDzk6e24zHznifNK15HZnMIDnFlDzHLrPdA8LhXoQ==
djF0vJiu8VL8Fzf1xWZnrSERlaJSYFjHH1W4ot2Dsc0NNVmL+fwWNbUiui5mo6owXysDVofpXy77he8eg64v+GKpQS/Vs0DnfPi8V6U=
kmMckDDTIqdVlp2LxZPwFBRb3vvJDbMvgx/DTO93vetdRLqlyao+ve0vTKDzk6e24zHznCbNK15HZnMIDnFlDzHLrPdA8LhXoQ==
vH0vwzSVed2s1UWWAUT6+yERlaJSYFjHH1W4ot2Asc0NNVmL+fwWNbUiui5mo6owXysDVofpXyz6he8eg64v+GKpQS/Vs0DnfPi8V6U=
8wUym6YOJ3jU1ArgPGPi+ryz5pxai8I2Q2440V5uqUM0DNF978EbwX1ESPvIi81eEmNqbBs2PfSD+5dTXZi58vUzPbYVp6pBHQhcOdI/GrGypmuOpWgeYusglQAznC6OhGhc4/caN8Dh72vVvp9XmA==
lRchc2vNLzsjacoSAXmzVbyz5pxai8I2Q2440V5uqUM0DNF97MEbwX1ESPrIi81eEmNqbBs2PfSD+5dTXZi58vUzPbYVp6pBHQhcOdI/GrGypmuOpWgeYusgkAEznC6OhGhc4/caN8Dh72vVvp9XmA==
bolY111Zd4EAHEcOOkitcInq+jKtpA5skoZzbWdCDwz3J3sMf2Mzj35/BGJ6OPMm+YEDrQUAGMTgn81SCkdaMFNCXVg7fwevtUx5vq1XTaodk4qt5cyMhXqrmj0qAttSbZz+TtMkhX1byG5CXIysf3+ul6yZqzvplotXlA==
/FjqHaIftERPzqqn3wlejEI/T+tg+Ueubt8DK2tSZyLEsr63sNH5te5jjUtEkcy3tySV+ip6cqp8a8CKL1YXZc2NJqRwxEetArUZIEEcJBO675RAA6ofzgLT/pBLRzjcVwa8l4aMHwwtlBEpzOTVXbBPx0ychiMLu5ROAW0DW1fSrg4p+5O7NyXfg8yTFVHN0vea/ZY85sdqrgv4By6ju04nKRyL1bedOL282NB9DUM6haccg5s3ALoylTAkZBQWodpWKPYPGM1eJY6vn0B030EYDDJt0eQ9j8KpqZBnli4cs6hKJeFA4v/c3/70NJ/GWNtE/PKjBIyI94/M8m0lRuPEQ9Xl48E2a8FkwfD2+OKZDq2hUx7rBVM/L1FjKv249g9k+BRijGnay0BovfG5QHcTIzDSfZ7Qk8zzbcLAnrj1/3KdM0JrT4CRvxMOa43plIH/h4HhLAxBPEXXVIc2xMFZeIJwO/yszOnh2Q7VXVR5c4luZYgegivAEubzfC5uRIjcAzf6NyAhD+s1fn9XeA==
jzwSJwYjJyPFvKoXSI5TGivuVeauFEasPloebJTdFZG107PnKkU/mYtTWYFOP1/5L7BeKMAElZIpcBsn9MpVZotQgqORY5E5m5WU/LHQQGlm5uMVM+j4bBd8uOwNpVrqNDNKP1sWYJXZ91Qn3ALZFveBYEtNI9SvZXrSvS9kxptACu5r/DB80tqcx0VJ0vq546CiNkooD4V2nSsXS1rMG3I73Lo8D6Bwu8+fOtOfwV0bS/LS89Yq6WmGD0Ov7yYhjYBxeptIxakHdxzZ8gLshuWR33KLVSlbDnB52fxABw4/u/FEFLb4lVY2YvGLnWuFPiAPMzfg6ISv8g+DCXn/vlvj8RHROGfLbMf09Pj8pRTVt2cMG+t/FUc3RwgdRio1PI5AUFynFgEILvmzeZ6LyZtmpi8ufn8mW8umoj4GaQXqK6cw+8EMGzeViukNdygbBxE1c1xi7ZatMfAlVrqd46B0pIms4oCjKR/KFx0KBSmxuJFaLqxHqjvAF54OUFjyxDUjCCcuLQXjM3p9V2Y=
o9GIjcXPogf9BUzmYIZREkI/T+tg+Ueubt8DK2tSZyLEsr63sNH5te5jjUtEkcy3tySV+ip6cqp8a8CKL1YXZc2NJqRwxEetArUZIEEcJBO675RAA6ofzgLT/pBLRzjcVwa8l4aMHwwtlBEpzOTVXbBPx0ychiMLu5ROAW0DW1fSrg4p+5O7NyXfg8yTFVHN0vea/ZY85sdqrgv4By6ju04nKRyL1bedOL282NB9DUM6haccg5s3ALoylTAkZBQWodpWKPYPGM1eJY6vn0B030EYDDJt0eQ9j8KpqZBnli4cs6hKJeFA4v/c3/70NJ/GWNtE/PKjBIyI94/M8m0lRuPEQ9Xl48E2a8FkwfD2+OKZDq2hUx7rBVM/L1FjKv249g9k+BRijGnay0BovfG5QHcTIzDSfZ7Qk8zzbcLAnrj1/3KdM0JrT4CRvxMOa43plIH/h4HhLAxBPEXXVIc2xMFZeIJwO/yszOnh2Q7VXVR5c4luZYgegivAE+bzfC5uRIjcAzf6NyAhD+s1fn9XeA==
d/IFDxSOKJUZqFBa38W4hO90bi40p5MRFxECgxWXnPGEotyCHxOf7RU22mpvvFe6IPowSGDf+ndPlsmYNKtw9M/Bh7DsSN8eULuVzFCcgVMDm7cYKwUZ/K2U+jTUZwuy+tE+4YTwE3fj4eMEO9Y8hOeZUtlbAPKn56FW1Hk5XhewY9NXKrhgmQGpK1VqpTH5n6EKDOA9GCVFWzOiCX+Ih7WpkN3hBKoZ3xTlw0riyIY1YUCKCm7JO1fnIOE8R/5b8ngonlfjp8/5r4odi/KO64561/IBVqgGfiLhEbr/j7TbBaQPp0HCTQ3TYM+XBZ23fObFQv0leAEWHpV38KAMjQwmqDc5y4IznS5N/aEsuZ6OqO9+a1QfOk500OaU4QuMB+qFEXPnMtlXwg==
g8Oi6B+8PGuK9Ke/LcTMLCvuVeauFEasPloebJTdFZG107PnKkU/mYtTWYFOP1/5L7BeKMAElZIpcBsn9MpVZotQgqORY5E5m5WU/LHQQGlm5uMVM+j4bBd8uOwNpVrqNDNKP1sWYJXZ91Qn3ALZFveBYEtNI9SvZXrSvS9kxptACu5r/DB80tqcx0VJ0vq546CiNkooD4V2nSsXS1rMG3I73Lo8D6Bwu8+fOtOfwV0bS/LS89Yq6WmGD0Ov7yYhjYBxeptIxakHdxzZ8gLshuWR33KLVSlbDnB52fxABw4/u/FEFLb4lVY2YvGLnWuFPiAPMzfg6ISv8g+DCXn/vlvj8RHROGfLbMf09Pj8pRTVt2cMG+t/FUc3RwgdRio1PI5AUFynFgEILvmzeZ6LyZtmpi8ufn8mW8umoj4GaQXqK6cw+8EMGzeViukNdygbBxE1c1xi7ZatMfAlVrqd46B0pIms4oCjKR/KFx0KBSmxuJFaLqxHqjzAF54OUFjyxDUjCCcuLQXjM3p9V2Y=
ueCQdWb0y2Yl9JEd6J129tQYfADkY502BvV857mt99LEjS8Bmu8ZNd5sZ6ZbhDDoBD549YZZb/TtflyRnKr/M9PmFAKD0BD5UQoYRk0t00nDrvNvpRLNNh6SfJ2nLApjqnc8eo/5Y2NngrNMsDp3C+Yvw6oOCUdD8rKRgzLJABEHgVJyvNfBa28Tov99B8/z/jq41yRLpXlXhCEFpJnFm4TL2Q62F98W4cVC+MS4JXN0/BJEtRV3hQQHVH0SBcKKfMivqfsBue1O28MoQpVeqKNE2TwU6B6ABbcSBSMqK7cwmR/LXsONUeRJH58RCex0cbRlj4SvtvwxERgaYFO8VHzhQQFefV3sCbtpdvVg3vobSDS+I1SuVrTAvJsnknfYkQdL7S7XV8A=
N1fr+TbPARXxp8mriv3mB+90bi40p5MRFxECgxWXnPGEotyCHxOf7RU22mpvvFe6IPowSGDf+ndPlsmYNKtw9M/Bh7DsSN8eULuVzFCcgVMDm7cYKwUZ/K2U+jTUZwuy+tE+4YTwE3fj4eMEO9Y8hOeZUtlbAPKn56FW1Hk5XhewY9NXKrhgmQGpK1VqpTH5n6EKDOA9GCVFWzOiCX+Ih7WpkN3hBKoZ3xTlw0riyIY1YUCKCm7JO1fnIOE8R/5b8ngonlfjp8/5r4odi/KO64561/IBVqgGfiLhEbr/j7TbBaQPp0HCTQ3TYM+XBZ23fObFQv0leAEWHpV38KAMjQwmqDc5y4IznS5N/aEsuZ6OqO9+bFQfOk500OaU4QuMB+qFEXPnMtlXwg==
ueCQdWb0y2Yl9JEd6J129tQYfADkY502BvV857mt99LEjS8Bmu8ZNd5sZ6ZbhDDoBD549YZZb/TtflyRnKr/M9PmFAKD0BD5UQoYRk0t00nDrvNvpRLNNh6SfJ2nLApjqnc8eo/5Y2NngrNMsDp3C+Yvw6oOCUdD8rKRgzLJABEHgVJyvNfBa28Tov99B8/z/jq41yRLpXlXhCEFpJnFm4TL2Q62F98W4cVC+MS4JXN0/BJEtRV3hQQHVH0SBcKKfMivqfsBue1O28MoQpVeqKNE2TwU6B6ABbcSBSMqK7cwmR/LXsONUeRJH58RCex0cbRlj4SvtvwxERgaYFO8VHzhQQFefV3sCbtpdvVg3vobSDS+I1SuVrTAvJsnknfYkQdL7S7XV8A=
yhdqQYjLEMXX8jv+kS0vW0I/T+tg+Ueubt8DK2tSZyLEsr63sNH5te5jjUtEkcy3tySV+ip6cqp8a8CKL1YXZc2NJqRwxEetArUZIEEcJBO675RAA6ofzgLT/pBLRzjcVwa8l4aMHwwtlBEpzOTVXbBPx0ychiMLu5ROAW0DW1fSrg4p+5O7NyXfg8yTFVHN0vea/ZY85sdqrgv4By6ju04nKRyL1bedOL282NB9DUM6haccg5s3ALoylTAkZBQWodpWKPYPGM1eJY6vn0B030EYDDJt0eQ9j8KpqZBnli4cs6hKJeFA4v/c3/70NJ/GWNtE/PKjBIyI94/M8m0lRuPEQ9Xl48E2a8FkwfD2+OKZDq2hUx7rBVM/L1FjKv249g9k+BRijGnay0BovfG5QHcTIzDSfZ7Qk8zzbcLAnrj1/3KdM0JrT4CRvxMOa43plIH/h4HhLAxBPEXXVIc2xMFZeIJwO/yszOnh2Q7VXVR5c4luZYgegivAF+bzfC5uRIjcAzf6NyAhD+s1fn9XeA==
3egX1Eo/MNx1jVBiT25pAe90bi40p5MRFxECgxWXnPGEotyCHxOf7RU22mpvvFe6IPowSGDf+ndPlsmYNKtw9M/Bh7DsSN8eULuVzFCcgVMDm7cYKwUZ/K2U+jTUZwuy+tE+4YTwE3fj4eMEO9Y8hOeZUtlbAPKn56FW1Hk5XhewY9NXKrhgmQGpK1VqpTH5n6EKDOA9GCVFWzOiCX+Ih7WpkN3hBKoZ3xTlw0riyIY1YUCKCm7JO1fnIOE8R/5b8ngonlfjp8/5r4odi/KO64561/IBVqgGfiLhEbr/j7TbBaQPp0HCTQ3TYM+XBZ23fObFQv0leAEWHpV38KAMjQwmqDc5y4IznS5N/aEsuZ6OqO9+b1QfOk500OaU4QuMB+qFEXPnMtlXwg==
+E+eHhaSNFvGsgHmYqUmAivuVeauFEasPloebJTdFZG107PnKkU/mYtTWYFOP1/5L7BeKMAElZIpcBsn9MpVZotQgqORY5E5m5WU/LHQQGlm5uMVM+j4bBd8uOwNpVrqNDNKP1sWYJXZ91Qn3ALZFveBYEtNI9SvZXrSvS9kxptACu5r/DB80tqcx0VJ0vq546CiNkooD4V2nSsXS1rMG3I73Lo8D6Bwu8+fOtOfwV0bS/LS89Yq6WmGD0Ov7yYhjYBxeptIxakHdxzZ8gLshuWR33KLVSlbDnB52fxABw4/u/FEFLb4lVY2YvGLnWuFPiAPMzfg6ISv8g+DCXn/vlvj8RHROGfLbMf09Pj8pRTVt2cMG+t/FUc3RwgdRio1PI5AUFynFgEILvmzeZ6LyZtmpi8ufn8mW8umoj4GaQXqK6cw+8EMGzeViukNdygbBxE1c1xi7ZatMfAlVrqd46B0pIms4oCjKR/KFx0KBSmxuJFaLqxHqjDAF54OUFjyxDUjCCcuLQXjM3p9V2Y=
NVUaWWIbI97FmfIMF3eRktQYfADkY502BvV857mt99LEjS8Bmu8ZNd5sZ6ZbhDDoBD549YZZb/TtflyRnKr/M9PmFAKD0BD5UQoYRk0t00nDrvNvpRLNNh6SfJ2nLApjqnc8eo/5Y2NngrNMsDp3C+Yvw6oOCUdD8rKRgzLJABEHgVJyvNfBa28Tov99B8/z/jq41yRLpXlXhCEFpJnFm4TL2Q62F98W4cVC+MS4JXN0/BJEtRV3hQQHVH0SBcKKfMivqfsBue1O28MoQpVeqKNE2TwU6B6ABbcSBSMqK7cwmR/LXsONUeRJH58RCex0cbRlj4SvtvwxERgaYFO8VHzhQQFefV3sCbtpdvVg3vobSDi+I1SuVrTAvJsnknfYkQdL7S7XV8A=
6vRVkYHKtCyG/iyG0qRq+kI/T+tg+Ueubt8DK2tSZyLEsr63sNH5te5jjUtEkcy3tySV+ip6cqp8a8CKL1YXZc2NJqRwxEetArUZIEEcJBO675RAA6ofzgLT/pBLRzjcVwa8l4aMHwwtlBEpzOTVXbBPx0ychiMLu5ROAW0DW1fSrg4p+5O7NyXfg8yTFVHN0vea/ZY85sdqrgv4By6ju04nKRyL1bedOL282NB9DUM6haccg5s3ALoylTAkZBQWodpWKPYPGM1eJY6vn0B030EYDDJt0eQ9j8KpqZBnli4cs6hKJeFA4v/c3/70NJ/GWNtE/PKjBIyI94/M8m0lRuPEQ9Xl48E2a8FkwfD2+OKZDq2hUx7rBVM/L1FjKv249g9k+BRijGnay0BovfG5QHcTIzDSfZ7Qk8zzbcLAnrj1/3KdM0JrT4CRvxMOa43plIH/h4HhLAxBPEXXVIc2xMFZeIJwO/yszOnh2Q7VXVR5c4luZYgegivAGObzfC5uRIjcAzf6NyAhD+s1fn9XeA==
+E+eHhaSNFvGsgHmYqUmAivuVeauFEasPloebJTdFZG107PnKkU/mYtTWYFOP1/5L7BeKMAElZIpcBsn9MpVZotQgqORY5E5m5WU/LHQQGlm5uMVM+j4bBd8uOwNpVrqNDNKP1sWYJXZ91Qn3ALZFveBYEtNI9SvZXrSvS9kxptACu5r/DB80tqcx0VJ0vq546CiNkooD4V2nSsXS1rMG3I73Lo8D6Bwu8+fOtOfwV0bS/LS89Yq6WmGD0Ov7yYhjYBxeptIxakHdxzZ8gLshuWR33KLVSlbDnB52fxABw4/u/FEFLb4lVY2YvGLnWuFPiAPMzfg6ISv8g+DCXn/vlvj8RHROGfLbMf09Pj8pRTVt2cMG+t/FUc3RwgdRio1PI5AUFynFgEILvmzeZ6LyZtmpi8ufn8mW8umoj4GaQXqK6cw+8EMGzeViukNdygbBxE1c1xi7ZatMfAlVrqd46B0pIms4oCjKR/KFx0KBSmxuJFaLqxHqjDAF54OUFjyxDUjCCcuLQXjM3p9V2Y=
amv+pgAKFoA7lUF3Kcb9Ju90bi40p5MRFxECgxWXnPGEotyCHxOf7RU22mpvvFe6IPowSGDf+ndPlsmYNKtw9M/Bh7DsSN8eULuVzFCcgVMDm7cYKwUZ/K2U+jTUZwuy+tE+4YTwE3fj4eMEO9Y8hOeZUtlbAPKn56FW1Hk5XhewY9NXKrhgmQGpK1VqpTH5n6EKDOA9GCVFWzOiCX+Ih7WpkN3hBKoZ3xTlw0riyIY1YUCKCm7JO1fnIOE8R/5b8ngonlfjp8/5r4odi/KO64561/IBVqgGfiLhEbr/j7TbBaQPp0HCTQ3TYM+XBZ23fObFQv0leAEWHpV38KAMjQwmqDc5y4IznS5N/aEsuZ6OqO9+YFQfOk500OaU4QuMB+qFEXPnMtlXwg==
NVUaWWIbI97FmfIMF3eRktQYfADkY502BvV857mt99LEjS8Bmu8ZNd5sZ6ZbhDDoBD549YZZb/TtflyRnKr/M9PmFAKD0BD5UQoYRk0t00nDrvNvpRLNNh6SfJ2nLApjqnc8eo/5Y2NngrNMsDp3C+Yvw6oOCUdD8rKRgzLJABEHgVJyvNfBa28Tov99B8/z/jq41yRLpXlXhCEFpJnFm4TL2Q62F98W4cVC+MS4JXN0/BJEtRV3hQQHVH0SBcKKfMivqfsBue1O28MoQpVeqKNE2TwU6B6ABbcSBSMqK7cwmR/LXsONUeRJH58RCex0cbRlj4SvtvwxERgaYFO8VHzhQQFefV3sCbtpdvVg3vobSDi+I1SuVrTAvJsnknfYkQdL7S7XV8A=
6vRVkYHKtCyG/iyG0qRq+kI/T+tg+Ueubt8DK2tSZyLEsr63sNH5te5jjUtEkcy3tySV+ip6cqp8a8CKL1YXZc2NJqRwxEetArUZIEEcJBO675RAA6ofzgLT/pBLRzjcVwa8l4aMHwwtlBEpzOTVXbBPx0ychiMLu5ROAW0DW1fSrg4p+5O7NyXfg8yTFVHN0vea/ZY85sdqrgv4By6ju04nKRyL1bedOL282NB9DUM6haccg5s3ALoylTAkZBQWodpWKPYPGM1eJY6vn0B030EYDDJt0eQ9j8KpqZBnli4cs6hKJeFA4v/c3/70NJ/GWNtE/PKjBIyI94/M8m0lRuPEQ9Xl48E2a8FkwfD2+OKZDq2hUx7rBVM/L1FjKv249g9k+BRijGnay0BovfG5QHcTIzDSfZ7Qk8zzbcLAnrj1/3KdM0JrT4CRvxMOa43plIH/h4HhLAxBPEXXVIc2xMFZeIJwO/yszOnh2Q7VXVR5c4luZYgegivAGObzfC5uRIjcAzf6NyAhD+s1fn9XeA==
8VbHPVPXv67JJ9R7vL7VqO90bi40p5MRFxECgxWXnPGEotyCHxOf7RU22mpvvFe6IPowSGDf+ndPlsmYNKtw9M/Bh7DsSN8eULuVzFCcgVMDm7cYKwUZ/K2U+jTUZwuy+tE+4YTwE3fj4eMEO9Y8hOeZUtlbAPKn56FW1Hk5XhewY9NXKrhgmQGpK1VqpTH5n6EKDOA9GCVFWzOiCX+Ih7WpkN3hBKoZ3xTlw0riyIY1YUCKCm7JO1fnIOE8R/5b8ngonlfjp8/5r4odi/KO64561/IBVqgGfiLhEbr/j7TbBaQPp0HCTQ3TYM+XBZ23fObFQv0leAEWHpV38KAMjQwmqDc5y4IznS5N/aEsuZ6OqO9+YVQfOk500OaU4QuMB+qFEXPnMtlXwg==
FKOlmgsTMzkbSeJC0PifPCvuVeauFEasPloebJTdFZG107PnKkU/mYtTWYFOP1/5L7BeKMAElZIpcBsn9MpVZotQgqORY5E5m5WU/LHQQGlm5uMVM+j4bBd8uOwNpVrqNDNKP1sWYJXZ91Qn3ALZFveBYEtNI9SvZXrSvS9kxptACu5r/DB80tqcx0VJ0vq546CiNkooD4V2nSsXS1rMG3I73Lo8D6Bwu8+fOtOfwV0bS/LS89Yq6WmGD0Ov7yYhjYBxeptIxakHdxzZ8gLshuWR33KLVSlbDnB52fxABw4/u/FEFLb4lVY2YvGLnWuFPiAPMzfg6ISv8g+DCXn/vlvj8RHROGfLbMf09Pj8pRTVt2cMG+t/FUc3RwgdRio1PI5AUFynFgEILvmzeZ6LyZtmpi8ufn8mW8umoj4GaQXqK6cw+8EMGzeViukNdygbBxE1c1xi7ZatMfAlVrqd46B0pIms4oCjKR/KFx0KBSmxuJFaLqxHqjHAF54OUFjyxDUjCCcuLQXjM3p9V2Y=
+q60M2qoP8fZt7N+RwOd5dQYfADkY502BvV857mt99LEjS8Bmu8ZNd5sZ6ZbhDDoBD549YZZb/TtflyRnKr/M9PmFAKD0BD5UQoYRk0t00nDrvNvpRLNNh6SfJ2nLApjqnc8eo/5Y2NngrNMsDp3C+Yvw6oOCUdD8rKRgzLJABEHgVJyvNfBa28Tov99B8/z/jq41yRLpXlXhCEFpJnFm4TL2Q62F98W4cVC+MS4JXN0/BJEtRV3hQQHVH0SBcKKfMivqfsBue1O28MoQpVeqKNE2TwU6B6ABbcSBSMqK7cwmR/LXsONUeRJH58RCex0cbRlj4SvtvwxERgaYFO8VHzhQQFefV3sCbtpdvVg3vobSDm+I1SuVrTAvJsnknfYkQdL7S7XV8A=
rx5adKX0Q82t6WiDwGVf+9jfEUthsDF1GGObijixxzk1FQ+LEc3kZ1/H3Dw0dhBZShFhZPHF1ei8zaXbnoFSatC+QWKOz1ByeEdzAAQMwPqQkMUPq4OP9kvBS/ksHXHen7Z7KPbBDc/Z2/QXyICAV5k=
hGl+b9HBr3NosX7OLGDcEddKs1DOQPcmvco+LMxBon8gDq61QaNRNw0mabVxHbBZhPvtO6BAzDWvXxvvjt9S5LJXqw==
4KEOD5dF+XGhjvESx6fGf0u7/WHcJtdFxHagMlKjvn/9G9GH7stfOlcg4VLuJHeyWnwHUIsYQUskLROAZybdncNL6rVXrg==
joh9xTE8mWNDhC9ROffJXEI/T+tg+Ueubt8DK2tSZyLEsr63sNH5te5jjUtEkcy3tySV+ip6cqp8a8CKL1YXZc2NJqRwxEetArUZIEEcJBO675RAA6ofzgLT/pBLRzjcVwa8l4aMHwwtlBEpzOTVXbBPx0ychiMLu5ROAW0DW1fSrg4p+5O7NyXfg8yTFVHN0vea/ZY85sdqrgv4By6ju04nKRyL1bedOL282NB9DUM6haccg5s3ALoylTAkZBQWodpWKPYPGM1eJY6vn0B030EYDDJt0eQ9j8KpqZBnli4cs6hKJeFA4v/c3/70NJ/GWNtE/PKjBIyI94/M8m0lRuPEQ9Xl48E2a8FkwfD2+OKZDq2hUx7rBVM/L1FjKv249g9k+BRijGnay0BovfG5QHcTIzDSfZ7Qk8zzbcLAnrj1/3KdM0JrT4CRvxMOa43plIH/h4HhLAxBPEXXVIc2xMFZeIJwO/yszOnh2Q7VXVR5c4luZYgegivAEuPzeytuTYncAzf6NyAhD+s1fn9XeA==
1EBtpCdiyTOck5gyWJG7ACvuVeauFEasPloebJTdFZG107PnKkU/mYtTWYFOP1/5L7BeKMAElZIpcBsn9MpVZotQgqORY5E5m5WU/LHQQGlm5uMVM+j4bBd8uOwNpVrqNDNKP1sWYJXZ91Qn3ALZFveBYEtNI9SvZXrSvS9kxptACu5r/DB80tqcx0VJ0vq546CiNkooD4V2nSsXS1rMG3I73Lo8D6Bwu8+fOtOfwV0bS/LS89Yq6WmGD0Ov7yYhjYBxeptIxakHdxzZ8gLshuWR33KLVSlbDnB52fxABw4/u/FEFLb4lVY2YvGLnWuFPiAPMzfg6ISv8g+DCXn/vlvj8RHROGfLbMf09Pj8pRTVt2cMG+t/FUc3RwgdRio1PI5AUFynFgEILvmzeZ6LyZtmpi8ufn8mW8umoj4GaQXqK6cw+8EMGzeViukNdygbBxE1c1xi7ZatMfAlVrqd46B0pIms4oCjKR/KFx0KBSmxuJFaLqxHqjrFF5kLUFHzxDUjCCcuLQXjM3p9V2Y=
f5VC6KyyT1ygqBewiY7U6kI/T+tg+Ueubt8DK2tSZyLEsr63sNH5te5jjUtEkcy3tySV+ip6cqp8a8CKL1YXZc2NJqRwxEetArUZIEEcJBO675RAA6ofzgLT/pBLRzjcVwa8l4aMHwwtlBEpzOTVXbBPx0ychiMLu5ROAW0DW1fSrg4p+5O7NyXfg8yTFVHN0vea/ZY85sdqrgv4By6ju04nKRyL1bedOL282NB9DUM6haccg5s3ALoylTAkZBQWodpWKPYPGM1eJY6vn0B030EYDDJt0eQ9j8KpqZBnli4cs6hKJeFA4v/c3/70NJ/GWNtE/PKjBIyI94/M8m0lRuPEQ9Xl48E2a8FkwfD2+OKZDq2hUx7rBVM/L1FjKv249g9k+BRijGnay0BovfG5QHcTIzDSfZ7Qk8zzbcLAnrj1/3KdM0JrT4CRvxMOa43plIH/h4HhLAxBPEXXVIc2xMFZeIJwO/yszOnh2Q7VXVR5c4luZYgegivAE+PzeytuTYncAzf6NyAhD+s1fn9XeA==
+S6UnHj5073b4cqzeM0o3CvuVeauFEasPloebJTdFZG107PnKkU/mYtTWYFOP1/5L7BeKMAElZIpcBsn9MpVZotQgqORY5E5m5WU/LHQQGlm5uMVM+j4bBd8uOwNpVrqNDNKP1sWYJXZ91Qn3ALZFveBYEtNI9SvZXrSvS9kxptACu5r/DB80tqcx0VJ0vq546CiNkooD4V2nSsXS1rMG3I73Lo8D6Bwu8+fOtOfwV0bS/LS89Yq6WmGD0Ov7yYhjYBxeptIxakHdxzZ8gLshuWR33KLVSlbDnB52fxABw4/u/FEFLb4lVY2YvGLnWuFPiAPMzfg6ISv8g+DCXn/vlvj8RHROGfLbMf09Pj8pRTVt2cMG+t/FUc3RwgdRio1PI5AUFynFgEILvmzeZ6LyZtmpi8ufn8mW8umoj4GaQXqK6cw+8EMGzeViukNdygbBxE1c1xi7ZatMfAlVrqd46B0pIms4oCjKR/KFx0KBSmxuJFaLqxHqjvFF5kLUFHzxDUjCCcuLQXjM3p9V2Y=
f5VC6KyyT1ygqBewiY7U6kI/T+tg+Ueubt8DK2tSZyLEsr63sNH5te5jjUtEkcy3tySV+ip6cqp8a8CKL1YXZc2NJqRwxEetArUZIEEcJBO675RAA6ofzgLT/pBLRzjcVwa8l4aMHwwtlBEpzOTVXbBPx0ychiMLu5ROAW0DW1fSrg4p+5O7NyXfg8yTFVHN0vea/ZY85sdqrgv4By6ju04nKRyL1bedOL282NB9DUM6haccg5s3ALoylTAkZBQWodpWKPYPGM1eJY6vn0B030EYDDJt0eQ9j8KpqZBnli4cs6hKJeFA4v/c3/70NJ/GWNtE/PKjBIyI94/M8m0lRuPEQ9Xl48E2a8FkwfD2+OKZDq2hUx7rBVM/L1FjKv249g9k+BRijGnay0BovfG5QHcTIzDSfZ7Qk8zzbcLAnrj1/3KdM0JrT4CRvxMOa43plIH/h4HhLAxBPEXXVIc2xMFZeIJwO/yszOnh2Q7VXVR5c4luZYgegivAE+PzeytuTYncAzf6NyAhD+s1fn9XeA==
68RnBMopBDbYBoNGCRNgSivuVeauFEasPloebJTdFZG107PnKkU/mYtTWYFOP1/5L7BeKMAElZIpcBsn9MpVZotQgqORY5E5m5WU/LHQQGlm5uMVM+j4bBd8uOwNpVrqNDNKP1sWYJXZ91Qn3ALZFveBYEtNI9SvZXrSvS9kxptACu5r/DB80tqcx0VJ0vq546CiNkooD4V2nSsXS1rMG3I73Lo8D6Bwu8+fOtOfwV0bS/LS89Yq6WmGD0Ov7yYhjYBxeptIxakHdxzZ8gLshuWR33KLVSlbDnB52fxABw4/u/FEFLb4lVY2YvGLnWuFPiAPMzfg6ISv8g+DCXn/vlvj8RHROGfLbMf09Pj8pRTVt2cMG+t/FUc3RwgdRio1PI5AUFynFgEILvmzeZ6LyZtmpi8ufn8mW8umoj4GaQXqK6cw+8EMGzeViukNdygbBxE1c1xi7ZatMfAlVrqd46B0pIms4oCjKR/KFx0KBSmxuJFaLqxHqjzFF5kLUFHzxDUjCCcuLQXjM3p9V2Y=
QZIR1rlk5aMNh8zeG3nj/u90bi40p5MRFxECgxWXnPGEotyCHxOf7RU22mpvvFe6IPowSGDf+ndPlsmYNKtw9M/Bh7DsSN8eULuVzFCcgVMDm7cYKwUZ/K2U+jTUZwuy+tE+4YTwE3fj4eMEO9Y8hOeZUtlbAPKn56FW1Hk5XhewY9NXKrhgmQGpK1VqpTH5n6EKDOA9GCVFWzOiCX+Ih7WpkN3hBKoZ3xTlw0riyIY1YUCKCm7JO1fnIOE8R/5b8ngonlfjp8/5r4odi/KO64561/IBVqgGfiLhEbr/j7TbBaQPp0HCTQ3TYM+XBZ23fObFQv0leAEWHpV38KAMjQwmqDc5y4IznS5N/aEsuZ6OqO9+blEfPUt02eeU4QuMB+qFEXPnMtlXwg==
QZIR1rlk5aMNh8zeG3nj/u90bi40p5MRFxECgxWXnPGEotyCHxOf7RU22mpvvFe6IPowSGDf+ndPlsmYNKtw9M/Bh7DsSN8eULuVzFCcgVMDm7cYKwUZ/K2U+jTUZwuy+tE+4YTwE3fj4eMEO9Y8hOeZUtlbAPKn56FW1Hk5XhewY9NXKrhgmQGpK1VqpTH5n6EKDOA9GCVFWzOiCX+Ih7WpkN3hBKoZ3xTlw0riyIY1YUCKCm7JO1fnIOE8R/5b8ngonlfjp8/5r4odi/KO64561/IBVqgGfiLhEbr/j7TbBaQPp0HCTQ3TYM+XBZ23fObFQv0leAEWHpV38KAMjQwmqDc5y4IznS5N/aEsuZ6OqO9+blEfPUt02eeU4QuMB+qFEXPnMtlXwg==
KfEvzpXKqEpl/X0BMvm0/NQYfADkY502BvV857mt99LEjS8Bmu8ZNd5sZ6ZbhDDoBD549YZZb/TtflyRnKr/M9PmFAKD0BD5UQoYRk0t00nDrvNvpRLNNh6SfJ2nLApjqnc8eo/5Y2NngrNMsDp3C+Yvw6oOCUdD8rKRgzLJABEHgVJyvNfBa28Tov99B8/z/jq41yRLpXlXhCEFpJnFm4TL2Q62F98W4cVC+MS4JXN0/BJEtRV3hQQHVH0SBcKKfMivqfsBue1O28MoQpVeqKNE2TwU6B6ABbcSBSMqK7cwmR/LXsONUeRJH58RCex0cbRlj4SvtvwxERgaYFO8VHzhQQFefV3sCbtpdvVg3vobSDa7I1OrVr3BvJsnknfYkQdL7S7XV8A=
KfEvzpXKqEpl/X0BMvm0/NQYfADkY502BvV857mt99LEjS8Bmu8ZNd5sZ6ZbhDDoBD549YZZb/TtflyRnKr/M9PmFAKD0BD5UQoYRk0t00nDrvNvpRLNNh6SfJ2nLApjqnc8eo/5Y2NngrNMsDp3C+Yvw6oOCUdD8rKRgzLJABEHgVJyvNfBa28Tov99B8/z/jq41yRLpXlXhCEFpJnFm4TL2Q62F98W4cVC+MS4JXN0/BJEtRV3hQQHVH0SBcKKfMivqfsBue1O28MoQpVeqKNE2TwU6B6ABbcSBSMqK7cwmR/LXsONUeRJH58RCex0cbRlj4SvtvwxERgaYFO8VHzhQQFefV3sCbtpdvVg3vobSDa7I1OrVr3BvJsnknfYkQdL7S7XV8A=
QZIR1rlk5aMNh8zeG3nj/u90bi40p5MRFxECgxWXnPGEotyCHxOf7RU22mpvvFe6IPowSGDf+ndPlsmYNKtw9M/Bh7DsSN8eULuVzFCcgVMDm7cYKwUZ/K2U+jTUZwuy+tE+4YTwE3fj4eMEO9Y8hOeZUtlbAPKn56FW1Hk5XhewY9NXKrhgmQGpK1VqpTH5n6EKDOA9GCVFWzOiCX+Ih7WpkN3hBKoZ3xTlw0riyIY1YUCKCm7JO1fnIOE8R/5b8ngonlfjp8/5r4odi/KO64561/IBVqgGfiLhEbr/j7TbBaQPp0HCTQ3TYM+XBZ23fObFQv0leAEWHpV38KAMjQwmqDc5y4IznS5N/aEsuZ6OqO9+blEfPUt02eeU4QuMB+qFEXPnMtlXwg==
KfEvzpXKqEpl/X0BMvm0/NQYfADkY502BvV857mt99LEjS8Bmu8ZNd5sZ6ZbhDDoBD549YZZb/TtflyRnKr/M9PmFAKD0BD5UQoYRk0t00nDrvNvpRLNNh6SfJ2nLApjqnc8eo/5Y2NngrNMsDp3C+Yvw6oOCUdD8rKRgzLJABEHgVJyvNfBa28Tov99B8/z/jq41yRLpXlXhCEFpJnFm4TL2Q62F98W4cVC+MS4JXN0/BJEtRV3hQQHVH0SBcKKfMivqfsBue1O28MoQpVeqKNE2TwU6B6ABbcSBSMqK7cwmR/LXsONUeRJH58RCex0cbRlj4SvtvwxERgaYFO8VHzhQQFefV3sCbtpdvVg3vobSDa7I1OrVr3BvJsnknfYkQdL7S7XV8A=
XkQEf7r2xieAtbUfk9MqI1RDbouSjPeFcvBbflmq2lQg0T73pI4qPd0zPc9pxg1t3awLEUK7KXNcMCBti38/16LPTuy2V68=
JXyQ0PVRwiiyPp/vgJzmY/CTGFk7m5+1KQIfyeqzIyyrx0EgJgr4WPEqm/r4QCrZFNN2zviZd7u3W8uWzzn3hAAVUJv7N5aYivkJ752DaIdkyKRXvQ==
RPaozJjlWa73h77vmxQ7/NdKs1DOQPcmvco+LM1Bon8gDq61QaNRNw0mabVxFLdZgfvtO6BAzDWvXxvvjt9S5LJXqw==
986PifhYxK9jjYZ3GgXd71RDbouSjPeFcvBbflmq2lQh0T73pI4qPd0zPc9pxg1t3acLEUW7KXNcMCBti38/16LPTuy2V68=
HNobS3/aXAPUTr7mMFMrpNjfEUthsDF1GGObijixxzk1FQ+LEc3kZ1/H3Dw0dhBZShFhZPHF1ei8zaXbnoFSatC+QWKOz1ByeEdzBA0bx/qQkMUPq4OP9kvBS/kvHXLbn796KPbBDc/Z2/QXyICAV5k=
uW8HgdGbvDQhkV7YUT2dOtjfEUthsDF1GGObijixxzk1FQ+LEc3kZ1/H3Dw0dhBZShFhZPHF1ei8zaXbnoFSatC+QWKOz1ByeEdzBA0bx/qQkMUPq4OP9kvBS/wuHXLbn796KPbBDc/Z2/QXyICAV5k=
Q2OO7ZXqguxuUpFORQikt0I/T+tg+Ueubt8DK2tSZyLEsr63sNH5te5jjUtEkcy3tySV+ip6cqp8a8CKL1YXZc2NJqRwxEetArUZIEEcJBO675RAA6ofzgLT/pBLRzjcVwa8l4aMHwwtlBEpzOTVXbBPx0ychiMLu5ROAW0DW1fSrg4p+5O7NyXfg8yTFVHN0vea/ZY85sdqrgv4By6ju04nKRyL1bedOL282NB9DUM6haccg5s3ALoylTAkZBQWodpWKPYPGM1eJY6vn0B030EYDDJt0eQ9j8KpqZBnli4cs6hKJeFA4v/c3/70NJ/GWNtE/PKjBIyI94/M8m0lRuPEQ9Xl48E2a8FkwfD2+OKZDq2hUx7rBVM/L1FjKv249g9k+BRijGnay0BovfG5QHcTIzDSfZ7Qk8zzbcLAnrj1/3KdM0JrT4CRvxMOa43plIH/h4HhLAxBPEXXVIc2xMFZeIJwO/yszOnh2Q7VXVR5c4luZYgegivAFePzfStuTYncAzf6NyAhD+s1fn9XeA==
wKFP90Gf7lg2aDhu22KD0SvuVeauFEasPloebJTdFZG107PnKkU/mYtTWYFOP1/5L7BeKMAElZIpcBsn9MpVZotQgqORY5E5m5WU/LHQQGlm5uMVM+j4bBd8uOwNpVrqNDNKP1sWYJXZ91Qn3ALZFveBYEtNI9SvZXrSvS9kxptACu5r/DB80tqcx0VJ0vq546CiNkooD4V2nSsXS1rMG3I73Lo8D6Bwu8+fOtOfwV0bS/LS89Yq6WmGD0Ov7yYhjYBxeptIxakHdxzZ8gLshuWR33KLVSlbDnB52fxABw4/u/FEFLb4lVY2YvGLnWuFPiAPMzfg6ISv8g+DCXn/vlvj8RHROGfLbMf09Pj8pRTVt2cMG+t/FUc3RwgdRio1PI5AUFynFgEILvmzeZ6LyZtmpi8ufn8mW8umoj4GaQXqK6cw+8EMGzeViukNdygbBxE1c1xi7ZatMfAlVrqd46B0pIms4oCjKR/KFx0KBSmxuJFaLqxHqj3FF58LUFHzxDUjCCcuLQXjM3p9V2Y=
lrZhzjzxtTMGDQIEsiejIe90bi40p5MRFxECgxWXnPGEotyCHxOf7RU22mpvvFe6IPowSGDf+ndPlsmYNKtw9M/Bh7DsSN8eULuVzFCcgVMDm7cYKwUZ/K2U+jTUZwuy+tE+4YTwE3fj4eMEO9Y8hOeZUtlbAPKn56FW1Hk5XhewY9NXKrhgmQGpK1VqpTH5n6EKDOA9GCVFWzOiCX+Ih7WpkN3hBKoZ3xTlw0riyIY1YUCKCm7JO1fnIOE8R/5b8ngonlfjp8/5r4odi/KO64561/IBVqgGfiLhEbr/j7TbBaQPp0HCTQ3TYM+XBZ23fObFQv0leAEWHpV38KAMjQwmqDc5y4IznS5N/aEsuZ6OqO9+blEfO0t02eeU4QuMB+qFEXPnMtlXwg==
meo/pXD07uUGC6EGRRquo0I/T+tg+Ueubt8DK2tSZyLEsr63sNH5te5jjUtEkcy3tySV+ip6cqp8a8CKL1YXZc2NJqRwxEetArUZIEEcJBO675RAA6ofzgLT/pBLRzjcVwa8l4aMHwwtlBEpzOTVXbBPx0ychiMLu5ROAW0DW1fSrg4p+5O7NyXfg8yTFVHN0vea/ZY85sdqrgv4By6ju04nKRyL1bedOL282NB9DUM6haccg5s3ALoylTAkZBQWodpWKPYPGM1eJY6vn0B030EYDDJt0eQ9j8KpqZBnli4cs6hKJeFA4v/c3/70NJ/GWNtE/PKjBIyI94/M8m0lRuPEQ9Xl48E2a8FkwfD2+OKZDq2hUx7rBVM/L1FjKv249g9k+BRijGnay0BovfG5QHcTIzDSfZ7Qk8zzbcLAnrj1/3KdM0JrT4CRvxMOa43plIH/h4HhLAxBPEXXVIc2xMFZeIJwO/yszOnh2Q7VXVR5c4luZYgegivAFuPzfStuTYncAzf6NyAhD+s1fn9XeA==
uobmgQ08W8XQbPLKQQPOnNQYfADkY502BvV857mt99LEjS8Bmu8ZNd5sZ6ZbhDDoBD549YZZb/TtflyRnKr/M9PmFAKD0BD5UQoYRk0t00nDrvNvpRLNNh6SfJ2nLApjqnc8eo/5Y2NngrNMsDp3C+Yvw6oOCUdD8rKRgzLJABEHgVJyvNfBa28Tov99B8/z/jq41yRLpXlXhCEFpJnFm4TL2Q62F98W4cVC+MS4JXN0/BJEtRV3hQQHVH0SBcKKfMivqfsBue1O28MoQpVeqKNE2TwU6B6ABbcSBSMqK7cwmR/LXsONUeRJH58RCex0cbRlj4SvtvwxERgaYFO8VHzhQQFefV3sCbtpdvVg3vobSDa7I1WrVr3BvJsnknfYkQdL7S7XV8A=
lrZhzjzxtTMGDQIEsiejIe90bi40p5MRFxECgxWXnPGEotyCHxOf7RU22mpvvFe6IPowSGDf+ndPlsmYNKtw9M/Bh7DsSN8eULuVzFCcgVMDm7cYKwUZ/K2U+jTUZwuy+tE+4YTwE3fj4eMEO9Y8hOeZUtlbAPKn56FW1Hk5XhewY9NXKrhgmQGpK1VqpTH5n6EKDOA9GCVFWzOiCX+Ih7WpkN3hBKoZ3xTlw0riyIY1YUCKCm7JO1fnIOE8R/5b8ngonlfjp8/5r4odi/KO64561/IBVqgGfiLhEbr/j7TbBaQPp0HCTQ3TYM+XBZ23fObFQv0leAEWHpV38KAMjQwmqDc5y4IznS5N/aEsuZ6OqO9+blEfO0t02eeU4QuMB+qFEXPnMtlXwg==
uhkjIv7iczAYwOyC/61M/yvuVeauFEasPloebJTdFZG107PnKkU/mYtTWYFOP1/5L7BeKMAElZIpcBsn9MpVZotQgqORY5E5m5WU/LHQQGlm5uMVM+j4bBd8uOwNpVrqNDNKP1sWYJXZ91Qn3ALZFveBYEtNI9SvZXrSvS9kxptACu5r/DB80tqcx0VJ0vq546CiNkooD4V2nSsXS1rMG3I73Lo8D6Bwu8+fOtOfwV0bS/LS89Yq6WmGD0Ov7yYhjYBxeptIxakHdxzZ8gLshuWR33KLVSlbDnB52fxABw4/u/FEFLb4lVY2YvGLnWuFPiAPMzfg6ISv8g+DCXn/vlvj8RHROGfLbMf09Pj8pRTVt2cMG+t/FUc3RwgdRio1PI5AUFynFgEILvmzeZ6LyZtmpi8ufn8mW8umoj4GaQXqK6cw+8EMGzeViukNdygbBxE1c1xi7ZatMfAlVrqd46B0pIms4oCjKR/KFx0KBSmxuJFaLqxHqj7FF58LUFHzxDUjCCcuLQXjM3p9V2Y=
2xuaHaZimwSNd5uE7qZKVtQYfADkY502BvV857mt99LEjS8Bmu8ZNd5sZ6ZbhDDoBD549YZZb/TtflyRnKr/M9PmFAKD0BD5UQoYRk0t00nDrvNvpRLNNh6SfJ2nLApjqnc8eo/5Y2NngrNMsDp3C+Yvw6oOCUdD8rKRgzLJABEHgVJyvNfBa28Tov99B8/z/jq41yRLpXlXhCEFpJnFm4TL2Q62F98W4cVC+MS4JXN0/BJEtRV3hQQHVH0SBcKKfMivqfsBue1O28MoQpVeqKNE2TwU6B6ABbcSBSMqK7cwmR/LXsONUeRJH58RCex0cbRlj4SvtvwxERgaYFO8VHzhQQFefV3sCbtpdvVg3vobSDe7I1WrVr3BvJsnknfYkQdL7S7XV8A=
aolXxFLEJshv6XheOXetQ0I/T+tg+Ueubt8DK2tSZyLEsr63sNH5te5jjUtEkcy3tySV+ip6cqp8a8CKL1YXZc2NJqRwxEetArUZIEEcJBO675RAA6ofzgLT/pBLRzjcVwa8l4aMHwwtlBEpzOTVXbBPx0ychiMLu5ROAW0DW1fSrg4p+5O7NyXfg8yTFVHN0vea/ZY85sdqrgv4By6ju04nKRyL1bedOL282NB9DUM6haccg5s3ALoylTAkZBQWodpWKPYPGM1eJY6vn0B030EYDDJt0eQ9j8KpqZBnli4cs6hKJeFA4v/c3/70NJ/GWNtE/PKjBIyI94/M8m0lRuPEQ9Xl48E2a8FkwfD2+OKZDq2hUx7rBVM/L1FjKv249g9k+BRijGnay0BovfG5QHcTIzDSfZ7Qk8zzbcLAnrj1/3KdM0JrT4CRvxMOa43plIH/h4HhLAxBPEXXVIc2xMFZeIJwO/yszOnh2Q7VXVR5c4luZYgegivAF+PzfStuTYncAzf6NyAhD+s1fn9XeA==
/ChX4rb0HocNEskkbGJT+e90bi40p5MRFxECgxWXnPGEotyCHxOf7RU22mpvvFe6IPowSGDf+ndPlsmYNKtw9M/Bh7DsSN8eULuVzFCcgVMDm7cYKwUZ/K2U+jTUZwuy+tE+4YTwE3fj4eMEO9Y8hOeZUtlbAPKn56FW1Hk5XhewY9NXKrhgmQGpK1VqpTH5n6EKDOA9GCVFWzOiCX+Ih7WpkN3hBKoZ3xTlw0riyIY1YUCKCm7JO1fnIOE8R/5b8ngonlfjp8/5r4odi/KO64561/IBVqgGfiLhEbr/j7TbBaQPp0HCTQ3TYM+XBZ23fObFQv0leAEWHpV38KAMjQwmqDc5y4IznS5N/aEsuZ6OqO9+b1EfO0t02eeU4QuMB+qFEXPnMtlXwg==
KszPSUgognJC2oOPfW/t5CvuVeauFEasPloebJTdFZG107PnKkU/mYtTWYFOP1/5L7BeKMAElZIpcBsn9MpVZotQgqORY5E5m5WU/LHQQGlm5uMVM+j4bBd8uOwNpVrqNDNKP1sWYJXZ91Qn3ALZFveBYEtNI9SvZXrSvS9kxptACu5r/DB80tqcx0VJ0vq546CiNkooD4V2nSsXS1rMG3I73Lo8D6Bwu8+fOtOfwV0bS/LS89Yq6WmGD0Ov7yYhjYBxeptIxakHdxzZ8gLshuWR33KLVSlbDnB52fxABw4/u/FEFLb4lVY2YvGLnWuFPiAPMzfg6ISv8g+DCXn/vlvj8RHROGfLbMf09Pj8pRTVt2cMG+t/FUc3RwgdRio1PI5AUFynFgEILvmzeZ6LyZtmpi8ufn8mW8umoj4GaQXqK6cw+8EMGzeViukNdygbBxE1c1xi7ZatMfAlVrqd46B0pIms4oCjKR/KFx0KBSmxuJFaLqxHqj/FF58LUFHzxDUjCCcuLQXjM3p9V2Y=
Lu5bacUv+1idOu/Dguqdj9QYfADkY502BvV857mt99LEjS8Bmu8ZNd5sZ6ZbhDDoBD549YZZb/TtflyRnKr/M9PmFAKD0BD5UQoYRk0t00nDrvNvpRLNNh6SfJ2nLApjqnc8eo/5Y2NngrNMsDp3C+Yvw6oOCUdD8rKRgzLJABEHgVJyvNfBa28Tov99B8/z/jq41yRLpXlXhCEFpJnFm4TL2Q62F98W4cVC+MS4JXN0/BJEtRV3hQQHVH0SBcKKfMivqfsBue1O28MoQpVeqKNE2TwU6B6ABbcSBSMqK7cwmR/LXsONUeRJH58RCex0cbRlj4SvtvwxERgaYFO8VHzhQQFefV3sCbtpdvVg3vobSDi7I1WrVr3BvJsnknfYkQdL7S7XV8A=
31FIQRTebRSYxlLqWmC0htjfEUthsDF1GGObijixxzk1FQ+LEc3kZ1/H3Dw0dhBZShFhZPHF1ei8zaXbnoFSatC+QWKOz1ByeEdzAAQMwPqQkMUPq4OP9kvBS/wrHXLbn796KPbBDc/Z2/QXyICAV5k=
vNQsIv515JLi7YQMXCZCv3D30Fv8umwcMY/smSxtIii2m9d8/z8NYOqyrIhFQkdahOi/qaBL+k50AcNLI/M3NpPRQ9vSrRpbN09CSP7R1Y+ha3y3kNCoV7E=
C7OVPY7DFePkos3P927pweVamc91CioDny48KShNO91MLkm95HFfV3NECh0CZ2bLvKH7yITpL0zzF9mgvtogePk6c7qQ8KN5bOOOzoCpjxs/6yNWpyn/pFpFzRtjZ054gukhLzXz4GfcuJxXhQ==
xIoUUtr37o8QSHbugeKOngO7LTG2jLQBJDyppeEYXk29xBGjo4BE7kIwK57pKko08RFuF7SOOl0Nc20v+Ua9DS3mOvE3uxlTrHCQzfv/r3dyj57Mple/
rvvTxoFa8lQSguGT71OWmDEoIC4JzpCmdHsty5yFMDZfLtp51nB6CAKa/e/YEx4PPUvxl+7bf2qXUEHibtQXApos50WLCCGbZJ3z8OeWfW2Dm8qlV74=
jVS/x3LVJLB2oLojrfw+rtJmFysAiC/JPiMmFu2/EHrLpUagwApLTkrEupuDxxN1cG0FSulYpkUWzAK08iaF0zgvZjPN94krbmcH1mdsOd6O6G++a5Kf+Us0WaeUoYtMByoF0XOnsplXgg==
0Z3Wm4pvortUfwwlhH+L6vHw1ntAyPfjF0AHo+nYYf5yH3bSHtaq8CFZqMGqQeXxvVEumbtU35p9tL7mQ+ypdAtj6+oFhYy37wbXhIljm2HGo1e8
Dibdn8UTmFdiehaWgQQocEjY98EPcGDByzBQqsFKMBMQB3zYxMjCJQLsFWUFza4dM9hPLuVIHkKrgBijc7kqrs3J3EO3OjfgoU/rdf6/V7g=
1CSnPqgbR6mGw76/Hmkozq/VmXpZ3PHkREABo+nYYP45FnDXWMusrBx0osGqQOXxvVEumbtU35p9tL7mQ+yjdAtl6uoFhYy37wbXhIljm2HGo1e8
1GeOFBsKlPaQYiLHlTm5LfzApxb3mXYpvJanGWMCQ427vWYtKhYs3ijIAljqauhryorWXEXh+o84DrbFmQPZx2XmQaV5NY6J/HpVa1ggxCXHn7NfBr+K1KpXsw==
b8ULH5irDbsn9QHeZj1/O27ewusYHeKhiwY/Fy7KwuhojCgiOs+gGlzY10mYW/JOfBH7K8vDb/Yrgat8S12W2r//2qhWgS3P+ZtUl2jAoFe5
bvj56GmzHffhcBhfwDSIbBh4YyRcbn8tXePHuFQFMuW5/q9WIajHfxgzKsW+vUUxsr+GYo3HaRtuV+fmJzzZTg54z24u5L8PSkR5V1TxK9yHumUBs5fSqVey
yi3z9Hkwm/WC+QWrDhCtawLamLpmUVP9rW35OVgINjD2WuRz/uoCZAkxRuesjiItJVMV/zEGdb11DZVhyDqhw8TQSL0zP+enSu92/L5Xpw==
vorZF14xBIXgqCI/1hxMYQNb46QZaifSscxvq1jnAqGuuU0lkutOJt0jwY/uw08Cd3gRGi5sx2o5gZfbCpDRM8R1o0gn7q1F43P6vVem
tgthqPoTkFYHkbmeDzS1THD4iBetqzwWPYKqjip4KjPzzJBytnpKaOD8sIJSHxhahOi/qaBL+k50AcNLI/M3NpPRQ93XrR1aN09CSP7R1Y+ha3y3kNCoV7E=
tVmQW9NNfGSZ5YDjsBo/o9d9EDAHkyjSOTghDeqqEHTKpUegwRVaHUrSrY2DwlIlaSQGQKZX4g8Ywwq1/m3loTIvZjLN94krbmcH1mdsOd6O6G++apGf/Eo0WaeUoYtMByoF0XOnsplXgg==
8FaLwBpOL4eborwJHY3KY6iOtx4MNoOOxn4y3J/6wmSkSIrogopQGxJKroydgdKfMA6+1bHjgZedphlVwVJkOXf63RvwgLyVH9+Lj16fYsSiV7s=
CLyPvuQG13+lZ/6L8BtBqXMe0b5aCk5phs34RaZPxmPxc2KZmpiF6Y1JLoGLTL9CTex+vvM0wey7/mpytR3sb19eF9y5u/t59rtXpA==
De0nH6qjihSq91dwDrCgEPbW6B1YJoicgGM5iNK6hC6gSIrogopQGxJKroydgdKfMA6+1bHjgZedphlVwVJnOXf63RvwgLyVH9+Lj16fYsSiV7s=
mrllqNxO2DAWTgd46DKcIV9cu0BwAn+f0HznjX5p7+I9hXse41mvlNJ2UhlK1qX5k/a6wUlAbnR2oypLWIfCQS7ZjcWSy46GXYMBr+7jj6L32NE6LowHCrlnV7gKcJFTRJXjKCfO7eVj07qdV4Y=
pmN3rbO/YxSbRpmQ0PRPoqiOtx4MNoOOxn4y3J/6wmSkSIrogopQGxJKroydgdKfMA6+1bHjgZedphlVwVNmOXf63RvwgLyVH9+Lj16fYsSiV7s=
AUaAuzIL96tKe5EeNuhJ33Me0b5aCk5phs34RaZPxmPxc2KZmpiF6Y1JLoGLTL9CTex+vvM0wuq7/mpytR3sb19eF9y5u/t59rtXpA==
jncxIQlS0XIjtDba9iWU2gYQd8VOapKEefEWx5yOEg31E+WfoYbFHSXG4IHaOrHj9JCY3cO/dwf6LyYczlfX
/gB0iA0Oq30D3zaLWVChj80P9QDTRqNw4so+LM1Bon8gDq61QaNRNw0mabVxHLRZhvrtO6BAzDWvXxvvjt9S5LJXqw==
hUYzmkFB6jnh10WE7S4nKoj+c1Zuhd6+PhAW06/kZCLiggYoLETkUuZ3xPr4QCvZFNN2zviZd7u3W8uWzzn3iwIVV5r7N5aYivkJ752DaIdkyKRXvQ==
hfrlohmUjnwiLj6d2qRP79PSxrPDZnjp7ItjtmL4rJ3AFmMazBhcChFryM+dmNyxb3gNcqDQXmjw3GDCAr+I2vRIT+nQawpOBCEzi1NTx7YDcZMUhI0LWicvkoiusUUPEQvMd6CwmFeB
ghSGWwFauxkAN27aThXnUqiOtx4MNoOOxn4y3J/6wmSkSIrogopQGxJKroydgdKfMA6+1bHjgZedphlVwVZhOXH63RvwgLyVH9+Lj16fYsSiV7s=
Z1hBmCnr3gyn67crHGMWsHMe0b5aCk5phs34RaZPxmPxc2KZmpiF6Y1JLoGLTL9CTex+vvM0xOq7+GpytR3sb19eF9y5u/t59rtXpA==
UMd0YkOLEqR6qtF0P61t1V3jcjLinL8TYiGi8axYGAe5xRHoqoZBqF82d6PEIEo08BFuF7SOOl0Nc20v+Ua9DS3tOfE5uhlTrHCQzfv/r3dyj57Mple/
i2xJ3YFNrKPVxzmRNEyLZk4lKhXshMDFx7AyUVmczLySdSS68zUX+seVu4WJioHwqFc+NVoYcDdB5Vm4MgbZ+JfWT9Ps4OKkaLGmJ8yOwm1F0/W/UQaV/RWCcyGhOoGDZFDo/RM/x+fqb9a8nleH
KS+XItcg9KTf3uYEm/u8APHw1ntAyPfjF0AHo+nYYf5yH3bSHtaq8CFZqMGqQeXxvVEumbtU35p9tL7mQ+yidQts6uoFhYy37wbXhIljm2HGo1e8
i9OevyBBG9Atd9VwDUyBV0I/T+tg+Ueubt8DK2tSZyLEsr63sNH5te5jjUtEkcy3tySV+ip6cqp8a8CKL1YXZc2NJqRwxEetArUZIEEcJBO675RAA6ofzgLT/pBLRzjcVwa8l4aMHwwtlBEpzOTVXbBPx0ychiMLu5ROAW0DW1fSrg4p+5O7NyXfg8yTFVHN0vea/ZY85sdqrgv4By6ju04nKRyL1bedOL282NB9DUM6haccg5s3ALoylTAkZBQWodpWKPYPGM1eJY6vn0B030EYDDJt0eQ9j8KpqZBnli4cs6hKJeFA4v/c3/70NJ/GWNtE/PKjBIyI94/M8m0lRuPEQ9Xl48E2a8FkwfD2+OKZDq2hUx7rBVM/L1FjKv249g9k+BRijGnay0BovfG5QHcTIzDSfZ7Qk8zzbcLAnrj1/3KdM0JrT4CRvxMOa43plIH/h4HhLAxBPEXXVIc2xMFZeIJwO/yszOnh2Q7VXVR5c4luZYgegivAGOLzcSpuTYncAzf6NyAhD+s1fn9XeA==
bncS8dicAD38EhJeDOE8ue90bi40p5MRFxECgxWXnPGEotyCHxOf7RU22mpvvFe6IPowSGDf+ndPlsmYNKtw9M/Bh7DsSN8eULuVzFCcgVMDm7cYKwUZ/K2U+jTUZwuy+tE+4YTwE3fj4eMEO9Y8hOeZUtlbAPKn56FW1Hk5XhewY9NXKrhgmQGpK1VqpTH5n6EKDOA9GCVFWzOiCX+Ih7WpkN3hBKoZ3xTlw0riyIY1YUCKCm7JO1fnIOE8R/5b8ngonlfjp8/5r4odi/KO64561/IBVqgGfiLhEbr/j7TbBaQPp0HCTQ3TYM+XBZ23fObFQv0leAEWHpV38KAMjQwmqDc5y4IznS5N/aEsuZ6OqO9+YVAfN0p02eeU4QuMB+qFEXPnMtlXwg==
bQPOBGAkhHfTcIYOPSxH8yvuVeauFEasPloebJTdFZG107PnKkU/mYtTWYFOP1/5L7BeKMAElZIpcBsn9MpVZotQgqORY5E5m5WU/LHQQGlm5uMVM+j4bBd8uOwNpVrqNDNKP1sWYJXZ91Qn3ALZFveBYEtNI9SvZXrSvS9kxptACu5r/DB80tqcx0VJ0vq546CiNkooD4V2nSsXS1rMG3I73Lo8D6Bwu8+fOtOfwV0bS/LS89Yq6WmGD0Ov7yYhjYBxeptIxakHdxzZ8gLshuWR33KLVSlbDnB52fxABw4/u/FEFLb4lVY2YvGLnWuFPiAPMzfg6ISv8g+DCXn/vlvj8RHROGfLbMf09Pj8pRTVt2cMG+t/FUc3RwgdRio1PI5AUFynFgEILvmzeZ6LyZtmpi8ufn8mW8umoj4GaQXqK6cw+8EMGzeViukNdygbBxE1c1xi7ZatMfAlVrqd46B0pIms4oCjKR/KFx0KBSmxuJFaLqxHqjHEF5MKUFHzxDUjCCcuLQXjM3p9V2Y=
IbOMbJWAe9Ps1BYzLnSF+NQYfADkY502BvV857mt99LEjS8Bmu8ZNd5sZ6ZbhDDoBD549YZZb/TtflyRnKr/M9PmFAKD0BD5UQoYRk0t00nDrvNvpRLNNh6SfJ2nLApjqnc8eo/5Y2NngrNMsDp3C+Yvw6oOCUdD8rKRgzLJABEHgVJyvNfBa28Tov99B8/z/jq41yRLpXlXhCEFpJnFm4TL2Q62F98W4cVC+MS4JXN0/BJEtRV3hQQHVH0SBcKKfMivqfsBue1O28MoQpVeqKNE2TwU6B6ABbcSBSMqK7cwmR/LXsONUeRJH58RCex0cbRlj4SvtvwxERgaYFO8VHzhQQFefV3sCbtpdvVg3vobSDm6I1mqVr3BvJsnknfYkQdL7S7XV8A=
tci2MZr16bQ9wRsfVXizskI/T+tg+Ueubt8DK2tSZyLEsr63sNH5te5jjUtEkcy3tySV+ip6cqp8a8CKL1YXZc2NJqRwxEetArUZIEEcJBO675RAA6ofzgLT/pBLRzjcVwa8l4aMHwwtlBEpzOTVXbBPx0ychiMLu5ROAW0DW1fSrg4p+5O7NyXfg8yTFVHN0vea/ZY85sdqrgv4By6ju04nKRyL1bedOL282NB9DUM6haccg5s3ALoylTAkZBQWodpWKPYPGM1eJY6vn0B030EYDDJt0eQ9j8KpqZBnli4cs6hKJeFA4v/c3/70NJ/GWNtE/PKjBIyI94/M8m0lRuPEQ9Xl48E2a8FkwfD2+OKZDq2hUx7rBVM/L1FjKv249g9k+BRijGnay0BovfG5QHcTIzDSfZ7Qk8zzbcLAnrj1/3KdM0JrT4CRvxMOa43plIH/h4HhLAxBPEXXVIc2xMFZeIJwO/yszOnh2Q7VXVR5c4luZYgegivAGeLzcSpuTYncAzf6NyAhD+s1fn9XeA==
Y7b8af8rB9+Ym72cldOaASvuVeauFEasPloebJTdFZG107PnKkU/mYtTWYFOP1/5L7BeKMAElZIpcBsn9MpVZotQgqORY5E5m5WU/LHQQGlm5uMVM+j4bBd8uOwNpVrqNDNKP1sWYJXZ91Qn3ALZFveBYEtNI9SvZXrSvS9kxptACu5r/DB80tqcx0VJ0vq546CiNkooD4V2nSsXS1rMG3I73Lo8D6Bwu8+fOtOfwV0bS/LS89Yq6WmGD0Ov7yYhjYBxeptIxakHdxzZ8gLshuWR33KLVSlbDnB52fxABw4/u/FEFLb4lVY2YvGLnWuFPiAPMzfg6ISv8g+DCXn/vlvj8RHROGfLbMf09Pj8pRTVt2cMG+t/FUc3RwgdRio1PI5AUFynFgEILvmzeZ6LyZtmpi8ufn8mW8umoj4GaQXqK6cw+8EMGzeViukNdygbBxE1c1xi7ZatMfAlVrqd46B0pIms4oCjKR/KFx0KBSmxuJFaLqxHqjjFF5MKUFHzxDUjCCcuLQXjM3p9V2Y=
xwqk2z8AcNzwGemECOMIB+90bi40p5MRFxECgxWXnPGEotyCHxOf7RU22mpvvFe6IPowSGDf+ndPlsmYNKtw9M/Bh7DsSN8eULuVzFCcgVMDm7cYKwUZ/K2U+jTUZwuy+tE+4YTwE3fj4eMEO9Y8hOeZUtlbAPKn56FW1Hk5XhewY9NXKrhgmQGpK1VqpTH5n6EKDOA9GCVFWzOiCX+Ih7WpkN3hBKoZ3xTlw0riyIY1YUCKCm7JO1fnIOE8R/5b8ngonlfjp8/5r4odi/KO64561/IBVqgGfiLhEbr/j7TbBaQPp0HCTQ3TYM+XBZ23fObFQv0leAEWHpV38KAMjQwmqDc5y4IznS5N/aEsuZ6OqO9+aFEfN0p02eeU4QuMB+qFEXPnMtlXwg==
oD721kxvOXcSN5eBV52hMtQYfADkY502BvV857mt99LEjS8Bmu8ZNd5sZ6ZbhDDoBD549YZZb/TtflyRnKr/M9PmFAKD0BD5UQoYRk0t00nDrvNvpRLNNh6SfJ2nLApjqnc8eo/5Y2NngrNMsDp3C+Yvw6oOCUdD8rKRgzLJABEHgVJyvNfBa28Tov99B8/z/jq41yRLpXlXhCEFpJnFm4TL2Q62F98W4cVC+MS4JXN0/BJEtRV3hQQHVH0SBcKKfMivqfsBue1O28MoQpVeqKNE2TwU6B6ABbcSBSMqK7cwmR/LXsONUeRJH58RCex0cbRlj4SvtvwxERgaYFO8VHzhQQFefV3sCbtpdvVg3vobSDC7I1mqVr3BvJsnknfYkQdL7S7XV8A=
TnI5wP+baSiFMymjHAUxlkI/T+tg+Ueubt8DK2tSZyLEsr63sNH5te5jjUtEkcy3tySV+ip6cqp8a8CKL1YXZc2NJqRwxEetArUZIEEcJBO675RAA6ofzgLT/pBLRzjcVwa8l4aMHwwtlBEpzOTVXbBPx0ychiMLu5ROAW0DW1fSrg4p+5O7NyXfg8yTFVHN0vea/ZY85sdqrgv4By6ju04nKRyL1bedOL282NB9DUM6haccg5s3ALoylTAkZBQWodpWKPYPGM1eJY6vn0B030EYDDJt0eQ9j8KpqZBnli4cs6hKJeFA4v/c3/70NJ/GWNtE/PKjBIyI94/M8m0lRuPEQ9Xl48E2a8FkwfD2+OKZDq2hUx7rBVM/L1FjKv249g9k+BRijGnay0BovfG5QHcTIzDSfZ7Qk8zzbcLAnrj1/3KdM0JrT4CRvxMOa43plIH/h4HhLAxBPEXXVIc2xMFZeIJwO/yszOnh2Q7VXVR5c4luZYgegivAEOPzcSpuTYncAzf6NyAhD+s1fn9XeA==
Y7b8af8rB9+Ym72cldOaASvuVeauFEasPloebJTdFZG107PnKkU/mYtTWYFOP1/5L7BeKMAElZIpcBsn9MpVZotQgqORY5E5m5WU/LHQQGlm5uMVM+j4bBd8uOwNpVrqNDNKP1sWYJXZ91Qn3ALZFveBYEtNI9SvZXrSvS9kxptACu5r/DB80tqcx0VJ0vq546CiNkooD4V2nSsXS1rMG3I73Lo8D6Bwu8+fOtOfwV0bS/LS89Yq6WmGD0Ov7yYhjYBxeptIxakHdxzZ8gLshuWR33KLVSlbDnB52fxABw4/u/FEFLb4lVY2YvGLnWuFPiAPMzfg6ISv8g+DCXn/vlvj8RHROGfLbMf09Pj8pRTVt2cMG+t/FUc3RwgdRio1PI5AUFynFgEILvmzeZ6LyZtmpi8ufn8mW8umoj4GaQXqK6cw+8EMGzeViukNdygbBxE1c1xi7ZatMfAlVrqd46B0pIms4oCjKR/KFx0KBSmxuJFaLqxHqjjFF5MKUFHzxDUjCCcuLQXjM3p9V2Y=
xwqk2z8AcNzwGemECOMIB+90bi40p5MRFxECgxWXnPGEotyCHxOf7RU22mpvvFe6IPowSGDf+ndPlsmYNKtw9M/Bh7DsSN8eULuVzFCcgVMDm7cYKwUZ/K2U+jTUZwuy+tE+4YTwE3fj4eMEO9Y8hOeZUtlbAPKn56FW1Hk5XhewY9NXKrhgmQGpK1VqpTH5n6EKDOA9GCVFWzOiCX+Ih7WpkN3hBKoZ3xTlw0riyIY1YUCKCm7JO1fnIOE8R/5b8ngonlfjp8/5r4odi/KO64561/IBVqgGfiLhEbr/j7TbBaQPp0HCTQ3TYM+XBZ23fObFQv0leAEWHpV38KAMjQwmqDc5y4IznS5N/aEsuZ6OqO9+aFEfN0p02eeU4QuMB+qFEXPnMtlXwg==
xQCkJZb0p15Jhh0CpvRVMtQYfADkY502BvV857mt99LEjS8Bmu8ZNd5sZ6ZbhDDoBD549YZZb/TtflyRnKr/M9PmFAKD0BD5UQoYRk0t00nDrvNvpRLNNh6SfJ2nLApjqnc8eo/5Y2NngrNMsDp3C+Yvw6oOCUdD8rKRgzLJABEHgVJyvNfBa28Tov99B8/z/jq41yRLpXlXhCEFpJnFm4TL2Q62F98W4cVC+MS4JXN0/BJEtRV3hQQHVH0SBcKKfMivqfsBue1O28MoQpVeqKNE2TwU6B6ABbcSBSMqK7cwmR/LXsONUeRJH58RCex0cbRlj4SvtvwxERgaYFO8VHzhQQFefV3sCbtpdvVg3vobSDG7I1mqVr3BvJsnknfYkQdL7S7XV8A=
K1deHZyrGVzhcq49jjoZWEI/T+tg+Ueubt8DK2tSZyLEsr63sNH5te5jjUtEkcy3tySV+ip6cqp8a8CKL1YXZc2NJqRwxEetArUZIEEcJBO675RAA6ofzgLT/pBLRzjcVwa8l4aMHwwtlBEpzOTVXbBPx0ychiMLu5ROAW0DW1fSrg4p+5O7NyXfg8yTFVHN0vea/ZY85sdqrgv4By6ju04nKRyL1bedOL282NB9DUM6haccg5s3ALoylTAkZBQWodpWKPYPGM1eJY6vn0B030EYDDJt0eQ9j8KpqZBnli4cs6hKJeFA4v/c3/70NJ/GWNtE/PKjBIyI94/M8m0lRuPEQ9Xl48E2a8FkwfD2+OKZDq2hUx7rBVM/L1FjKv249g9k+BRijGnay0BovfG5QHcTIzDSfZ7Qk8zzbcLAnrj1/3KdM0JrT4CRvxMOa43plIH/h4HhLAxBPEXXVIc2xMFZeIJwO/yszOnh2Q7VXVR5c4luZYgegivAEePzcSpuTYncAzf6NyAhD+s1fn9XeA==
VCiEcZqNGEJfcmMBBh8DmivuVeauFEasPloebJTdFZG107PnKkU/mYtTWYFOP1/5L7BeKMAElZIpcBsn9MpVZotQgqORY5E5m5WU/LHQQGlm5uMVM+j4bBd8uOwNpVrqNDNKP1sWYJXZ91Qn3ALZFveBYEtNI9SvZXrSvS9kxptACu5r/DB80tqcx0VJ0vq546CiNkooD4V2nSsXS1rMG3I73Lo8D6Bwu8+fOtOfwV0bS/LS89Yq6WmGD0Ov7yYhjYBxeptIxakHdxzZ8gLshuWR33KLVSlbDnB52fxABw4/u/FEFLb4lVY2YvGLnWuFPiAPMzfg6ISv8g+DCXn/vlvj8RHROGfLbMf09Pj8pRTVt2cMG+t/FUc3RwgdRio1PI5AUFynFgEILvmzeZ6LyZtmpi8ufn8mW8umoj4GaQXqK6cw+8EMGzeViukNdygbBxE1c1xi7ZatMfAlVrqd46B0pIms4oCjKR/KFx0KBSmxuJFaLqxHqjnFF5MKUFHzxDUjCCcuLQXjM3p9V2Y=
3naJLS67qPagR22VWtaJx+90bi40p5MRFxECgxWXnPGEotyCHxOf7RU22mpvvFe6IPowSGDf+ndPlsmYNKtw9M/Bh7DsSN8eULuVzFCcgVMDm7cYKwUZ/K2U+jTUZwuy+tE+4YTwE3fj4eMEO9Y8hOeZUtlbAPKn56FW1Hk5XhewY9NXKrhgmQGpK1VqpTH5n6EKDOA9GCVFWzOiCX+Ih7WpkN3hBKoZ3xTlw0riyIY1YUCKCm7JO1fnIOE8R/5b8ngonlfjp8/5r4odi/KO64561/IBVqgGfiLhEbr/j7TbBaQPp0HCTQ3TYM+XBZ23fObFQv0leAEWHpV38KAMjQwmqDc5y4IznS5N/aEsuZ6OqO9+aVEfN0p02eeU4QuMB+qFEXPnMtlXwg==
xQCkJZb0p15Jhh0CpvRVMtQYfADkY502BvV857mt99LEjS8Bmu8ZNd5sZ6ZbhDDoBD549YZZb/TtflyRnKr/M9PmFAKD0BD5UQoYRk0t00nDrvNvpRLNNh6SfJ2nLApjqnc8eo/5Y2NngrNMsDp3C+Yvw6oOCUdD8rKRgzLJABEHgVJyvNfBa28Tov99B8/z/jq41yRLpXlXhCEFpJnFm4TL2Q62F98W4cVC+MS4JXN0/BJEtRV3hQQHVH0SBcKKfMivqfsBue1O28MoQpVeqKNE2TwU6B6ABbcSBSMqK7cwmR/LXsONUeRJH58RCex0cbRlj4SvtvwxERgaYFO8VHzhQQFefV3sCbtpdvVg3vobSDG7I1mqVr3BvJsnknfYkQdL7S7XV8A=
IG1x1/d5NIvmiS4rG3XElkI/T+tg+Ueubt8DK2tSZyLEsr63sNH5te5jjUtEkcy3tySV+ip6cqp8a8CKL1YXZc2NJqRwxEetArUZIEEcJBO675RAA6ofzgLT/pBLRzjcVwa8l4aMHwwtlBEpzOTVXbBPx0ychiMLu5ROAW0DW1fSrg4p+5O7NyXfg8yTFVHN0vea/ZY85sdqrgv4By6ju04nKRyL1bedOL282NB9DUM6haccg5s3ALoylTAkZBQWodpWKPYPGM1eJY6vn0B030EYDDJt0eQ9j8KpqZBnli4cs6hKJeFA4v/c3/70NJ/GWNtE/PKjBIyI94/M8m0lRuPEQ9Xl48E2a8FkwfD2+OKZDq2hUx7rBVM/L1FjKv249g9k+BRijGnay0BovfG5QHcTIzDSfZ7Qk8zzbcLAnrj1/3KdM0JrT4CRvxMOa43plIH/h4HhLAxBPEXXVIc2xMFZeIJwO/yszOnh2Q7VXVR5c4luZYgegivAE+fzcSpuTYncAzf6NyAhD+s1fn9XeA==
20z/LEkxIR1qJO7dDrERpe90bi40p5MRFxECgxWXnPGEotyCHxOf7RU22mpvvFe6IPowSGDf+ndPlsmYNKtw9M/Bh7DsSN8eULuVzFCcgVMDm7cYKwUZ/K2U+jTUZwuy+tE+4YTwE3fj4eMEO9Y8hOeZUtlbAPKn56FW1Hk5XhewY9NXKrhgmQGpK1VqpTH5n6EKDOA9GCVFWzOiCX+Ih7WpkN3hBKoZ3xTlw0riyIY1YUCKCm7JO1fnIOE8R/5b8ngonlfjp8/5r4odi/KO64561/IBVqgGfiLhEbr/j7TbBaQPp0HCTQ3TYM+XBZ23fObFQv0leAEWHpV38KAMjQwmqDc5y4IznS5N/aEsuZ6OqO9+a1UfN0p02eeU4QuMB+qFEXPnMtlXwg==
kkM8E9UqvIIHSxrBaZIjoCvuVeauFEasPloebJTdFZG107PnKkU/mYtTWYFOP1/5L7BeKMAElZIpcBsn9MpVZotQgqORY5E5m5WU/LHQQGlm5uMVM+j4bBd8uOwNpVrqNDNKP1sWYJXZ91Qn3ALZFveBYEtNI9SvZXrSvS9kxptACu5r/DB80tqcx0VJ0vq546CiNkooD4V2nSsXS1rMG3I73Lo8D6Bwu8+fOtOfwV0bS/LS89Yq6WmGD0Ov7yYhjYBxeptIxakHdxzZ8gLshuWR33KLVSlbDnB52fxABw4/u/FEFLb4lVY2YvGLnWuFPiAPMzfg6ISv8g+DCXn/vlvj8RHROGfLbMf09Pj8pRTVt2cMG+t/FUc3RwgdRio1PI5AUFynFgEILvmzeZ6LyZtmpi8ufn8mW8umoj4GaQXqK6cw+8EMGzeViukNdygbBxE1c1xi7ZatMfAlVrqd46B0pIms4oCjKR/KFx0KBSmxuJFaLqxHqjvBF5MKUFHzxDUjCCcuLQXjM3p9V2Y=
znjOauTI4X75GyBqJp6NxtQYfADkY502BvV857mt99LEjS8Bmu8ZNd5sZ6ZbhDDoBD549YZZb/TtflyRnKr/M9PmFAKD0BD5UQoYRk0t00nDrvNvpRLNNh6SfJ2nLApjqnc8eo/5Y2NngrNMsDp3C+Yvw6oOCUdD8rKRgzLJABEHgVJyvNfBa28Tov99B8/z/jq41yRLpXlXhCEFpJnFm4TL2Q62F98W4cVC+MS4JXN0/BJEtRV3hQQHVH0SBcKKfMivqfsBue1O28MoQpVeqKNE2TwU6B6ABbcSBSMqK7cwmR/LXsONUeRJH58RCex0cbRlj4SvtvwxERgaYFO8VHzhQQFefV3sCbtpdvVg3vobSDS/I1mqVr3BvJsnknfYkQdL7S7XV8A=
g8gPStX+y/LJGNooWTMb10I/T+tg+Ueubt8DK2tSZyLEsr63sNH5te5jjUtEkcy3tySV+ip6cqp8a8CKL1YXZc2NJqRwxEetArUZIEEcJBO675RAA6ofzgLT/pBLRzjcVwa8l4aMHwwtlBEpzOTVXbBPx0ychiMLu5ROAW0DW1fSrg4p+5O7NyXfg8yTFVHN0vea/ZY85sdqrgv4By6ju04nKRyL1bedOL282NB9DUM6haccg5s3ALoylTAkZBQWodpWKPYPGM1eJY6vn0B030EYDDJt0eQ9j8KpqZBnli4cs6hKJeFA4v/c3/70NJ/GWNtE/PKjBIyI94/M8m0lRuPEQ9Xl48E2a8FkwfD2+OKZDq2hUx7rBVM/L1FjKv249g9k+BRijGnay0BovfG5QHcTIzDSfZ7Qk8zzbcLAnrj1/3KdM0JrT4CRvxMOa43plIH/h4HhLAxBPEXXVIc2xMFZeIJwO/yszOnh2Q7VXVR5c4luZYgegivAFOfzcSpuTYncAzf6NyAhD+s1fn9XeA==
6k0Oo8/hcsLQP1Ptkvcvvu90bi40p5MRFxECgxWXnPGEotyCHxOf7RU22mpvvFe6IPowSGDf+ndPlsmYNKtw9M/Bh7DsSN8eULuVzFCcgVMDm7cYKwUZ/K2U+jTUZwuy+tE+4YTwE3fj4eMEO9Y8hOeZUtlbAPKn56FW1Hk5XhewY9NXKrhgmQGpK1VqpTH5n6EKDOA9GCVFWzOiCX+Ih7WpkN3hBKoZ3xTlw0riyIY1YUCKCm7JO1fnIOE8R/5b8ngonlfjp8/5r4odi/KO64561/IBVqgGfiLhEbr/j7TbBaQPp0HCTQ3TYM+XBZ23fObFQv0leAEWHpV38KAMjQwmqDc5y4IznS5N/aEsuZ6OqO9+bFUfN0p02eeU4QuMB+qFEXPnMtlXwg==
9AtNs3EfyBPYsG0PcNZHzivuVeauFEasPloebJTdFZG107PnKkU/mYtTWYFOP1/5L7BeKMAElZIpcBsn9MpVZotQgqORY5E5m5WU/LHQQGlm5uMVM+j4bBd8uOwNpVrqNDNKP1sWYJXZ91Qn3ALZFveBYEtNI9SvZXrSvS9kxptACu5r/DB80tqcx0VJ0vq546CiNkooD4V2nSsXS1rMG3I73Lo8D6Bwu8+fOtOfwV0bS/LS89Yq6WmGD0Ov7yYhjYBxeptIxakHdxzZ8gLshuWR33KLVSlbDnB52fxABw4/u/FEFLb4lVY2YvGLnWuFPiAPMzfg6ISv8g+DCXn/vlvj8RHROGfLbMf09Pj8pRTVt2cMG+t/FUc3RwgdRio1PI5AUFynFgEILvmzeZ6LyZtmpi8ufn8mW8umoj4GaQXqK6cw+8EMGzeViukNdygbBxE1c1xi7ZatMfAlVrqd46B0pIms4oCjKR/KFx0KBSmxuJFaLqxHqj3BF5MKUFHzxDUjCCcuLQXjM3p9V2Y=
ZkKbY78HcKMUZQRus7+OddQYfADkY502BvV857mt99LEjS8Bmu8ZNd5sZ6ZbhDDoBD549YZZb/TtflyRnKr/M9PmFAKD0BD5UQoYRk0t00nDrvNvpRLNNh6SfJ2nLApjqnc8eo/5Y2NngrNMsDp3C+Yvw6oOCUdD8rKRgzLJABEHgVJyvNfBa28Tov99B8/z/jq41yRLpXlXhCEFpJnFm4TL2Q62F98W4cVC+MS4JXN0/BJEtRV3hQQHVH0SBcKKfMivqfsBue1O28MoQpVeqKNE2TwU6B6ABbcSBSMqK7cwmR/LXsONUeRJH58RCex0cbRlj4SvtvwxERgaYFO8VHzhQQFefV3sCbtpdvVg3vobSDW/I1mqVr3BvJsnknfYkQdL7S7XV8A=
vCU4LihKzYnN/N7218Vtb0I/T+tg+Ueubt8DK2tSZyLEsr63sNH5te5jjUtEkcy3tySV+ip6cqp8a8CKL1YXZc2NJqRwxEetArUZIEEcJBO675RAA6ofzgLT/pBLRzjcVwa8l4aMHwwtlBEpzOTVXbBPx0ychiMLu5ROAW0DW1fSrg4p+5O7NyXfg8yTFVHN0vea/ZY85sdqrgv4By6ju04nKRyL1bedOL282NB9DUM6haccg5s3ALoylTAkZBQWodpWKPYPGM1eJY6vn0B030EYDDJt0eQ9j8KpqZBnli4cs6hKJeFA4v/c3/70NJ/GWNtE/PKjBIyI94/M8m0lRuPEQ9Xl48E2a8FkwfD2+OKZDq2hUx7rBVM/L1FjKv249g9k+BRijGnay0BovfG5QHcTIzDSfZ7Qk8zzbcLAnrj1/3KdM0JrT4CRvxMOa43plIH/h4HhLAxBPEXXVIc2xMFZeIJwO/yszOnh2Q7VXVR5c4luZYgegivAFefzcSpuTYncAzf6NyAhD+s1fn9XeA==
9AtNs3EfyBPYsG0PcNZHzivuVeauFEasPloebJTdFZG107PnKkU/mYtTWYFOP1/5L7BeKMAElZIpcBsn9MpVZotQgqORY5E5m5WU/LHQQGlm5uMVM+j4bBd8uOwNpVrqNDNKP1sWYJXZ91Qn3ALZFveBYEtNI9SvZXrSvS9kxptACu5r/DB80tqcx0VJ0vq546CiNkooD4V2nSsXS1rMG3I73Lo8D6Bwu8+fOtOfwV0bS/LS89Yq6WmGD0Ov7yYhjYBxeptIxakHdxzZ8gLshuWR33KLVSlbDnB52fxABw4/u/FEFLb4lVY2YvGLnWuFPiAPMzfg6ISv8g+DCXn/vlvj8RHROGfLbMf09Pj8pRTVt2cMG+t/FUc3RwgdRio1PI5AUFynFgEILvmzeZ6LyZtmpi8ufn8mW8umoj4GaQXqK6cw+8EMGzeViukNdygbBxE1c1xi7ZatMfAlVrqd46B0pIms4oCjKR/KFx0KBSmxuJFaLqxHqj3BF5MKUFHzxDUjCCcuLQXjM3p9V2Y=
pLOsCq9s/5uGKwU5TPw4Ou90bi40p5MRFxECgxWXnPGEotyCHxOf7RU22mpvvFe6IPowSGDf+ndPlsmYNKtw9M/Bh7DsSN8eULuVzFCcgVMDm7cYKwUZ/K2U+jTUZwuy+tE+4YTwE3fj4eMEO9Y8hOeZUtlbAPKn56FW1Hk5XhewY9NXKrhgmQGpK1VqpTH5n6EKDOA9GCVFWzOiCX+Ih7WpkN3hBKoZ3xTlw0riyIY1YUCKCm7JO1fnIOE8R/5b8ngonlfjp8/5r4odi/KO64561/IBVqgGfiLhEbr/j7TbBaQPp0HCTQ3TYM+XBZ23fObFQv0leAEWHpV38KAMjQwmqDc5y4IznS5N/aEsuZ6OqO9+bVUfN0p02eeU4QuMB+qFEXPnMtlXwg==
ZkKbY78HcKMUZQRus7+OddQYfADkY502BvV857mt99LEjS8Bmu8ZNd5sZ6ZbhDDoBD549YZZb/TtflyRnKr/M9PmFAKD0BD5UQoYRk0t00nDrvNvpRLNNh6SfJ2nLApjqnc8eo/5Y2NngrNMsDp3C+Yvw6oOCUdD8rKRgzLJABEHgVJyvNfBa28Tov99B8/z/jq41yRLpXlXhCEFpJnFm4TL2Q62F98W4cVC+MS4JXN0/BJEtRV3hQQHVH0SBcKKfMivqfsBue1O28MoQpVeqKNE2TwU6B6ABbcSBSMqK7cwmR/LXsONUeRJH58RCex0cbRlj4SvtvwxERgaYFO8VHzhQQFefV3sCbtpdvVg3vobSDW/I1mqVr3BvJsnknfYkQdL7S7XV8A=
vCU4LihKzYnN/N7218Vtb0I/T+tg+Ueubt8DK2tSZyLEsr63sNH5te5jjUtEkcy3tySV+ip6cqp8a8CKL1YXZc2NJqRwxEetArUZIEEcJBO675RAA6ofzgLT/pBLRzjcVwa8l4aMHwwtlBEpzOTVXbBPx0ychiMLu5ROAW0DW1fSrg4p+5O7NyXfg8yTFVHN0vea/ZY85sdqrgv4By6ju04nKRyL1bedOL282NB9DUM6haccg5s3ALoylTAkZBQWodpWKPYPGM1eJY6vn0B030EYDDJt0eQ9j8KpqZBnli4cs6hKJeFA4v/c3/70NJ/GWNtE/PKjBIyI94/M8m0lRuPEQ9Xl48E2a8FkwfD2+OKZDq2hUx7rBVM/L1FjKv249g9k+BRijGnay0BovfG5QHcTIzDSfZ7Qk8zzbcLAnrj1/3KdM0JrT4CRvxMOa43plIH/h4HhLAxBPEXXVIc2xMFZeIJwO/yszOnh2Q7VXVR5c4luZYgegivAFefzcSpuTYncAzf6NyAhD+s1fn9XeA==
qrTaU5m+94BciaY0L4N72CvuVeauFEasPloebJTdFZG107PnKkU/mYtTWYFOP1/5L7BeKMAElZIpcBsn9MpVZotQgqORY5E5m5WU/LHQQGlm5uMVM+j4bBd8uOwNpVrqNDNKP1sWYJXZ91Qn3ALZFveBYEtNI9SvZXrSvS9kxptACu5r/DB80tqcx0VJ0vq546CiNkooD4V2nSsXS1rMG3I73Lo8D6Bwu8+fOtOfwV0bS/LS89Yq6WmGD0Ov7yYhjYBxeptIxakHdxzZ8gLshuWR33KLVSlbDnB52fxABw4/u/FEFLb4lVY2YvGLnWuFPiAPMzfg6ISv8g+DCXn/vlvj8RHROGfLbMf09Pj8pRTVt2cMG+t/FUc3RwgdRio1PI5AUFynFgEILvmzeZ6LyZtmpi8ufn8mW8umoj4GaQXqK6cw+8EMGzeViukNdygbBxE1c1xi7ZatMfAlVrqd46B0pIms4oCjKR/KFx0KBSmxuJFaLqxHqj7BF5MKUFHzxDUjCCcuLQXjM3p9V2Y=
I9C+OoTeWwjKEt9w4dcvCu90bi40p5MRFxECgxWXnPGEotyCHxOf7RU22mpvvFe6IPowSGDf+ndPlsmYNKtw9M/Bh7DsSN8eULuVzFCcgVMDm7cYKwUZ/K2U+jTUZwuy+tE+4YTwE3fj4eMEO9Y8hOeZUtlbAPKn56FW1Hk5XhewY9NXKrhgmQGpK1VqpTH5n6EKDOA9GCVFWzOiCX+Ih7WpkN3hBKoZ3xTlw0riyIY1YUCKCm7JO1fnIOE8R/5b8ngonlfjp8/5r4odi/KO64561/IBVqgGfiLhEbr/j7TbBaQPp0HCTQ3TYM+XBZ23fObFQv0leAEWHpV38KAMjQwmqDc5y4IznS5N/aEsuZ6OqO9+blUfN0p02eeU4QuMB+qFEXPnMtlXwg==
d8vFNIhcLoFsgbCcK9itPtQYfADkY502BvV857mt99LEjS8Bmu8ZNd5sZ6ZbhDDoBD549YZZb/TtflyRnKr/M9PmFAKD0BD5UQoYRk0t00nDrvNvpRLNNh6SfJ2nLApjqnc8eo/5Y2NngrNMsDp3C+Yvw6oOCUdD8rKRgzLJABEHgVJyvNfBa28Tov99B8/z/jq41yRLpXlXhCEFpJnFm4TL2Q62F98W4cVC+MS4JXN0/BJEtRV3hQQHVH0SBcKKfMivqfsBue1O28MoQpVeqKNE2TwU6B6ABbcSBSMqK7cwmR/LXsONUeRJH58RCex0cbRlj4SvtvwxERgaYFO8VHzhQQFefV3sCbtpdvVg3vobSDa/I1mqVr3BvJsnknfYkQdL7S7XV8A=
8CZ1pAelilvYG+N+dVhO8EI/T+tg+Ueubt8DK2tSZyLEsr63sNH5te5jjUtEkcy3tySV+ip6cqp8a8CKL1YXZc2NJqRwxEetArUZIEEcJBO675RAA6ofzgLT/pBLRzjcVwa8l4aMHwwtlBEpzOTVXbBPx0ychiMLu5ROAW0DW1fSrg4p+5O7NyXfg8yTFVHN0vea/ZY85sdqrgv4By6ju04nKRyL1bedOL282NB9DUM6haccg5s3ALoylTAkZBQWodpWKPYPGM1eJY6vn0B030EYDDJt0eQ9j8KpqZBnli4cs6hKJeFA4v/c3/70NJ/GWNtE/PKjBIyI94/M8m0lRuPEQ9Xl48E2a8FkwfD2+OKZDq2hUx7rBVM/L1FjKv249g9k+BRijGnay0BovfG5QHcTIzDSfZ7Qk8zzbcLAnrj1/3KdM0JrT4CRvxMOa43plIH/h4HhLAxBPEXXVIc2xMFZeIJwO/yszOnh2Q7VXVR5c4luZYgegivAFufzcSpuTYncAzf6NyAhD+s1fn9XeA==
I9C+OoTeWwjKEt9w4dcvCu90bi40p5MRFxECgxWXnPGEotyCHxOf7RU22mpvvFe6IPowSGDf+ndPlsmYNKtw9M/Bh7DsSN8eULuVzFCcgVMDm7cYKwUZ/K2U+jTUZwuy+tE+4YTwE3fj4eMEO9Y8hOeZUtlbAPKn56FW1Hk5XhewY9NXKrhgmQGpK1VqpTH5n6EKDOA9GCVFWzOiCX+Ih7WpkN3hBKoZ3xTlw0riyIY1YUCKCm7JO1fnIOE8R/5b8ngonlfjp8/5r4odi/KO64561/IBVqgGfiLhEbr/j7TbBaQPp0HCTQ3TYM+XBZ23fObFQv0leAEWHpV38KAMjQwmqDc5y4IznS5N/aEsuZ6OqO9+blUfN0p02eeU4QuMB+qFEXPnMtlXwg==
Ok0ayNZ5gJMP0nPtK9R3lSvuVeauFEasPloebJTdFZG107PnKkU/mYtTWYFOP1/5L7BeKMAElZIpcBsn9MpVZotQgqORY5E5m5WU/LHQQGlm5uMVM+j4bBd8uOwNpVrqNDNKP1sWYJXZ91Qn3ALZFveBYEtNI9SvZXrSvS9kxptACu5r/DB80tqcx0VJ0vq546CiNkooD4V2nSsXS1rMG3I73Lo8D6Bwu8+fOtOfwV0bS/LS89Yq6WmGD0Ov7yYhjYBxeptIxakHdxzZ8gLshuWR33KLVSlbDnB52fxABw4/u/FEFLb4lVY2YvGLnWuFPiAPMzfg6ISv8g+DCXn/vlvj8RHROGfLbMf09Pj8pRTVt2cMG+t/FUc3RwgdRio1PI5AUFynFgEILvmzeZ6LyZtmpi8ufn8mW8umoj4GaQXqK6cw+8EMGzeViukNdygbBxE1c1xi7ZatMfAlVrqd46B0pIms4oCjKR/KFx0KBSmxuJFaLqxHqj/BF5MKUFHzxDUjCCcuLQXjM3p9V2Y=
FKMfLao0Ojhn9A9vnrICvtQYfADkY502BvV857mt99LEjS8Bmu8ZNd5sZ6ZbhDDoBD549YZZb/TtflyRnKr/M9PmFAKD0BD5UQoYRk0t00nDrvNvpRLNNh6SfJ2nLApjqnc8eo/5Y2NngrNMsDp3C+Yvw6oOCUdD8rKRgzLJABEHgVJyvNfBa28Tov99B8/z/jq41yRLpXlXhCEFpJnFm4TL2Q62F98W4cVC+MS4JXN0/BJEtRV3hQQHVH0SBcKKfMivqfsBue1O28MoQpVeqKNE2TwU6B6ABbcSBSMqK7cwmR/LXsONUeRJH58RCex0cbRlj4SvtvwxERgaYFO8VHzhQQFefV3sCbtpdvVg3vobSDe/I1mqVr3BvJsnknfYkQdL7S7XV8A=
w6weIoz61Omfqgp61xzSD4nq+jKtpA5skoZzbWdCDwz3J3sMf2Mzj35/BGJ6OPMm+YEDrQUAGMTgn81SCkdaMFNCXVg7fwevtUx5vq1XTaodk4qt5cyIjG2smj0qAttSbZz+TtMkhn5bzWlCVY2sf3+ul6yZqzvplotXlA==
LfSzXAuo4WGi2FAhZlVeFLyz5pxai8I2Q2440V5uqUM0DNF978EbwX1ESPvIi81eEmNqbBs2PfSD+5dTXZi58vUzPbYVp6pBHQhYMMU4GrGypmuOpWgeYusglgIzmSmOjWlc4/caN8Dh72vVvp9XmA==
2gA8hNwrzmLy86YCFMe3Eryz5pxai8I2Q2440V5uqUM0DNF97MEbwX1ESPrIi81eEmNqbBs2PfSD+5dTXZi58vUzPbYVp6pBHQhYMMU4GrGypmuOpWgeYusglgIzmSmOjWlc4/caN8Dh72vVvp9XmA==
UXU7ln7WvIJOca9mDH3gbxDZlANfYjECunEPMVObkxh0HYd2cGyi/w+JPc9pxg1t3aIJEUC5KXNcMCBti38/16LPTuy2V68=
vyb7Xxpsz4ovwhCw4+A2vw0LE0KN3q8DGPkXrNMEf0pdGHjCkcLzbE652dyEGV2U/QfkLuVIHkKrgBKjc7kprs3J3EO3OjfgoU/rdf6/V7g=
LsVqLPyku/YKI8hu1nGCGjQ1PjEMpILjLXYu3Zacfm7FkRW8MvCw3YWSj8jjWlJb8fJwQw5dta88UEHibtQXApot50OJCCGbZJ3z8OeWfW2Dm8qlV74=
TELXWlnL06+BEtpSfNHcIryz5pxai8I2Q2440V5uqUM0DNF978EbwX1ESPvIi81eEmNqbBs2PfSD+5dSXZi58vUzPbYVp6pBHQhcOdI/GrGypmuOpWgeYusgmAMzmSmOjWlc4/caN8Dh72vVvp9XmA==
XrgKozON/2DY/8OmJ4H6a7yz5pxai8I2Q2440V5uqUM0DNF978EbwX1ESPvIi81eEmNqbBs2PfSD+5dSXZi58vUzPbYVp6pBHQhYMMU4GrGypmuOpWgeYusgkAAzmSmOjWlc4/caN8Dh72vVvp9XmA==
qHfZvvQ4NV4Y3CnkLFIAKryz5pxai8I2Q2440V5uqUM0DNF978EbwX1ESPvIi81eEmNqbBs2PfSD+5dSXZi58vUzPbYVp6pBHQhcOdI/GrGypmuOpWgeYusgkQAzmSmOjWlc4/caN8Dh72vVvp9XmA==
40m4k3ZjE3wELH0fWhTuskUPaoSTiveYaPZbYkGr2lQgwzv0t5crNtA/Pc9pxg1t3a0KEUC5KXNcMCBti38/16LPTuy2V68=
farM+fafGi2s1xD0G1HKDKqYthMVMY6JxnQuidu6wmPmTMOthIZHWlVLroyck9ecIxe/3rzvgZedphlVwV1mOXT53RvwgLyVH9+Lj16fYsSiV7s=
haqKyqWu7VkmqUT2bpBP272qs8/aSaD507cDAqNCPRVcyrmBtTt3IzCl9fKIwH3EkEHUKxLC1K7z51ZL/+qaMHduHMNLFAkWTqAfBoELD3fJvMk/9Bl7hEdiNSlTv6KRV4o=
I/J2bM51quXZmqAXcbH5VUjY98EPcGDByzBQqsFKMBMQHXrY2NDDJQLtB2AG3rccONVDLuVIHkKrgBmhc7kprs3J3EO3OjfgoU/rdf6/V7g=
haqKyqWu7VkmqUT2bpBP272qs8/aSaD507cDAqNCPRVcyrmBtTt3IzCl9fKIwH3EkEHUKxLC1K7z51ZL/+qaMHduHMNLFAkWTqAfBoELD3fJvMk/9Bl7hEdiNSlTv6KRV4o=
1bWg7MozSPOaaX+zk9cH/kjY98EPcGDByzBQqsFKMBMQHXrY2NDDJQLtB2AG3rccONVDLuVIHkKrgBCmc7kprs3J3EO3OjfgoU/rdf6/V7g=
teH1PWLxSPq6r6ikwWXxDL6qs8/aSaD507cDAqNCPRVcyrmBtTt3IzCl9fKIwH3EkEHUKxLC1K7z51ZL/+qaMHduHMNLFAkWTqAfBogMD3fJvMk/9Bl7hEdiNSlTv6KRV4o=
1bWg7MozSPOaaX+zk9cH/kjY98EPcGDByzBQqsFKMBMQHXrY2NDDJQLtB2AG3rccONVDLuVIHkKrgBCmc7kprs3J3EO3OjfgoU/rdf6/V7g=
kQGGp56Jnhs1+psaBoSCxb+qs8/aSaD507cDAqNCPRVcyrmBtTt3IzCl9fKIwH3EkEHUKxLC1K7z51ZL/+qaMHduHMNLFAkWTqAfBogMD3fJvMk/9Bl7hEdiNSlTv6KRV4o=
mOwiS1WKJMe3utKT+KxAcbyz5pxai8I2Q2440V5uqUM0DNF97MEbwX1ESPrIi81eEmNqbBs2PfSD+5dSXZi58vUzPbYVp6pBHQhcOdI/GrGypmuOpWgeYusglgIzmimOjWlc4/caN8Dh72vVvp9XmA==
CHzu6oSgEKwMz3TMjBNWPnefsej389A2bMTkJ59xYSSNUhEfHHPa9eTxwwhcWVfsW+dRIDZq0p5BVjN7aCD6C0HwldeJsqr357tbFn/ZR8w39UGZ6xfm2HpZeW8NIzhHtKiUV40=
ZslMVwdryq3CvGJ9id4JowO7LTG2jLQBJDyppeEYXk29xBGjo4BE7lg2K4LxK0o08ANrFKeXO1YAf20v+Ua9DS3hPfEzuRlTrHCQzfv/r3dyj57Mple/
Qo0yEmMjfgl/zZ/hcSN5Jnafsej389A2bMTkJ59xYSSNUhEfHHPa9eTxwwhcWVfsW+dRIDZq0p5BVjN7aCD6C0HwldeJsqr357tbFn/ZR8U39UGZ6xfm2HpZeW8NIzhHtKiUV40=
hvXihlN+M4DKGYWiABzyCAO7LTG2jLQBJDyppeEYXk29xBGjo4BE7lg2K4LxK0o08ANrFKeXO1YAf20v+Ua9DS3gPPEzuRlTrHCQzfv/r3dyj57Mple/
OY7hQUqlk+mSNsU8f0JZQXSfsej389A2bMTkJ59xYSSNUhEfHHPa9eTxwwhcWVfsW+dRIDZq0p5BVjN7aCD6C0HwldeJsqr357tbFn/ZR8Q29UGZ6xfm2HpZeW8NIzhHtKiUV40=
0aSm9tsrgklVtv8wUq3RUgO7LTG2jLQBJDyppeEYXk29xBGjo4BE7lg2K4LxK0o08ANrFKeXO1YAf20v+Ua9DS3tPPEzuRlTrHCQzfv/r3dyj57Mple/
AaaS+uDpqLQcV/ndcliTh7yz5pxai8I2Q2440V5uqUM0DNF97MEbwX1ESPrIi81eEmNqbBs2PfSD+5dSXZi58vUzPbYVp6pBHQhYMMU4GrGypmuOpWgeYusglgczmCiOjWlc4/caN8Dh72vVvp9XmA==
2FJ4cM43HYenO4XTzmmXVyoGCVzrMnP87gkZjGRpTIXROrX+hbie0gsw1veTyCi+7fmck9fKt3AB/yslHs9XqA==
PkUKG2eC5xWwZlldYPvFgryz5pxai8I2Q2440V5uqUM0DNF978EbwX1ESPvIi81eEmNqbBs2PfSD+5dSXZi58vUzPbYVp6pBHQhYMMU4GrGypmuOpWgeYusglgczmCiOjWlc4/caN8Dh72vVvp9XmA==
+Fps8UDoAe8clSiTMrmJ0RHZlANfYjECunEPMVObkxh0HYd2cGyi/w+JPc9pxg1t3aIMEUG4KXNcMCBti38/16LPTuy2V68=
GF+C9o0czhgCTIxVLpUz5SkGCVzrMnP87gkZjGRpTIXROrX+hbie0gsw1veTyCi+7fmck9fKt3AB/yslHs9XqA==
EO4+p9blbWi/ZKDUBwdaUg4LE0KN3q8DGPkXrNMEf0pdGHjCkcLzbE652dyEGV2U/QfkLuVIHkKrgBCjc7kors3J3EO3OjfgoU/rdf6/V7g=
NkOFxa3Qx9rcuSVzNSLUrNb8vLO6s48qHmmV4LpvZgLSl2038R5SHgy3XST7GjMknoG5NLQBTpPp5cQGFRBeivs48MvDIagmXbF868fi96hxd4udzqdXsA==
NpZZ/gbL2wAblJvJZgG4dRVb3vvJDbMvgx/DTO93vetdRLqlyao+ve0vTKDzk6e24zHzmCbNLlhHb3IIDnFlDzHLrPdA8LhXoQ==
/DKSPuexyf8fQVEyVPOctSERlaJSYFjHH1W4ot2Bsc0NNVmL+fwWNbUiui5mo6owXysDVofpXyj6heoYg6cu+GKpQS/Vs0DnfPi8V6U=
Ipk91N1raGHpYwXEl/JIHRJb3vvJDbMvgx/DTO93vetdRLqlyao+ve0vTKDzk6e24zHzlCbNLlhHb3IIDnFlDzHLrPdA8LhXoQ==
qVaXn0iX25w23P+klf22LiERlaJSYFjHH1W4ot2Gsc0NNVmL+fwWNbUiui5mo6owXysDVofpXyT6heoYg6cu+GKpQS/Vs0DnfPi8V6U=
F62nTYfQQBkl3WIfk9oaXbyz5pxai8I2Q2440V5uqUM0DNF97cEbwX1ESPvIi81eEmNqbBs2PfSD+5dRXZi58vUzPbYVp6pBHQhcOdI/GrGypmuOpWgeYusglAAzmSiOjWlc4/caN8Dh72vVvp9XmA==
SGoBdi0qVTHemjDG3sU70ryz5pxai8I2Q2440V5uqUM0DNF97cEbwX1ESPvIi81eEmNqbBs2PfSD+5dRXZi58vUzPbYVp6pBHQhYMMU4GrGypmuOpWgeYusgmQAzmSiOjWlc4/caN8Dh72vVvp9XmA==
KfS9rbUApT53HtT2QunM/Lyz5pxai8I2Q2440V5uqUM0DNF97cEbwX1ESPvIi81eEmNqbBs2PfSD+5dRXZi58vUzPbYVp6pBHQhcOdI/GrGypmuOpWgeYusglwEzmSiOjWlc4/caN8Dh72vVvp9XmA==
HQbN1oQvH9IRbgGgJF6LJryz5pxai8I2Q2440V5uqUM0DNF96sEbwX1ESPrIi81eEmNqbBs2PfSD+5dRXZi58vUzPbYVp6pBHQhcOdI/GrGypmuOpWgeYusgkAYzmSiOjWlc4/caN8Dh72vVvp9XmA==
9iIXP8302xkrrlekKjcXy4nq+jKtpA5skoZzbWdCDwz3J3sMf2Mzj35/BGJ6OPMm+YEDrQUAGMTgn81SCkdaMFNCXVg7fwettUx5vq1XTaodk4qt5cyMhXqrmj0qAttSbZz+TtMkhn9bzmhCVY2sf3+ul6yZqzvplotXlA==
QlCCWtts/MVVzax6aRt3sTU0+fsVXUc7rLC/FqVMyG75JlPQ1s1JUAyd3QhFkxRCTex+vvM0xO67/2hytR3sb19eF9y5u/t59rtXpA==
BSJzMQ8uUBySoo6qpfRc/zY0+fsVXUc8rLC/FqVMyG75JlPQ1s1JUAyd3QhFkxRCTex+vvM0xu67/2hytR3sb19eF9y5u/t59rtXpA==
oJrg/iopc1Jz7AG3MU1Sn0I/T+tg+Ueubt8DK2tSZyLEsr63sNH5te5jjUtEkcy3tySV+ip6cqp8a8CKL1YXZc2NJqRwxEetArUZIEEcJBO675RAA6ofzgLT/pBLRzjcVwa8l4aMHwwtlBEpzOTVXbBPx0ychiMLu5ROAW0DW1fSrg4p+5O7NyXfg8yTFVHN0vea/ZY85sdqrgv4By6ju04nKRyL1bedOL282NB9DUM6haccg5s3ALoylTAkZBQWodpWKPYPGM1eJY6vn0B030EYDDJt0eQ9j8KpqZBnli4cs6hKJeFA4v/c3/70NJ/GWNtE/PKjBIyI94/M8m0lRuPEQ9Xl48E2a8FkwfD2+OKZDq2hUx7rBVM/L1FjKv249g9k+BRijGnay0BovfG5QHcTIzDSfZ7Qk8zzbcLAnrj1/3KdM0JrT4CRvxMOa43plIH/h4HhLAxBPEXXVIc2xMFZeIJwO/yszOnh2Q7VXVR5c4luZYgegivAEePzeyhuTYncAzf6NyAhD+s1fn9XeA==
htzYR2eaEQ1F+cAB2cpPgSvuVeauFEasPloebJTdFZG107PnKkU/mYtTWYFOP1/5L7BeKMAElZIpcBsn9MpVZotQgqORY5E5m5WU/LHQQGlm5uMVM+j4bBd8uOwNpVrqNDNKP1sWYJXZ91Qn3ALZFveBYEtNI9SvZXrSvS9kxptACu5r/DB80tqcx0VJ0vq546CiNkooD4V2nSsXS1rMG3I73Lo8D6Bwu8+fOtOfwV0bS/LS89Yq6WmGD0Ov7yYhjYBxeptIxakHdxzZ8gLshuWR33KLVSlbDnB52fxABw4/u/FEFLb4lVY2YvGLnWuFPiAPMzfg6ISv8g+DCXn/vlvj8RHROGfLbMf09Pj8pRTVt2cMG+t/FUc3RwgdRio1PI5AUFynFgEILvmzeZ6LyZtmpi8ufn8mW8umoj4GaQXqK6cw+8EMGzeViukNdygbBxE1c1xi7ZatMfAlVrqd46B0pIms4oCjKR/KFx0KBSmxuJFaLqxHqjnFF5kIUFHzxDUjCCcuLQXjM3p9V2Y=
OsReqwRy2klkkX8oGfU3a+90bi40p5MRFxECgxWXnPGEotyCHxOf7RU22mpvvFe6IPowSGDf+ndPlsmYNKtw9M/Bh7DsSN8eULuVzFCcgVMDm7cYKwUZ/K2U+jTUZwuy+tE+4YTwE3fj4eMEO9Y8hOeZUtlbAPKn56FW1Hk5XhewY9NXKrhgmQGpK1VqpTH5n6EKDOA9GCVFWzOiCX+Ih7WpkN3hBKoZ3xTlw0riyIY1YUCKCm7JO1fnIOE8R/5b8ngonlfjp8/5r4odi/KO64561/IBVqgGfiLhEbr/j7TbBaQPp0HCTQ3TYM+XBZ23fObFQv0leAEWHpV38KAMjQwmqDc5y4IznS5N/aEsuZ6OqO9+alEfPUh02eeU4QuMB+qFEXPnMtlXwg==
2OR+Pdfvg3blKBjlhAKfbdQYfADkY502BvV857mt99LEjS8Bmu8ZNd5sZ6ZbhDDoBD549YZZb/TtflyRnKr/M9PmFAKD0BD5UQoYRk0t00nDrvNvpRLNNh6SfJ2nLApjqnc8eo/5Y2NngrNMsDp3C+Yvw6oOCUdD8rKRgzLJABEHgVJyvNfBa28Tov99B8/z/jq41yRLpXlXhCEFpJnFm4TL2Q62F98W4cVC+MS4JXN0/BJEtRV3hQQHVH0SBcKKfMivqfsBue1O28MoQpVeqKNE2TwU6B6ABbcSBSMqK7cwmR/LXsONUeRJH58RCex0cbRlj4SvtvwxERgaYFO8VHzhQQFefV3sCbtpdvVg3vobSDK7I1OoVr3BvJsnknfYkQdL7S7XV8A=
baokBOttLjvacNAsHddjbUI/T+tg+Ueubt8DK2tSZyLEsr63sNH5te5jjUtEkcy3tySV+ip6cqp8a8CKL1YXZc2NJqRwxEetArUZIEEcJBO675RAA6ofzgLT/pBLRzjcVwa8l4aMHwwtlBEpzOTVXbBPx0ychiMLu5ROAW0DW1fSrg4p+5O7NyXfg8yTFVHN0vea/ZY85sdqrgv4By6ju04nKRyL1bedOL282NB9DUM6haccg5s3ALoylTAkZBQWodpWKPYPGM1eJY6vn0B030EYDDJt0eQ9j8KpqZBnli4cs6hKJeFA4v/c3/70NJ/GWNtE/PKjBIyI94/M8m0lRuPEQ9Xl48E2a8FkwfD2+OKZDq2hUx7rBVM/L1FjKv249g9k+BRijGnay0BovfG5QHcTIzDSfZ7Qk8zzbcLAnrj1/3KdM0JrT4CRvxMOa43plIH/h4HhLAxBPEXXVIc2xMFZeIJwO/yszOnh2Q7VXVR5c4luZYgegivAGePzeyhuTYncAzf6NyAhD+s1fn9XeA==
AvADcgcoYKO+QPxkiJBCE+90bi40p5MRFxECgxWXnPGEotyCHxOf7RU22mpvvFe6IPowSGDf+ndPlsmYNKtw9M/Bh7DsSN8eULuVzFCcgVMDm7cYKwUZ/K2U+jTUZwuy+tE+4YTwE3fj4eMEO9Y8hOeZUtlbAPKn56FW1Hk5XhewY9NXKrhgmQGpK1VqpTH5n6EKDOA9GCVFWzOiCX+Ih7WpkN3hBKoZ3xTlw0riyIY1YUCKCm7JO1fnIOE8R/5b8ngonlfjp8/5r4odi/KO64561/IBVqgGfiLhEbr/j7TbBaQPp0HCTQ3TYM+XBZ23fObFQv0leAEWHpV38KAMjQwmqDc5y4IznS5N/aEsuZ6OqO9+YVEfPUh02eeU4QuMB+qFEXPnMtlXwg==
r3qjHPi/iXB7vgop9YnbDyvuVeauFEasPloebJTdFZG107PnKkU/mYtTWYFOP1/5L7BeKMAElZIpcBsn9MpVZotQgqORY5E5m5WU/LHQQGlm5uMVM+j4bBd8uOwNpVrqNDNKP1sWYJXZ91Qn3ALZFveBYEtNI9SvZXrSvS9kxptACu5r/DB80tqcx0VJ0vq546CiNkooD4V2nSsXS1rMG3I73Lo8D6Bwu8+fOtOfwV0bS/LS89Yq6WmGD0Ov7yYhjYBxeptIxakHdxzZ8gLshuWR33KLVSlbDnB52fxABw4/u/FEFLb4lVY2YvGLnWuFPiAPMzfg6ISv8g+DCXn/vlvj8RHROGfLbMf09Pj8pRTVt2cMG+t/FUc3RwgdRio1PI5AUFynFgEILvmzeZ6LyZtmpi8ufn8mW8umoj4GaQXqK6cw+8EMGzeViukNdygbBxE1c1xi7ZatMfAlVrqd46B0pIms4oCjKR/KFx0KBSmxuJFaLqxHqjjHF5kIUFHzxDUjCCcuLQXjM3p9V2Y=
+iPmbmH2kkeMVC+PXQQOddQYfADkY502BvV857mt99LEjS8Bmu8ZNd5sZ6ZbhDDoBD549YZZb/TtflyRnKr/M9PmFAKD0BD5UQoYRk0t00nDrvNvpRLNNh6SfJ2nLApjqnc8eo/5Y2NngrNMsDp3C+Yvw6oOCUdD8rKRgzLJABEHgVJyvNfBa28Tov99B8/z/jq41yRLpXlXhCEFpJnFm4TL2Q62F98W4cVC+MS4JXN0/BJEtRV3hQQHVH0SBcKKfMivqfsBue1O28MoQpVeqKNE2TwU6B6ABbcSBSMqK7cwmR/LXsONUeRJH58RCex0cbRlj4SvtvwxERgaYFO8VHzhQQFefV3sCbtpdvVg3vobSDC5I1OoVr3BvJsnknfYkQdL7S7XV8A=
vcOwGVUl6KonR+vFidXXG0I/T+tg+Ueubt8DK2tSZyLEsr63sNH5te5jjUtEkcy3tySV+ip6cqp8a8CKL1YXZc2NJqRwxEetArUZIEEcJBO675RAA6ofzgLT/pBLRzjcVwa8l4aMHwwtlBEpzOTVXbBPx0ychiMLu5ROAW0DW1fSrg4p+5O7NyXfg8yTFVHN0vea/ZY85sdqrgv4By6ju04nKRyL1bedOL282NB9DUM6haccg5s3ALoylTAkZBQWodpWKPYPGM1eJY6vn0B030EYDDJt0eQ9j8KpqZBnli4cs6hKJeFA4v/c3/70NJ/GWNtE/PKjBIyI94/M8m0lRuPEQ9Xl48E2a8FkwfD2+OKZDq2hUx7rBVM/L1FjKv249g9k+BRijGnay0BovfG5QHcTIzDSfZ7Qk8zzbcLAnrj1/3KdM0JrT4CRvxMOa43plIH/h4HhLAxBPEXXVIc2xMFZeIJwO/yszOnh2Q7VXVR5c4luZYgegivAE+HzeyhuTYncAzf6NyAhD+s1fn9XeA==
vw0V+X+AeKxWrbJp6kaTwe90bi40p5MRFxECgxWXnPGEotyCHxOf7RU22mpvvFe6IPowSGDf+ndPlsmYNKtw9M/Bh7DsSN8eULuVzFCcgVMDm7cYKwUZ/K2U+jTUZwuy+tE+4YTwE3fj4eMEO9Y8hOeZUtlbAPKn56FW1Hk5XhewY9NXKrhgmQGpK1VqpTH5n6EKDOA9GCVFWzOiCX+Ih7WpkN3hBKoZ3xTlw0riyIY1YUCKCm7JO1fnIOE8R/5b8ngonlfjp8/5r4odi/KO64561/IBVqgGfiLhEbr/j7TbBaQPp0HCTQ3TYM+XBZ23fObFQv0leAEWHpV38KAMjQwmqDc5y4IznS5N/aEsuZ6OqO9+a1MfPUh02eeU4QuMB+qFEXPnMtlXwg==
f+2OgADWQWMI5dnh66UHMyvuVeauFEasPloebJTdFZG107PnKkU/mYtTWYFOP1/5L7BeKMAElZIpcBsn9MpVZotQgqORY5E5m5WU/LHQQGlm5uMVM+j4bBd8uOwNpVrqNDNKP1sWYJXZ91Qn3ALZFveBYEtNI9SvZXrSvS9kxptACu5r/DB80tqcx0VJ0vq546CiNkooD4V2nSsXS1rMG3I73Lo8D6Bwu8+fOtOfwV0bS/LS89Yq6WmGD0Ov7yYhjYBxeptIxakHdxzZ8gLshuWR33KLVSlbDnB52fxABw4/u/FEFLb4lVY2YvGLnWuFPiAPMzfg6ISv8g+DCXn/vlvj8RHROGfLbMf09Pj8pRTVt2cMG+t/FUc3RwgdRio1PI5AUFynFgEILvmzeZ6LyZtmpi8ufn8mW8umoj4GaQXqK6cw+8EMGzeViukNdygbBxE1c1xi7ZatMfAlVrqd46B0pIms4oCjKR/KFx0KBSmxuJFaLqxHqj3GF54IUFHzxDUjCCcuLQXjM3p9V2Y=
y+K91cKppqobIeTzAwBwqdQYfADkY502BvV857mt99LEjS8Bmu8ZNd5sZ6ZbhDDoBD549YZZb/TtflyRnKr/M9PmFAKD0BD5UQoYRk0t00nDrvNvpRLNNh6SfJ2nLApjqnc8eo/5Y2NngrNMsDp3C+Yvw6oOCUdD8rKRgzLJABEHgVJyvNfBa28Tov99B8/z/jq41yRLpXlXhCEFpJnFm4TL2Q62F98W4cVC+MS4JXN0/BJEtRV3hQQHVH0SBcKKfMivqfsBue1O28MoQpVeqKNE2TwU6B6ABbcSBSMqK7cwmR/LXsONUeRJH58RCex0cbRlj4SvtvwxERgaYFO8VHzhQQFefV3sCbtpdvVg3vobSDW4I1SoVr3BvJsnknfYkQdL7S7XV8A=
Ig6El8oRqlqLGjGvJdR2bs0P9QDTRqNt4so+LM1Bon8gDq61QaNRNw0mabVxELZZjPjtO6BAzDWvXxvvjt9S5LJXqw==
eB+YXbArtjUU9aeZS1T7as0P9QDTRqNt4so+LM1Bon8gDq61QaNRNw0mabVxHLZZjPjtO6BAzDWvXxvvjt9S5LJXqw==
G0xd88KaXMTBOGonCUeB880P9QDTRqNt4so+LM1Bon8gDq61QaNRNw0mabVxELVZhf/tO6BAzDWvXxvvjt9S5LJXqw==
RZZ164tB1yqJVfZE864GvWsWx7IXWwJ7z4f2Sq5OyiDnc2KZmpiF6Y1JLoGLTL9CTex+vvM0xe+7/G9ytR3sb19eF9y5u/t59rtXpA==
vj2atI9x5COBnnWqjxOYr95G9QDTRqNt4so+LM1Bon8gDq61QaNRNw0mabVxF7dZhf/tO6BAzDWvXxvvjt9S5LJXqw==
SOHwqTCSwXKR7H9GLqOq/0WjbugJOTCa7HgHCWg74k5s8Yvrm2PfdrvhWzmdfaXfzx+KaOYhvU8J+4TXWOCwV6k=
Fuq3Yk3eAV9V+QjoUdbknAYQd8VOapKEefEWx5yOEg31E+WfoYbFHSXM44HbP7Hj9JCY3cO/dwf6LyYczlfX
F1l8RQ8Ka2bOFm8cqlm2gs0P9QDTRqNw4so+LM1Bon8gDq61QaNRNw0mabVxF7ZZh//tO6BAzDWvXxvvjt9S5LJXqw==
kB1ffrTDyVIJ8jSyb1ofJ7+t54pKicJzBjBkgQMowgJyX7lo67Br0TwCRvHRipcJRSAvYRsGJvXCzd5DxC04OR679m/Zt8IFQkyVxUXtrj1zeM+OpWgeYusgkAczmy+OjWlc4/caN8Dh72vVvp9XmA==
AABF0Cwgo8vbrA0En4OhcFJx9r6GWrpo0BzAQuJ/6NoUCO9pcCvqTmThkwvzk6e24zHzlCLNLF9Hb3IIDnFlDzHLrPdA8LhXoQ==
89FPikCEFG2+xVib8OukXHwZk6x9sTsrXz1DE2KOroEyTybSTZdJC25Hx7bnjHm+jsgvHu4w3xpPVJkHFAFLbAfKxbHzR/K5V6I=
+IW0yMI1jSLuvMYNNvZ3s3YgeUKZFUi1ol3VNeW9rg0T6A/+hbie0gsw1PaTzC++7fmck9fKt3AB/yslHs9XqA==
7sAeht29KQdb7XDciVCvfwtIeco/6imLwckoUcqxpcGdQS6Jm2Sfah0kPnajnGZCK3Dv+iW1TMcPllcU6ZPbUeazV6w=
8xub2DQUqu4s032tzqdtZd/BEF1xsjBrC3yF02zqm2lTBxAWvRp1w5ZZRewiKEpLQw9yLrXc2/Pu2J/bjQCs5gdEya4RbzIQPBg2yfibEk4cURurq4OP9kvBS/8uHXLfn796KPbBDc/Z2/QXyICAV5k=
X6nQIkhQ1vNb7NTTlH1xd20EnqYvsmIlFixCFHKGxfM4TybTTZdJC25Hx7bnjHm+jsgvHuEy3xtPVJkHFAFLbAfKxbHzR/K5V6I=
xqwyjlIqz49VckWROEMn8EI/T+tg+Ueubt8DK2tSZyLEsr63sNH5te5jjUtEkcy3tySV+ip6cqp8a8CKL1YXZc2NJqRwxEetArUZIEEcJBO675RAA6ofzgLT/pBLRzjcVwa8l4aMHwwtlBEpzOTVXbBPx0ychiMLu5ROAW0DW1fSrg4p+5O7NyXfg8yTFVHN0vea/ZY85sdqrgv4By6ju04nKRyL1bedOL282NB9DUM6haccg5s3ALoylTAkZBQWodpWKPYPGM1eJY6vn0B030EYDDJt0eQ9j8KpqZBnli4cs6hKJeFA4v/c3/70NJ/GWNtE/PKjBIyI94/M8m0lRuPEQ9Xl48E2a8FkwfD2+OKZDq2hUx7rBVM/L1FjKv249g9k+BRijGnay0BovfG5QHcTIzDSfZ7Qk8zzbcLAnrj1/3KdM0JrT4CRvxMOa43plIH/h4HhLAxBPEXXVIc2xMFZeIJwO/yszOnh2Q7VXVR5c4luZYgegivAFOLzfy9uTYncAzf6NyAhD+s1fn9XeA==
9MUaWsxVKe2MxiOGmp1VkO90bi40p5MRFxECgxWXnPGEotyCHxOf7RU22mpvvFe6IPowSGDf+ndPlsmYNKtw9M/Bh7DsSN8eULuVzFCcgVMDm7cYKwUZ/K2U+jTUZwuy+tE+4YTwE3fj4eMEO9Y8hOeZUtlbAPKn56FW1Hk5XhewY9NXKrhgmQGpK1VqpTH5n6EKDOA9GCVFWzOiCX+Ih7WpkN3hBKoZ3xTlw0riyIY1YUCKCm7JO1fnIOE8R/5b8ngonlfjp8/5r4odi/KO64561/IBVqgGfiLhEbr/j7TbBaQPp0HCTQ3TYM+XBZ23fObFQv0leAEWHpV38KAMjQwmqDc5y4IznS5N/aEsuZ6OqO9+bVAfOU902eeU4QuMB+qFEXPnMtlXwg==
Mx6J/l8EfKCSsoyi8JvKhSvuVeauFEasPloebJTdFZG107PnKkU/mYtTWYFOP1/5L7BeKMAElZIpcBsn9MpVZotQgqORY5E5m5WU/LHQQGlm5uMVM+j4bBd8uOwNpVrqNDNKP1sWYJXZ91Qn3ALZFveBYEtNI9SvZXrSvS9kxptACu5r/DB80tqcx0VJ0vq546CiNkooD4V2nSsXS1rMG3I73Lo8D6Bwu8+fOtOfwV0bS/LS89Yq6WmGD0Ov7yYhjYBxeptIxakHdxzZ8gLshuWR33KLVSlbDnB52fxABw4/u/FEFLb4lVY2YvGLnWuFPiAPMzfg6ISv8g+DCXn/vlvj8RHROGfLbMf09Pj8pRTVt2cMG+t/FUc3RwgdRio1PI5AUFynFgEILvmzeZ6LyZtmpi8ufn8mW8umoj4GaQXqK6cw+8EMGzeViukNdygbBxE1c1xi7ZatMfAlVrqd46B0pIms4oCjKR/KFx0KBSmxuJFaLqxHqj7FF5IPUFHzxDUjCCcuLQXjM3p9V2Y=
YkT2ZDGtYZsM8wv3kvfnC9QYfADkY502BvV857mt99LEjS8Bmu8ZNd5sZ6ZbhDDoBD549YZZb/TtflyRnKr/M9PmFAKD0BD5UQoYRk0t00nDrvNvpRLNNh6SfJ2nLApjqnc8eo/5Y2NngrNMsDp3C+Yvw6oOCUdD8rKRgzLJABEHgVJyvNfBa28Tov99B8/z/jq41yRLpXlXhCEFpJnFm4TL2Q62F98W4cVC+MS4JXN0/BJEtRV3hQQHVH0SBcKKfMivqfsBue1O28MoQpVeqKNE2TwU6B6ABbcSBSMqK7cwmR/LXsONUeRJH58RCex0cbRlj4SvtvwxERgaYFO8VHzhQQFefV3sCbtpdvVg3vobSDe7I1ivVr3BvJsnknfYkQdL7S7XV8A=
oNlFhl70jySo5nr2lc1F3lFf/vkLIaCoqzddJZRRV6V6UkOCKGfwBDBEilKUxm0+7K+pTz/8MouIpZWIuI/sYFk3OLwy8bCQx1d9xDs6PAROJDIAsCNUu7qWVObVMF6qO9h3qYMIrwYd0fwLB8L3iLGXC/2Oh1eQ
MGwiBhcS081Fk6D7yGoZy7w4MyMAZCkOMJwHXdv6z1QLN6R6arrZ1Qf7OxZfmadLUDVrnwtXRljaGZlvLeOYx1TotFet
Bg7lHMqlxGH4hqdNVizuTi+Eq/YuNL3SRQVkqRS99gSMyLGKrvwnGv/Xt+IPoPHjhIXD2Kd+DfUjIxrNV9Y=
eoq66Sdd59EBW+N6v+n8MDS8s1C0uiPZx/UYXr4keQdF5iFl2bMuyRV/das4oKTl559TH+Y/KhTKV9M=
t9S8JzfG1CECeqA6xGbou5kdAXXY/Us+0Mbt8T3WAR9HK6BaCfekmRLwgQS+IK7yRDjX0hx6FtugYUXcokT+NWnOq1Ianh8v+eZctlbhfnqbyf0l4ntgtMDflnrTFVoUK1/PfD8eztoAESFKqXkuX1QlTCkIfqmzOETofrJZwfrSGIvo3m8LhA+7Zuvh7ACzhV4J059kDrBJhF9mQg8kxROFnL+xtBQyKAQ22WMVo7Mec1znBU7zARjyUARnVuIvKobDutJEmVnyEwDrNqpPYooo0F672if6YEmHvmua/OCj0c5ra9Q7T00XHAZk+yF1ZWSomvQGn+7SjkE1EGnsc7OWkYtvsCeDwbI1CLAkDJ3VSD1jZ4JVCvWOBnP1sv8t7l/+L0pJka3kYOIyV3hdZzPRmqmnk7KlCltikZuNNxjCCPP+q+TuPA4ka18w2d/pzn8ryKTGRwUZp37QEc7XexI+9jmrIygGdPtwDIrNlip8Q/y7GBR798nxpGZ2Botv1NTJWjLU62psRZos1H0LJ+4VNT+RBtV9VYOyoWE/QQMkUKh90z8HZ6pvljxeV0c=
0rKPbbiMwkeFR8jV+Z6dffcMOnACgNwclKb40NxMMS3yQ472NeOC8Tb0Zp7qK+RweqbjDSiQ82IE7hnqvoxqqRq6+caEIFnjydMVQKDtZHKNrNBNQd8/xdE4SXAJeSZ1zYz3bg69PrNPpkC386XdIBn4ph8rmo89MO3LcS/3PQG9//LdRh3O8ofImoV4DmvEB5J2mKjSiE6LuI9zCI/zf+Wu3PdRuLWlEk1B4bOHuSf5JZiT2U0Qyc4qT9vFSNNzH7/YhFngGaL5lLCuQdFDLUwyf2W5qgFPw5UEEee+GmRSkKfYWCJ1nhWxb1YSVsXG+L7lAMQ/QcaMeaa60gnpnSzAemJ/eHU3q3FSmd/TKjVCO1phMw1fKDoou24zJNZMRsTzD1jZNzlWH+M4nIbfldGHBuD5Tn8LKt4+qTPj0DY8W+jcos2++uTjtIvg1ONnARGcFt6GY1+s9AHKqpTTmqQlAvw8fWN3dvV9T6nGTe0do0qRCb/p8xww4O1Lf39XYs8ObHZXbw==
V98IO+ZL4EWvrjaaDLKLSG0TII7Fnn289klRkx/n9B8hqVXcp9yizJRfl9uHYO6+X7d4fQeAhRlNcKqXw3Rpvyircj2ft9hPv121iAsgQmV5IoikdgidtYSjkMHrP8MiX6/QuH4nvQQEt2CEi208UHyImmkghjXmCuF4aRqOkE/Cd4hAyzygjqb1OoFdPRqmjK2wSgqtqUyqX6UHbA43Fp09aGrtNpN/WMdmsn7ogrBwCkFSqbuu4RxZPgiSL4cwEKYT3fUdC37FDoMTrs5aYf+D3L4Yq6zkPs0iwqATkAPstC+vZQEYDiLGX8eoZCWCZrRfksAVxoQg/X+PMsWZRyXmASU5M04JNX+V65ggBKUHn3PfRr/KVOpX8w==
fwi7C4Mkr1gr7wYguxF4hYCDKeRlCZo2qoQp2rx3D5HiCGHjJwfcb2lpnYwPPDpcDN8PSx/ABu4Xd7BNb6B9KTVwUqe7VIGPYOu67fcXQN8n3S0Yk0DqtTFiQFReaKVFvKOoMdNf69KX75ho1kcllJw3+BQTzVSAtMjSWcimTdby4QBZ4q74fwq3wBAjnDgePnWiEcXdsvZEbfg6Ik2RPJJfnXdU7h9m1f2gOkXWC+/AR/4i5khq4DjKiWLBm1bRZFnGOOoPbwBY5tsNnb2T7l2OG4M2rvKxt8MUTjDLlBQGzRoymHO48yT0Z3/NYYCeukbHVzDETVKu9BeiKDW+tNj9B7/K5fF37SZJddGT1pmt/w17AMCs9c9fO69uX/Ik0lfL
ewFbDr/vuzPQMtvQfZIwf0N0552GQ/Rh0AreQvUk+O1YR7uupO4vquo8R7Dzk6e24zHzniPNJ19Hb3IIDnFlDzHLrPdA8LhXoQ==
9Qd+MGF3pIeyICWzpN0V6v/u02q9+/I6vZS+xgNMIpJLjO8KRWUMF68m16RJwxsBBsNX3A==
Xz1J/vUeuk//f0xYhJys4S+Eq/YuNL3SRQVkqRS99gSMyLGKrvwnGvrQt+IPoPHjhIXD2Kd+DfUjIxrNV9Y=
BQTzW6IiOT3s1O3vesfC4TS8s1C0uiPZx/UYXr4keQdF5iFl2bYpyRV/das4oKTl559TH+Y/KhTKV9M=
5bhJJFgaKV5jfgIdrIP9hyLGjyvn4AncguwDifuHZVi1NifShNraDSgYDF3L3ufx5nB5u03rsaG4TRbA0u+1kf0wcmmQIEqrnsQUtnWg3jqbiDL+oxivFj2BvFunUncYEcdLra6XV4A=
l9L1Lb1jGdGUUs32JXd8wjX4NIEU8NMGq4M5NqOa+gZ9EE7B35/OAF0t4I8iAcYGuJpDSH5dPouNtqLCeWq8kMEoRV/BhuVdxUZFQbE/kaMUEDgdo79XRxqvhtyuV7c=
UfJQCiiP1cDv3JyxuEv9khqUoDG93Is6XFgVe4dKHRpEesPo8L1hb3B849Ve85zheHoGYv00wK2A9zNOHL7HqoLs/9B7I/922yH7vns9j9+v3yroBmGdT2k7JFe4oJBXiQ==
64KrCX+358k2t6d3ps86dcAFn2FFrSELs7IhGniC95jEVU0PXJS3hYorwKGkolIyKZysDWxfR/7oBrsqflSLYI+Lk9Y3ia9ur2XTH3OHfjjSCbGvRVMQp4zYrFe1
/lLU1kLUxovt2vqMvySLmSLGjyvn4AncguwDifuHZViuNifShNraDSgYDF3L3ufx5nB5u03rsaG4TRbA0u+1kf0wcmmQIEqrnsQUtnWg3jqbiDL+oxivFj2BvFunUncYEcdLra6XV4A=
36bHThXWqkqO7/KlxwkB+peSluGwJCyyt8gk5gSq/NacW31bn1oVGkxq28iYjZmvKCxLNeaDFGHwyn7CFeSY7bgHGy4Ers+qivznMFNTx7YDcZMeg40HXycvkoiusUUPEQvMd6CwmFeB
Irt3uvRvMlpKuqLWlSWNoiTNiSLD5x3KpPwDjPijf1qjNifShNraDSgYDF3L3ufx5nB5u03rsaG4TRbA0u+1kf0wcmmQIEqrnsQUtnWg3jqbiDL+oxivFj2BvFunUncYEcdLra6XV4A=
JsN3C2R390FF2hpF3TOv56cb2JMjYXpVw2V8bX8+c4cVdhDntwFRS2NSERpIYifYtPW9j8z0Z0W6S9ChtIIicvk8PI3cv/e+uCZLKg50W6A/6yNWpyn/rl9Fwx9jZ054gukhLzXz4GfcuJxXhQ==
6CnNRAT/iIvlPdfJ6tEdPzfV+P3+7c8yfNXFMo9xU2GGHx8aHX/Ntemwg0BOVRSlRuRRb28l1JRBXCFGJnWowrRyFyofV2hW57tbFn/ZR8439Uuf6xfm2HpZeW8NIzhHtKiUV40=
THCRTApWiiy0TWtB8pWXeD1+08E3j1s5VG8tZlrmybgZBhoS2M3LiTHhBvgfpOOR6H6mAC4Ve6XGo2AOCkSBvRqocaquHGe6erB3wg+AsQMEJQO4p15NFaOD2q1Xtg==
