2BsuYNPF74j9TwYRB/HdHXH21lr56XYXPYf5mSxPbDXHmNM7thYlQcCg99gAAwB41LGhb1DPJob62xODOfs3NJHDV9ndpB1RNE9TWf/R1Y+hbHyBjtCoV7E=
c6vchSHUjEVquJpys4xmH8WEodoXBN+zLRI9aX9GojrGKks8IH5bGFKswpHqdKDEILAxAuRH9m5krRzEI0EE98txsRR4dmYAc8X5faP72lcJjMtyCgVvXuMybRdzFLeMhIEhMXZAP8tK3iGBRGjLbq1bZBiwyc3/DMdiBj7TzxPVA9PUdRv7aeHsmREwBy8pk4lxr4XU0JFSWGxXdQ==
KTnsdLCJ1l32rTvbzFypNCWigQeW4bJTMmVJe4JNFRUaPsfm+L1qdAwoq5tehr3BWDBfNbpzyLic4XlPOP/ehoLr+6NhK/902TPvuXU0hdGs3zv5B2GdT2k8JGGmoJBXiQ==
LfLRV3kSy7ONFzaSD2gszI3jcklwxtDpc0ZQ06/zazmWgVsqLkHrbaUwl9uxOTsW41+zKH5Ck3OtU8uUzSvjiQkcUZH4N4eJi/kJ752EaLF6yKRXvQ==
PeD6elMm5RpJRfVeqQML/h/n9GDWcoZW1XH1OGz24CEYokBGE16T3p866VLsJmWlXXYOUIEbQVo1LBOAZybanfVV6rVXrg==
G+Q0Xl/yp+A+Wrt3aMSqzMCQ9TT1C0pVXN+DDT22Bd+e4afjDUN2bRkhOFRYL27TKbA3jh92exTTmhBMnqVKIt/Db7sxQbL5enijXwbVVhXArveR7pkmByaANM/oCfoUuYZOedtof0DCl52NUGQk4zRWaCeNFvL7AqcyeAHMBxWYiqB0+/l5bbJysIE6xfqv7/ahEU7AgduX1n+HhogO4c0wzoHJibDk0YFRWn4mrhoAab4jy4T1sPlhv93Tft89gGwnkn9gn5Fu6SGWWfgCgXYdLajyWcXoh4hTsVz7ezPh7MZNft97q59aL/wI3qSyvsdU5N/cXmneBlhFaAFgYAMIYwqNrlEXvp2s4gKf7PYZqoy07+KcfLaT+7bZX2Ig95WqnYjTVZLQLpnjFN9OYLHGyfN5k/Ele1KkAXDB9tv7bthyo4OZug9O+ohVJc8lOu6j9Qt1QHN0dLmcktK/7Su+ELfLL/hGD7NpAemH0aLw/P0BFBkMs1+KySJsFoVanWZuAIHLoUp1XHOw59b6LbVFSmVXfg==
Ndzf27kSaRKzLRKDrdI+W64kktOvxXehlswO8C3umxg5xKU+cVnjwIYwHGJZhytP/ThRjQ/niQZ2hekUccCJYEgQYYq0S9/Fb3iCV7d+guSQMlbc6F+tykYVpVIgHHq3vx1Nt9NHAk8Dg9muLImGB5Vu+0OoaajihJiCGA0IF3NLxPpWh1wE37sFiV7MoZeuAhrEwKCbu4jRr/BvyjrR74ifvzssSJtLQaGULUJ5LhLDaSWeLlaEUR5qp03xSf7+/s62eCLBm4d2tnD/42+39FinC7DEV0Io4AeLX9CQyLoXaz9nr8FTKL5A6Lz9wMOyi7Pnead/1x80JZXzo0kOKqJwe+x62jxKDboCnkWFUwIzb2cWhyIijSlxsoCDm/wUSlhmD9mU718sTKIcs00f55RZths+T0OyPnjM9Nj3Z8aFk5bjkSuv3KcteP3W5tftssuwisggBQ9Den8djocX7iBbWmLNizLvjnE6QzFMZZOm9Pym6CvbH92kW8cZUa+wN/Gem6GRfRXf38sIHqk8RGJXew==
01fZI1JpYHqC1a7OPvHjUPcMOnACgNwclKb40NxMMS3yQ472NeOC8Tb0Zp7qK+RweqbjDSiQ82IE7hnqvoxqqRq6+caEIFnjydMVQKDtZHKNrNBNQd8/xdE4SXAJeSZ1zYz3bg69PrNPpkC386XdIBn4ph8rmo89MO3LcS/3PQG9//LdRh3O8ofImoV4DmvEB5J2mKjSiE6LuI9zCI/zf+Wu3PdRuLWlEk1B4bOHuSf5JZiT2U0Qyc4qT9vFSNNzH7/YhFngGaL5lLCuQdFDLUwyf2W5qgFPw5UEEee+GmRSkKfYWCJ1nhWxb1YSVsXG+K75BI0vD4PGaqGymRq2xjnVfyonb3M+q3Je1Z3RJngfK1B8PhhSJzVk82c4LNZED53zDwDZInNSH/9qypjYzMSHC+6xU2ILPZszpDONzCUqNvvFpsukouTw+df32utlEje7BtSbbkqh+y7XmpHOm40cCfsydGhOBPtnR6nET/8FoUOYA7Hq8w0h4e1Lf39QYvkQbHZXbw==
Z25rvs09kvlRH9lCNjZ/+qare9BnIXOWXbXt3dscR20BHwMSdJ7jZNo7pLM36dvumUsf7t02wTPUX266s1AsgdPMC7gaXvtK+N/S499zBsiisrGHICjeZYLPTOHHDPBrb8S6cno8dBXkIAd/Vex6ozzdapN1b2784VlseqtGWNTkEyb0lethJ9nVy8UST83ntbjzuShPgEWjcuUzIkZeNFgUd6KiWiMTkp2v7UbpuuW7/GHauoPjBF7MXiRCyJI/Rghvo17bCo/x2qKUU+AXucejTzeZUuJ7JmO77iY8i78UAeNNnflOWXp5UcgMMnGBZdlMaprfMRofDn90FK6HNE6KSGIhWu62UfVHOi9vey6TUjalxZGeqPfLyMy2mNpXrcRbt8DsDnQn/YsfCNkqY6r/11qS2KCcbCeTHjnT6rul+1v0i00U1cIWw9Wuy6yy3NARJy8aUzV6VyO2XBvmujlbhofi0Zarpfzx6zp0YF58m093cQS3L60B2+iLMWJDlcEJPfM/JyAK2Sh8fldn
4LYxJKitsG9RePZVgO1nJh0d+hwmaS/JjDenySkaoqNm3SNEuC6w1YM8CloXwaHolua+jxddKzl//yQIVprWTjXJhZCsntDZuDqQbhN2Q0Y/wtk6LI4VEr1uXrgBc5FCVZTjKCfO6uVVzbqdV4Y=
o1qVCm7q2waDUQ8w+xgTepGZkOiUPTy5jdwi6iax6dCxFjxXj0AfVwZv2cqNnJLvcj1Ae/zeHWbtyG/ZErfd5KEWEAxp+suzke3XQ0lbx7QBY4sZjYQNUSQvg5mvsUUPEQzMQb6wmFeB
u/OQ1jqLnvjCeV0GSq83Q5YmR3lzynuSZWBhRovtQzGX6Fjhk0gCXhfFqZyG0lZrNzlDDa8L7EwW3h665X3t9Ax6OG0oThjqk/LLMq92Md6M6n2mbZqW/EE3WbaFoItMByoC0UW5splXgg==
LD8Cxe+6Fjgbz9wiE/2QspeSluGwOiivq8wi7yWV89K8FjxXj0AfVwZv2cqNnJLvcj1Ae/zeHWbtyG/ZErfd5KEWEAxp+suzke3XQ0lbx7QBY4sZjYQNUSQvg5mvsUUPEQzMQb6wmFeB
jPfhqAbN9xIpTX6JLT+VBiN+3NI6shAlQ2xqahfxwbhWFh4fl83LiT+vBPhW6vae9XnlACwOcKn46nBeE0ajln+yeaqsHnWifb5+yAGDsRIVJAO4p15KFZWd2q1Xtg==
K0an1JMawMt201Q2Ko+HVcDEzen6c5zV75NoGbNQElYXzbmEpipmI3fxs7XPk3zEllaOIgXFnbzMsggVCFYI4pP62yqPDgEWTKINHo0CBnTBv8ku5Rh7hEdiMilloaKRV4o=
75PTUQCShasvW3wUu1+XMQJ+pfhRQa4DnK/L6u7ol089Ai6g6q3nYycjVwngWjY0KsStrzFSfMC847AstBxTuJ/sR0RN2JzwWchVWFqqIZ2tCA0yF6q3UEYfnZver1eI
n3J9zLsRl9kQcXqwvKvxbJeSluGwOiivq8wi7yWV89KnFjxXj0AfVwZv2cqNnJLvcj1Ae/zeHWbtyG/ZErfd5KEWEAxp+suzke3XQ0lbx7QBY4sZjYQNUSQvg5mvsUUPEQzMQb6wmFeB
zm5enbr297o5EoZS4FbBqXy6L9sspJ5MM8xP8hQ2P483ONO8uvtwToXvCIjFhBdgqktj1kHBEynwDAYnDBPsejBNegMG89b3UDLJI4uD+bYfH9TRAzJUJ0ZDb6gyyZMqV0GVHz646xkEPUSP0nZ/WEuDILv9KFDiL6nH0OxoFKqdKraNJrrOyNWwSlovHIO/93j6urdfniPlAXpLhyeNL2+P3B7IV6r9Dtu7AfvUKMeec978e2teDDXPTGfh1pRoRvBQ9tPS77N8tyPj7ZhtfVIZ9E4lebhLuh46iCfraSq1WcxPpbrKezB2f4Ow6wRhkCeTZBdHbLQ2cpqD+Xv3NFFDGtmdJF1RdM+TWT9RFY9h7LyBzlDoV/E=
2Vho6V7P0JjgxHfc5oJtYn8/DkqNgJlgy4dZHZwc4f8DTqcq2vTAky2jHvDVx0yEyqyYZxk0erhncIlV5rlTnY1n8k3P/Z+PhWUHxaimh2otou6y7WOdWvSXZwMJsHwDt7jCimPyI9eu+Akxx0uL03iEYEaRN1fETnMCyoO45D22X+Kg6HHRbww9eIDq5b6OchgnGsqNNi7ZHaNgi+Xf9plmh/Lte+JhAfkt+2H0RToaE7/ToQnQAk29LBClc5PwyJ9gu/JX6tok3MNprczHjLa2pX9rw4L8P/uLf9Rl3JYVwkLo+yvzzCxZ64UM8AcxZX/ZHbUECK6hz9RT2GU3qCU8/OwBXQVUEi5hoRW8PR6/DpcM3kuN11brV/Q=
YQ2zEudQnAXSDsgMeQi3zsrLq2y+cKGkhVMxZ5B4/+6w4V61/y+mCe2H6hAHpIM4hKWwCQUIL4y206QO0QeE+Hl8IwC+U3+GjWlnqQSkSvcQC/iaBDXG84qbAjcEGsUT97sNFouHSIFP2mAncqsj+K5RB4qjeekvMpC/2dBVyH9uDku4X5s8a7GApGJbAQuA8HAAyqnSCv2qUpqIAZhGatMk9x9j4GZqezeqI9FptpsbvxmPG7cgLsR/fr1aMzdxRywcp4prwqy3wyqMwWcAt/3OgIhyiOwGX7o7cyifL9ORoJndxoFoHmmRjEuO9nbYu3P9ikFhsH+pkp675B7zcwyTMIGEP4+0W++YNELaVtPlY+NUZbumqRHMCRGg559pw2lhL/V0IFECONxXxQ==
FJZt6tAjVn5Nqp3T27vXHERlFkX4gn9ycmT2CJOkuM+T1oIOFInkDgOsfyioXZQp4VADfOqbYE6Vz9hIlSSH4NrrkxYx4eMpgCz2Z3yzHPqg7apDVtPG90DSGWPbY2k2r/9kkTPSZCd2o1/ogikjqsehxV/uWPsZFB0UzwLW79i7I1D7DQgg4t+JtxAcyGQqDYrmTfaa3sjF0Bqa/3wTP0cYSnqHP64j1WFKizdHPa//7wzemDe6/R77a8GrdLhH7tMuPAtLrgxF77wnkXZk6NZQgLaD8v+zbFfzo714/f3i+UQOFZmIS4r+CsiXC9mqJbmcD3Va2nsgVi/DYEuU4WCH4yTnZxy0xlLqQwnbh7TB40oZTQRNUWSvw5nvMYUP0YwMQf4w2FfB
fSPJ2N+gg8ubFCiiHz0aDP7g+trTV7/9w6YiF7NCD1BXh7eEtDdgYz3ktbqbzHWEi0eSY0vS2K3DogIUKhVc4orJwDyPDgEWTKINH40CBnTBv8ku5Rh7hEdiMilloaKRV4o=
C48cJzvgWQkaiY4neuZYU2pWay7Q/XMuWYB2FHrJy7VkhycjeYLzIQqHg8Fl2yS0+tYP49HLb/Qpk7J/RVOV0bz/y7lXgS3P+ZxUoXbAoFe5
AAuhml2fNmtckC/dR2pgFGawjQqO7YFTZmdSYJFbHQsebcvPsbthdjFYptQK6du1dGcXY6kig6Ga5zMBNfvUtIr236NhK/902TPiv3UzhdGs3zv5B2GdT2k8JGGmoJBXiQ==
iEgFoCPfg9iHBlyMHfRHTCK8tmQfwPFYiZas5gvFKm4gdUdms01Ks76lnC+FHIJeQKjml0V/CT1SQAUCXSwOKASM7fJyuTFqnrVuTasSa2Eyd0uh/Qvfu5aclwOZu1c0sQP6X71j/VEUD/PZHxG1j4GsnAHukIhXkQ==
nj/YFEq5qDsxL9sbW658A662gC0Uh/P1U0AEo/pZnnLu7Pgbx1Hp4gx4mZf1FG0MPZTbG2agF4B1tLzkUfWjfAVm4ekFlJ227wbXhI5jrX/Go1e8
11dgXAQjr62531ao9x8yACkutuNg5WtiRS9BGn+O6NIJGXmGxWrJ3ZTBAEIvlnG+jMo9DOw60RxBV5kWBQBLbAfKwrHFWfK5V6I=
0i9JXb81kBkslt+Gv8BtLSNitoJpaTTbusFs6x++J5/h4AB2qb0RclXeQUobQZL2v2IZGixu1Xg8jpnYAZPRItV0o0gn7qpF1W36vVem
lkWif2le+ILMkFpl1OPuTygutuNg5WtiRS9BGn+O6NIJGXmGxWrJ3ZTBAEIvlnG+jMo9C+w60RxBV5kWBQBLbAfKwrHFWfK5V6I=
ZQGqyH2hJF9XKDR4DzwiPiNitoJpaTTbusFs6x+/J5/h4AB2qb0RclXeQUobQZL2v2IZGixu1X88jpnYAZPRItV0o0gn7qpF1W36vVem
57IYYWX+WrqHQj5gEyLVxysutuNg5WtiRS9BGn+O6NIJGXmGxWrJ3ZTBAEIvlnG+jMo9COw60RxBV5kWBQBLbAfKwrHFWfK5V6I=
dEMW5Jo5VwVFpIWvQ4LuLSNitoJpaTTbusFs6x+8J5/h4AB2qb0RclXeQUobQZL2v2IZGixu1Xw8jpnYAZPRItV0o0gn7qpF1W36vVem
VeSiJgLvhevizCsB6VY/lWpEbi3D5HIlVIx2FHrJy7VkhycjeYLzIQqHg8Fl2yS0+tYP49HLb/Qpk7h5RVOV0bz/y7lXgS3P+ZxUoXbAoFe5
a937R3CzSu0g08000N6p+Vn+b2X3wO5SPj+i4a1cGBQqP55nQAmDfNR1ZY7lERxrpZmTl3F7uID5u3cn+US/Hz7hM/8zsRpTvWGRzfv/r3ByuYDMple/
WMVocqQ4FyJdtH/hoKz48GtWay7Q/XMuWYB2FHrJy7VkhycjeYLzIQqHg8Fl2yS0+tYP49HLb/Qpk7t8RVKV0bz/y7lXgS3P+ZxUoXbAoFe5
uVpXu3qmTPlJ7NoPR8XpXa62gC0Uh/P1U0AEo/tZnnLu7Pgbx1Hp4gx4mZf1FG0MPZTbG2agF4B1tLzkUfygfARm4ekFlJ227wbXhI5jrX/Go1e8
U1j2UtMka79KzkjZ1Bc2x4PKJzMlI3d/0m83SDzJkhSLskURbkauLiZOA1zf7Yw6cBBRHxtpP0ADKgcRb/nzcusrftKQKQroicGU5KTxqLp74NEwPQ+XYDXUvASRnCLcxEbhycU0HdYv5tfkzoMt34aDV5w=
4gW3/NSe9X39ouPtddKIJN/fEUthsDJ1GzjOiCu93SgjQU1CzghlSSSOyVnyvd6dWlEma/Hd0e+8zZ6P61247icKl45pB0oseVZmBBMdg7GVl+BjsYuP9EnTW/8lEnXRnL9rOffBDc/Z3PQh1oCAV5k=
WATzScC27Hk4XzCeBGLz4vUfdGuDCwOt1ngw2BASLHdAoFUYViPGsV3RUYXP/M5UoxchMyvUj9UfMRwcGFQTE3EkPBIzZlJbcM1hbaD0JmfZD1YMRR4idHeFDzEZDwSTdUOz1FXbWe8BKrkRUEePqXNJka+llLAR8piMV5U=
T1kUIorNHSdoHK/3BEU4QPUfdGuDCwOt1ngw2BASLHdAoFUYViPGsV3RUYXP/M5UoxchMyvUj9UfMRwcGFQTE3EkPBIzZlJbcM1hbaD0JmfZD1YMRR4mfWCCDzEZDwSTdUOz1FXbW+gBKrkRUEePqXNJka+llLAR8piMV5U=
+lqMDn4NzGvDP9WdHNvUb74sbI5KS5zMzXCB1P2Rn+JQ5Bj+w5qbVPRhmUp5wQMjt6aIWRFCfj5R3uPPxZOK+9h96e0ohE4Hgb/uzJ3O2pSflQcxER9s8w0T65Tta48I6doxkdj3JwkrOenv/cSIMdqIhFed
DPw8O1ttkItGSwcQ5m0eeN/fEUthsDN1GzjOiCu93SgjQU1CzghlSSSOyVnyvd6dWlEma/Hd0e+8zZ6P61247icKlI5pB0oseVZmBBMdg7GVl+BjsYuP9EnTXvklEnXRnL9rOffBDc/Z3PQh1oCAV5k=
HT0g9/C02EbABqjsrHWyI74sbI5KS5zMzXCB1P2Rn+JQ5Bj+w5qbVPRhmUp5wQMjt6aIWRFCfj5R3uPPxZOK+9h96e0ohE4Hgb/uzJ3O3p2IkgcxER9s8w0T65Tta44J6doxkdj3JwkrOenv/cSIMdqIhFed
QJXvDw3/KU+fBt7yDaWV3PQfdGuDCwKt1ngw2BASLHdAoE8bcWSfTOEGW5HM6eBXLM+9M3SPn5BVbxocHlIzD2wDKQY7Z1JaYshifrn1LWrVD1YMRR4idHeFDzEZDwSTdUOz1FXbXuwBKbkRUEePqXNJka+llLAR8piMV5U=
zAdkgmRPIKZZCxPNG2bjVWhWay7Q/XMuWYB2FHrJy7VkhycjeYLzIQqHg8Fl2yS0+tYP49HLb/Qpk755RVCV0bz/y7lXgS3P+ZxUoXbAoFe5
7NCSvNSHMX1B0IOvAuKHSK62gS0Uh/P1U0AEo/hZnnLu7Pgbx1Hp4gx4mZf1FG0MPZTbG2agF4B1tLzkUfmlfAZm4ekFlJ227wbXhI5jrX/Go1e8
AQlTZxh70fvExjgq2Rfhv2lWay7Q/XMuWYB2FHrJy7VkhycjeYLzIQqHg8Fl2yS0+tYP49HLb/Qpk715RVCV0bz/y7lXgS3P+ZxUoXbAoFe5
mMJJQG59ks5QuCswPt4Bda62gS0Uh/P1U0AEo/lZnnLu7Pgbx1Hp4gx4mZf1FG0MPZTbG2agF4B1tLzkUfqlfAZm4ekFlJ227wbXhI5jrX/Go1e8
BNhFmn4HBrvO0/2VBzjwgoPKJzMlI3d/0m83SDzJkhSLskURbkauLiZOA1zf7Yw6cBBRHxtpP0ADKgcRb/nzcusrftKQKQroicGU5KT1oa184NEwPQ+XYDXUvASRnCDcyUbhycU0HdYv5tfkzoMt34aDV5w=
Rs7yx70qZDOmygvsMJfCXmLdDp6GODhHPzXZ7gSMuastUL2glQJVj8kV58y9gNwYSfiwEOEyoTV9cC06Z3J3ONan/VPut1eg
6GkWByj4xnAcG3CybpSPfvQfdGuDCwKt1ngw2BASLHdAoE8bcWSfTOEGW5HM6eBXLM+9M3SPn5BVbxocHlIzD2wDKQY7Z1JaYshifrn1LWrVD1YMRR4mfWCCDzEZDwSTdUOz1FXbXuwBJ7kRUEePqXNJka+llLAR8piMV5U=
bL6Be2juCx+5tcPhxYpRWGPdDp6GODhHPzXZ7gSMuastUL2glQJVj8kV58y9gNwYSfmwEOEyoTV9cC06Z3J3ONan/VPut1eg
GJDmbV0KesmBM3FyG31Zmd/fEUthsDAuTiLZgzGs8CgVVHgDuGsF09ccS+Q7KRAcFEw3I7XswPKv7tbJBrAuPvXNCXrRB0oseVZmBBMdg7GVl+BjsYuP9EnTXP0lH3XRnL9rOffBDc/Z3PQh1oCAV5k=
LdYbRQTs2e40oLDbADB5nyvMQHrWsVcf5jE8E01TrlUnTDHPtFbKVpD70f55i3hAW1Si3oBEe1lc35rKz6LWwercgPP8yXLXzi5rpOZWjduE2oiTwMwvqpH+4f1vhpFuDJodGKpKfexBJznmxRBrvIeaoqEF6ZKJV5I=
bLcMWjCzyL0SBSdmtZnAAt/fEUthsDAuTiLZgzGs8CgVVHgDuGsF09ccS+Q7KRAcFEw3I7XswPKv7tbJBrAuPvXNCXrRB0oseVZiDQQag7GVl+BjsYuP9EnTXf8lH3XRnL9rOffBDc/Z3PQh1oCAV5k=
DOp6xgvNVfngCKuKaexSmWDdDp6GODhHPzXZ7gSMuastUL2glQJVj8kV58y9gNwYSf6zEOEyoTV9cC06Z3J3ONan/VPut1eg
/7FTJ3SyRBb+9RGBqqOSMyvMQHrWsVcf5jE8E01TrlUnTDHPtFbKVpD70f55i3hAW1Si3oBEe1lc35rKz6LWwercgPP8yXLXzi5rpOZWjduE2oiXydsoqpH+4f1vhpFuDJodGKtKfexBJznmxRBrvIeaoqEF6ZKJV5I=
uc859fSKG9txLTvdGS2iJ2HdDp6GODhHPzXZ7gSMuastUL2glQJVj8kV58y9gNwYSf6zEOEyoTV9cC06Z3J3ONan/VPut1eg
A5CdPkwDYn3ORbTmMt3bTG5Way7Q/XMuWYB2FHrJy7VkhycjeYLzIQqHg8Fl2yS0+tYP49HLb/Qpk7p4RV+V0bz/y7lXgS3P+ZxUoXbAoFe5
+8sOwgKfYJ6li6BlMJutYa62gC0Uh/P1U0AEo/5ZnnLu7Pgbx1Hp4gx4mZf1FG0MPZTbG2agF4B1tLzkUf2kfAlm4ekFlJ227wbXhI5jrX/Go1e8
d+XXT4RMUiNdkcHJBH01e29Way7Q/XMuWYB2FHrJy7VkhycjeYLzIQqHg8Fl2yS0+tYP49HLb/Qpk7h4RV+V0bz/y7lXgS3P+ZxUoXbAoFe5
3oneHVRnDx1s7Cj42XbLEK62gC0Uh/P1U0AEo/9ZnnLu7Pgbx1Hp4gx4mZf1FG0MPZTbG2agF4B1tLzkUf+kfAlm4ekFlJ227wbXhI5jrX/Go1e8
ttSnkLLtXIUpxNSzUyMr3IPKJzMlI3ckh3UgQybYvxS9p2pTP2KXSWkKi/UVbGy4sdXcVwBYaxkVLg4KTbGznwa9rgBXtv5QicGU5KTxqLp74NEwPQ+XYDXUvASRlCTcyUbhycU0HdYv5tfkzoMt34aDV5w=
cek68yWpYyS2ht5P/Gh/evQfdGuDCwKt1ngw2BASLHdAoE8bcWSfTOEGW5HM6eBXLM+9M3SPn5BVbxocHlIzD2wDKQY7Z1JeYshifrn1LWrVD1YMRR4idHeFDzEZDwSTdUOz1FXbXukBJ7kRUEePqXNJka+llLAR8piMV5U=
+r6wdbxmIpEdTtjiINblYWxWay7Q/XMuWYB2FHrJy7VkhycjeYLzIQqHg8Fl2yS0+tYP49HLb/Qpk799RVeU0bz/y7lXgS3P+ZxUoXbAoFe5
srj+TjiDjpvwd0ElKL56o662gS0Uh/P1U0AEo/xZnnLu7Pgbx1Hp4gx4mZf1FG0MPZTbG2agF4B1tLzkUfihfAFn4ekFlJ227wbXhI5jrX/Go1e8
zVo2a8CoGVUXz3ZjrMomqPQfdGuDCwKt1ngw2BASLHdAoE8bcWSfTOEGW5HM6eBXLM+9M3SPn5BVbxocHlIzD2wDKQY7Z1JeYshifrn1LWrVD1YMRR4mfWCCDzEZDwSTdUOz1FXbWO4BL7gRUEePqXNJka+llLAR8piMV5U=
jYTFBVDaJGn5dkdbs54Ux2fdDp6GODhHPzXZ7gSMuastUL2glQJVj8kV58y9gNwYSf+yEOkzoTV9cC06Z3J3ONan/VPut1eg
Ky0gokg1tib+ZkDIBe40Y4PKJzMlI3ckh3UgQybYvxS9p2pTP2KXSWkKi/UVbGy4sdXcVwBYaxkVLg4KTbGznwa9rgBXtv5QicGU5KT1oa184NEwPQ+XYDXUvASRlCLcwUfhycU0HdYv5tfkzoMt34aDV5w=
tiN8+pIh1pXNa/aFdHcOy2bdDp6GODhHPzXZ7gSMuastUL2glQJVj8kV58y9gNwYSfCyEOkzoTV9cC06Z3J3ONan/VPut1eg
vlr8ZcXtHTnGmjCmm2D2Ht/fEUthsDAuTiLZgzGs8CgVVHgDuGsF09ccS+Q7KRAcFEw3I7XswPKv7tbNBrAuPvXNCXrRB0oseVZmBBMdg7GVl+BjsYuP9EnTX/8lF3TRnL9rOffBDc/Z3PQh1oCAV5k=
p5tSToDHnN/6oeXclh7NpG1Way7Q/XMuWYB2FHrJy7VkhycjeYLzIQqHg8Fl2yS0+tYP49HLb/Qpk7t4RVeU0bz/y7lXgS3P+ZxUoXbAoFe5
HsRI9VehMCXvMZFzHhRSF662gS0Uh/P1U0AEo/1ZnnLu7Pgbx1Hp4gx4mZf1FG0MPZTbG2agF4B1tLzkUfykfAFn4ekFlJ227wbXhI5jrX/Go1e8
iCB5sozaiSCboBAkC1eFQivMQHrWsVcf5jE8E01TrlUnTDHPtFbKVpD70f55i3hAW1Si3oBEe1lc35rKz6LWwercgPP4yXLXzi5rpOZWjduE2oiTwMwvqpH+4f1vhpFuDJodGqxKde1BJznmxRBrvIeaoqEF6ZKJV5I=
5b8M8T0KPO7+s1Qi0WLpvVlCv01iAHmF0z6z0T4siPc4A9PVavt5FVenQ1ZNhfOkxv66iEtMHXdpbdqDjnpDgPZShc+kjsDXkGiHPhFqSVk/wtk6LI4VGrpuXLkBc5FCVZTjKCfO6uVVzbqdV4Y=
+QMoALrzmoIElGf1F2QrmTcZ9RpZyf/W+riNoQ698Od+nAQhQeDdTRuv58y9gNwYSfiyEOszoTV9cC06Z3J3ONan/VPut1eg
b3K0t/udf6ttqhUN/9BflfPm13ZZz/rkF0ob9q2YYfkwGz+XAty9rQZJ0Num2NSN6XRd0aMLF4B1tLzkUfyifANn4ekFlJ227wbXhI5jrX/Go1e8
NVrrYE30dqrR0UOcjN+z4hfTBAVhpeB5P5ff6ML9KJ2Tmon8WmZvM/+x77WLevID9kzb3HnRFvzguARgtfB+62V9Bu2+6yv/LSSL5wGWHxFm8c770dFtdY9feyguaaykkleL
RhCflKPjQknZdhu3XFD7eC6Xiq5BSr3nh0UxEmiHhOwpmCM5LIjCaEbUT3jkD9c9NAmk49HLb/Qpk7l+RVWU0bz/y7lXgS3P+ZxUoXbAoFe5
5JIO1n6rOrXgjKPAtEA75RbTBAVhpeB5P5ff6ML9KJ2Tmon8WmZvM/+x77WLevID9kzb3HnRFvzguARgtfB+62V9Bu2+6yv/LSSL5wOWHxFm8c770dFtdY9feyguaaykkleL
mG4w4fZTYNn4CKDBBneMcS6Xiq5BSr3nh0UxEmiHhOwpmCM5LIjCaEbUT3jkD9c9NAmk49HLb/Qpk79+RVWU0bz/y7lXgS3P+ZxUoXbAoFe5
Uj0fNuNUnTfiSVP/4sEZlhfTBAVhpeB5P5ff6ML9KJ2Tmon8WmZvM/+x77WLevID9kzb3HnRFvzguARgtfB+62V9Bu2+6yv/LSSL5wWWHxFm8c770dFtdY9feyguaaykkleL
hADfk3a37vgc7pjKr4YtaKtYmZ7Ylb59gCRsLTNuhwkl0vV/bL0TkpVaO9ySL/vvgp2Zmqiqax4vd1UROzqiIwZM67wpEeYcUDiUwGUwTot1fRYNjqt7X72kO4dz18/xVvG+2wER3dX/3+vI/inchIJXmw==
Ku/ZnWdFA0eDTK7ypngU8KtYmZ7Ylb59gCRsLTNuhwkl0vV/bL0TkpVaO9ySL/vvgp2Zmqiqax4vd1UROzqiIwZM67wpEeYcUDiUwGUwTot1fRYNjqt7X72kO4dy18/xVvG+2wER3dX/3+vI/inchIJXmw==
Uu9q0XVvitcxEA1yPEqSEjcZ9RpZyf/W+riNoQ698Od/nAQhQeDdTRuv58y9gNwYSf6zEOszoTV9cC06Z3J3ONan/VPut1eg
80LQvpOy7b8yJeAhluOyGvPm13ZZz/rkF0ob9q2YYfkwGz+XAty9rQZJ0Nun2NSN6XRd0aMLF4B1tLzkUfqjfANn4ekFlJ227wbXhI5jrX/Go1e8
qirPQxt65wA6HAKcchRTdBfTBAVhpeB5P5ff6ML9KJ2Tmon8WmZvM/+x77WLevID9kzb3HnRFvzguARhtfB+62V9Bu2+6yv/LSSL5weXHxFm8c770dFtdY9feyguaaykkleL
hL/zGoP/yAmc48ZYn9aKo6tYmZ7Ylb59gCRsLTNuhwkl0vZ/bL0TkpVaO9ySL/vvgp2Zmqiqax4vd1UROzqiIwZM67wpEeYcUDiUwWUwTot1fRYNjqt7X72kO4d00M/xVvG+2wER3dX/3+vI/inchIJXmw==
gqShghIBpuv7d3a4vH1wc6tYmZ7Ylb59gCRsLTNuhwkl0vZ/bL0TkpVaO9ySL/vvgp2Zmqiqax4vd1UROzqiIwZM67wpEeYcUDiUwWUwTot1fRYNjqt7X72kO4d30M/xVvG+2wER3dX/3+vI/inchIJXmw==
ovj9LYE4iPfCAIiJidE/xS6Xiq5BSr3nh0UxEmiHhOwpmCM5LIjCaEbUT3jkD9c9NAmk49HLb/Qpk7p5RVWU0bz/y7lXgS3P+ZxUoXbAoFe5
YyFsD14vF1CDgARRakEvTJxP2H9FiX0Bg+EtGjeA5J7RT0FBUcm1gsx/yKzloEcpKIDeSDociwhAl1u9uJEAE5WDk9Q1m75poW3YEXCHbynTCbGvRVQQkZLYrFe1
rX0OpygdY3ardUexAEIMWVlCv01iAHmF0z6z0T4siPc4A9PVavt5FVenQ1ZNhfOkxv66iEtMHXdpbdqDjnpDgPZShc+kjsDTmX+APhFqSVk/wtk6LI4VG7huXrkBc5FCVZTjKCfO6uVVzbqdV4Y=
1MnB1sUID7sztWazsfY08VlCv01iAHqF0z6z0T4siPc5A9PVavt5FVenQ1ZNhfOkxv66iEtMHXdobdqDjnpDgPZShc+kjsDXkGiHPhFqSVk/wtk6LI4VHrhuXrkBc5FCVZTjKCfO6uVVzbqdV4Y=
6ssnRBp15HfIr5fKhCtNTllCv01iAHqF0z6z0T4siPc5A9PVavt5FVenQ1ZNhfOkxv66iEtMHXdobdqDjnpDgPZShc+kjsDTmX+APhFqSVk/wtk6LI4VGrluXrkBc5FCVZTjKCfO6uVVzbqdV4Y=
3fQ8OGY9BCq8b9McPErPP1lCv01iAHqF0z6z0T4siPc4A9PVavt5FVenQ1ZNhfCkxv66iEtMHXdpbdqDjnpDgPZShc+kjsDXkGiHPhFqSVk/wtk6LI4VG7luXrkBc5FCVZTjKCfO6uVVzbqdV4Y=
1BKsCbUcrFAs78GKTR82Vy6Xiq5BSr3nh0UxEmiHhOwpmCM5LIjCaEbUT3jkD9c9NAmk49HLb/Qpk7h9RVSU0bz/y7lXgS3P+ZxUoXbAoFe5
YB2PjRkbYvkkkKjDhBAXTZxP2H9FiX0Bg+EtGjeA5J7RT0FBUcm1gsx/yKzloEcpKIDeSDociwhAl1u9uJEAE5WDk9Q1m7xtoWzYEXCHbynTCbGvRVQQkZLYrFe1
YXoFx3zu1x1VcA/lIxHuItJmEjACiC/JPi0iDe+xEnrLulb9g14ZWV3A6I+OhhAsfyQLBOZX5U0cgh6+5Xuiw0A1aqr8i90OHS8fia92Md6M6n2naZqW/UE3WbaFoItMByoC0UW5splXgg==
2XcJLgXyvifIdqw/Ha4b/tJmEjACiC/JPi0iDe+xEnrLulb9g14ZWV3A6I+OhhAsfyQLBOZX5U0cgh6+5Xuiw0A1aqr8i90OHS8fia92Md6M6n2vapqW/UE3WbaFoItMByoC0UW5splXgg==
V8638L9hOvbSwX2dALyfSy6Xiq5BSr3nh0UxEmiHhOwpmCM5LIjCaEbVT3jkD9c9NAmk49HLb/Qpk79+RVSU0bz/y7lXgS3P+ZxUoXbAoFe5
GM5aPJVf+XVoELd0RdAWnZxP2H9FiX0Bg+EtGjeA5J7RT0FBUcm1gsx/yKzloEcpKIDeSDodiwhAl1u9uJEAE5WDk9Q1m7tuoWzYEXCHbynTCbGvRVQQkZLYrFe1
UmbMAg7No+aW1Vs4Yws3N9JmEjACiC/JPi0hDe+xEnrLulb9g14ZWV3A6I+OhhAsfyQLBOZX5U0cgh6+5Xuiw0A1a6r8i90OHS8fia92Md6M6n2papqW/UE3WbaFoItMByoC0UW5splXgg==
UmbMAg7No+aW1Vs4Yws3N9JmEjACiC/JPi0hDe+xEnrLulb9g14ZWV3A6I+OhhAsfyQLBOZX5U0cgh6+5Xuiw0A1a6r8i90OHS8fia92Md6M6n2papqW/UE3WbaFoItMByoC0UW5splXgg==
lFi9Za8DUlmipJhpCjRFX19cu0BwAn+f0HznjX5p6fk/hXoe616+yZMqEV1dxOD7nrL4yF9AYzA2oy0JXMbWSjXPyqfg0YMebP9Vip2rl/0/wtk6LI4VHLtuXrkBc5FCVZTjKCfO6uVVzbqdV4Y=
JCBpjwBnSwnCGH9BbY4Rzi6Xiq5BSr3nh0UxEmiHhOwpmCM5LIjCaEbUT3jkD9c9NAmk49HLb/Qpk7J/RVSU0bz/y7lXgS3P+ZxUoXbAoFe5
8RLQi0DT+8QpZZusSS+ql5xP2H9FiX0Bg+EtGjeA5J7RT0FBUcm1gsx/yKzloEcpKIDeSDociwhAl1u9uJEAE5WDk9Q1m7ZvoWzYEXCHbynTCbGvRVQQkZLYrFe1
1QK9kftAaav5XinaUvnSLV9cu0BwAn+f0HznjX5p6vk/hXoe616+yZMqEV1dxOD7nrL4yF9AYzA2oy0JXMbWSjXPyqfg0YIebP9Vip2rl/0/wtk6LI4VHbxuXrkBc5FCVZTjKCfO6uVVzbqdV4Y=
TJVdskZtqE5HdO0sis8z0ozEpMBk4WCFafMW2qL91v2USAx1CiqpUCBoyh2j3at/EVXFL0FSAcYanMt7YBUuobYsePbzEcLuevBslB09VK7eaDb6exbikBbMHb2FVAzrf4Fh7vzPsJir4rpABcLCLbGcar48sPWZs5G8fGkaIatOp6x+OcLcEioclvuFqxROx4+qi+2dar7XeKgJ8xQ0ud4OBT0qwyf2qSiDtPrUhitjW+GFOn0QC0GJVKRP3YdvF4KbbuIY0yCDNW78OzPLI5gBSO7XuhikdvT3JGhOsswSBAV+veZHE9vmZQ9dc4b34Ll5qxsUR23jP0luOETGT5kIUPJWXj+q8IpPjVkGMW9lEo0qKJnbYYCU6bPW8Kh4BGvzvAWLHhzQSHmF1SPWGfTf9IeJ5kwofiAyX82i5zN0BzuDxUgVvYppXG5daTBLMg5CqI+bserNieQvvQrC+zgGZyPYOzwhSBf7hK9X5LS+YiLjEUuv9GkT+3mF1FTRfH+LuRcB7c85HBShNkBgV3k=
YaS9S2kjtxfWn6OikLFRi7NceFHcYIl6d1fwUI3qgNJJna07kB73geoPAaiFILKppjkTZBmU0P+Cbvcr4iBPEPUw6J9J3kslIWlC6IyvpseuKtJZcCvsN6RXoraji0HXm6YdC/4ZyVbmp/QnpWAY3ZE6NRVft1Q8Gbl2+a6n2GKdCAlXijN3zOKiHU3N2Ma8Vvp/vjwlzH686Ce0IHLlSOEvdexQcn07rCPXZbCDLbMPvw3bFjaiU1jdfB9RqXFAypfcp/T0cY9sTIcrxu9LAtY4pORa3jkWnROOM0lLJ8wPbVAN3obvHQrLCHrwQA3/azrXDQbnzz4420Kylau6/+Yx0vM57J2j3vQElpCL06+1ZLPXmHF34C5xhsv5cfUFdx/jeBZJBDTaV8M=
gy+z6J+9+ZeqXIxc+hR5UYzEpMBk4WCFafMW2qL91v2USAx1CiqpUCBoyh2j3at/EVXFL0FSAcYanMt7YBUuobYsePbzEcLuevBslB09VK7eaDb6exbikBbMHb2FVAzrf4Fh7vzPsJir4rpABcLCLbGcar48sPWZs5G8fGkaIatOp6x+OcLcEioclvuFqxROx4+qi+2dar7XeKgJ8xQ0ud4OBT0qwyf2qSiDtPrUhitjW+GFOn0QC0GJVKRP3YdvF4KbbuIY0yCDNW78OzPLI5gBSO7XuhikdvT3JGhOsswSBAV+veZHE9vmZQ9dc4b34Ll5qxsUR23jP0luOETGT5kIUPJWXj+q8IpPjVkGMW9lEo0qKJnbYYCU6bPW8Kh4BGvzvAWLHhzQSHmF1SPWGfTf9IeJ5kwofiAyX82i5zN0BzuDxUgVvYppXG5daTBLMg5CqI+bserNieQvvQrC+zgGZyPYOzwhSBf7hK9X5LS+YiLjEUuv9GkT+XmF1FTRfH+LuRcB7c85HBShNkBgV3k=
i3RfR5cwJnzEX8hnIqmU/qare9BnIXOWXbXt3dscR20BHwMSdJ7jZNo7pLM36dvumUsf7t02wTPUX266s1AsgdPMC7gaXvtK+N/S499zBsiisrGHICjeZYLPTOHHDPBrb8S6cno8dBXkIAd/Vex6ozzdapN1b2784VlseqtGWNTkEyb0lethJ9nVy8UST83ntbjzuShPgEWjcuUzIkZeNFgUd6KiWiMTkp2v7UbpuuW7/GHauoPjBF7MXiRCyJI/Rghvo17bCo/x2qKUU+AXucejTzeZUuJ7JmO77iY8i78UAeNNnflOWXp5UcgMMnGBZdlMaprfMRofDn90FK6HNE6KSGIhWu62UfVHOi9vey6TUjalxZGeqPfLyMy2mNpXrcRbt8DsDnQn/YsfCNkqY6r/11qS2KCcbCeTHjnT6rul+1v0i00U1cIWw9Wuy6yy3NARJy8aUzV6VyO2XBvmujlbhofi0Zarpfzx6zp0YF58m093cQS3L6cB2+iKMWJDlcEJPfM/JyAK2Sh8fldn
BLfOdtAze2PQlJI699LQ1bNceFHcYIl6d1fwUI3qgNJJna07kB73geoPAaiFILKppjkTZBmU0P+Cbvcr4iBPEPUw6J9J3kslIWlC6IyvpseuKtJZcCvsN6RXoraji0HXm6YdC/4ZyVbmp/QnpWAY3ZE6NRVft1Q8Gbl2+a6n2GKdCAlXijN3zOKiHU3N2Ma8Vvp/vjwlzH686Ce0IHLlSOEvdexQcn07rCPXZbCDLbMPvw3bFjaiU1jdfB9RqXFAypfcp/T0cY9sTIcrxu9LAtY4pORa3jkWnROOM0lLJ8wPbVAN3obvHQrLCHrwQA3/azrXDQbnzz4420Kylau6/+Yx0vM57J2j3vQElpCL06+1ZLPXm3F34C5xhsv5cfUFdx/jeBZJBDTaV8M=
gy+z6J+9+ZeqXIxc+hR5UYzEpMBk4WCFafMW2qL91v2USAx1CiqpUCBoyh2j3at/EVXFL0FSAcYanMt7YBUuobYsePbzEcLuevBslB09VK7eaDb6exbikBbMHb2FVAzrf4Fh7vzPsJir4rpABcLCLbGcar48sPWZs5G8fGkaIatOp6x+OcLcEioclvuFqxROx4+qi+2dar7XeKgJ8xQ0ud4OBT0qwyf2qSiDtPrUhitjW+GFOn0QC0GJVKRP3YdvF4KbbuIY0yCDNW78OzPLI5gBSO7XuhikdvT3JGhOsswSBAV+veZHE9vmZQ9dc4b34Ll5qxsUR23jP0luOETGT5kIUPJWXj+q8IpPjVkGMW9lEo0qKJnbYYCU6bPW8Kh4BGvzvAWLHhzQSHmF1SPWGfTf9IeJ5kwofiAyX82i5zN0BzuDxUgVvYppXG5daTBLMg5CqI+bserNieQvvQrC+zgGZyPYOzwhSBf7hK9X5LS+YiLjEUuv9GkT+XmF1FTRfH+LuRcB7c85HBShNkBgV3k=
50XL62EuezK7BtgBBR3bRkRlFkX4gn9ycmT2CJOkuM+T1oIOFInkDgOsfyioXZQp4VADfOqbYE6Vz9hIlSSH4NrrkxYx4eMpgCz2Z3yzHPqg7apDVtPG90DSGWPbY2k2r/9kkTPSZCd2o1/ogikjqsehxV/uWPsZFB0UzwLW79i7I1D7DQgg4t+JtxAcyGQqDYrmTfaa3sjF0Bqa/3wTP0cYSnqHP64j1WFKizdHPa//7wzemDe6/R77a8GrdLhH7tMuPAtLrgxF77wnkXZk6NZQgLaD8v+zbFfzo714/f3i+UQOFZmIS4r+CsiXC9mqJbmcD3Va2nsgVi/DYEuU4WCH4yTnZxy0xlLqQwnbh7TB40EZTQRMUWSvw5nvMYUP0YwMQf4w2FfB
BLfOdtAze2PQlJI699LQ1bNceFHcYIl6d1fwUI3qgNJJna07kB73geoPAaiFILKppjkTZBmU0P+Cbvcr4iBPEPUw6J9J3kslIWlC6IyvpseuKtJZcCvsN6RXoraji0HXm6YdC/4ZyVbmp/QnpWAY3ZE6NRVft1Q8Gbl2+a6n2GKdCAlXijN3zOKiHU3N2Ma8Vvp/vjwlzH686Ce0IHLlSOEvdexQcn07rCPXZbCDLbMPvw3bFjaiU1jdfB9RqXFAypfcp/T0cY9sTIcrxu9LAtY4pORa3jkWnROOM0lLJ8wPbVAN3obvHQrLCHrwQA3/azrXDQbnzz4420Kylau6/+Yx0vM57J2j3vQElpCL06+1ZLPXm3F34C5xhsv5cfUFdx/jeBZJBDTaV8M=
i3RfR5cwJnzEX8hnIqmU/qare9BnIXOWXbXt3dscR20BHwMSdJ7jZNo7pLM36dvumUsf7t02wTPUX266s1AsgdPMC7gaXvtK+N/S499zBsiisrGHICjeZYLPTOHHDPBrb8S6cno8dBXkIAd/Vex6ozzdapN1b2784VlseqtGWNTkEyb0lethJ9nVy8UST83ntbjzuShPgEWjcuUzIkZeNFgUd6KiWiMTkp2v7UbpuuW7/GHauoPjBF7MXiRCyJI/Rghvo17bCo/x2qKUU+AXucejTzeZUuJ7JmO77iY8i78UAeNNnflOWXp5UcgMMnGBZdlMaprfMRofDn90FK6HNE6KSGIhWu62UfVHOi9vey6TUjalxZGeqPfLyMy2mNpXrcRbt8DsDnQn/YsfCNkqY6r/11qS2KCcbCeTHjnT6rul+1v0i00U1cIWw9Wuy6yy3NARJy8aUzV6VyO2XBvmujlbhofi0Zarpfzx6zp0YF58m093cQS3L6cB2+iKMWJDlcEJPfM/JyAK2Sh8fldn
DmESxoorGPVPNZ/kicXhA4zEpMBk4WCFafMW2qL91v2USAx1CiqpUCBoyh2j3at/EVXFL0FSAcYanMt7YBUuobYsePbzEcLuevBslB09VK7eaDb6exbikBbMHb2FVAzrf4Fh7vzPsJir4rpABcLCLbGcar48sPWZs5G8fGkaIatOp6x+OcLcEioclvuFqxROx4+qi+2dar7XeKgJ8xQ0ud4OBT0qwyf2qSiDtPrUhitjW+GFOn0QC0GJVKRP3YdvF4KbbuIY0yCDNW78OzPLI5gBSO7XuhikdvT3JGhOsswSBAV+veZHE9vmZQ9dc4b34Ll5qxsUR23jP0luOETGT5kIUPJWXj+q8IpPjVkGMW9lEo0qKJnbYYCU6bPW8Kh4BGvzvAWLHhzQSHmF1SPWGfTf9IeJ5kwofiAyX82i5zN0BzuDxUgVvYppXG5daTBLMg5CqI+bserNieQvvQrC+zgGZyPYOzwhSBf7hK9X5LS+YiLjEUuv9GkT+HmF1FTRfH+LuRcB7c85HBShNkBgV3k=
jJ3FPIiQSkBva9Sbm63jsURlFkX4gn9ycmT2CJOkuM+T1oIOFInkDgOsfyioXZQp4VADfOqbYE6Vz9hIlSSH4NrrkxYx4eMpgCz2Z3yzHPqg7apDVtPG90DSGWPbY2k2r/9kkTPSZCd2o1/ogikjqsehxV/uWPsZFB0UzwLW79i7I1D7DQgg4t+JtxAcyGQqDYrmTfaa3sjF0Bqa/3wTP0cYSnqHP64j1WFKizdHPa//7wzemDe6/R77a8GrdLhH7tMuPAtLrgxF77wnkXZk6NZQgLaD8v+zbFfzo714/f3i+UQOFZmIS4r+CsiXC9mqJbmcD3Va2nsgVi/DYEuU4WCH4yTnZxy0xlLqQwnbh7TB40AZTQRMUWSvw5nvMYUP0YwMQf4w2FfB
VnGZow7/FOk+vV4P/GDHd6are9BnIXOWXbXt3dscR20BHwMSdJ7jZNo7pLM36dvumUsf7t02wTPUX266s1AsgdPMC7gaXvtK+N/S499zBsiisrGHICjeZYLPTOHHDPBrb8S6cno8dBXkIAd/Vex6ozzdapN1b2784VlseqtGWNTkEyb0lethJ9nVy8UST83ntbjzuShPgEWjcuUzIkZeNFgUd6KiWiMTkp2v7UbpuuW7/GHauoPjBF7MXiRCyJI/Rghvo17bCo/x2qKUU+AXucejTzeZUuJ7JmO77iY8i78UAeNNnflOWXp5UcgMMnGBZdlMaprfMRofDn90FK6HNE6KSGIhWu62UfVHOi9vey6TUjalxZGeqPfLyMy2mNpXrcRbt8DsDnQn/YsfCNkqY6r/11qS2KCcbCeTHjnT6rul+1v0i00U1cIWw9Wuy6yy3NARJy8aUzV6VyO2XBvmujlbhofi0Zarpfzx6zp0YF58m093cQS3L6YB2+iKMWJDlcEJPfM/JyAK2Sh8fldn
XOfSbVnvdpjBivQB66FT5LNceFHcYIl6d1fwUI3qgNJJna07kB73geoPAaiFILKppjkTZBmU0P+Cbvcr4iBPEPUw6J9J3kslIWlC6IyvpseuKtJZcCvsN6RXoraji0HXm6YdC/4ZyVbmp/QnpWAY3ZE6NRVft1Q8Gbl2+a6n2GKdCAlXijN3zOKiHU3N2Ma8Vvp/vjwlzH686Ce0IHLlSOEvdexQcn07rCPXZbCDLbMPvw3bFjaiU1jdfB9RqXFAypfcp/T0cY9sTIcrxu9LAtY4pORa3jkWnROOM0lLJ8wPbVAN3obvHQrLCHrwQA3/azrXDQbnzz4420Kylau6/+Yx0vM57J2j3vQElpCL06+1ZLPXmnF34C5xhsv5cfUFdx/jeBZJBDTaV8M=
DmESxoorGPVPNZ/kicXhA4zEpMBk4WCFafMW2qL91v2USAx1CiqpUCBoyh2j3at/EVXFL0FSAcYanMt7YBUuobYsePbzEcLuevBslB09VK7eaDb6exbikBbMHb2FVAzrf4Fh7vzPsJir4rpABcLCLbGcar48sPWZs5G8fGkaIatOp6x+OcLcEioclvuFqxROx4+qi+2dar7XeKgJ8xQ0ud4OBT0qwyf2qSiDtPrUhitjW+GFOn0QC0GJVKRP3YdvF4KbbuIY0yCDNW78OzPLI5gBSO7XuhikdvT3JGhOsswSBAV+veZHE9vmZQ9dc4b34Ll5qxsUR23jP0luOETGT5kIUPJWXj+q8IpPjVkGMW9lEo0qKJnbYYCU6bPW8Kh4BGvzvAWLHhzQSHmF1SPWGfTf9IeJ5kwofiAyX82i5zN0BzuDxUgVvYppXG5daTBLMg5CqI+bserNieQvvQrC+zgGZyPYOzwhSBf7hK9X5LS+YiLjEUuv9GkT+HmF1FTRfH+LuRcB7c85HBShNkBgV3k=
jJ3FPIiQSkBva9Sbm63jsURlFkX4gn9ycmT2CJOkuM+T1oIOFInkDgOsfyioXZQp4VADfOqbYE6Vz9hIlSSH4NrrkxYx4eMpgCz2Z3yzHPqg7apDVtPG90DSGWPbY2k2r/9kkTPSZCd2o1/ogikjqsehxV/uWPsZFB0UzwLW79i7I1D7DQgg4t+JtxAcyGQqDYrmTfaa3sjF0Bqa/3wTP0cYSnqHP64j1WFKizdHPa//7wzemDe6/R77a8GrdLhH7tMuPAtLrgxF77wnkXZk6NZQgLaD8v+zbFfzo714/f3i+UQOFZmIS4r+CsiXC9mqJbmcD3Va2nsgVi/DYEuU4WCH4yTnZxy0xlLqQwnbh7TB40AZTQRMUWSvw5nvMYUP0YwMQf4w2FfB
XOfSbVnvdpjBivQB66FT5LNceFHcYIl6d1fwUI3qgNJJna07kB73geoPAaiFILKppjkTZBmU0P+Cbvcr4iBPEPUw6J9J3kslIWlC6IyvpseuKtJZcCvsN6RXoraji0HXm6YdC/4ZyVbmp/QnpWAY3ZE6NRVft1Q8Gbl2+a6n2GKdCAlXijN3zOKiHU3N2Ma8Vvp/vjwlzH686Ce0IHLlSOEvdexQcn07rCPXZbCDLbMPvw3bFjaiU1jdfB9RqXFAypfcp/T0cY9sTIcrxu9LAtY4pORa3jkWnROOM0lLJ8wPbVAN3obvHQrLCHrwQA3/azrXDQbnzz4420Kylau6/+Yx0vM57J2j3vQElpCL06+1ZLPXmnF34C5xhsv5cfUFdx/jeBZJBDTaV8M=
m53clYuS9/zR0MhljEZAZ6are9BnIXOWXbXt3dscR20BHwMSdJ7jZNo7pLM36dvumUsf7t02wTPUX266s1AsgdPMC7gaXvtK+N/S499zBsiisrGHICjeZYLPTOHHDPBrb8S6cno8dBXkIAd/Vex6ozzdapN1b2784VlseqtGWNTkEyb0lethJ9nVy8UST83ntbjzuShPgEWjcuUzIkZeNFgUd6KiWiMTkp2v7UbpuuW7/GHauoPjBF7MXiRCyJI/Rghvo17bCo/x2qKUU+AXucejTzeZUuJ7JmO77iY8i78UAeNNnflOWXp5UcgMMnGBZdlMaprfMRofDn90FK6HNE6KSGIhWu62UfVHOi9vey6TUjalxZGeqPfLyMy2mNpXrcRbt8DsDnQn/YsfCNkqY6r/11qS2KCcbCeTHjnT6rul+1v0i00U1cIWw9Wuy6yy3NARJy8aUzV6VyO2XBvmujlbhofi0Zarpfzx6zp0YF58m093cQS3L6EB2+iKMWJDlcEJPfM/JyAK2Sh8fldn
CcTVHoL8d8dpLFM+kFF0zURlFkX4gn9ycmT2CJOkuM+T1oIOFInkDgOsfyioXZQp4VADfOqbYE6Vz9hIlSSH4NrrkxYx4eMpgCz2Z3yzHPqg7apDVtPG90DSGWPbY2k2r/9kkTPSZCd2o1/ogikjqsehxV/uWPsZFB0UzwLW79i7I1D7DQgg4t+JtxAcyGQqDYrmTfaa3sjF0Bqa/3wTP0cYSnqHP64j1WFKizdHPa//7wzemDe6/R77a8GrdLhH7tMuPAtLrgxF77wnkXZk6NZQgLaD8v+zbFfzo714/f3i+UQOFZmIS4r+CsiXC9mqJbmcD3Va2nsgVi/DYEuU4WCH4yTnZxy0xlLqQwnbh7TB40cZTQRMUWSvw5nvMYUP0YwMQf4w2FfB
k5ES5UpkQezIjKYo2bXOdIzEpMBk4WCFafMW2qL91v2USAx1CiqpUCBoyh2j3at/EVXFL0FSAcYanMt7YBUuobYsePbzEcLuevBslB09VK7eaDb6exbikBbMHb2FVAzrf4Fh7vzPsJir4rpABcLCLbGcar48sPWZs5G8fGkaIatOp6x+OcLcEioclvuFqxROx4+qi+2dar7XeKgJ8xQ0ud4OBT0qwyf2qSiDtPrUhitjW+GFOn0QC0GJVKRP3YdvF4KbbuIY0yCDNW78OzPLI5gBSO7XuhikdvT3JGhOsswSBAV+veZHE9vmZQ9dc4b34Ll5qxsUR23jP0luOETGT5kIUPJWXj+q8IpPjVkGMW9lEo0qKJnbYYCU6bPW8Kh4BGvzvAWLHhzQSHmF1SPWGfTf9IeJ5kwofiAyX82i5zN0BzuDxUgVvYppXG5daTBLMg5CqI+bserNieQvvQrC+zgGZyPYOzwhSBf7hK9X5LS+YiLjEUuv9GkT/3mF1FTRfH+LuRcB7c85HBShNkBgV3k=
m53clYuS9/zR0MhljEZAZ6are9BnIXOWXbXt3dscR20BHwMSdJ7jZNo7pLM36dvumUsf7t02wTPUX266s1AsgdPMC7gaXvtK+N/S499zBsiisrGHICjeZYLPTOHHDPBrb8S6cno8dBXkIAd/Vex6ozzdapN1b2784VlseqtGWNTkEyb0lethJ9nVy8UST83ntbjzuShPgEWjcuUzIkZeNFgUd6KiWiMTkp2v7UbpuuW7/GHauoPjBF7MXiRCyJI/Rghvo17bCo/x2qKUU+AXucejTzeZUuJ7JmO77iY8i78UAeNNnflOWXp5UcgMMnGBZdlMaprfMRofDn90FK6HNE6KSGIhWu62UfVHOi9vey6TUjalxZGeqPfLyMy2mNpXrcRbt8DsDnQn/YsfCNkqY6r/11qS2KCcbCeTHjnT6rul+1v0i00U1cIWw9Wuy6yy3NARJy8aUzV6VyO2XBvmujlbhofi0Zarpfzx6zp0YF58m093cQS3L6EB2+iKMWJDlcEJPfM/JyAK2Sh8fldn
7ji08CFGEKorj6igT9QjsbNceFHcYIl6d1fwUI3qgNJJna07kB73geoPAaiFILKppjkTZBmU0P+Cbvcr4iBPEPUw6J9J3kslIWlC6IyvpseuKtJZcCvsN6RXoraji0HXm6YdC/4ZyVbmp/QnpWAY3ZE6NRVft1Q8Gbl2+a6n2GKdCAlXijN3zOKiHU3N2Ma8Vvp/vjwlzH686Ce0IHLlSOEvdexQcn07rCPXZbCDLbMPvw3bFjaiU1jdfB9RqXFAypfcp/T0cY9sTIcrxu9LAtY4pORa3jkWnROOM0lLJ8wPbVAN3obvHQrLCHrwQA3/azrXDQbnzz4420Kylau6/+Yx0vM57J2j3vQElpCL06+1ZLPXnHF34C5xhsv5cfUFdx/jeBZJBDTaV8M=
c8vrTAC27+02aycnMiIFZURlFkX4gn9ycmT2CJOkuM+T1oIOFInkDgOsfyioXZQp4VADfOqbYE6Vz9hIlSSH4NrrkxYx4eMpgCz2Z3yzHPqg7apDVtPG90DSGWPbY2k2r/9kkTPSZCd2o1/ogikjqsehxV/uWPsZFB0UzwLW79i7I1D7DQgg4t+JtxAcyGQqDYrmTfaa3sjF0Bqa/3wTP0cYSnqHP64j1WFKizdHPa//7wzemDe6/R77a8GrdLhH7tMuPAtLrgxF77wnkXZk6NZQgLaD8v+zbFfzo714/f3i+UQOFZmIS4r+CsiXC9mqJbmcD3Va2nsgVi/DYEuU4WCH4yTnZxy0xlLqQwnbh7TB40YZTQRMUWSvw5nvMYUP0YwMQf4w2FfB
cwqbnz7MnWEPczKmdpKtB4zEpMBk4WCFafMW2qL91v2USAx1CiqpUCBoyh2j3at/EVXFL0FSAcYanMt7YBUuobYsePbzEcLuevBslB09VK7eaDb6exbikBbMHb2FVAzrf4Fh7vzPsJir4rpABcLCLbGcar48sPWZs5G8fGkaIatOp6x+OcLcEioclvuFqxROx4+qi+2dar7XeKgJ8xQ0ud4OBT0qwyf2qSiDtPrUhitjW+GFOn0QC0GJVKRP3YdvF4KbbuIY0yCDNW78OzPLI5gBSO7XuhikdvT3JGhOsswSBAV+veZHE9vmZQ9dc4b34Ll5qxsUR23jP0luOETGT5kIUPJWXj+q8IpPjVkGMW9lEo0qKJnbYYCU6bPW8Kh4BGvzvAWLHhzQSHmF1SPWGfTf9IeJ5kwofiAyX82i5zN0BzuDxUgVvYppXG5daTBLMg5CqI+bserNieQvvQrC+zgGZyPYOzwhSBf7hK9X5LS+YiLjEUuv9GkT/nmF1FTRfH+LuRcB7c85HBShNkBgV3k=
7ji08CFGEKorj6igT9QjsbNceFHcYIl6d1fwUI3qgNJJna07kB73geoPAaiFILKppjkTZBmU0P+Cbvcr4iBPEPUw6J9J3kslIWlC6IyvpseuKtJZcCvsN6RXoraji0HXm6YdC/4ZyVbmp/QnpWAY3ZE6NRVft1Q8Gbl2+a6n2GKdCAlXijN3zOKiHU3N2Ma8Vvp/vjwlzH686Ce0IHLlSOEvdexQcn07rCPXZbCDLbMPvw3bFjaiU1jdfB9RqXFAypfcp/T0cY9sTIcrxu9LAtY4pORa3jkWnROOM0lLJ8wPbVAN3obvHQrLCHrwQA3/azrXDQbnzz4420Kylau6/+Yx0vM57J2j3vQElpCL06+1ZLPXnHF34C5xhsv5cfUFdx/jeBZJBDTaV8M=
ImZiqcrxtv5o7sH1kjsH9Kare9BnIXOWXbXt3dscR20BHwMSdJ7jZNo7pLM36dvumUsf7t02wTPUX266s1AsgdPMC7gaXvtK+N/S499zBsiisrGHICjeZYLPTOHHDPBrb8S6cno8dBXkIAd/Vex6ozzdapN1b2784VlseqtGWNTkEyb0lethJ9nVy8UST83ntbjzuShPgEWjcuUzIkZeNFgUd6KiWiMTkp2v7UbpuuW7/GHauoPjBF7MXiRCyJI/Rghvo17bCo/x2qKUU+AXucejTzeZUuJ7JmO77iY8i78UAeNNnflOWXp5UcgMMnGBZdlMaprfMRofDn90FK6HNE6KSGIhWu62UfVHOi9vey6TUjalxZGeqPfLyMy2mNpXrcRbt8DsDnQn/YsfCNkqY6r/11qS2KCcbCeTHjnT6rul+1v0i00U1cIWw9Wuy6yy3NARJy8aUzV6VyO2XBvmujlbhofi0Zarpfzx6zp0YF58m093cQS3L6AB2+iKMWJDlcEJPfM/JyAK2Sh8fldn
c8vrTAC27+02aycnMiIFZURlFkX4gn9ycmT2CJOkuM+T1oIOFInkDgOsfyioXZQp4VADfOqbYE6Vz9hIlSSH4NrrkxYx4eMpgCz2Z3yzHPqg7apDVtPG90DSGWPbY2k2r/9kkTPSZCd2o1/ogikjqsehxV/uWPsZFB0UzwLW79i7I1D7DQgg4t+JtxAcyGQqDYrmTfaa3sjF0Bqa/3wTP0cYSnqHP64j1WFKizdHPa//7wzemDe6/R77a8GrdLhH7tMuPAtLrgxF77wnkXZk6NZQgLaD8v+zbFfzo714/f3i+UQOFZmIS4r+CsiXC9mqJbmcD3Va2nsgVi/DYEuU4WCH4yTnZxy0xlLqQwnbh7TB40YZTQRMUWSvw5nvMYUP0YwMQf4w2FfB
cwqbnz7MnWEPczKmdpKtB4zEpMBk4WCFafMW2qL91v2USAx1CiqpUCBoyh2j3at/EVXFL0FSAcYanMt7YBUuobYsePbzEcLuevBslB09VK7eaDb6exbikBbMHb2FVAzrf4Fh7vzPsJir4rpABcLCLbGcar48sPWZs5G8fGkaIatOp6x+OcLcEioclvuFqxROx4+qi+2dar7XeKgJ8xQ0ud4OBT0qwyf2qSiDtPrUhitjW+GFOn0QC0GJVKRP3YdvF4KbbuIY0yCDNW78OzPLI5gBSO7XuhikdvT3JGhOsswSBAV+veZHE9vmZQ9dc4b34Ll5qxsUR23jP0luOETGT5kIUPJWXj+q8IpPjVkGMW9lEo0qKJnbYYCU6bPW8Kh4BGvzvAWLHhzQSHmF1SPWGfTf9IeJ5kwofiAyX82i5zN0BzuDxUgVvYppXG5daTBLMg5CqI+bserNieQvvQrC+zgGZyPYOzwhSBf7hK9X5LS+YiLjEUuv9GkT/nmF1FTRfH+LuRcB7c85HBShNkBgV3k=
Rreq42NXOBZ5JpcWx/Ei2LNceFHcYIl6d1fwUI3qgNJJna07kB73geoPAaiFILKppjkTZBmU0P+Cbvcr4iBPEPUw6J9J3kslIWlC6IyvpseuKtJZcCvsN6RXoraji0HXm6YdC/4ZyVbmp/QnpWAY3ZE6NRVft1Q8Gbl2+a6n2GKdCAlXijN3zOKiHU3N2Ma8Vvp/vjwlzH686Ce0IHLlSOEvdexQcn07rCPXZbCDLbMPvw3bFjaiU1jdfB9RqXFAypfcp/T0cY9sTIcrxu9LAtY4pORa3jkWnROOM0lLJ8wPbVAN3obvHQrLCHrwQA3/azrXDQbnzz4420Kylau6/+Yx0vM57J2j3vQElpCL06+1ZLPXn3F34C5xhsv5cfUFdx/jeBZJBDTaV8M=
kNUG/WRnAdOGNAgdumMdh6are9BnIXOWXbXt3dscR20BHwMSdJ7jZNo7pLM36dvumUsf7t02wTPUX266s1AsgdPMC7gaXvtK+N/S499zBsiisrGHICjeZYLPTOHHDPBrb8S6cno8dBXkIAd/Vex6ozzdapN1b2784VlseqtGWNTkEyb0lethJ9nVy8UST83ntbjzuShPgEWjcuUzIkZeNFgUd6KiWiMTkp2v7UbpuuW7/GHauoPjBF7MXiRCyJI/Rghvo17bCo/x2qKUU+AXucejTzeZUuJ7JmO77iY8i78UAeNNnflOWXp5UcgMMnGBZdlMaprfMRofDn90FK6HNE6KSGIhWu62UfVHOi9vey6TUjalxZGeqPfLyMy2mNpXrcRbt8DsDnQn/YsfCNkqY6r/11qS2KCcbCeTHjnT6rul+1v0i00U1cIWw9Wuy6yy3NARJy8aUzV6VyO2XBvmujlbhofi0Zarpfzx6zp0YF58m093cQS3L6MB2+iKMWJDlcEJPfM/JyAK2Sh8fldn
t6mR6TRzAlNrSCnVC87mVkRlFkX4gn9ycmT2CJOkuM+T1oIOFInkDgOsfyioXZQp4VADfOqbYE6Vz9hIlSSH4NrrkxYx4eMpgCz2Z3yzHPqg7apDVtPG90DSGWPbY2k2r/9kkTPSZCd2o1/ogikjqsehxV/uWPsZFB0UzwLW79i7I1D7DQgg4t+JtxAcyGQqDYrmTfaa3sjF0Bqa/3wTP0cYSnqHP64j1WFKizdHPa//7wzemDe6/R77a8GrdLhH7tMuPAtLrgxF77wnkXZk6NZQgLaD8v+zbFfzo714/f3i+UQOFZmIS4r+CsiXC9mqJbmcD3Va2nsgVi/DYEuU4WCH4yTnZxy0xlLqQwnbh7TB40UZTQRMUWSvw5nvMYUP0YwMQf4w2FfB
D2txJW11KZGghEF/KoQAhYzEpMBk4WCFafMW2qL91v2USAx1CiqpUCBoyh2j3at/EVXFL0FSAcYanMt7YBUuobYsePbzEcLuevBslB09VK7eaDb6exbikBbMHb2FVAzrf4Fh7vzPsJir4rpABcLCLbGcar48sPWZs5G8fGkaIatOp6x+OcLcEioclvuFqxROx4+qi+2dar7XeKgJ8xQ0ud4OBT0qwyf2qSiDtPrUhitjW+GFOn0QC0GJVKRP3YdvF4KbbuIY0yCDNW78OzPLI5gBSO7XuhikdvT3JGhOsswSBAV+veZHE9vmZQ9dc4b34Ll5qxsUR23jP0luOETGT5kIUPJWXj+q8IpPjVkGMW9lEo0qKJnbYYCU6bPW8Kh4BGvzvAWLHhzQSHmF1SPWGfTf9IeJ5kwofiAyX82i5zN0BzuDxUgVvYppXG5daTBLMg5CqI+bserNieQvvQrC+zgGZyPYOzwhSBf7hK9X5LS+YiLjEUuv9GkT/XmF1FTRfH+LuRcB7c85HBShNkBgV3k=
kNUG/WRnAdOGNAgdumMdh6are9BnIXOWXbXt3dscR20BHwMSdJ7jZNo7pLM36dvumUsf7t02wTPUX266s1AsgdPMC7gaXvtK+N/S499zBsiisrGHICjeZYLPTOHHDPBrb8S6cno8dBXkIAd/Vex6ozzdapN1b2784VlseqtGWNTkEyb0lethJ9nVy8UST83ntbjzuShPgEWjcuUzIkZeNFgUd6KiWiMTkp2v7UbpuuW7/GHauoPjBF7MXiRCyJI/Rghvo17bCo/x2qKUU+AXucejTzeZUuJ7JmO77iY8i78UAeNNnflOWXp5UcgMMnGBZdlMaprfMRofDn90FK6HNE6KSGIhWu62UfVHOi9vey6TUjalxZGeqPfLyMy2mNpXrcRbt8DsDnQn/YsfCNkqY6r/11qS2KCcbCeTHjnT6rul+1v0i00U1cIWw9Wuy6yy3NARJy8aUzV6VyO2XBvmujlbhofi0Zarpfzx6zp0YF58m093cQS3L6MB2+iKMWJDlcEJPfM/JyAK2Sh8fldn
Rreq42NXOBZ5JpcWx/Ei2LNceFHcYIl6d1fwUI3qgNJJna07kB73geoPAaiFILKppjkTZBmU0P+Cbvcr4iBPEPUw6J9J3kslIWlC6IyvpseuKtJZcCvsN6RXoraji0HXm6YdC/4ZyVbmp/QnpWAY3ZE6NRVft1Q8Gbl2+a6n2GKdCAlXijN3zOKiHU3N2Ma8Vvp/vjwlzH686Ce0IHLlSOEvdexQcn07rCPXZbCDLbMPvw3bFjaiU1jdfB9RqXFAypfcp/T0cY9sTIcrxu9LAtY4pORa3jkWnROOM0lLJ8wPbVAN3obvHQrLCHrwQA3/azrXDQbnzz4420Kylau6/+Yx0vM57J2j3vQElpCL06+1ZLPXn3F34C5xhsv5cfUFdx/jeBZJBDTaV8M=
t6mR6TRzAlNrSCnVC87mVkRlFkX4gn9ycmT2CJOkuM+T1oIOFInkDgOsfyioXZQp4VADfOqbYE6Vz9hIlSSH4NrrkxYx4eMpgCz2Z3yzHPqg7apDVtPG90DSGWPbY2k2r/9kkTPSZCd2o1/ogikjqsehxV/uWPsZFB0UzwLW79i7I1D7DQgg4t+JtxAcyGQqDYrmTfaa3sjF0Bqa/3wTP0cYSnqHP64j1WFKizdHPa//7wzemDe6/R77a8GrdLhH7tMuPAtLrgxF77wnkXZk6NZQgLaD8v+zbFfzo714/f3i+UQOFZmIS4r+CsiXC9mqJbmcD3Va2nsgVi/DYEuU4WCH4yTnZxy0xlLqQwnbh7TB40UZTQRMUWSvw5nvMYUP0YwMQf4w2FfB
D2txJW11KZGghEF/KoQAhYzEpMBk4WCFafMW2qL91v2USAx1CiqpUCBoyh2j3at/EVXFL0FSAcYanMt7YBUuobYsePbzEcLuevBslB09VK7eaDb6exbikBbMHb2FVAzrf4Fh7vzPsJir4rpABcLCLbGcar48sPWZs5G8fGkaIatOp6x+OcLcEioclvuFqxROx4+qi+2dar7XeKgJ8xQ0ud4OBT0qwyf2qSiDtPrUhitjW+GFOn0QC0GJVKRP3YdvF4KbbuIY0yCDNW78OzPLI5gBSO7XuhikdvT3JGhOsswSBAV+veZHE9vmZQ9dc4b34Ll5qxsUR23jP0luOETGT5kIUPJWXj+q8IpPjVkGMW9lEo0qKJnbYYCU6bPW8Kh4BGvzvAWLHhzQSHmF1SPWGfTf9IeJ5kwofiAyX82i5zN0BzuDxUgVvYppXG5daTBLMg5CqI+bserNieQvvQrC+zgGZyPYOzwhSBf7hK9X5LS+YiLjEUuv9GkT/XmF1FTRfH+LuRcB7c85HBShNkBgV3k=
al7qbu0FKIGH5kioj47DEKare9BnIXOWXbXt3dscR20BHwMSdJ7jZNo7pLM36dvumUsf7t02wTPUX266s1AsgdPMC7gaXvtK+N/S499zBsiisrGHICjeZYLPTOHHDPBrb8S6cno8dBXkIAd/Vex6ozzdapN1b2784VlseqtGWNTkEyb0lethJ9nVy8UST83ntbjzuShPgEWjcuUzIkZeNFgUd6KiWiMTkp2v7UbpuuW7/GHauoPjBF7MXiRCyJI/Rghvo17bCo/x2qKUU+AXucejTzeZUuJ7JmO77iY8i78UAeNNnflOWXp5UcgMMnGBZdlMaprfMRofDn90FK6HNE6KSGIhWu62UfVHOi9vey6TUjalxZGeqPfLyMy2mNpXrcRbt8DsDnQn/YsfCNkqY6r/11qS2KCcbCeTHjnT6rul+1v0i00U1cIWw9Wuy6yy3NARJy8aUzV6VyO2XBvmujlbhofi0Zarpfzx6zp0YF58m093cQS3L6IB2+iKMWJDlcEJPfM/JyAK2Sh8fldn
viIZMymD/P85cQQDFn8MQbNceFHcYIl6d1fwUI3qgNJJna07kB73geoPAaiFILKppjkTZBmU0P+Cbvcr4iBPEPUw6J9J3kslIWlC6IyvpseuKtJZcCvsN6RXoraji0HXm6YdC/4ZyVbmp/QnpWAY3ZE6NRVft1Q8Gbl2+a6n2GKdCAlXijN3zOKiHU3N2Ma8Vvp/vjwlzH686Ce0IHLlSOEvdexQcn07rCPXZbCDLbMPvw3bFjaiU1jdfB9RqXFAypfcp/T0cY9sTIcrxu9LAtY4pORa3jkWnROOM0lLJ8wPbVAN3obvHQrLCHrwQA3/azrXDQbnzz4420Kylau6/+Yx0vM57J2j3vQElpCL06+1ZLPXnnF34C5xhsv5cfUFdx/jeBZJBDTaV8M=
xKU/qSV6B9Smj7KXQNXj8URlFkX4gn9ycmT2CJOkuM+T1oIOFInkDgOsfyioXZQp4VADfOqbYE6Vz9hIlSSH4NrrkxYx4eMpgCz2Z3yzHPqg7apDVtPG90DSGWPbY2k2r/9kkTPSZCd2o1/ogikjqsehxV/uWPsZFB0UzwLW79i7I1D7DQgg4t+JtxAcyGQqDYrmTfaa3sjF0Bqa/3wTP0cYSnqHP64j1WFKizdHPa//7wzemDe6/R77a8GrdLhH7tMuPAtLrgxF77wnkXZk6NZQgLaD8v+zbFfzo714/f3i+UQOFZmIS4r+CsiXC9mqJbmcD3Va2nsgVi/DYEuU4WCH4yTnZxy0xlLqQwnbh7TB40QZTQRMUWSvw5nvMYUP0YwMQf4w2FfB
WSZwYO8In6RWKfz64BA7nozEpMBk4WCFafMW2qL91v2USAx1CiqpUCBoyh2j3at/EVXFL0FSAcYanMt7YBUuobYsePbzEcLuevBslB09VK7eaDb6exbikBbMHb2FVAzrf4Fh7vzPsJir4rpABcLCLbGcar48sPWZs5G8fGkaIatOp6x+OcLcEioclvuFqxROx4+qi+2dar7XeKgJ8xQ0ud4OBT0qwyf2qSiDtPrUhitjW+GFOn0QC0GJVKRP3YdvF4KbbuIY0yCDNW78OzPLI5gBSO7XuhikdvT3JGhOsswSBAV+veZHE9vmZQ9dc4b34Ll5qxsUR23jP0luOETGT5kIUPJWXj+q8IpPjVkGMW9lEo0qKJnbYYCU6bPW8Kh4BGvzvAWLHhzQSHmF1SPWGfTf9IeJ5kwofiAyX82i5zN0BzuDxUgVvYppXG5daTBLMg5CqI+bserNieQvvQrC+zgGZyPYOzwhSBf7hK9X5LS+YiLjEUuv9GkT/HmF1FTRfH+LuRcB7c85HBShNkBgV3k=
viIZMymD/P85cQQDFn8MQbNceFHcYIl6d1fwUI3qgNJJna07kB73geoPAaiFILKppjkTZBmU0P+Cbvcr4iBPEPUw6J9J3kslIWlC6IyvpseuKtJZcCvsN6RXoraji0HXm6YdC/4ZyVbmp/QnpWAY3ZE6NRVft1Q8Gbl2+a6n2GKdCAlXijN3zOKiHU3N2Ma8Vvp/vjwlzH686Ce0IHLlSOEvdexQcn07rCPXZbCDLbMPvw3bFjaiU1jdfB9RqXFAypfcp/T0cY9sTIcrxu9LAtY4pORa3jkWnROOM0lLJ8wPbVAN3obvHQrLCHrwQA3/azrXDQbnzz4420Kylau6/+Yx0vM57J2j3vQElpCL06+1ZLPXnnF34C5xhsv5cfUFdx/jeBZJBDTaV8M=
al7qbu0FKIGH5kioj47DEKare9BnIXOWXbXt3dscR20BHwMSdJ7jZNo7pLM36dvumUsf7t02wTPUX266s1AsgdPMC7gaXvtK+N/S499zBsiisrGHICjeZYLPTOHHDPBrb8S6cno8dBXkIAd/Vex6ozzdapN1b2784VlseqtGWNTkEyb0lethJ9nVy8UST83ntbjzuShPgEWjcuUzIkZeNFgUd6KiWiMTkp2v7UbpuuW7/GHauoPjBF7MXiRCyJI/Rghvo17bCo/x2qKUU+AXucejTzeZUuJ7JmO77iY8i78UAeNNnflOWXp5UcgMMnGBZdlMaprfMRofDn90FK6HNE6KSGIhWu62UfVHOi9vey6TUjalxZGeqPfLyMy2mNpXrcRbt8DsDnQn/YsfCNkqY6r/11qS2KCcbCeTHjnT6rul+1v0i00U1cIWw9Wuy6yy3NARJy8aUzV6VyO2XBvmujlbhofi0Zarpfzx6zp0YF58m093cQS3L6IB2+iKMWJDlcEJPfM/JyAK2Sh8fldn
xKU/qSV6B9Smj7KXQNXj8URlFkX4gn9ycmT2CJOkuM+T1oIOFInkDgOsfyioXZQp4VADfOqbYE6Vz9hIlSSH4NrrkxYx4eMpgCz2Z3yzHPqg7apDVtPG90DSGWPbY2k2r/9kkTPSZCd2o1/ogikjqsehxV/uWPsZFB0UzwLW79i7I1D7DQgg4t+JtxAcyGQqDYrmTfaa3sjF0Bqa/3wTP0cYSnqHP64j1WFKizdHPa//7wzemDe6/R77a8GrdLhH7tMuPAtLrgxF77wnkXZk6NZQgLaD8v+zbFfzo714/f3i+UQOFZmIS4r+CsiXC9mqJbmcD3Va2nsgVi/DYEuU4WCH4yTnZxy0xlLqQwnbh7TB40QZTQRMUWSvw5nvMYUP0YwMQf4w2FfB
k52Rm6x6Y+nGJtsfvMKApSi6m1SppC0XJp3lg2k6ZSf/lZly8DcMbKHou5lEWHoonuQnmNwf3z08GZyDOfs3NJHDVdndoxxRNE9TWf/R1Y+hbHyBjtCoV7E=
05qve42USAJUzusZMZLXNAnLmFJqT82pqnpeS4xQXLOZvLNwmW6/MQBt+iKcwy02HRfvwc/+oYbMMm2iSFIghcHP6f6lqJsUx/KSWaVxwqFXug==
k0+PC/1k3Zyc4loXCXmeDvzkzGVY2OuwQ0oH76+FJ7R2H3bSHtaq8FlJ0Num2NSN6XRd0aMLF4B1tLzkUfihfARn4ekFlJ227wbXhI5jrX/Go1e8
JisrxJGr6pdJR38gh85iAjfV+P3+7c8yfNXFMo9xU2GGHx8aHX/Ntemwg0BOVRSlRuRRb28l1JRBXCFGJnWowrRyFyofV2hW57tbFn/ZR8w29Uea6x/m2HlZeW8NIzh+i6mUV40=
