STF88I6VLBH2poTEjf+piLOGva+io4N9QyDc/rpdKRujhfqLN/OZtuE3kDHwS3g9mIfzerkFV67l4uAGFRBeivs48srDJaomW7F87sfi96hxd72DzqdXsA==
V0n2891uHHbCsVZkqZdZQHrFY4rIQ2CzyO746Jcm1l2x0adU19mJ1itaG10MDCOMPaWfe+rI248Ac3+RtPHHbJwWfyCxlrMecEuM+rZfx0XzeonMRHGYb3w83LnB595PBgdgW975ih9v/9kyKStAwwmnmJmwu0MuoUnX6u2+cDItvP5uE8QC3hupaiITLSyav46XjNnLjVdWa1d0
dLDlMRdMPje+pSfbw7JspxRquOlQW7xRiK3a9uH/2EcsQSq55renYhBtWhOnexkOEZ/w5CIDOMWo79NiqQ1XlpXKAF5F2J7yS9BSUlOtKp6rGRw2F6q3UEEfnZver1eI
pyzambablLV9GV8/YrzCeqq1iy8ajbGiGRhJ8a+SZuULWGvRG9qoiEl0k5L5M20PNonODHWXZJp9tL7mQ+yjdgth6uoDhYyy7wbXhIljrX/Go1e8
7PzTi7IZwg8fwnJUmxFxIrJ7OCEcdigcIYxETcSvz14wdqMqZqTTwAf7OxZfmadJUzVmmgtRRljfGZlvLeOY8UrotFet
47W/FPUi0oeQ0avdQs7RB6ALWipG7HWjU8UvvkoNZK1KGfPGwZlfAdTX1Gvsw/oZmPLxfl0w5LQny2mBSGOw+XMWXGmoW5oqKDm8ELDY6N/ijTRZSOfTbIxjxSE0JYQ5mHzmsAxro+T3ldFX8HL5uw7PeZKPSdnIovg5pk0nZTCz+vWXNUeFshglEcuuhrddGMmOupriwzO/9GWIHtkbn4qZe0BXMjxn08gDuo8HMqFKA3rCas07LRtDupQCj+Odb3VGYq3FSap/WevtcS4lneVZ1KuCif5ZfrxUC3wPBglxi7dSAPdNlbszSgQ1o9xvEADZGRiquLLVZhjZ17myWcO7x+Irv8nNMSRf1xzbzOj44J0IpatfEPs3R0k3a3/U3ZqSaUzS+Iy8O66deLJBL/kCM1Xr+h6zzqLHeiuXHn7+2lFZmnef7BvdNAdHibL1DWsQB3cNDW+8vtXK3W3I+ZZmJb/QKBxVTH44P1mDcoudlr21wSQpxs5w//ZOmK9Dyoxvr7RsG9THMhUZpTFCYVd6
gz9dUzpviVw91iZMHY7t2WMjsj3dyLDbUv6a7wOcCL9qLRm31x6N2t6ewgGo7GSBelJq7JLdS6Ej1Lk65y7cHGuJ/WfwdxKiLf633xDgUrVxN0fk1nAgwDldifcjZc7Qn0hKLu4cLZ28aAh6AzbT1dUfX7U4FLM21SpV/IB7M4f5C2jrgihxH2rnrmbMAf++iaAMUZ+FqtfEgNLL6hj5OWrE5fueQ56fpXAfzwC6OjBpRgat5tBqE0X92P/NaAXJUQJP5AObxlkt+PdY4WhTtCB8zxKLDV3J/pc5iFAvbBhpEf4MmdxNA65Hqf5sdx+dyusCeCtp/TGsyu4DnIfJk+RHmwwBmZyBHCtQmUvJZohQRm14ZxOBORjNfUOooeiTECVhLU0sMACROnF0dNjMTFmrCpllHXwX6Sy+1p3Bey+MZGvuLU9g9hS9MfPyYnYTQngwTSxeTqv+38LE4XMrOdZSjCbx2yZcq57oxPGOri0o2G49MdPcfffbC5YPuTeKQ5UWmruxVphPecnv3QMosTpIZFd9
qISDP8TFRBPBhZZTyKvxm5z7wflFSZbo2JJQPbqfxTircxvcRD0ezlg3/6BvkXjZT1Ge6GcCks0kykjpzTmocrHol8HiiwdqFf/faiulSvOQhyx4g36NzHI3oaWQjpBP9oZKKIgK0SveQsXKgbgv81gGECCnvlo/7MQLIbh2WImvrtZFFYjh0cP63TcEZ+tdjmCyhJ6bUDBZZzF2rtJY+pehhDCckdBnOpdTEWJauMIGt8GMPGK8n30aiRr4U7T9IQpO0fAK+rXD3rhTy16Ahey5tWpr3pV2ENcOgNZ5BEB2B3z514V3shbw9PenYVTQgIqBC5jwb0GrO0BZkXAXk0z/5Pz49LUs9e8XRFujz82nz9eAnc66TVzW8Jicb+bZKBbpu3mWm/G7vlbn7rbPfjuzNiq+jvn9CvMXeLuJfEMXrZrhDX84IydJRTscKl1OTclgrdYyDZvALBRBbCpwewkn2h8dAhURkWBhku5k9/JevIcXitjHCyTok0BnZl1d9RVqdVdu
l2QRxMR9NPo9nRwggCUNYyvuVeauFEasPloebJTdFZG107PnKkU/mYtTWYFOP1/5L7BeKMAElZIpcBsn9MpVZotQgqORY5E5m5WU/LHQQGlm5uMVM+j4bEJ26uIIo1ztZWdPPVtBPceA91wq2QLZFvnSZUtFc4OpNyqH5C9kxptACrthrj551NyblhFM0PruvvL7NkIlCoV2nSVETlrESyU9juppVqBwu8+fOtOfwV0bS/LS89Yq6WmGD0Ov7yYhjYBxeptIxakHdxzZ8gLshuWR33KLVSlbDnB52fxABw4/u/FEFLb4lVY2YvGLnWuFPiAPMzfg6ISv8g+DCXn/vlvj8RHROGfLbMf09Pj8pRTVt2cMG+t/FUc3RwgdRio1PI5AUFynFgEILvmzeZ6LyZtmpi8ufn8mW8umoj4GaQXqK6cw+8EMGzeViukNdygbBxE1c1xi7ZatMfAlVrqd46B0pIms4oCjKR/KFx0KBSmxuJFaLqxHqj7EF58KUFfzxDAjCCcuLQXVLXp9V2Y=
jGxqiyEQD5CCROJHB2gXLKcb2JMjYXpVw2V8bX8+c4cVdhDntwFRS2NSERpIYifYtPW9j8z0Z0W6S9ChtIYgfPk8PI3cv/e+uCZLKg50W6A/6yNWpyn/qltFzhpjYU54h+khLzXz4FHCuJxXhQ==
SLpt9sJc1LR7Hnuswob/siTNiSLD5x3KpPwDjPijf1qjNifShNraDSgYDF3L3ufx5nB5u03rsaG8TxjA0u+1kf0wcmmQIEqrnsQUtnWg3jqbiDb6oxWqFjuBvF6nUncYEcd9s66XV4A=
FGGmuN4wSoqoPKmqYormgJeSluGwJCyyt8gk5gSq/NacW31bn1oVGkxq28iYjZmvKCxLNeaDFGHwznzMFeSY7bgHGy4Ers+qivznMFNTx7YDcZMah40KWicpkoirsUUPEQvMQb6wmFeB
AYW7WplmnDFh3Ff6trKhBSLGjyvn4AncguwDifuHZViuNifShNraDSgYDF3L3ufx5nB5u03rsaG8TxjA0u+1kf0wcmmQIEqrnsQUtnWg3jqbiDb6oxWqFjuBvF6nUncYEcd9s66XV4A=
oQUZO4nY/X6xH1cPgzQjy8AFn2FFrSELs7IhGniC95jEVU0PXJS3hYorwKGkplA8KZysDWxfR/7oBrsqflSLYI+Lk9Y3ia9qq2XeGnOBfjjXCbGvRVMQkZLYrFe1
2hiw6dbj53B6Qu0+L0BcRxqUoDG93Is6XFgVe4dKHRpEesPo8L1hb3B849Ve85zheH4EbP00wK2A9zNOHL7HqoLs/9B7I/922yH7un89gtqv2SroA2GdT2k7JGGmoJBXiQ==
E5F5hzHbC/uCxZsoNt/HszX4NIEU8NMGq4M5NqOa+gZ9EE7B35/OAF0t4I8iAcYCupRDSH5dPouNtqLCeWq8kMEoRV/BhuVdxUJBQbw6kaUUED0do79XRxqZmNyuV7c=
NRLAPODzF6zGjM7NpSlosCLGjyvn4AncguwDifuHZVi1NifShNraDSgYDF3L3ufx5nB5u03rsaG8TxjA0u+1kf0wcmmQIEqrnsQUtnWg3jqbiDb6oxWqFjuBvF6nUncYEcd9s66XV4A=
jG3Wu0rnFctBZv80TwUkl/sx8iTyklNHvlynDDc/q34ihrjF5mlvxI1OnCH8Gn+Ds1bUMuPgEMkxOtj2LZ1T+aMeM1/FIs0GfqK8Lcec39mYyflM6c4yBwKwc6uN2K67jpIGmm45SSCXglljBX/S8TJokkLc58FbDyNiTx23T0OeinjnRHulSTe04bXEKUUr5HsZPtYn3yaB9YJIpAilwxRM0nTVJXe1ZDeUzXK1QjoceG+ZmzG53S7rA5giJd4Yw/QZDHTYHrBlh9K1Q5qrB1Ap3/s+841hhHnfL3G5bMQRBKW/5J+2zFEh2KoA4zzkHFGBMT5NXdxpi6nGldBeSnv494pDZapm2/F8Lkci92jxt73DTudX8A==
ddNY2peEUCL99aL9gMJ+yG0TII7Fnn299klRkx/n9B8hqVXcp9yizJRfl9uHYO6+X7d4fQeAhRlNcKqXw3Rpvyircj2ft9hPv121iAsgQmV5d4L2eA2bs4PyxMTpP5R/DfbQsHMivQQEuTOBi2VsB3rayjx5hjXmCuF4aRqOkE/Cd4hAyzygjqb1OoFdPRqmjK2wSgqtqUyqX6UHbA43Fp09aGrtNpN/WMdmsn7ogrBwCkFSqbuu4RxZPgiSL4cwEKYT3fUdC37FDoMTrs5aYf+D3L4Yq6zkPs0iwqATkAPstC+vZQEYDiLGX8eoZCWCZrRfksAVxoQg/X+PMsWZRyXmASU5M00JOHqV7ZggAaUHn3PfRonUVOpX8w==
UMQTCWFysTBv4twaMU1GTdQYfADkY502BvV857mt99LEjS8Bmu8ZNd5sZ6ZbhDDoBD549YZZb/TtflyRnKr/M9PmFAKD0BD5UQoYRk0t00nDrvNvpRLNNh6SfJ2nLF9p+Hk5fIn+MjdigLMb7WguC+4ixqoOCUkQ97KZ02XPUkFS2FJyvNfBa28Tov99B8/z/jq41yRLpXlXhCEFpJnFm4TL2Q62F98W4cVC+MS4JXN0/BJEtRV3hQQHVH0SBcKKfMivqfsBue1O28MoQpVeqKNE2TwU6B6ABbcSBSMqK7cwmR/LXsONUeRJH58RCex0cbRlj4SvtvwxERgaYFO8VHzhQQFefV3sCbtpdvVg3vobSDe6I1WqVrvBvJ4nknfYkQd98y7XV8A=
jjbiiIfmyRslBkdIov4ja3aRUUIiiVflHTZXp2id+aWOXJWsZJAX4oflEy/WkHeyo6gQDCxiiMHelS+wJcIMRSTGH5e7eqR2G1yQfdl2iNI1gXMta3KD231eDfJWrqzJn8A/TRBlCYiR8jIzanyjDxVEDu/GfjaeVsUJVD8OyQfdo7LlOkTiBiRbQe/nbzJrBatvl1bmyGP8B2W9H7jxUZx1pb9s1+n6rhvfEuk5Uuw8lAWXXKDicO3ZN8HMuwSpqmkiLhRUH91jjTlpxqdTvDo5/swLmKmIzKTeRE2LwlEbxkuT2IUvP0bPjVXstQ+L6SXMkFnolbvcY/a4+a1Iztg/XPAUffF1xvHdaIHH+eKNzH6es5RHDvsZapLz/WzKH34X/HkbTQc221fE
mEVGZx9KAP+0Ee4tQkivcBNyZbAo9qnvyoyL8jquelJWXTrqz94Kr48Dgj2cuBBpj4Q4fiPNVklvOsBhDxAfttLFOcr8TvFIAzTUvrq04lDVZE1tzmqaIxFCeeMtpIHyIriM2e1PjISo2iiltYLG+crxe/sYIZrhXcyGrXTPdb7kaGE3toZQJywqJPzDIJ6XRZpuID84OvVtVqxjRzQ6qz6mnPIwcnVdMdNkQab4RXBT7XVZwxHz32GUfQoxHxDh7HWnD3pFtthKNqDqlqCD8Z4bfIykMQzrHpW2d4IOGT4jsN5EXt/d1JXD6CmkpeqjdhGKlit8PCbr0XLJDhcZPvtf3eDV14t6f8xyZM5Zn4B3N5XSZ96fpiwXF5KdycR3FDt4WeO57mjoNlV4X2M52ZC91YOAseBzSHX5rdV86CCZKpm0HGhE7CGb8pkdLYS3YZxWlvXRcw/UtPNutZ+4lhytGbNakv5z+ogITRSu9st2L2qEyWMjWQ6CFKZpC358o46AhBk+Jo3Q6BY9yeOk3X9rY1bnqT+vmsWOGiPhDnhHaeEvdXOgUYI4XFdF
Zv6FOk6Vx+pH87IWVzjLUPXMKnbjyuO5gfIeaWijZPjLCQVyQ8MCKofVAd4cOamyYAzR9HEx0CDUfX2OD711IggEcw2Swd8Tdpr7KNgXWyyii36aNXjqydCvqP/7B6DcBzhOzhDxEpVtdQBv4ox1bTBKxsduQsyrWDbYQmuD47rfFxiCqszU9u8BFSP5NfMe2v/q8CULaBz48VJsrS8feADzk9LEP3XZe2k3XOsj7wZoNN6HWmWU9Q74MJ0xJ6nfh0w3k3xjWkwErkrXEigFR0i5zU0uzrJOHenrF3oeaVp/uBdQt3aVOUkPJbTU+/el+SjihAs/w1FaT6FCI51U5ej6+PaxMv3lK3JLsduj37W75r3snnN0/CxObJ0SF/DMJX051N+v8/Qqkb7km9CDCZqMXmwdA+IZi+4LO8jNjzcWZ439vL2vw/mNjLjJoLUzjEt2kKklaIZIFxxYBDVRfZZZ3cDRz1mqnWQ+tiPcY4erMeq6o3VMgo9WV1RpU+0PZnNXbA==
smuzbwIX3E9rmiRSJyVoT20TII7Fnn289klRkx/n9B8hqVXcp9yizJRfl9uHYO6+X7d4fQeAhRlNcKqXw3Rpvyircj2ft9hPv121iAsgQmV5d4L2eA2bs4PyxMTpP5R/DfbQsHMivQQEuTOBi2VsB3rayjx5hjXmCuF4aRqOkE/Cd4hAyzygjqb1OoFdPRqmjK2wSgqtqUyqX6UHbA43Fp09aGrtNpN/WMdmsn7ogrBwCkFSqbuu4RxZPgiSL4cwEKYT3fUdC37FDoMTrs5aYf+D3L4Yq6zkPs0iwqATkAPstC+vZQEYDiLGX8eoZCWCZrRfksAVxoQg/X+PMsWZRyXmASU5N0wJOHqV7ZggAaUHn3PfRonUVOpX8w==
tszdMspbTA0/kKAjzL+wGek5jQsJlnUAtI2DOOvfCGLlLgvTfXxxhpLuGF124e98feb8eSzSP/uDvvQq8+gQ8UESOC591ZMBE3aTx1WqTb6OCtx1F1Sfoagh2VT5xjI/cpiTc92QbkM++qYC/rHJmGcqOTvVt5KJAoCyWszvwWN/C4KXTf+Puy7i2H/U8yXxxxyB7RThBVPUkzkmxi/fHvHdYpD0QGU7pCRy7EWt9w2Un/SVon0CQiyQT4GLObnlXsPjQHJtHuBznLmU5FCeCJUvsu2TUut/YMH/4y77jVn0UT/3IfGsPKFsBSd0FzZ0oYm48tArfJwsuaEpLkVd5BmjSR7FmJ6yy5BTE9PtKt4rWRx2l+q3EMFfndte71fI
ivxpbd7fNkgKCF53kcLO5EN0552GQ/Rh0AreQvUk+O1YR7uupO4vquo8R7Dzk6e24zHzlCbNKlpHaXIIC3FlDzHLrMFe8LhXoQ==
QEQRxataJBfb+94Vfw+gHv/u02q9+/I6vZS+xgNMKJdLgeoKQ2UMEq8m16RJwy0fBsNX3A==
r8fy5gOhCdUSe9+04xMw4i+Eq/YuNL3SRQVkqRS99gSMyLGKrvwnGvDVt+8KoPfjhIDD2Kd+DfUVPRrNV9Y=
UEPzLuUjyGkRkFoIdtZ01jS8s1C0uiPZx/UYXr4keQdF5iFl2bwsyRh6da04oKHl559TH+YJNBTKV9M=
HCPwPvTiBZ7NIkGD/kqFmCLGjyvn4AncguwDifuHZVi1NifShNraDSgYDF3L3ufx5nB5u03rsaG4TRbA0u+1kf0wcmmQIEqrnsQUtnWg3jqbiDj7oxWqFjuBvF6nUncYEcd9s66XV4A=
F/QxZkx32UVxpK9QE5gErzX4NIEU8NMGq4M5NqOa+gZ9EE7B35/OAF0t4I8iAcYGuJpDSH5dPouNtqLCeWq8kMEoRV/BhuVdxUxAQbw6kaUUED0do79XRxqZmNyuV7c=
FaaOq87Dtvdz+SV8uJXaYBqUoDG93Is6XFgVe4dKHRpEesPo8L1hb3B849Ve85zheHoGYv00wK2A9zNOHL7HqoLs/9B7I/922yH7tH49gtqv2SroA2GdT2k7JGGmoJBXiQ==
/4eMpVkV/DA3RhNfzTSxq8AFn2FFrSELs7IhGniC95jEVU0PXJS3hYorwKGkolIyKZysDWxfR/7oBrsqflSLYI+Lk9Y3ia9kqmXeGnOBfjjXCbGvRVMQkZLYrFe1
zwO8iqyVf6tjXqv6W/a4SCLGjyvn4AncguwDifuHZViuNifShNraDSgYDF3L3ufx5nB5u03rsaG4TRbA0u+1kf0wcmmQIEqrnsQUtnWg3jqbiDj7oxWqFjuBvF6nUncYEcd9s66XV4A=
UBEhHQhqn2jLZwBjSgFTMJeSluGwJCyyt8gk5gSq/NacW31bn1oVGkxq28iYjZmvKCxLNeaDFGHwyn7CFeSY7bgHGy4Ers+qivznMFNTx7YDcZMUho0KWicpkoirsUUPEQvMQb6wmFeB
qt1G1ibDN/ltEqz360TzMSTNiSLD5x3KpPwDjPijf1qjNifShNraDSgYDF3L3ufx5nB5u03rsaG4TRbA0u+1kf0wcmmQIEqrnsQUtnWg3jqbiDj7oxWqFjuBvF6nUncYEcd9s66XV4A=
TuwyJwVPM/vKxu/LUbzp06cb2JMjYXpVw2V8bX8+c4cVdhDntwFRS2NSERpIYifYtPW9j8z0Z0W6S9ChtIIicvk8PI3cv/e+uCZLKg50W6A/6yNWpyn/pFpFzhpjYU54h+khLzXz4FHCuJxXhQ==
1ABhTM2PEgbvsRT2DNf/fDfV+P3+7c8yfNXFMo9xU2GGHx8aHX/Ntemwg0BOVRSlRuRRb28l1JRBXCFGJnWowrRyFyofV2hW57tbFn/ZR8Qy9Uaa6xHm2H9ZeW8NIzhxqqiUV40=
FYdbFE1R5aIKb6LS8JfAxz1+08E3j1s5VG8tZlrmybgZBhoS2M3LiTHhBvgfpOOR6H6mAC4Ve6XGo2AOCkSBvRqocaquHGe6cLV3zwqAtwMEIAO4p15NFZWd2q1Xtg==
