Znqv7eP+zI7OZiCqucwmZrOGva+io4N9QyDc/rpdKRujhfqLN/OZtuE3kDHwS3g9mIfzerkFV67l4uAGFRBeivs49cnDIKkmVLB87sfi96hxd72DzqdXsA==
bif0477Km4a/Mu3eqPizW3rFY4rIQ2CzyO746Jcm1l2x0adU19mJ1itaG10MDCOMPaWfe+rI248Ac3+RtPHHbJwWfyCxlrMecEuM+rZfx0XzeonMRHGYb3w83LnB595PBgdgW975ih9v/9kyKStAwwmnmJmwu0MuoUnX6u2+cDItvP5uE8QF3RusaSIcLCyav46XjNnLjVdWa1d0
qPYZlSMIgdyFwucW35C2TxRquOlQW7xRiK3a9uH/2EcsQSq55renYhBtWhOnexkOEZ/w5CIDOMWo79NiqQ1XlpXKAF5F2J7yS9BVUVOoKZ6kGBw2F6q3UEEfnZver1eI
ZKoS1tiUbBmL/1r7Bd8ui6q1iy8ajbGiGRhJ8a+SZuULWGvRG9qoiEl0k5L5M20PNonODHWXZJp9tL7mQ+yldQtk6eoMhIyy7wbXhIljrX/Go1e8
V5kuHdtOlkzmQdrqfraIRbJ7OCEcdigcIYxETcSvz14wdqMqZqTTwAf7OxZfmadEUDVjmQteR1jfGZlvLeOY8UrotFet
aeaJ8sDclF0O2UHOvr6GDm+XAWzHwlEAtCQVIQi6bMj8lqfyftwTcqL478h4vn9DwacwaR6M6oPR7mMXQ1opUT4ZI4+kE4RFGtfjQw2E6cHa2pCbw54r5JP+7cEAnJluDpgPDqBDf+5JJDD21BRrvIeapaEF6ZKJV5I=
LBks/UF/ly09c7ix/Grr/aALWipG7HWjU8UvvkoNZK1KGfPGwZlfAdTX1Gvsw/oZmPLxfl0w5LQny2mBSGOw+XMWXGmoW5oqKDm8ELDY6N/ijTRZSOfTbNlply8xI4I+ySjjsgw8/rauldla9XL5uwCcfJKHGY7O8Khs/00nZTCz+qCdZ0mAtB4iQJ+rhLcKRZvXupLvxjO/9GvbG9kTz92fKRACazxn08gDuo8HMqFKA3rCas07LRtDupQCj+Odb3VGYq3FSap/WevtcS4lneVZ1KuCif5ZfrxUC3wPBglxi7dSAPdNlbszSgQ1o9xvEADZGRiquLLVZhjZ17myWcO7x+Irv8nNMSRf1xzbzOj44J0IpatfEPs3R0k3a3/U3ZqSaUzS+Iy8O66deLJBL/kCM1Xr+h6zzqLHeiuXHn7+2lFZmnef7BvdNAdHibL1DWsQB3cNDW+8vtXK3W3I+ZZmJb/QKBxVTH44P1mDcoudlr21wSQpxs5w//ZAm69GyYxgrrRsG9THMhUZpTFCYVd6
9L6X8IMTE6d80ikGhP+oH2Mjsj3dyLDbUv6a7wOcCL9qLRm31x6N2t6ewgGo7GSBelJq7JLdS6Ej1Lk65y7cHGuJ/WfwdxKiLf633xDgUrVxN0fk1nAgwDldifcjMMSCkU1MKOlNeZi+aF8nUW/T3dgaX7U4GuAz1SIFq4YpY9KgC2jrgihxSmC1oGPKB/jv3aUOUcjY+I7EiN/O6hj5NznB5fPOFJjN9SVGzwC6OjBpRgat5tBqE0X92P/NaAXJUQJP5AObxlkt+PdY4WhTtCB8zxKLDV3J/pc5iFAvbBhpEf4MmdxNA65Hqf5sdx+dyusCeCtp/TGsyu4DnIfJk+RHmwwBmZyBHCtQmUvJZohQRm14ZxOBORjNfUOooeiTECVhLU0sMACROnF0dNjMTFmrCpllHXwX6Sy+1p3Bey+MZGvuLU9g9hS9MfPyYnYTQngwTSxeTqv+38LE4XMrOdZSjCbx2yZcq57oxPGOri0o2G49MdPcfffbC5YPuTeEQJUTmbu+V5hPecnv3QMosTpIZFd9
JrVeCr7rQFnxoES3SPrp25z7wflFSZbo2JJQPbqfxTircxvcRD0ezlg3/6BvkXjZT1Ge6GcCks0kykjpzTmocrHol8HiiwdqFf/faiulSvOQhyx4g36NzHI3oaWQ25od+INMLo9bhS7cQpKX0+Ev+1UDECCnsAk67Mxbdr4kCNz2rtZFFYjhhMmo0zICYewM2mWwhMnGAmlZbzxzrtJY9MSkhDjMxtY1asIKEWJauMIGt8GMPGK8n30aiRr4U7T9IQpO0fAK+rXD3rhTy16Ahey5tWpr3pV2ENcOgNZ5BEB2B3z514V3shbw9PenYVTQgIqBC5jwb0GrO0BZkXAXk0z/5Pz49LUs9e8XRFujz82nz9eAnc66TVzW8Jicb+bZKBbpu3mWm/G7vlbn7rbPfjuzNiq+jvn9CvMXeLuJfEMXrZrhDX84IydJRTscKl1OTclgrdYyDZvALBRBbCpwewkn2h8dAhURkWBhku5k9/JQv4cSidjICiTok0BnZl1d9RVqdVdu
UMbCFTEADx1jbDeh1pg0uyvuVeauFEasPloebJTdFZG107PnKkU/mYtTWYFOP1/5L7BeKMAElZIpcBsn9MpVZotQgqORY5E5m5WU/LHQQGlm5uMVM+j4bBd8uOwNpVrqNDNKP1sWYJXZ91Qn3ALZFveBYEtNI9SvZXrSvS9kxptACu5r/DB80tqcx0VJ0vq546CiNkooD4V2nSsXS1rMG3I73Lo8D6Bwu8+fOtOfwV0bS/LS89Yq6WmGD0Ov7yYhjYBxeptIxakHdxzZ8gLshuWR33KLVSlbDnB52fxABw4/u/FEFLb4lVY2YvGLnWuFPiAPMzfg6ISv8g+DCXn/vlvj8RHROGfLbMf09Pj8pRTVt2cMG+t/FUc3RwgdRio1PI5AUFynFgEILvmzeZ6LyZtmpi8ufn8mW8umoj4GaQXqK6cw+8EMGzeViukNdygbBxE1c1xi7ZatMfAlVrqd46B0pIms4oCjKR/KFx0KBSmxuJFaLqxHqjDHF5oJUFjyxDAjCCcuLQXVLXp9V2Y=
2eVCo7CRFy1pIsmhRP++cKcb2JMjYXpVw2V8bX8+c4cVdhDntwFRS2NSERpIYifYtPW9j8z0Z0W6S9ChtIYgfPk8PI3cv/e+uCZLKg50W6A/6yNWpyn/pFhFyxljbk94h+khLzXz4FHCuJxXhQ==
FUt2VHWY76YtlYJEZa+M+STNiSLD5x3KpPwDjPijf1qjNifShNraDSgYDF3L3ufx5nB5u03rsaG8TxjA0u+1kf0wcmmQIEqrnsQUtnWg3jqbiDj5oxCpFjSAvF6nUncYEcd9s66XV4A=
QkRYyVXYCu3MCMWX37C8rpeSluGwJCyyt8gk5gSq/NacW31bn1oVGkxq28iYjZmvKCxLNeaDFGHwznzMFeSY7bgHGy4Ers+qivznMFNTx7YDcZMUhI0PWScmk4irsUUPEQvMQb6wmFeB
PCEWWeKIm1Gg57ZXXdibJiLGjyvn4AncguwDifuHZViuNifShNraDSgYDF3L3ufx5nB5u03rsaG8TxjA0u+1kf0wcmmQIEqrnsQUtnWg3jqbiDj5oxCpFjSAvF6nUncYEcd9s66XV4A=
e/zu4gB+b+cCNOahT50/0MAFn2FFrSELs7IhGniC95jEVU0PXJS3hYorwKGkplA8KZysDWxfR/7oBrsqflSLYI+Lk9Y3ia9kqGXbGXOOfzjXCbGvRVMQkZLYrFe1
/Cn8qrI9DCOvIcBKWAJ8FxqUoDG93Is6XFgVe4dKHRpEesPo8L1hb3B849Ve85zheH4EbP00wK2A9zNOHL7HqoLs/9B7I/922yH7tHw9h9mv1ivoA2GdT2k7JGGmoJBXiQ==
tid2kKaptw4YmxAIaM08wzX4NIEU8NMGq4M5NqOa+gZ9EE7B35/OAF0t4I8iAcYCupRDSH5dPouNtqLCeWq8kMEoRV/BhuVdxUxCQbk5kaoVED0do79XRxqZmNyuV7c=
Lp6EEX1oMmOs57yAQvdLZSLGjyvn4AncguwDifuHZVi1NifShNraDSgYDF3L3ufx5nB5u03rsaG8TxjA0u+1kf0wcmmQIEqrnsQUtnWg3jqbiDj5oxCpFjSAvF6nUncYEcd9s66XV4A=
aeaJ8sDclF0O2UHOvr6GDm+XAWzHwlEAtCQVIQi6bMj8lqfyftwTcqL478h4vn9DwacwaR6M6oPR7mMXQ1opUT4ZI4+kE4RFGtfjQw2E6cHa2pCbw54r5JP+7cEAnJluDpgPDqBDf+5JJDD21BRrvIeapaEF6ZKJV5I=
TfreSyb8ptxvfODeB15x3vsx8iTyklNHvlynDDc/q34ihrjF5mlvxI1OnCH8Gn+Ds1bUMuPgEMkxOtj2LZ1T+aMeM1/FIs0GfqK8LcecitPKx/xK78ljUweyc/zQive7hp8Dmm45R3OSglEzUnmAoWcxkkLc58FbDyNiTx23T0OeinjnRHulSTe04bXEKUUr5HsZPtYn3yaB9YJIpAilwxRM0nTVJXe1ZDeUzXK1QjoceG+ZmzG53S7rA5giJd4Yw/QZDHTYHrBlh9K1Q5qrB1Ap3/s+841hhHnfL3G5bMQRBKW/5J+2zFEh2KoA4zzkHFGBMT5NXdxpi6nGldBeSnv4+YlDYKlm1PB8Lkci92jxt73DTudX8A==
n8q2vbGKSDRaOBOeD3euMnaRUUIiiVflHTZXp2id+aWOXJWsZJAX4oflEy/WkHeyo6gQDCxiiMHelS+wJcIMRSTGH5e7eqR2G1yQfdl2iNI1gXMta3KD231eDfJWrqzJn8BqR0JrDI6X9WNnb36jWEgWV+/OczOeVsUHBzoOwVeKpeC1bx3iBiRbQe/nbzJrBatvl1bmyGP8B2W9H7jxUZx1pb9s1+n6rhvfEuk5Uuw8lAWXXKDicO3ZN8HMuwSpqmkiLhRUH91jjTlpxqdTvDo5/swLmKmIzKTeRE2LwlEbxkuT2IUvP0bPjVXstQ+L6SXMkFnolbvcY/a4+a1Iztg/XPAUffF1xvHdaIHH+eKNzH6es5RJDfscaZL8/GzKH34X/HkbTQc221fE
RREC9DrcAoMwAf/cfzNSpG0TII7Fnn299klRkx/n9B8hqVXcp9yizJRfl9uHYO6+X7d4fQeAhRlNcKqXw3Rpvyircj2ft9hPv121iAsgQmV5IoikdgidtYSjkMHrP8MiX6/QuH4nvQQEt2CEi208UHyImmkghjXmCuF4aRqOkE/Cd4hAyzygjqb1OoFdPRqmjK2wSgqtqUyqX6UHbA43Fp09aGrtNpN/WMdmsn7ogrBwCkFSqbuu4RxZPgiSL4cwEKYT3fUdC37FDoMTrs5aYf+D3L4Yq6zkPs0iwqATkAPstC+vZQEYDiLGX8eoZCWCZrRfksAVxoQg/X+PMsWZRyXmASU5PU4JPXmV4pkgAaUHn3PfRonUVOpX8w==
7Cr4EG2tiSUW5/zxTTti2NQYfADkY502BvV857mt99LEjS8Bmu8ZNd5sZ6ZbhDDoBD549YZZb/TtflyRnKr/M9PmFAKD0BD5UQoYRk0t00nDrvNvpRLNNh6SfJ2nLApjqnc8eo/5Y2NngrNMsDp3C+Yvw6oOCUdD8rKRgzLJABEHgVJyvNfBa28Tov99B8/z/jq41yRLpXlXhCEFpJnFm4TL2Q62F98W4cVC+MS4JXN0/BJEtRV3hQQHVH0SBcKKfMivqfsBue1O28MoQpVeqKNE2TwU6B6ABbcSBSMqK7cwmR/LXsONUeRJH58RCex0cbRlj4SvtvwxERgaYFO8VHzhQQFefV3sCbtpdvVg3vobSDm5I1CpVrTAvJ4nknfYkQd98y7XV8A=
ikzXE6kKSIt+Ti3r7wWkcSSwlwKU+KgScG1fdYdYABwEMM3o4qBnLzpp5doKrJWhZW8YLbMjhbyP5zlPPv2Tqpvf5MZ7I/922yH7vns9h9mv1ivoA2GdT2k7JGGmoJBXiQ==
q9HwtrJ7OukUnvSVG7si/RieHxk5BptUOBscwXKehI6vvVlMU69+VYUJsiwWj78+V7CzqTDdx4S6ae2Cu4aJaBQSRVMmedIC2GRPShhJtrmioBI9vOGV7kL9XBsyPPHuU4QjoAYniekKJzN5xxAgt2PkqtkYjC51jyv+cT523A47B+LfpMwfB1NCQbVAebAILUUWjnQcHm11u0cmP1G8btOe12N7GkJki2RE/vdMMXr0YFXcavvUEolSdjRFWhjcMU8bGP/s7ahcg9e+y/LBVDsRd7tL9slDadA5MlA68GTLSzmVF7MZW81sa+k58OqDENZadMH+al4PBRnfZcqKloliuDx90IbaYpUEb7v8JOpROnoeRDTKuamAYixbN+OZzefhajNV9G240vje4bpdLTtaCxlLa/+96049RM57VDS85iy1At9QRHVVOfyPJ1M8Orn+TAsYowHKJN7ETQvC0RtGSxPYBS+/Rk+N1ew1DwvppcwQWWiVO9zj9jj5LUhO2L9ccBT98fXGcd3ogUf5Yo1Mfh6zFEOK+5xpEvx8bEof/hd8eZtNhzZbV0Q=
OSmtxTGKssGQHFIl3VEFPfXMKnbjyuO5gfIeaWijZPjLCQVyQ8MCKofVAd4cOamyYAzR9HEx0CDUfX2OD711IggEcw2Swd8Tdpr7KNgXWyyii36aNXjqydCvqP/7UqqOCT1IyBegRpBvdVcysNV1ZT1PxsduTJ+uWD6IFW3Rs++GFxiCqszUo+VTGyb/M/RPjvro8HJWOkX4+V9prS8fdlP2k9qUaHOLKzxuXOsj7wZoNN6HWmWU9Q74MJ0xJ6nfh0w3k3xjWkwErkrXEigFR0i5zU0uzrJOHenrF3oeaVp/uBdQt3aVOUkPJbTU+/el+SjihAs/w1FYT6FCI51U5ej6+PaxMv3lK3JLsduj37W75r3snnN0/CxObJ0SF/DMJX051N+v8/Qqkb7km9CDCZqMXmwdA+IZi+4LO8jNjzcWZ439vL2vw/mNjLjJoLUzjEt2kKklaIZIFxxYBDVRfZZZ3cDRz1mqnWQ+tiPcY4KrNOm6rHRMgo9WV1RpU+0PZnNXbA==
ZbHRsfXOHN6l+zyCvIA9J+k5jQsJlnUCtI2DOOvfCGLlLgvTfXxxhpLuGF124e98feb8eSzSP/uDvvQq8+gQ8UESOC591ZMBE3aTx1WqTb6OCtx1F1TKq/ov3FL/wWNrd5qTJIDCN0M296MC/rHHy2IqMWuCscDZV9myWszvwWN/C4KXTf+Puy7i2H/U8yXxxxyB7RThBVPUkzkmxi/fHvHdYpD0QGU7pCRy7EWt9w2Un/SVon0CQiyQT4GLObnlXsPjQHJtHuBznLmU5FCeCJUvsu2TUut/YMH/4y77jVn0UT/3IfGsPKFsBSd0FzZ0oYm48tArfJwsuaEpLkVd5BmjSR7FmJ6yy5BUFtPoKd4kWBx2l+q3EMFfndte71fI
0BqEzIPRmXTQuPoXQqmJsG0TII7Fnn289klRkx/n9B8hqVXcp9yizJRfl9uHYO6+X7d4fQeAhRlNcKqXw3Rpvyircj2ft9hPv121iAsgQmV5IoikdgidtYSjkMHrP8MiX6/QuH4nvQQEt2CEi208UHyImmkghjXmCuF4aRqOkE/Cd4hAyzygjqb1OoFdPRqmjK2wSgqtqUyqX6UHbA43Fp09aGrtNpN/WMdmsn7ogrBwCkFSqbuu4RxZPgiSL4cwEKYT3fUdC37FDoMTrs5aYf+D3L4Yq6zkPs0iwqATkAPstC+vZQEYDiLGX8eoZCWCZrRfksAVxoQg/X+PMsWZRyXmASU5MEkJPXmV4pkgAaUHn3PfRonUVOpX8w==
8gcT/gW1sbA2wkyXCW++mEN0552GQ/Rh0AreQvUk+O1YR7uupO4vquo8R7Dzk6e24zHzlCPNL1lHZnMIC3FlDzHLrMFe8LhXoQ==
DOlkuBGq7428Jlh6aK8xZv/u02q9+/I6vZS+xgNMKJJLhOkKTGQMEq8m16RJwy0fBsNX3A==
47C3lHfCPLp+Z+6N4AqxEy+Eq/YuNL3SRQVkqRS99gSMyLGKrvwnGvDQt+oJoPjihIDD2Kd+DfUVPRrNV9Y=
5GWVSBWwUcEzrn0uRJvgcDS8s1C0uiPZx/UYXr4keQdF5iFl2bwpyR15daI5oKHl559TH+YJNBTKV9M=
dk9mo5A3SmhsXESl3AvP7iLGjyvn4AncguwDifuHZVi1NifShNraDSgYDF3L3ufx5nB5u03rsaG4TRbA0u+1kf0wcmmQIEqrnsQUtnWg3jqbiDj+oxCpFjSAvF6nUncYEcd9s66XV4A=
2uC4eZbDZ01ZNn/6NTGLWTX4NIEU8NMGq4M5NqOa+gZ9EE7B35/OAF0t4I8iAcYGuJpDSH5dPouNtqLCeWq8kMEoRV/BhuVdxUxFQbk5kaoVED0do79XRxqZmNyuV7c=
2jELG881ltHV+j2pdWt1nBqUoDG93Is6XFgVe4dKHRpEesPo8L1hb3B849Ve85zheHoGYv00wK2A9zNOHL7HqoLs/9B7I/922yH7tHs9h9mv1ivoA2GdT2k7JGGmoJBXiQ==
dJ7XBemi1bWEkLXLXrNYs8AFn2FFrSELs7IhGniC95jEVU0PXJS3hYorwKGkolIyKZysDWxfR/7oBrsqflSLYI+Lk9Y3ia9kr2XbGXOOfzjXCbGvRVMQkZLYrFe1
ykXbMyQJLmHCfrtLvb+GYyLGjyvn4AncguwDifuHZViuNifShNraDSgYDF3L3ufx5nB5u03rsaG4TRbA0u+1kf0wcmmQIEqrnsQUtnWg3jqbiDj+oxCpFjSAvF6nUncYEcd9s66XV4A=
U/xyBqyLZo505B2qeAK3eZeSluGwJCyyt8gk5gSq/NacW31bn1oVGkxq28iYjZmvKCxLNeaDFGHwyn7CFeSY7bgHGy4Ers+qivznMFNTx7YDcZMUg40PWScmk4irsUUPEQvMQb6wmFeB
l8t+rzfl6l7G6WvWAVtRJSTNiSLD5x3KpPwDjPijf1qjNifShNraDSgYDF3L3ufx5nB5u03rsaG4TRbA0u+1kf0wcmmQIEqrnsQUtnWg3jqbiDj+oxCpFjSAvF6nUncYEcd9s66XV4A=
gJEznn/OAneB5uCegBQ0n6cb2JMjYXpVw2V8bX8+c4cVdhDntwFRS2NSERpIYifYtPW9j8z0Z0W6S9ChtIIicvk8PI3cv/e+uCZLKg50W6A/6yNWpyn/pF9Fyxljbk94h+khLzXz4FHCuJxXhQ==
QTeoN1yU5QxOEgC42dAaOjfV+P3+7c8yfNXFMo9xU2GGHx8aHX/Ntemwg0BOVRSlRuRRb28l1JRBXCFGJnWowrRyFyofV2hW57tbFn/ZR8Q39UOZ6x7n2H9ZeW8NIzhxqqiUV40=
zlRZC62KMzOWZ8jvWB3k2j1+08E3j1s5VG8tZlrmybgZBhoS2M3LiTHhBvgfpOOR6H6mAC4Ve6XGo2AOCkSBvRqocaquHGe6cLB3ygmAuAIEIAO4p15NFZWd2q1Xtg==
