hocKgVgDmr8po/Z7LGxnx7OGva+io4N9QyDc/rpdKRujhfqLN/OZtuE3kDHwS3g9mIfzerkFV67l4uAGFRBeivs48s/DIKkmVLB87sfi96hxd72DzqdXsA==
tp4Nsm+CgrlmX2c7TdcjwnrFY4rIQ2CzyO746Jcm1l2x0adU19mJ1itaG10MDCOMPaWfe+rI248Ac3+RtPHHbJwWfyCxlrMecEuM+rZfx0XzeonMRHGYb3w83LnB595PBgdgW975ih9v/9kyKStAwwmnmJmwu0MuoUnX6u2+cDItvP5uE8QC2xusaSIcLCyav46XjNnLjVdWa1d0
SatJFvXm3RvvXxpqgXJhvhRquOlQW7xRiK3a9uH/2EcsQSq55renYhBtWhOnexkOEZ/w5CIDOMWo79NiqQ1XlpXKAF5F2J7yS9BSV1OoKZ6kGBw2F6q3UEEfnZver1eI
tZkFdVrCoBmr4nHSfNEnuaq1iy8ajbGiGRhJ8a+SZuULWGvRG9qoiEl0k5L5M20PNonODHWXZJp9tL7mQ+yicwtk6eoMhIyy7wbXhIljrX/Go1e8
Kl/jH0623VWcZdS60k4ZtLJ7OCEcdigcIYxETcSvz14wdqMqZqTTwAf7OxZfmadJVjVjmQteR1jfGZlvLeOY8UrotFet
ELAwCAdtZnwQqA20yaZ4xG+XAWzHwlEAtCQVIQi6bMj8lqfyftwTcqL478h4vn9DwacwaR6M6oPR7mMXQ1opUT4ZI4+kE4RFGtfjQw2E6cHa2pCbw54r5JP+7cEAnJluDpgPDq1Ff+5JJDD21BRrvIeapaEF6ZKJV5I=
36S2/Hbo5G6HKDnjv/aQ/KALWipG7HWjU8UvvkoNZK1KGfPGwZlfAdTX1Gvsw/oZmPLxfl0w5LQny2mBSGOw+XMWXGmoW5oqKDm8ELDY6N/ijTRZSOfTbNlply8xI4I+ySjjsgw8/rauldla9XL5uwCcfJKHGY7O8Khs/00nZTCz+qCdZ0mAtB4iQJ+rhLcKRZvXupLvxjO/9GvbG9kTz92fKRACazxn08gDuo8HMqFKA3rCas07LRtDupQCj+Odb3VGYq3FSap/WevtcS4lneVZ1KuCif5ZfrxUC3wPBglxi7dSAPdNlbszSgQ1o9xvEADZGRiquLLVZhjZ17myWcO7x+Irv8nNMSRf1xzbzOj44J0IpatfEPs3R0k3a3/U3ZqSaUzS+Iy8O66deLJBL/kCM1Xr+h6zzqLHeiuXHn7+2lFZmnef7BvdNAdHibL1DWsQB3cNDW+8vtXK3W3I+ZZmJb/QKBxVTH44P1mDcoudlr21wSQpxs5w//ZNna9GyYxgrrRsG9THMhUZpTFCYVd6
NdDngHI15yJo+MQ5w5SOOyvuVeauFEasPloebJTdFZG107PnKkU/mYtTWYFOP1/5L7BeKMAElZIpcBsn9MpVZotQgqORY5E5m5WU/LHQQGlm5uMVM+j4bBd8uOwNpVrqNDNKP1sWYJXZ91Qn3ALZFveBYEtNI9SvZXrSvS9kxptACu5r/DB80tqcx0VJ0vq546CiNkooD4V2nSsXS1rMG3I73Lo8D6Bwu8+fOtOfwV0bS/LS89Yq6WmGD0Ov7yYhjYBxeptIxakHdxzZ8gLshuWR33KLVSlbDnB52fxABw4/u/FEFLb4lVY2YvGLnWuFPiAPMzfg6ISv8g+DCXn/vlvj8RHROGfLbMf09Pj8pRTVt2cMG+t/FUc3RwgdRio1PI5AUFynFgEILvmzeZ6LyZtmpi8ufn8mW8umoj4GaQXqK6cw+8EMGzeViukNdygbBxE1c1xi7ZatMfAlVrqd46B0pIms4oCjKR/KFx0KBSmxuJFaLqxHqj3BF5oJUFjyxDAjCCcuLQXVLXp9V2Y=
ixd1UW92WtOlqsjN3sPpT2Mjsj3dyLDbUv6a7wOcCL9qLRm31x6N2t6ewgGo7GSBelJq7JLdS6Ej1Lk65y7cHGuJ/WfwdxKiLf633xDgUrVxN0fk1nAgwDldifcjMMSCkU1MKOlNeZi+aF8nUW/T3dgaX7U4GuAz1SIFq4YpY9KgC2jrgihxSmC1oGPKB/jv3aUOUcjY+I7EiN/O6hj5NznB5fPOFJjN9SVGzwC6OjBpRgat5tBqE0X92P/NaAXJUQJP5AObxlkt+PdY4WhTtCB8zxKLDV3J/pc5iFAvbBhpEf4MmdxNA65Hqf5sdx+dyusCeCtp/TGsyu4DnIfJk+RHmwwBmZyBHCtQmUvJZohQRm14ZxOBORjNfUOooeiTECVhLU0sMACROnF0dNjMTFmrCpllHXwX6Sy+1p3Bey+MZGvuLU9g9hS9MfPyYnYTQngwTSxeTqv+38LE4XMrOdZSjCbx2yZcq57oxPGOri0o2G49MdPcfffbC5YPuTeJRpUTmbu+V5hPecnv3QMosTpIZFd9
+p6AWu9VKjUvLAfMNHT0eJz7wflFSZbo2JJQPbqfxTircxvcRD0ezlg3/6BvkXjZT1Ge6GcCks0kykjpzTmocrHol8HiiwdqFf/faiulSvOQhyx4g36NzHI3oaWQ25od+INMLo9bhS7cQpKX0+Ev+1UDECCnsAk67Mxbdr4kCNz2rtZFFYjhhMmo0zICYewM2mWwhMnGAmlZbzxzrtJY9MSkhDjMxtY1asIKEWJauMIGt8GMPGK8n30aiRr4U7T9IQpO0fAK+rXD3rhTy16Ahey5tWpr3pV2ENcOgNZ5BEB2B3z514V3shbw9PenYVTQgIqBC5jwb0GrO0BZkXAXk0z/5Pz49LUs9e8XRFujz82nz9eAnc66TVzW8Jicb+bZKBbpu3mWm/G7vlbn7rbPfjuzNiq+jvn9CvMXeLuJfEMXrZrhDX84IydJRTscKl1OTclgrdYyDZvALBRBbCpwewkn2h8dAhURkWBhku5k9/JduYcSidjICiTok0BnZl1d9RVqdVdu
T8tXKafVYCNgQ4zLntPDyKcb2JMjYXpVw2V8bX8+c4cVdhDntwFRS2NSERpIYifYtPW9j8z0Z0W6S9ChtIYgfPk8PI3cv/e+uCZLKg50W6A/6yNWpyn/qV5Fyxljbk94h+khLzXz4FHCuJxXhQ==
eYH8mHSk8n3gBZ3I3+9NbCTNiSLD5x3KpPwDjPijf1qjNifShNraDSgYDF3L3ufx5nB5u03rsaG8TxjA0u+1kf0wcmmQIEqrnsQUtnWg3jqbiDX/oxCpFjSAvF6nUncYEcd9s66XV4A=
0hN6sy6gZeKuODCX7gpcUZeSluGwJCyyt8gk5gSq/NacW31bn1oVGkxq28iYjZmvKCxLNeaDFGHwznzMFeSY7bgHGy4Ers+qivznMFNTx7YDcZMZgo0PWScmk4irsUUPEQvMQb6wmFeB
jk2KY9WUOh3hLcaFAjbttiLGjyvn4AncguwDifuHZViuNifShNraDSgYDF3L3ufx5nB5u03rsaG8TxjA0u+1kf0wcmmQIEqrnsQUtnWg3jqbiDX/oxCpFjSAvF6nUncYEcd9s66XV4A=
nUydTQxZ/99BIrmulvEhXcAFn2FFrSELs7IhGniC95jEVU0PXJS3hYorwKGkplA8KZysDWxfR/7oBrsqflSLYI+Lk9Y3ia9prmXbGXOOfzjXCbGvRVMQkZLYrFe1
T44oNKKs7vjSQNlFDkNrqBqUoDG93Is6XFgVe4dKHRpEesPo8L1hb3B849Ve85zheH4EbP00wK2A9zNOHL7HqoLs/9B7I/922yH7uXo9h9mv1ivoA2GdT2k7JGGmoJBXiQ==
xc9BWnkTQ7aETqYHUhv0jTX4NIEU8NMGq4M5NqOa+gZ9EE7B35/OAF0t4I8iAcYCupRDSH5dPouNtqLCeWq8kMEoRV/BhuVdxUFEQbk5kaoVED0do79XRxqZmNyuV7c=
9/oSmohGnHxB+iCzzWSFXyLGjyvn4AncguwDifuHZVi1NifShNraDSgYDF3L3ufx5nB5u03rsaG8TxjA0u+1kf0wcmmQIEqrnsQUtnWg3jqbiDX/oxCpFjSAvF6nUncYEcd9s66XV4A=
ELAwCAdtZnwQqA20yaZ4xG+XAWzHwlEAtCQVIQi6bMj8lqfyftwTcqL478h4vn9DwacwaR6M6oPR7mMXQ1opUT4ZI4+kE4RFGtfjQw2E6cHa2pCbw54r5JP+7cEAnJluDpgPDq1Ff+5JJDD21BRrvIeapaEF6ZKJV5I=
hzx8UR64ky+peDGpf95YNPsx8iTyklNHvlynDDc/q34ihrjF5mlvxI1OnCH8Gn+Ds1bUMuPgEMkxOtj2LZ1T+aMeM1/FIs0GfqK8LcecitPKx/xK78ljUweyc/zQive7hp8Dmm45R3OSglEzUnmAoWcxkkLc58FbDyNiTx23T0OeinjnRHulSTe04bXEKUUr5HsZPtYn3yaB9YJIpAilwxRM0nTVJXe1ZDeUzXK1QjoceG+ZmzG53S7rA5giJd4Yw/QZDHTYHrBlh9K1Q5qrB1Ap3/s+841hhHnfL3G5bMQRBKW/5J+2zFEh2KoA4zzkHFGBMT5NXdxpi6nGldBeSnv49o9DYKlm1PB8Lkci92jxt73DTudX8A==
d+B4VsailaW/PGNtIkmhsW0TII7Fnn299klRkx/n9B8hqVXcp9yizJRfl9uHYO6+X7d4fQeAhRlNcKqXw3Rpvyircj2ft9hPv121iAsgQmV5IoikdgidtYSjkMHrP8MiX6/QuH4nvQQEt2CEi208UHyImmkghjXmCuF4aRqOkE/Cd4hAyzygjqb1OoFdPRqmjK2wSgqtqUyqX6UHbA43Fp09aGrtNpN/WMdmsn7ogrBwCkFSqbuu4RxZPgiSL4cwEKYT3fUdC37FDoMTrs5aYf+D3L4Yq6zkPs0iwqATkAPstC+vZQEYDiLGX8eoZCWCZrRfksAVxoQg/X+PMsWZRyXmASU5MkgJPXmV4pkgAaUHn3PfRonUVOpX8w==
IACRHIiW8Yh5VOHDrGg4B3aRUUIiiVflHTZXp2id+aWOXJWsZJAX4oflEy/WkHeyo6gQDCxiiMHelS+wJcIMRSTGH5e7eqR2G1yQfdl2iNI1gXMta3KD231eDfJWrqzJn8BqR0JrDI6X9WNnb36jWEgWV+/OczOeVsUHBzoOwVeKpeC1bx3iBiRbQe/nbzJrBatvl1bmyGP8B2W9H7jxUZx1pb9s1+n6rhvfEuk5Uuw8lAWXXKDicO3ZN8HMuwSpqmkiLhRUH91jjTlpxqdTvDo5/swLmKmIzKTeRE2LwlEbxkuT2IUvP0bPjVXstQ+L6SXMkFnolbvcY/a4+a1Iztg/XPAUffF1xvHdaIHH+eKNzH6es5RGC/scaZL8/GzKH34X/HkbTQc221fE
NfcjYGwPcKlrHgJvTbWqXtQYfADkY502BvV857mt99LEjS8Bmu8ZNd5sZ6ZbhDDoBD549YZZb/TtflyRnKr/M9PmFAKD0BD5UQoYRk0t00nDrvNvpRLNNh6SfJ2nLApjqnc8eo/5Y2NngrNMsDp3C+Yvw6oOCUdD8rKRgzLJABEHgVJyvNfBa28Tov99B8/z/jq41yRLpXlXhCEFpJnFm4TL2Q62F98W4cVC+MS4JXN0/BJEtRV3hQQHVH0SBcKKfMivqfsBue1O28MoQpVeqKNE2TwU6B6ABbcSBSMqK7cwmR/LXsONUeRJH58RCex0cbRlj4SvtvwxERgaYFO8VHzhQQFefV3sCbtpdvVg3vobSDa/I1CpVrTAvJ4nknfYkQd98y7XV8A=
aj78c6VoJZHSNSsbXuu23ySwlwKU+KgScG1fdYdYABwEMM3o4qBnLzpp5doKrJWhZW8YLbMjhbyP5zlPPv2Tqpvf5MZ7I/922yH7vX89htmv1ivoA2GdT2k7JGGmoJBXiQ==
2uj830fwgah3dacPgc/4KwwZFkGex64IFfUXrNMEf0pdGHjCkcLzbE652dyEGV2U/QfkLuVIHkKrgBCnc7kprsTI3Ea3OjfgoU/da/6/V7g=
uGoAhTlUC2k3z/joQdhO91d4tORIV49R3K/B7fLp0FkoEiaQr7GsYC0dV1zzFH96Pci4sjFSc9yu6ZkspAldpJ3XJF5F2J7yS9BRV1OpKZ6kGBw2F6q3UEEfnZver1eI
dv0WVkO+gglJYExYoIpM60BX56FfOrbp8tKDuWiWwP6Fke489Ocb0If1DdlLPuTEYnhtgr7V3HdMR0AFa15rJkAxJKITvK29nwJpxDs6MwReYTlU9CFOs6mFRObVMF6qO9hxr4MBqQYU0PwOB8L3iLGXPeOOh1eQ
/vNbww0tKy4FwdE5xpaVPffI4UhYeYeYgn4x3Ix7Peg4uwQhWw0TCUd758DITWse5O44H3RIgZedphlVwVVgOXT53RLxgLmVH9+Lj16pfMSiV7s=
qXZsH2yawg121/3tgDAcLQ0ZFkGex64IFfUXrNMEf0pdGHjCkcLzbE652dyEGV2U/QfkLuVIHkKrgBKnc7kprsTI3Ea3OjfgoU/da/6/V7g=
lUJvsONc0AQAHHACXNKjq/fI4UhYeYeYgn4x3I17Peg4uwQhWw0TCUd758DITWse5O44H3RIgZedphlVwVZgOXT53RLxgLmVH9+Lj16pfMSiV7s=
qI/XU7AiV4bGzbDMscavLA4ZFkGex64IFfUXrNMEf0pdGHjCkcLzbE652dyEGV2U/QfkLuVIHkKrgBSnc7kprsTI3Ea3OjfgoU/da/6/V7g=
EVoUlYK1ksY3ufbi1O2HP/fJ4UhYeYeYgn4x3I57Peg4uwQhWw0TCUd758DITWse5O44H3RIgZedphlVwVBgOXT53RLxgLmVH9+Lj16pfMSiV7s=
/fQR7k/4yLR/TQbKbQc78BLLkQBMezAJt30PMVObkxh0HYd2cGyi/w+JPc9pxg1t3aQJEUO5KXpdMCVti38/16L5UOy2V68=
C+3VxaCQLju6R0NOQXcU/w8ZFkGex64IFfUXrNMEf0pdGHjCkcLzbE652dyEGV2U/QfkLuVIHkKrgBOic7oprsTI3Ea3OjfgoU/da/6/V7g=
zzPOxC89QExfN81AIkEaMffI4UhYeYeYgn4x3I97Peg4uwQhWw0TCUd758DITWse5O44H3RIgZedphlVwVdlOXf53RLxgLmVH9+Lj16pfMSiV7s=
jICp9uXnDBZ/ufLVxFSvpA0Z30M3L8BcSb7JJmWTSEdLPybiD00MVyVvf92+DRwOX6xOFDT39gQKXM7ghIuRyoi2+5y4kKfdn+NQXbyKPiLP2iCTHgIWW304KtAOOl5Ma7clH+GGBZ1lwCIBmzlxarWQXV2Dv7eHuhn4nI5Xlw==
yU5XulVPq/g00ajCLfxRvg0Z30M3L8BcSb7JJmWTSEdLPybiD00MVyVtf92+DRwOX6xOFDT39gQKXM7ghIuRyoi2+5y4kKfdn+NRXbyKPiLP2iCTHgIWW304KtAOOl5Ma7clH+GGBZ1lwiUBmzlxarWQXV2Dv7eHuhn4nI5Xlw==
RppSIsgXn9uHKkjJOOtw0Umzj7uBn+yijnmIoFNWYD0AODenqG4cul9gKcawsE1kg/bKN0F+6M+d3ik5jDzZTg54z24q4r8LSURwVlT0K9yHumUBhYnSqVey
Yqxb1qfGUq9m+BAPjMmhp9jfEUthsDB1G2Obijixxzk1FQyLEc3kZ1/H3Dw0dhBZShFiZPHF1ei8zaXbnoFSatC+QWKOz1ByeEdzAAQMwPqQkMUPq4OP9kvBS/srHXLZn7Z7KPPBDc/Z2/Qh1oCAV5k=
YBfWCkmrz175bylrYiUCdBZb3vvJDbMvgx/DTO93vetdRLqlyao+ve0vTKDzk6e24zHznSLNKllHZnMIC3FlDzHLrMFe8LhXoQ==
oCYSeU2K6+yqSY9FgREPOyERlaJSYFjHH1W4ot2Csc0NNVmL+fwWNbUiui5mo6owXysDVofpXy3+he4Zg64v+GepQS/Vs0DRYvi8V6U=
R7Ggb4cDjgA21SfB7XqThRdb3vvJDbMvgx/DTO93vetdRLqlyao+ve0vTKDzk6e24zHzmCLNKllHZnMIC3FlDzHLrMFe8LhXoQ==
VrTqh0qCP4LEyINNhvCqnCERlaJSYFjHH1W4ot2Dsc0NNVmL+fwWNbUiui5mo6owXysDVofpXyj+he4Zg64v+GepQS/Vs0DRYvi8V6U=
9CWa12ORCMlj+SRLpXlOuRRb3vvJDbMvgx/DTO93vetdRLqlyao+ve0vTKDzk6e24zHzmyLNKllHZnMIC3FlDzHLrMFe8LhXoQ==
fjr4CbmohIVKc02emf0gziERlaJSYFjHH1W4ot2Asc0NNVmL+fwWNbUiui5mo6owXysDVofpXyv+he4Zg64v+GepQS/Vs0DRYvi8V6U=
tcZgxViuGt6TatbvePilHKpGnZPKl7lngn48dnMr20hSiK0zNexL+4dTomUE7Qp6SU4Qmre3aw1ydFJOOTuwCB1coohsVdAjIiLKk7nIzkiCutLUD8dhV72mOZVh0MX5U/m90hEA2dX/3+vP/inchIJXmw==
b8vJDtxM4hmgZHmeXJsI66pGnZPKl7lngn48dnMr20hSiK0zNexL+4dSomUE7Qp6SU4Qmre3aw1ydFJOOTuwCB1coohsVNAjIiLKk7nIzkiCutLUD8dhV72mOZVh3MX5U/m90hEA2dX/3+vP/inchIJXmw==
wuxvkiGDvMRVM3HvFYtaSKpGnZPKl7lngn48dnMr20hSiK0zNexL+4dRomUE7Qp6SU4Qmre3aw1ydFJOOTuwCB1coohsV9AjIiLKk7nIzkiCutLUD8dhV72mOZVh18T5U/m90hEA2dX/3+vP/inchIJXmw==
