rFFwBOeyTse0jHkp0cKEOrOGva+io4N9QyDc/rpdKRujhfqLN/OZtuE3kDHwS3g9mIfzerkFV67l4uAGFRBeivs488nDKKsmVbF87sfi96hxd72DzqdXsA==
eWe9RPB+sKupjM8N9n8ixHrFY4rIQ2CzyO746Jcm1l2x0adU19mJ1itaG10MDCOMPaWfe+rI248Ac3+RtPHHbJwWfyCxlrMecEuM+rZfx0XzeonMRHGYb3w83LnB595PBgdgW975ih9v/9kyKStAwwmnmJmwu0MuoUnX6u2+cDItvP5uE8QD3RukayIdLSyav46XjNnLjVdWa1d0
pDUhMg6/KRFulVYUdbTOxRRquOlQW7xRiK3a9uH/2EcsQSq55renYhBtWhOnexkOEZ/w5CIDOMWo79NiqQ1XlpXKAF5F2J7yS9BTUVOgK56lGRw2F6q3UEEfnZver1eI
kCY0Ea/ijg1Vw8ds8yGF26q1iy8ajbGiGRhJ8a+SZuULWGvRG9qoiEl0k5L5M20PNonODHWXZJp9tL7mQ+yjdQts6+oNhYyy7wbXhIljrX/Go1e8
Wgn2OcNemSq1F8XUZoJQ9bJ7OCEcdigcIYxETcSvz14wdqMqZqTTwAf7OxZfmadKUDVrmwtfRljfGZlvLeOY8UrotFet
v9Yaxh/pZgdnG0ShHykapzO0rzxI2+ZUh7OEpOUGsYT9+V/Ka8GjcgsZHaRxxQqJ/H4UWsuowpEtpdKPpeOI5tIdwvBE9jRqhLV2MaszKDIhfkbnuQnFs52LpGyDs1c2sxHjWrRt91sXB+LIGxG1j4GrnAHukIhXkQ==
pNemuJ7ZncujRZGC+BK3dgwZFkGex64IFfUXrNMEf0pdGHjCkcLzbE652dyEGV2U/QfkLuVIHkKrgBahc7ArrsXJ3Ea3OjfgoU/da/6/V7g=
6W3UtRmaDJn6RIqGpiHflVd4tORIV49R3K/B7fLp0FkoEiaQr7GsYC0dV1zzFH96Pci4sjFSc9yu6ZkspAldpJ3XJF5F2J7yS9BWUVOgK56lGRw2F6q3UEEfnZver1eI
NmUW2PhT64xYacRseeUAeA0ZFkGex64IFfUXrNMEf0pdGHjCkcLzbE652dyEGV2U/QfkLuVIHkKrgBahc7ArrsXJ3Ea3OjfgoU/da/6/V7g=
V7ihII1IVOeDD2MGK6pi+Q4ZFkGex64IFfUXrNMEf0pdGHjCkcLzbE652dyEGV2U/QfkLuVIHkKrgBahc7ArrsXJ3Ea3OjfgoU/da/6/V7g=
FmIil6ZDl1u9WYAS5QnkWhZb3vvJDbMvgx/DTO93vetdRLqlyao+ve0vTKDzk6e24zHzmiTNJ1tHZ3IIC3FlDzHLrMFe8LhXoQ==
4UMwfd9TpCH6PLQxFiexPxdb3vvJDbMvgx/DTO93vetdRLqlyao+ve0vTKDzk6e24zHzmiTNJ1tHZ3IIC3FlDzHLrMFe8LhXoQ==
d8HmC9MWlk78XZuH1N+P0RRb3vvJDbMvgx/DTO93vetdRLqlyao+ve0vTKDzk6e24zHzmiTNJ1tHZ3IIC3FlDzHLrMFe8LhXoQ==
iBLsVn4aZLZt2nsgETw7rkN0552GQ/Rh0A7cTPUk+O1YR7uupO4vquo8R7Dzk6e24zHzmiTNJ1tHZ3IIC3FlDzHLrMFe8LhXoQ==
pM4zaurzNa1DVovN5FSQfkN0552GQ/Rh0AreQvUk+O1YR7uupO4vquo8R7Dzk6e24zHzmiTNJ1tHZ3IIC3FlDzHLrMFe8LhXoQ==
fX60iSOd4YnCRwQiP07MgxGk/2LKYIdExGG2KHOj4Cs750RZWkmc5Pkg4VLuJHeyXn8HWosYSUskKBOAZybdnfVV6rVXrg==
GS05w+hqzGV+ZJeF076AxGMjsj3dyLDbUv6a7wOcCL9qLRm31x6N2t6ewgGo7GSBelJq7JLdS6Ej1Lk65y7cHGuJ/WfwdxKiLf633xDgUrVxN0fk1nAgwDldifcjMMSCkU1MKOlNeZi+aF8nUW/T3dgaX7U4GuAz1SIFq4YpY9KgC2jrgihxSmC1oGPKB/jv3aUOUcjY+I7EiN/O6hj5NznB5fPOFJjN9SVGzwC6OjBpRgat5tBqE0X92P/NaAXJUQJP5AObxlkt+PdY4WhTtCB8zxKLDV3J/pc5iFAvbBhpEf4MmdxNA65Hqf5sdx+dyusCeCtp/TGsyu4DnIfJk+RHmwwBmZyBHCtQmUvJZohQRm14ZxOBORjNfUOooeiTECVhLU0sMACROnF0dNjMTFmrCpllHXwX6Sy+1p3Bey+MZGvuLU9g9hS9MfPyYnYTQngwTSxeTqv+38LE4XMrOdZSjCbx2yZcq57oxPGOri0o2G49MdPcfffbC5YPuTeLQJUbm7u/VphPecnv3QMosTpIZFd9
qR126s5aPgZvAeXXbFXxYqALWipG7HWjU8UvvkoNZK1KGfPGwZlfAdTX1Gvsw/oZmPLxfl0w5LQny2mBSGOw+XMWXGmoW5oqKDm8ELDY6N/ijTRZSOfTbNlply8xI4I+ySjjsgw8/rauldla9XL5uwCcfJKHGY7O8Khs/00nZTCz+qCdZ0mAtB4iQJ+rhLcKRZvXupLvxjO/9GvbG9kTz92fKRACazxn08gDuo8HMqFKA3rCas07LRtDupQCj+Odb3VGYq3FSap/WevtcS4lneVZ1KuCif5ZfrxUC3wPBglxi7dSAPdNlbszSgQ1o9xvEADZGRiquLLVZhjZ17myWcO7x+Irv8nNMSRf1xzbzOj44J0IpatfEPs3R0k3a3/U3ZqSaUzS+Iy8O66deLJBL/kCM1Xr+h6zzqLHeiuXHn7+2lFZmnef7BvdNAdHibL1DWsQB3cNDW+8vtXK3W3I+ZZmJb/QKBxVTH44P1mDcoudlr21wSQpxs5w//ZPm69Oy4xhr7RsG9THMhUZpTFCYVd6
aJ+N8MbmfrsU6e78NFnUA5z7wflFSZbo2JJQPbqfxTircxvcRD0ezlg3/6BvkXjZT1Ge6GcCks0kykjpzTmocrHol8HiiwdqFf/faiulSvOQhyx4g36NzHI3oaWQ25od+INMLo9bhS7cQpKX0+Ev+1UDECCnsAk67Mxbdr4kCNz2rtZFFYjhhMmo0zICYewM2mWwhMnGAmlZbzxzrtJY9MSkhDjMxtY1asIKEWJauMIGt8GMPGK8n30aiRr4U7T9IQpO0fAK+rXD3rhTy16Ahey5tWpr3pV2ENcOgNZ5BEB2B3z514V3shbw9PenYVTQgIqBC5jwb0GrO0BZkXAXk0z/5Pz49LUs9e8XRFujz82nz9eAnc66TVzW8Jicb+bZKBbpu3mWm/G7vlbn7rbPfjuzNiq+jvn9CvMXeLuJfEMXrZrhDX84IydJRTscKl1OTclgrdYyDZvALBRBbCpwewkn2h8dAhURkWBhku5k9/Jfv4cai9jJCyTok0BnZl1d9RVqdVdu
tNHUfuq1fSm/LC8Ovu7TQSvuVeauFEasPloebJTdFZG107PnKkU/mYtTWYFOP1/5L7BeKMAElZIpcBsn9MpVZotQgqORY5E5m5WU/LHQQGlm5uMVM+j4bBd8uOwNpVrqNDNKP1sWYJXZ91Qn3ALZFveBYEtNI9SvZXrSvS9kxptACu5r/DB80tqcx0VJ0vq546CiNkooD4V2nSsXS1rMG3I73Lo8D6Bwu8+fOtOfwV0bS/LS89Yq6WmGD0Ov7yYhjYBxeptIxakHdxzZ8gLshuWR33KLVSlbDnB52fxABw4/u/FEFLb4lVY2YvGLnWuFPiAPMzfg6ISv8g+DCXn/vlvj8RHROGfLbMf09Pj8pRTVt2cMG+t/FUc3RwgdRio1PI5AUFynFgEILvmzeZ6LyZtmpi8ufn8mW8umoj4GaQXqK6cw+8EMGzeViukNdygbBxE1c1xi7ZatMfAlVrqd46B0pIms4oCjKR/KFx0KBSmxuJFaLqxHqj/HF5ILUFnzxDAjCCcuLQXVLXp9V2Y=
tNHUfuq1fSm/LC8Ovu7TQSvuVeauFEasPloebJTdFZG107PnKkU/mYtTWYFOP1/5L7BeKMAElZIpcBsn9MpVZotQgqORY5E5m5WU/LHQQGlm5uMVM+j4bBd8uOwNpVrqNDNKP1sWYJXZ91Qn3ALZFveBYEtNI9SvZXrSvS9kxptACu5r/DB80tqcx0VJ0vq546CiNkooD4V2nSsXS1rMG3I73Lo8D6Bwu8+fOtOfwV0bS/LS89Yq6WmGD0Ov7yYhjYBxeptIxakHdxzZ8gLshuWR33KLVSlbDnB52fxABw4/u/FEFLb4lVY2YvGLnWuFPiAPMzfg6ISv8g+DCXn/vlvj8RHROGfLbMf09Pj8pRTVt2cMG+t/FUc3RwgdRio1PI5AUFynFgEILvmzeZ6LyZtmpi8ufn8mW8umoj4GaQXqK6cw+8EMGzeViukNdygbBxE1c1xi7ZatMfAlVrqd46B0pIms4oCjKR/KFx0KBSmxuJFaLqxHqj/HF5ILUFnzxDAjCCcuLQXVLXp9V2Y=
qR126s5aPgZvAeXXbFXxYqALWipG7HWjU8UvvkoNZK1KGfPGwZlfAdTX1Gvsw/oZmPLxfl0w5LQny2mBSGOw+XMWXGmoW5oqKDm8ELDY6N/ijTRZSOfTbNlply8xI4I+ySjjsgw8/rauldla9XL5uwCcfJKHGY7O8Khs/00nZTCz+qCdZ0mAtB4iQJ+rhLcKRZvXupLvxjO/9GvbG9kTz92fKRACazxn08gDuo8HMqFKA3rCas07LRtDupQCj+Odb3VGYq3FSap/WevtcS4lneVZ1KuCif5ZfrxUC3wPBglxi7dSAPdNlbszSgQ1o9xvEADZGRiquLLVZhjZ17myWcO7x+Irv8nNMSRf1xzbzOj44J0IpatfEPs3R0k3a3/U3ZqSaUzS+Iy8O66deLJBL/kCM1Xr+h6zzqLHeiuXHn7+2lFZmnef7BvdNAdHibL1DWsQB3cNDW+8vtXK3W3I+ZZmJb/QKBxVTH44P1mDcoudlr21wSQpxs5w//ZPm69Oy4xhr7RsG9THMhUZpTFCYVd6
YLxYmkigwVcBW+Z/Y0oSLacb2JMjYXpVw2V8bX8+c4cVdhDntwFRS2NSERpIYifYtPW9j8z0Z0W6S9ChtIYgfPk8PI3cv/e+uCZLKg50W6A/6yNWpyn/q1hFwxtjb054h+khLzXz4FHCuJxXhQ==
QYAXMCRmk5BVaf3/ttWuvyTNiSLD5x3KpPwDjPijf1qjNifShNraDSgYDF3L3ufx5nB5u03rsaG8TxjA0u+1kf0wcmmQIEqrnsQUtnWg3jqbiDf5oxirFjWBvF6nUncYEcd9s66XV4A=
BNFm+DKLzNvtHRwDJg7fcpeSluGwJCyyt8gk5gSq/NacW31bn1oVGkxq28iYjZmvKCxLNeaDFGHwznzMFeSY7bgHGy4Ers+qivznMFNTx7YDcZMbhI0HWycnkoirsUUPEQvMQb6wmFeB
VQe1JO71Dn58U+2wFFx9fyLGjyvn4AncguwDifuHZViuNifShNraDSgYDF3L3ufx5nB5u03rsaG8TxjA0u+1kf0wcmmQIEqrnsQUtnWg3jqbiDf5oxirFjWBvF6nUncYEcd9s66XV4A=
+S0T8pWi3Cb4oceow7p6/sAFn2FFrSELs7IhGniC95jEVU0PXJS3hYorwKGkplA8KZysDWxfR/7oBrsqflSLYI+Lk9Y3ia9rqGXTG3OPfjjXCbGvRVMQkZLYrFe1
eNFpurRrbrHk6C/rDxCK+RqUoDG93Is6XFgVe4dKHRpEesPo8L1hb3B849Ve85zheH4EbP00wK2A9zNOHL7HqoLs/9B7I/922yH7u3w9j9uv1yroA2GdT2k7JGGmoJBXiQ==
45x/bf7uuKGwr8CEXCAM+DX4NIEU8NMGq4M5NqOa+gZ9EE7B35/OAF0t4I8iAcYCupRDSH5dPouNtqLCeWq8kMEoRV/BhuVdxUNCQbE7kasUED0do79XRxqZmNyuV7c=
qPj+/uPZT/StRLfbW6wCPCLGjyvn4AncguwDifuHZVi1NifShNraDSgYDF3L3ufx5nB5u03rsaG8TxjA0u+1kf0wcmmQIEqrnsQUtnWg3jqbiDf5oxirFjWBvF6nUncYEcd9s66XV4A=
PI8B9pYn8VDCL63yL5SCPySwlwKU+KgScG1fdYdYABwEMM3o4qBnLzpp5doKrJWhZW8YLbMjhbyP5zlPPv2Tqpvf5MZ7I/922yH7tHw9j9uv1yroA2GdT2k7JGGmoJBXiQ==
uqWBcqsy/4PzBGxGvf8Gsm0TII7Fnn299klRkx/n9B8hqVXcp9yizJRfl9uHYO6+X7d4fQeAhRlNcKqXw3Rpvyircj2ft9hPv121iAsgQmV5IoikdgidtYSjkMHrP8MiX6/QuH4nvQQEt2CEi208UHyImmkghjXmCuF4aRqOkE/Cd4hAyzygjqb1OoFdPRqmjK2wSgqtqUyqX6UHbA43Fp09aGrtNpN/WMdmsn7ogrBwCkFSqbuu4RxZPgiSL4cwEKYT3fUdC37FDoMTrs5aYf+D3L4Yq6zkPs0iwqATkAPstC+vZQEYDiLGX8eoZCWCZrRfksAVxoQg/X+PMsWZRyXmASU5PE4JNXuV45ggAaUHn3PfRonUVOpX8w==
pNkC8f5IMBo6o5hK1wUp/3aRUUIiiVflHTZXp2id+aWOXJWsZJAX4oflEy/WkHeyo6gQDCxiiMHelS+wJcIMRSTGH5e7eqR2G1yQfdl2iNI1gXMta3KD231eDfJWrqzJn8BqR0JrDI6X9WNnb36jWEgWV+/OczOeVsUHBzoOwVeKpeC1bx3iBiRbQe/nbzJrBatvl1bmyGP8B2W9H7jxUZx1pb9s1+n6rhvfEuk5Uuw8lAWXXKDicO3ZN8HMuwSpqmkiLhRUH91jjTlpxqdTvDo5/swLmKmIzKTeRE2LwlEbxkuT2IUvP0bPjVXstQ+L6SXMkFnolbvcY/a4+a1Iztg/XPAUffF1xvHdaIHH+eKNzH6es5RIDfsUa5L9/WzKH34X/HkbTQc221fE
Z4NDOoc5Sv/LvDWAC4vC7/sx8iTyklNHvlynDDc/q34ihrjF5mlvxI1OnCH8Gn+Ds1bUMuPgEMkxOtj2LZ1T+aMeM1/FIs0GfqK8LcecitPKx/xK78ljUweyc/zQive7hp8Dmm45R3OSglEzUnmAoWcxkkLc58FbDyNiTx23T0OeinjnRHulSTe04bXEKUUr5HsZPtYn3yaB9YJIpAilwxRM0nTVJXe1ZDeUzXK1QjoceG+ZmzG53S7rA5giJd4Yw/QZDHTYHrBlh9K1Q5qrB1Ap3/s+841hhHnfL3G5bMQRBKW/5J+2zFEh2KoA4zzkHFGBMT5NXdxpi6nGldBeSnv4+IlDaKtm1fF8Lkci92jxt73DTudX8A==
DQQrV8OIHkpH9LaOk0cjp9QYfADkY502BvV857mt99LEjS8Bmu8ZNd5sZ6ZbhDDoBD549YZZb/TtflyRnKr/M9PmFAKD0BD5UQoYRk0t00nDrvNvpRLNNh6SfJ2nLApjqnc8eo/5Y2NngrNMsDp3C+Yvw6oOCUdD8rKRgzLJABEHgVJyvNfBa28Tov99B8/z/jq41yRLpXlXhCEFpJnFm4TL2Q62F98W4cVC+MS4JXN0/BJEtRV3hQQHVH0SBcKKfMivqfsBue1O28MoQpVeqKNE2TwU6B6ABbcSBSMqK7cwmR/LXsONUeRJH58RCex0cbRlj4SvtvwxERgaYFO8VHzhQQFefV3sCbtpdvVg3vobSDi5I1irVrXBvJ4nknfYkQd98y7XV8A=
DQQrV8OIHkpH9LaOk0cjp9QYfADkY502BvV857mt99LEjS8Bmu8ZNd5sZ6ZbhDDoBD549YZZb/TtflyRnKr/M9PmFAKD0BD5UQoYRk0t00nDrvNvpRLNNh6SfJ2nLApjqnc8eo/5Y2NngrNMsDp3C+Yvw6oOCUdD8rKRgzLJABEHgVJyvNfBa28Tov99B8/z/jq41yRLpXlXhCEFpJnFm4TL2Q62F98W4cVC+MS4JXN0/BJEtRV3hQQHVH0SBcKKfMivqfsBue1O28MoQpVeqKNE2TwU6B6ABbcSBSMqK7cwmR/LXsONUeRJH58RCex0cbRlj4SvtvwxERgaYFO8VHzhQQFefV3sCbtpdvVg3vobSDi5I1irVrXBvJ4nknfYkQd98y7XV8A=
pNkC8f5IMBo6o5hK1wUp/3aRUUIiiVflHTZXp2id+aWOXJWsZJAX4oflEy/WkHeyo6gQDCxiiMHelS+wJcIMRSTGH5e7eqR2G1yQfdl2iNI1gXMta3KD231eDfJWrqzJn8BqR0JrDI6X9WNnb36jWEgWV+/OczOeVsUHBzoOwVeKpeC1bx3iBiRbQe/nbzJrBatvl1bmyGP8B2W9H7jxUZx1pb9s1+n6rhvfEuk5Uuw8lAWXXKDicO3ZN8HMuwSpqmkiLhRUH91jjTlpxqdTvDo5/swLmKmIzKTeRE2LwlEbxkuT2IUvP0bPjVXstQ+L6SXMkFnolbvcY/a4+a1Iztg/XPAUffF1xvHdaIHH+eKNzH6es5RIDfsUa5L9/WzKH34X/HkbTQc221fE
HaAtCPdsR8AppTS9onhwFQcI5cXXBRei8jqLjA5xOoYkL65kU0eFInrg98atln2240Vlgt7dGGWxckhOfFl3Slo0y+eWnNtYjMADUd7BS7m/tP/Ataa3Co702NzvOLmHheZh5Rm8aUnfeDUj+KBhZaefk5+mCfSUileT
8mAOI3NcGv5y6vcnH+uvPy+Eq/YuNL3SRQVkqRS99gSMyLGKrvwnGvDQt+gIoPnjhIDD2Kd+DfUVPRrNV9Y=
CBoZI9Gv0+hs/8uMFHx4bjS8s1C0uiPZx/UYXr4keQdF5iFl2bwpyR94daM4oKHl559TH+YJNBTKV9M=
5JtX7VGY06wXtp9OOPa7fbw4MyMAZCkOMJwHXdv6z1QLN6R6arrZ1Qf7OxZfmadEVzVhmAtfRljfGZlvLeOY8UrotFet
Va6xgY3ZPSwTm2/Y8+rMsZkdAXXY/Us+0Mbt8T3WAR9HK6BaCfekmRLwgQS+IK7yRDjX0hx6FtugYUXcokT+NWnOq1Ianh8v+eZctlbhfnqbyf0l4ntgtMDflnrTFVoUK1/PfD8eztoAESFKqXkuX1QlTCkIfqmzOETofrJZwfrSGIvo3m8LhA+7Zuvh7ACzhV4J059kDrBJhF9mQg8kxROFnL+xtBQyKAQ22WMVo7Mec1znBU7zARjyUARnVuIvKobDutJEmVnyEwDrNqpPYooo0F672if6YEmHvmua/OCj0c5ra9Q7T00XHAZk+yF1ZWSqmv0CnOzWjkE1EGnsc7OWkYtvsCeDwbI1CLAkDJ3VSD1jZ4JVCvWOBnP1sv8t7l/+L0pJka3kYOIyV3hdZzPRmqmnk7KlCltikZuNNxjCCPP+q+TuPA4ka18w2d/pzn8ryKTGRwUZp37QEc7XexI+9jmrIygGdPtwDIrNlip8Q/y7GBR798nxpGZ2Botv1NTJWjLU62psRZos1H0LJ+4VNT+RBtV9VYy1oWs4QQskUK190z8HZ6pZiDxeV0c=
QcTcDUePvH58E/3N2Y4b2PcMOnACgNwclKb40NxMMS3yQ472NeOC8Tb0Zp7qK+RweqbjDSiQ82IE7hnqvoxqqRq6+caEIFnjydMVQKDtZHKNrNBNQd8/xdE4SXAJeSZ1zYz3bg69PrNPpkC386XdIBn4ph8rmo89MO3LcS/3PQG9//LdRh3O8ofImoV4DmvEB5J2mKjSiE6LuI9zCI/zf+Wu3PdRuLWlEk1B4bOHuSf5JZiT2U0Qyc4qT9vFSNNzH7/YhFngGaL5lLCuQdFDLUwyf2W5qgFPw5UEEee+GmRSkKfYWCJ1nhWxb1YSVsXG+L7lAMQ/QcaHeaS+0gnpnSzAemJ/eHU3q3FSmd/TKjVCO1phMw1fKDoou24zJNZMRsTzD1jZNzlWH+M4nIbfldGHBuD5Tn8LKt4+qTPj0DY8W+jcos2++uTjtIvg1ONnARGcFt6GY1+s9AHKqpTTmqQlAvw8fWN3dvV9T6nGTe0drE2RA7jp+xww5e1Lf39XYvkQbHZXbw==
wQcq/smyz0+hoZ2BIIXQ1G0TII7Fnn289klRkx/n9B8hqVXcp9yizJRfl9uHYO6+X7d4fQeAhRlNcKqXw3Rpvyircj2ft9hPv121iAsgQmV5IoikdgidtYSjkMHrP8MiX6/QuH4nvQQEt2CEi208UHyImmkghjXmCuF4aRqOkE/Cd4hAyzygjqb1OoFdPRqmjK2wSgqtqUyqX6UHbA43Fp09aGrtNpN/WMdmsn7ogrBwCkFSqbuu4RxZPgiSL4cwEKYT3fUdC37FDoMTrs5aYf+D3L4Yq6zkPs0iwqATkAPstC+vZQEYDiLGX8eoZCWCZrRfksAVxoQg/X+PMsWZRyXmASU5NEgJP3iV45ggAaUHn3PfRonUVOpX8w==
l1pyNOGpD+xuZ2lS0OIDkICDKeRlCZo9qoYt2rx3D5HiCGHjJwfcb2lpnYwPPDpcDN8PSx/ABu4Xd7BNb6B9KTVwUqe7VIGPYOu67fcXQN8n3S0Yk0DqtTFiQFReaKVFvKOoMdNf69KX75ho1kcllJw3+BQTzVSAtMjSWcimTdby4QBZ4q74fwq3wBAjnDgePnWiEcXdsvZEbfg6Ik2RPJJfnXdU7h9m1f2gOkXWC+/AR/4i5khq4DjKiWLBm1bRZFnGOOoPbwBY5tsNnb2T7l2OG4M2rvKxt8MUTjDLlBQGzRoymHO48yT0Z3/NYYCeukbHVzDETVKu9BeiKDW+tNj9B7/K5fF37SZJddGU0Jmn+A1zAMCp9c9fO69uaewk0lfL
WDPDsz6kr4zjZ74jDvLp+EN0552GQ/Rh0AreQvUk+O1YR7uupO4vquo8R7Dzk6e24zHznyLNLVhHZ3IIC3FlDzHLrMFe8LhXoQ==
WR6nM/rvoylULwhfovBniP/u02q9+/I6vZS+xgNMI5NLhugKTWUMEq8m16RJwy0fBsNX3A==
CP+OqRMZGsCzcKABznyLMi+Eq/YuNL3SRQVkqRS99gSMyLGKrvwnGvvRt+gIoPnjhIDD2Kd+DfUVPRrNV9Y=
vyYruXSeZa5QWHr+5ICfrDS8s1C0uiPZx/UYXr4keQdF5iFl2bcoyR94daM4oKHl559TH+YJNBTKV9M=
Q/+VDjsRxPJX6HJ80HzAKSLGjyvn4AncguwDifuHZVi1NifShNraDSgYDF3L3ufx5nB5u03rsaG4TRbA0u+1kf0wcmmQIEqrnsQUtnWg3jqbiDP/oxKoFjWBvF6nUncYEcd9s66XV4A=
+p4iEoaGInGWk1gfrYCW0zX4NIEU8NMGq4M5NqOa+gZ9EE7B35/OAF0t4I8iAcYGuJpDSH5dPouNtqLCeWq8kMEoRV/BhuVdxUdEQbs4kasUED0do79XRxqZmNyuV7c=
mGlimNgGqSNHKnuSxUFyohqUoDG93Is6XFgVe4dKHRpEesPo8L1hb3B849Ve85zheHoGYv00wK2A9zNOHL7HqoLs/9B7I/922yH7v3o9hdiv1yroA2GdT2k7JGGmoJBXiQ==
Qnii5t+OQde1s+AKgU3VucAFn2FFrSELs7IhGniC95jEVU0PXJS3hYorwKGkolIyKZysDWxfR/7oBrsqflSLYI+Lk9Y3ia9vrmXZGHOPfjjXCbGvRVMQkZLYrFe1
SfcnIDegs7NlFPA/9BwD8SLGjyvn4AncguwDifuHZViuNifShNraDSgYDF3L3ufx5nB5u03rsaG4TRbA0u+1kf0wcmmQIEqrnsQUtnWg3jqbiDP/oxKoFjWBvF6nUncYEcd9s66XV4A=
a+8WadaWZStJckTmcqO6mJeSluGwJCyyt8gk5gSq/NacW31bn1oVGkxq28iYjZmvKCxLNeaDFGHwyn7CFeSY7bgHGy4Ers+qivznMFNTx7YDcZMfgo0NWCcnkoirsUUPEQvMQb6wmFeB
mGlqOHEUV0ZcPxM44zdykiTNiSLD5x3KpPwDjPijf1qjNifShNraDSgYDF3L3ufx5nB5u03rsaG4TRbA0u+1kf0wcmmQIEqrnsQUtnWg3jqbiDP/oxKoFjWBvF6nUncYEcd9s66XV4A=
iyGURH5kLnurjHMYXW6fu6cb2JMjYXpVw2V8bX8+c4cVdhDntwFRS2NSERpIYifYtPW9j8z0Z0W6S9ChtIIicvk8PI3cv/e+uCZLKg50W6A/6yNWpyn/r15FyRhjb054h+khLzXz4FHCuJxXhQ==
cTgiIHWt80hMng4R1VJ6AzfV+P3+7c8yfNXFMo9xU2GGHx8aHX/Ntemwg0BOVRSlRuRRb28l1JRBXCFGJnWowrRyFyofV2hW57tbFn/ZR8829UGY6x/m2H9ZeW8NIzhxqqiUV40=
jyD/OLK5+s2ZgWWf9F6+gz1+08E3j1s5VG8tZlrmybgZBhoS2M3LiTHhBvgfpOOR6H6mAC4Ve6XGo2AOCkSBvRqocaquHGe6e7F3yAiAuQMEIAO4p15NFZWd2q1Xtg==
