mF/Tc1wXKytsuOW2jZczxHH21lr56XYXPYf5mSxPbDXHmNM7thYlQcCg99gAAwB41LGhb1DPJob62xODOfs3NJHDWtndpB9RPk1TWf7R1Y+ha3yBjtCoV7E=
H0XT/XzoDcXR6NspLO36TsWEodoXBN+zLRI9aX9GojrGKks8IH5bGFKswpHqdKDEILAxAuRH9m5krRzEI0EE98txsRR4dmYAc8X5faP72lcJjMtyCgVvXuMybRdzFLeMhIEhMXZAP8tK3iGBRGjLbq1bZBiwyc3/DMdiBj7TzxPVA9PUdRv2aeHsmxE6BS8pkolxr4XT0JFSWGxXdQ==
pougJwSFC/c67+fOlAPTyiWigQeW4bJTMmVJe4JNFRUaPsfm+L1qdAwoq5tehr3BWDBfNbpzyLic4XlPOP/ehoLr+6NhK/902TPiuXU0h9Gm3Tv5BmGdT2k7JGGmoJBXiQ==
SS7eL7H6SArwfHVjOamEK43jcklwxtDpc0ZQ06/zazmWgVsqLkHrbaUwl9uxOTsW41+zKH5Ck3OtU8uUzSvuiQkcU5HyNYeJivkJ752DaLF6yKRXvQ==
xDqI2u09TweI+wFm+Lq7lx/n9GDWcoZW1XH1OGz24CEYokBGE16T3p866VLsJmWgWHYJUoERQ1o1LROAZybdnfVV6rVXrg==
b9UahC/ATjEbIM6p7admLa4kktOvxXehlswO8C3umxg5xKU+cVnjwIYwHGJZhytP/ThRjQ/niQZ2hekUccCJYEgQYYq0S9/Fb3iCV7d+guSQMlbc6F+tykYVpVIgHHq3vx1Nt9NHAk8Dg9muLImGB5Vu+0OoaajihJiCGA0IF3NLxPpWh1wE37sFiV7MoZeuAhrEwKCbu4jRr/BvyjrR74ifvzssSJtLQaGULUJ5LhLDaSWeLlaEUR5qp03xSf7+/s62eCLBm4d2tnD/42+39FinC7DEV0Io4AeLX9CQyLoXaz9nr8FTKL5A6Lz9wMOyi7Pnead/1x80JZXzo0kOKqJwe+x62jxKDboCnkWFUwIzb2cWhyIijSlxsoCDm/wUSlhmD9mU718sTKIcs00f55RZths+T0OyPnjM9Nj3Z8aFk5bjkSuv3KcteP3W5tftssuwisggBQ9Den8djocX7iBbWmLNizLvjnE6QzFMZZOm9Pym6CvbH92kW8cTVK+3NfGUmaGRfBXf38sPHqk8RGJXew==
W8azFEXmQnA7IDzLw0S0cMCQ9TT1C0pVXN+DDT22Bd+e4afjDUN2bRkhOFRYL27TKbA3jh92exTTmhBMnqVKIt/Db7sxQbL5enijXwbVVhXArveR7pkmByaANM/oCfoUuYZOedtof0DCl52NUGQk4zRWaCeNFvL7AqcyeAHMBxWYiqB0+/l5bbJysIE6xfqv7/ahEU7AgduX1n+HhogO4c0wzoHJibDk0YFRWn4mrhoAab4jy4T1sPlhv93Tft89gGwnkn9gn5Fu6SGWWfgCgXYdLajyWcXoh4hTsVz7ezPh7MZNft97q59aL/wI3qSyvsdU5N/cXmneBlhFaAFgYAMIYwqNrlEXvp2s4gKf7PYZqoy07+KcfLaT+7bZX2Ig95WqnYjTVZLQLpnjFN9OYLHGyfN5k/Ele1KkAXDB9tv7bthyo4OZug9O+ohVJc8lOu6j9Qt1QHN0dLmcktK/7Su+ELfLL/hGD7NpAemH0aLw/P0BFBkMs1+KySJsFoVQmGZpAoHBo0p1XXOw59b9LbVFSmVXfg==
jfcHwTHvG2lMiTk+XWtJtKare9BnIXOWXbXt3dscR20BHwMSdJ7jZNo7pLM36dvumUsf7t02wTPUX266s1AsgdPMC7gaXvtK+N/S499zBsiisrGHICjeZYLPTOHHDPBrb8S6cno8dBXkIAd/Vex6ozzdapN1b2784VlseqtGWNTkEyb0lethJ9nVy8UST83ntbjzuShPgEWjcuUzIkZeNFgUd6KiWiMTkp2v7UbpuuW7/GHauoPjBF7MXiRCyJI/Rghvo17bCo/x2qKUU+AXucejTzeZUuJ7JmO77iY8i78UAeNNnflOWXp5UcgMMnGBZdlMaprfMRofDn90FK6HNE6KSGIhWu62UfVHOi9vey6TUjalxZGeqPfLyMy2mNpXrcRbt8DsDnQn/YsfCNkqY6r/11qS2KCcbCeTHjnT6rul+1v0i00U1cIWw9Wuy6yy3NARJy8aUzV6VyO2XBvmujlbhofi0Zarpfzx6zp0YF58m093cQS3L6cE2++JMWhBlcEIPfM/JycK2Sh8fldn
jQOnlgUjqrO6YeBrV5iOyvcMOnACgNwclKb40NxMMS3yQ472NeOC8Tb0Zp7qK+RweqbjDSiQ82IE7hnqvoxqqRq6+caEIFnjydMVQKDtZHKNrNBNQd8/xdE4SXAJeSZ1zYz3bg69PrNPpkC386XdIBn4ph8rmo89MO3LcS/3PQG9//LdRh3O8ofImoV4DmvEB5J2mKjSiE6LuI9zCI/zf+Wu3PdRuLWlEk1B4bOHuSf5JZiT2U0Qyc4qT9vFSNNzH7/YhFngGaL5lLCuQdFDLUwyf2W5qgFPw5UEEee+GmRSkKfYWCJ1nhWxb1YSVsXG+K75BI0vD4PGaqGymRq2xjnVfyonb3M+q3Je1Z3RJngfK1B8PhhSJzVk82c4LNZED53zDwDZInNSH/9qypjYzMSHC+6xU2ILPZszpDONzCUqNvvFpsukouTw+df32utlEje7BtSbbkqh+y7XmpHOm40cCfsydGhOBPtnR6nET/8PpEOfAbHg8Q0h4O1Lf39XYvkQbHZXbw==
SR0oH0Li1ACJGtzTi9HLNB0d+hwmaS/JjDenySkaoqNm3SNEuC6w1YM8CloXwaHolua+jxddKzl//yQIVprWTjXJhZCsntDZuDqQbhN2Q0Y/wtk6LI4VGLhuWboBeZNCVZXjKCfO7eVVzbqdV4Y=
NO4dn81FA3uNFG68dTYA2JGZkOiUPTy5jdwi6iax6dCxFjxXj0AfVwZv2cqNnJLvcj1Ae/zeHWbtyG/ZErfd5KEWEAxp+suzke3XQ0lbx7QBY4EcjYMPUS4tg5musUUPEQvMQb6wmFeB
7eLabxcrZ2Cov/wZCI7vDpYmR3lzynuSZWBhRovtQzGX6Fjhk0gCXhfFqZyG0lZrNzlDDa8L7EwW3h665X3t9Ax6OG0oThjqk/LLMq92Md6M6n2saJqR/kE9W7aFoYtMByoF0UW5splXgg==
G+0teCx33mkvX5tgDDdtxpeSluGwOiivq8wi7yWV89K8FjxXj0AfVwZv2cqNnJLvcj1Ae/zeHWbtyG/ZErfd5KEWEAxp+suzke3XQ0lbx7QBY4EcjYMPUS4tg5musUUPEQvMQb6wmFeB
M7Be7Z2mDWUzONdbAN55DCN+3NI6shAlQ2xqahfxwbhWFh4fl83LiT+vBPhW6vae9XnlACwOcKn46nBeE0ajln+yeaqsHnWoeL55ygGJsxIVJQO4p15NFZWd2q1Xtg==
dWkkQFyXRKaatzRpVY9d2cDEzen6c5zV75NoGbNQElYXzbmEpipmI3fxs7XPk3zEllaOIgXFnbzMsggVCFYI4pP62yqPDgEWTKINFIgCAXbBtcsu5Rl7hEdiNSlloaKRV4o=
YU9KHK3GssXmF7KEZuG2SgJ+pfhRQa4DnK/L6u7ol089Ai6g6q3nYycjVwngWjY0KsStrzFSfMC847AstBxTuJ/sR0RN2JzwWcNQWF2oIZevCA0zF6q3UEEfnZver1eI
Ks27nLRSMN7OuYk08aXq45eSluGwOiivq8wi7yWV89KnFjxXj0AfVwZv2cqNnJLvcj1Ae/zeHWbtyG/ZErfd5KEWEAxp+suzke3XQ0lbx7QBY4AcjYMPUS4tg5musUUPEQvMQb6wmFeB
IEAk6FSNWY6i5Lx8JV9Cbf7g+trTV7/9w6YiF7NCD1BXh7eEtDdgYz3ktbqbzHWEi0eSY0vS2K3DogIUKhVc4orJwDyPDgEWTKINFYgCAXbBtcsu5Rl7hEdiNSlloaKRV4o=
baRKp0HwCla3MizsrGsCeXy6L9sspJ5MM8xP8hQ2P483ONO8uvtwToXvCIjFhBdgqktj1kHBEynwDAYnDBPsejBNegMG89b3UDLJI4uD+bYfH9TRAzJUJ0ZDb6gyyZMqV0GVHz646xkEPUSP0nZ/WEuDILv9KFDiL6nH0OxoFKqdKraNJrrOyNWwSlovHIO/93j6urdfniPlAXpLhyeNL2+P3B7IV6r9Dtu7AfvUKMeec978e2teDDXPTGfh1pRoRvBQ9tPS77N8tyPj7ZhtfVIZ9E4lebhLuh46iCfraSq1WcxPpbrKezB2f4Ow6wRhkCeTZBdHbLQ2cpqD+Xv3NFFDFNydI19Rfs2TWT5RFY9h67yBzlDoV/E=
ErJmaDZd6z2BDiBRtVa6In8/DkqNgJlgy4dZHZwc4f8DTqcq2vTAky2jHvDVx0yEyqyYZxk0erhncIlV5rlTnY1n8k3P/Z+PhWUHxaimh2otou6y7WOdWvSXZwMJsHwDt7jCimPyI9eu+Akxx0uL03iEYEaRN1fETnMCyoO45D22X+Kg6HHRbww9eIDq5b6OchgnGsqNNi7ZHaNgi+Xf9plmh/Lte+JhAfkt+2H0RToaE7/ToQnQAk29LBClc5PwyJ9gu/JX6tok3MNprczHjLa2pX9rw4L8P/uLf9Rl3JYVwkLo+yvzzCxZ64UM8AcxZX/ZHbUECK6hz9RT2GU3qCU8/OwBUwBUFSxhqxe8PR+/DpcM2UuN11brV/Q=
MqCEi6n04JP3JgQzGeKugsrLq2y+cKGkhVMxZ5B4/+6w4V61/y+mCe2H6hAHpIM4hKWwCQUIL4y206QO0QeE+Hl8IwC+U3+GjWlnqQSkSvcQC/iaBDXG84qbAjcEGsUT97sNFouHSIFP2mAncqsj+K5RB4qjeekvMpC/2dBVyH9uDku4X5s8a7GApGJbAQuA8HAAyqnSCv2qUpqIAZhGatMk9x9j4GZqezeqI9FptpsbvxmPG7cgLsR/fr1aMzdxRywcp4prwqy3wyqMwWcAt/3OgIhyiOwGX7o7cyifL9ORoJndxoFoHmmRjEuO9nbYu3P9ikFhsH+pkp675B7zcwyTMIGEP4+0W++YNELaVtPlY+NUZbuorBHLCxGq5Z9pwmlhL/VzIFECONxXxQ==
0SLi7Nk0MIrpdJ/kbAudw0RlFkX4gn9ycmT2CJOkuM+T1oIOFInkDgOsfyioXZQp4VADfOqbYE6Vz9hIlSSH4NrrkxYx4eMpgCz2Z3yzHPqg7apDVtPG90DSGWPbY2k2r/9kkTPSZCd2o1/ogikjqsehxV/uWPsZFB0UzwLW79i7I1D7DQgg4t+JtxAcyGQqDYrmTfaa3sjF0Bqa/3wTP0cYSnqHP64j1WFKizdHPa//7wzemDe6/R77a8GrdLhH7tMuPAtLrgxF77wnkXZk6NZQgLaD8v+zbFfzo714/f3i+UQOFZmIS4r+CsiXC9mqJbmcD3Va2nsgVi/DYEuU4WCH4yTnZxy0xlLqQwnbh7TB40QcTQNPUW6tw5nuMYUP0YsMQf4w2FfB
skNqR0aovbmiUNqWbsozWikutuNg5WtiRS9BGn+O6NIJGXmGxWrJ3ZTBAEIvlnG+jMo9Duo60R5BXZsWBQFLbAfKxbHFWfK5V6I=
Tl0fmLDVY/ilVkKlCwEQeCNitoJpaTTbusFs6x++J5/h4AB2qb0RclXeQUobQZL2v2IZGixu1Xo6jpnaAZnTItV1o0gn7q1F1W36vVem
9N8Kmn0pKbc59YeJ6k2iKygutuNg5WtiRS9BGn+O6NIJGXmGxWrJ3ZTBAEIvlnG+jMo9Deo60R5BXZsWBQFLbAfKxbHFWfK5V6I=
26Ixpe4xP08kH0byAQdfNiNitoJpaTTbusFs6x+/J5/h4AB2qb0RclXeQUobQZL2v2IZGixu1Xk6jpnaAZnTItV1o0gn7q1F1W36vVem
mHJ2RT7H/aQnY3Smuwu45GpWay7Q/XMuWYB2FHrJy7VkhycjeYLzIQqHg8Fl2yS0+tYP49HLb/Qpk79/RVOX0bb9y7lWgS3P+ZtUoXbAoFe5
0wdGK1cyu/TLNxWvvflnSWawjQqO7YFTZmdSYJFbHQsebcvPsbthdjFYptQK6du1dGcXY6kig6Ga5zMBNfvUtIr236NhK/902TPvv3Uzh9Gm3Tv5BmGdT2k7JGGmoJBXiQ==
Fn/RT6H2RdzhjJwtdXZ1ByK8tmQfwPFYiZas5gvFKm4gdUdms01Ks76lnC+FHIJeQKjml0V/CT1SQAUCXSwOKASM7fJyuTFqnrVuTasSa2Eyd0uh/Qvfu5aclwOZu1c0sQP3X71j/1EeDfPZHhG1j4GrnAHukIhXkQ==
pjYm6mgwDTq1mTmIG89gCK62gC0Uh/P1U0AEo/pZnnLu7Pgbx1Hp4gx4mZf1FG0MPZTbG2agF4B1tLzkUfijfAVk4eMHlJ237wbXhIljrX/Go1e8
jOTzR8ZJhBPcVX2xHn0pbmtWay7Q/XMuWYB2FHrJy7VkhycjeYLzIQqHg8Fl2yS0+tYP49HLb/Qpk71/RVOX0bb9y7lWgS3P+ZtUoXbAoFe5
+VHq3foqNy6j8P3fDEL2fa62gC0Uh/P1U0AEo/tZnnLu7Pgbx1Hp4gx4mZf1FG0MPZTbG2agF4B1tLzkUfqjfAVk4eMHlJ237wbXhIljrX/Go1e8
t6ExZbabMdtvwEuAHW6gqWhWay7Q/XMuWYB2FHrJy7VkhycjeYLzIQqHg8Fl2yS0+tYP49HLb/Qpk7J/RVOX0bb9y7lWgS3P+ZtUoXbAoFe5
ze1deZqhLbg5AE30krkaPK62gC0Uh/P1U0AEo/hZnnLu7Pgbx1Hp4gx4mZf1FG0MPZTbG2agF4B1tLzkUfWjfAVk4eMHlJ237wbXhIljrX/Go1e8
uRiprMb9tBA5OazbGuH+pILKJzMlI3V/0m83SDzJkhSLskURbkauLiZOA1zf7Yw6cBBRHxtpP0ADKgcRb/nzcusrftKQKQroicGU5KTxqLp74NEwPQ+XYDXUvASRmyXcxUThw8c0Hdcv5tfkyYMt34aDV5w=
DTOenkcBoHraTu9PrWI6bYdhdL0xUlq5JWjLoVgT/gsoJ352u1AbdWZhoh3zu3ggCAq/zRFm66FdUFycqdnco+iEu92tgq6exc3H+17x7jR/qu5UcS10MGxNGB7jbFFEVVPHJA34nBCZY9A4HIghd2+ojVNXirewgb8d+56PV2g=
ddZCffDaqY6drHwSHXgur4dhdL0xUlu5JWjLoVgT/gsoJ352u1AbdWZioh3zu3ggCAq/zRFm66BdUFycqdnco+iEu92tgq6exc3H+17x7jR/qu5UcS10MGxNGB7jbFFEVVPHJA34nBCZaNA4HIghd2+ojVNXirewgb8d+56PV2g=
6J7DdPQ1NBpCUCxeMwA9codhdL0xUlu5JWjLoVgT/gsoJ352u1AbdWZhoh3zu3ggCAq/zRFm66BdUFycqdnco+iEu92tgq6exc3F+17x7jR/qu5UcS10MGxNGB7jbFFEVVPHJA34nBCZZdE4HIghd2+ojVNXirewgb8d+56PV2g=
BvmQfB3SMcX8H4O3AQblZILKJzMlI3ckh3UgQybYvxS9p2pTPmKXSWkKi/cVbGy4sdXcVwBYaxkVLg4KTbG1nwa9rgBXtv5QicGU5KTxqLp74NEwPQ+XYDXUvASRlCHcxEThw8c0Hdcv5tfkyYMt34aDV5w=
KibiMZEYv66449C2l9Fq5RENP5oi7H3d5tlQS8AolL3JZF3BgztXcBUkPHSxjGRMKXTh8yekXccPllcU6ZPtT+azV6w=
2MBX0+6c0CITu2vHg0WP1iZV8RVYz//L+riNoQ698Od4nAQhQeDdTRuv58y9gNwYSfy0EOEwoT9/cC07Z3J3ONGn/VPut1eg
plAX3qRqPne45k8zxH7WaIiDYBwzl5CvLh4Ygem5bSKkz0AsbVDvSfAwpojiSrPoaIdTvbCBKHOtU8uUzSvjiQkXU5HyNYeJivkJ752DaLF6yKRXvQ==
7D4woxsfqRpmhmWH0l99Z62oiXgU2PzxUV0M96SYJ7R2H3bSHtaq8FlJ0Nug2NSN6XRd0aMLF4B1tLzkUfSgfAhk4eMHlJ237wbXhIljrX/Go1e8
UigYIhyn/Q3Tso8efN2z+1Mr+LwECPtBgvSI6vTuy084AG/i+bOgN2FkEVqqUzYmNsq69CFlMI/oJGTpcfjdZUtXR0RN2JzwWcJSWFCoIZevCA0zF6q3UEEfnZver1eI
Dhq+Ovv1XkrcYWRKdfVxWPHw1ntAyPfjF0AHo+nYYf5yH3bSHtaq8FlJ0Nug2NSN6XRd0aMLF4B1tLzkUfSifAhk4eMHlJ237wbXhIljrX/Go1e8
ThBl/x1ZjUTzj7+v/G0sjF3jcjLinL8TYiGi8axYGAe5xRHoqoZBqF82d9vUWFA+aSASQ5H9ckVSu3cn+US/HznnM/IxsRBRvWGQzfv/r3dyuYDMple/
MfjHsVPSU6xKcGlxYviV0FMr+LwECPtBgvWI6vTuy084AG/i+bOgN2FkEVqqUzYmNsq69CFlMI/oJGTpcfjdZUtXR0RN2JzwWcJUWFCoIZevCA0zF6q3UEEfnZver1eI
sG1GgjlrP4b9B1iifGQc6fHw1ntAyPfjF0AHo+nYYf5yH3bSHtaq8FlJ0Nug2NSN6XRd0aMLF4B1tLzkUf+kfAhk4eMHlJ237wbXhIljrX/Go1e8
7+1dHTutidkMbgGoEmoV5VzjcjLinL8TYiGi8axYGAe5xRHoqoZBqF82d9vUWFA+aSASQ5H9ckVSu3cn+US/HzrgM/IxsRBRvWGQzfv/r3dyuYDMple/
htX4zkkdd/9gK4k2hAKMD1Mr+L8ECPtBgviI6vTuy084AG/i+bOgN2FkEVqqUzYmNsq69CFlMI/oJGTpcfjdZUtXR0RN2JzwWcdQWFmpIZevCA0zF6q3UEEfnZver1eI
9rOL0Jy1iMZM/IuBt8sXtfHw1ntAyPfjF0AHo+nYYf5yH3bSHtaq8FlJ0Nug2NSN6XRd0aMLF4B1tLzkUfyhfAFl4eMHlJ237wbXhIljrX/Go1e8
a8ZpDCTTDDLgnjO3MAfwMRENP5oi7H3d5tlQS8EolL3JZF3BgztXcBUkPHSxi2JMJXbh8yekXccPllcU6ZPtT+azV6w=
ZXv++o7d+d54gMpQN4VPdCZV8RVYz//L+riNoQ698Od5nAQhQeDdTRuv58y9gNwYSfGyEO0yoT9/cC07Z3J3ONGn/VPut1eg
kk8S1pJfxUaf+0U+JQGA+khFSyFc8NGtY2kk0dnSdzgWa51x3D5mAhXH2v+gCRWWDDelsp2TZzVfSknibNYFGp0m6UCBASOKdZ3z8OeWfW21hcqlV74=
8k0EeqDMVGHLB8qFXvUa2In+cB5+k526OwMV1aT5KmjrxkYpK03pFc0drIjiS7PoaIdTvbCBKHOtU8uUzSvijgkaUZHyNYeJivkJ752DaLF6yKRXvQ==
tWnWG0GkPYRkDR0SKdONT2LjwVHCsvVDOD0bZ5dcBh0Of4K957ltIX0h4NJTrpLpf2UVJcEFuOjWs/+4tC8nPUQpdKNhK/902TPovXUxhdGm3Tv5BmGdT2k7JGGmoJBXiQ==
q6Pi5p4HIsUN/xFESN3eKNamLx0qg5aofR4egem5bCLvxkYpK03pFc0drIjiS7PoaIdTvbCBKHOtU8uUzSvujQkZUZHyNYeJivkJ752DaLF6yKRXvQ==
gcZwD5M+ihF4cvrcpO8S+bKHuOa35tpySjvK+LFiKUzbw76GcNW5lsdukUyDJ3B32UxE8WHw3V07f6ccHRBciOku8sDPIqEvX6Bt68fi96hxd72DzqdXsA==
tGmvPjd0zs5WUimvZHPu2WLjwVLCsvVDOD4bZ5dcBh0Of4K957ltIX0h4NJTrpLpf2UVJcEFuOjWs/+4tC8nPUQpdKNhK/902TPov3UxhdGm3Tv5BmGdT2k7JGGmoJBXiQ==
9i4fg7/sCwjU87qmikwMFtamLx0qg5aofR4egem5bCLvxkYpK03pFc0drIjiS7PoaIdTvbCBKHOtU8uUzSvijwkZUZHyNYeJivkJ752DaLF6yKRXvQ==
V12yYxXxt8v7FpO2JLocRxENP5oi7H3d5tlQS8IolL3JZF3BgztXcBUkPHSxjmFMJnbh8yekXccPllcU6ZPtT+azV6w=
uEeKKxaRPlQ3mWuVrMLAciZV8RVYz//L+riNoQ698Od6nAQhQeDdTRuv58y9gNwYSf2xEO4yoT9/cC07Z3J3ONGn/VPut1eg
q6jQSVGm4s8l00W3vHKb4oqDYBwzl5CvLh4Ygem5bSKkz0AsbVDvSfAwpojiSLPoaIdTvbCBKHOtU8uUzSvgjwkYUZHyNYeJivkJ752DaLF6yKRXvQ==
NLtrfl8JLWdPS2ItOTAiu4dhdL0xUlu5JWjLoVgT/gsoJ352u1AbdWZioh3zu3ggCAq/zRFm66BdUFycqdnco+iEu92tgq6exc3H+17x7jR/qu5UcS10MGxJEQnkbFFEVVPHJA34nBCZadU4Hoohd2+ojVNXirewgb8d+56PV2g=
KejHIs1ASE53dXdlRyqvuYdhdL0xUlu5JWjLoVgT/gsoJ352u1AbdWZioh3zu3ggCAq/zRFm66BdUFycqdnco+iEu92tgq6exc3H+17x7jR/qu5UcS10MGxNGB7jbFFEVVPHJA34nBCZYtA4EYohd2+ojVNXirewgb8d+56PV2g=
9ztnkSMZTGJ2dwU3/ujrOq+oiXgU2PzxUV0M96SYJ7R2H3bSHtaq8FtJ0Nui2NSN6XRd0aMLF4B1tLzkUf6hfAlm4eMHlJ237wbXhIljrX/Go1e8
qdVUUCU2k4NCD5huQtSUgFMr+LwECPtBgviI6vTuy084AG/i+bOgN2FkEVqqUzYmNsq69CNlMI/qJGTpcfjdZUtXR0RN2JzwWchSWFGqIZevCA0zF6q3UEEfnZver1eI
SdB1OtYAr68vrms5ybhtefHw1ntAyPfjF0AHo+nYYf5yH3bSHtaq8FtJ0Nui2NSN6XRd0aMLF4B1tLzkUf6jfAlm4eMHlJ237wbXhIljrX/Go1e8
SRYyNCoM3k1nX3U6CmRjs1zjcjLinL8TYiGi8axYGAe5xRHoqoZBqF82d9nUWFA8aSASQ5H9ckVSu3cn+US/Hz3gM/MzsRBRvWGQzfv/r3dyuYDMple/
pjZDE2dzUp69x+/ma1OVcFMr+L8ECPtBgvaI6vTuy084AG/i+bOgN2FkEVqqUzYmNsq69CNlMI/qJGTpcfjdZUtXR0RN2JzwWcBVWFGqIZevCA0zF6q3UEEfnZver1eI
ZJ3g7AOqc2tx4uQlpdoCYfHw1ntAyPfjF0AHo+nYYf5yH3bSHtaq8FtJ0Nui2NSN6XRd0aMLF4B1tLzkUf6lfAlm4eMHlJ237wbXhIljrX/Go1e8
arrZ02qwl6SRQZMLZXAyC1/jcjLinL8TYiGi8axYGAe5xRHoqoZBqF82d9nUWFA8aSASQ5H9ckVSu3cn+US/Hz7kM/IzsRBRvWGQzfv/r3dyuYDMple/
JsNMLBqScER+6el9G/SKAVMr+LwECPtBgveI6vTuy084AG/i+bOgN2FkEVqqUzYmNsq69CNlMI/qJGTpcfjdZUtXR0RN2JzwWcRRWFCqIZevCA0zF6q3UEEfnZver1eI
b6w1I8VXv264tY21TK++cPHw1ntAyPfjF0AHo+nYYf5yH3bSHtaq8FtJ0Nui2NSN6XRd0aMLF4B1tLzkUfqhfAhm4eMHlJ237wbXhIljrX/Go1e8
UV8XtNVDW0PUAsAhEHaM2HYgeULhBTCvqMTkSbGY3UULt8fkjbic0Bkk1PiQyiG37+iNk9fKt3AB/x07Hs9XqA==
bdzSRcFh2KQuQRoBjdiN0AtIeco/6imLudlQS8AolL3JZF3BgztXcBUkPHSximRMKHbh8yekXccPllcU6ZPtT+azV6w=
NyJ6ecmbpq/jQQCQGOvNDBx1fypFZHkgTeLJrE4YJrWvq/Zab+KCNRY8IsSy9l1TwKWM+ry7PT4dH/+57ybRTgx63Xgt6rwMQU17RkXxK9yHumUBhYnSqVey
kQgwHZJWbYWzzdSiVEqkX72/uYuPF+q8j/VpTOoTSwUOib2TsjFxbW/zprLPijLNlkSSLBKejYuA/VzS3JPNBh0nD5GPDgEWTKINEIwCBXXBtcsu5Rl7hEdiNSlloaKRV4o=
2NCRWSsIJ3aGqu57m7ky+b6/uYuPF+e8j/VpTOoTSwUPib2TsjFxbW/zprLPijLNlkSSLBKejYuA/VzS3JPNBh0nD5GPDgEWTKINFokCBHXBtcsu5Rl7hEdiNSlloaKRV4o=
ZBrimkgXcRz86jYBCLdLxQNb46QZaifRtohk71ngC6zpkidN4PFFvuxflaqdi1ddv2IZGixu1Xg4jp7ZAZnTItV1o0gn7q1F1W36vVem
aNwi2w/3px1xbvvo+p5+MfjNuxjskyRguoqxCXkNRo3op3QlZFAlmmjJBVHnLcMBovjMV93Qhtsdff7dxsvDz2XkQ7dsNoeA/nFcaUkxxCXHn7NfBomU1KpXsw==
MwdJoNoFCifD0EKMBqGcyJ1a0yMU0DpE5PdnQ2zWpsuRAR4XAonyyIN2zqmjvUF1Fa3USDobiwhAl1u9uJEAE5WDk9Q1m7dooWvYEXqFbynSCbGvRVMQkZLYrFe1
Y3VY507EUbQFNFMpygA08RbGDkE0+6c8Y9W1pousXo3C2Y3uXWxpfaDnvPXMML0K8EmdwX+NK9HquARntfB+62V9Bu2+6yv/LSSL5wiRHxdm8cT50dFsdY9fey8uaaykkleL
4UdLoBA0+FD8VPMXsOtLIBXGDkE0+6Q8Y9W1pousXo3B2Y3uXWxpfaDnvPXMML0K8EmdwX+NK9HquARntfB+62V9Bu2+6yv/LSSL5wSWHxZm8cT50dFsdY9fey8uaaykkleL
S5PVIdjawXrHpYK+3rYZdxXGDkE0+6Q8Y9W1pousXo3O2Y3uXWxpfaDnvPXMML0K8EmdwX+NK9HquARntfB+62V9Bu2+6yv/LSSL5waUHxRm8cT50dFsdY9fey8uaaykkleL
+fEB5qQ4Xa64NvfAUcUYKhbGDkE0+6c8Y9W1pousXo3O2Y3uXWxpfaDnvPXMML0K8EmdwX+NK9HquARntfB+62V9Bu2+6yv/LSSL5weVHxRm8cT50dFsdY9fey8uaaykkleL
Hwdywy9QG+Qrj7r8/777l1o47Mk0EPX6WMl1cTdtE6EyeHz3LZC2Ow197r32C7Nv1WTTFzjw16QOcWyJGfEURVcfw7+2yWT0ulej
dBUdcxRxf2Xd/IMGscYNFBlT97cZLHrCsNcj8VDmF+/ikidN4PFFvuxflaqdi1ddv2IZGixu1X49jprZAZnTItV1o0gn7q1F1W36vVem
07MdjY7hzrswKCGd22MRvxJG7q5LaTjBr8wj8VDmF+/ikidN4PFFvuxflaqdi1ddv2IZGixu1Xk6jpXZAZnTItV1o0gn7q1F1W36vVem
BvrSSZrmGApr24KHeK39GL2/uYuPF+q8j/VpTOoTSwUPib2TsjFxbW/zprLPijLNlkSSLBKejYuA/VzS3JPNBh0nD5GPDgEWTKINFYoCDHXBtcsu5Rl7hEdiNSlloaKRV4o=
659x+PQqLRyH7xKPgRXyK76/uYuPF+e8j/VpTOoTSwUOib2TsjFxbW/zprLPijLNlkSSLBKejYuA/VzS3JPNBh0nD5GPDgEWTKINE4sCDHXBtcsu5Rl7hEdiNSlloaKRV4o=
iFXl1PCVGlGDj8j4OElJ/HYgeULjBTCvqsTkSbGY3UULt8fkjbic0Bko1fiQyyG37+iNk9fKt3AB/x07Hs9XqA==
s+fwo+9ueXJcBg9TBFCoHwtIeco/6imLu9lQS8IolL3JZF3BgztXcBUkPHSxjWFMIXDh8yekXccPllcU6ZPtT+azV6w=
g77+QyIhGeRp5ql2VIkj1Rx1fypFZHkgTeLJrE4YJrWvq/Zab+KCNRY8IsSy9l9TwKWO+ry7PT4dH/+57ybRTgx63Xws6rUKQU17RkXxK9yHumUBhYnSqVey
VZRo5vM/9wi4qN9/uoRHcL6/uYuPF+q8j/VpTOoTSwUNib2TsjFxbW/zprLPijLNlkSSLBKej4uA/V7S3JPNBh0nD5GPDgEWTKINE4gCAXLBtcsu5Rl7hEdiNSlloaKRV4o=
jV7aJNASTujJaYafjFmWGb2/uYuPF+S8j/VpTOoTSwUNib2TsjFxbW/zprLPijLNlkSSLBKej4uA/V7S3JPNBh0nD5GPDgEWTKINHokCAXLBtcsu5Rl7hEdiNSlloaKRV4o=
prfdznTqp62jVcOweL8n2L2/uYuPF+S8j/VpTOoTSwUMib2TsjFxbW/zprLPijLNlkSSLBKej4uA/V7S3JPNBh0nD5GPDgEWTKINEosCAXLBtcsu5Rl7hEdiNSlloaKRV4o=
j5n5T4RSk1ZdF7yaqaSKRb6/uYuPF+q8j/VpTOoTSwUMib2TsjFxbW/zprLPijLNlkSSLBKej4uA/V7S3JPNBh0nD5GPDgEWTKINHooCAHLBtcsu5Rl7hEdiNSlloaKRV4o=
C/rgz81E/QMAS1nY47ah+Ok4tYKJB+rnBGiim2XwXUNGPMBg7RBAEzyMVzT3vqqaKMF2ZsyxGUsOlxyigVFsAVNlH3SW8pzo6FDOGXfR/hsh0GApKX10CUEKo2ATYmF2/xI5yqw+tU/4HjquAWlzspVFQ5invo21Ff2ajVeW
IUMSEuZD4+ifi93oMH0T4RGk/2LKYIdExGG2KHOj4Csj40cWH0CZy5866VLsJmWnWHYKVoERQ1o1LROAZybdnfVV6rVXrg==
+8L53Kmg0QCM9pLt7Q6Y60ZbeYgQV9vKOTavRUNzg8MR2/+XoYTHDzDE64zdMbjh5YGY3cO/dwf6GTgczlfX
hxP1u0Q1nyMg5Lafjnum+FeX1X9hi81T5ufTYrTktwjlXPwMQfGANNYIYYvX3L2//+6XbBnrDTcWy1fU
7hPCeSDXcQaujMVrZMGrLek4tYKJB+rnBGiim2XwXUNGPMBg7RBAEzyMVzT3vqqaKMF2ZsyxGUsOlxyigVFsAVNlH3SW8pzo6FDOGXfR/hsh0GApKX10CUEKo2ATYmF2/xI5yqw+tUL4HjquAWlzspVFQ5invo21Ff2ajVeW
5ulIKAgvj1dYSEcoqQuY10ZbeYgQV9vKOTavRUNzg8MR2/+XoYTHDz3E64zdMbjh5YGY3cO/dwf6GTgczlfX
RGjSgJpswUAy/r45wmoDOVeX1X9hi81T5ufTYrTktwjlXPwMQfyANNYIYYvX3L2//+6XbBnrDTcWy1fU
bFwdzrdUpG4KzwPheOORSxGk/2LKYIdExGG2KHOj4Csj40cWH0CZy5866VLsJmWqWHYKVoERQ1o1LROAZybdnfVV6rVXrg==
w1aJo2k2gRABq1Ml3axj7H8o1X2nNGGko29VgCnCUczEzr8g2odhbkCfeA23E7xjQIzDCXuCAoNzK4vKcio+GoxDdhf+8eWe7Z4VrgW5icOVhhdRNRczzUjLWCpvM0EQ1T7CADWkUt0aW8rpVzYsZKxYSY5L3Ej4WHh6b14yaa1K+m1tgv8AfWYvkN3YxM8tqexE7NatIyezaZ39JGoHJsUYlIK/7O5CNC5eMIJvH/mZHBVD2x214zEOni8iHv/AHJX95Nvr7bd4E3M+gB4YJCtxdvii4hMepJcsyi0WWimkI9eAoyAJ7QLIEF3Ie2LzA//I/2utt0ucD3MSxhKRAhsEOux3iEnY5DdbXugCgrpIatUVr94L/sJXGyajTiko/XOGY6iI0klwdPFk+I7vxNCuLg1ffOkpXsK/+z4H6JW5oKgQXUmESZIimcj9ibl1fbejjMALgPeKeXPAjKiDhbVItzB+YgVz0ydSoFdPi9OMIWxqndYiJAOP41AErSvplPT3DS0r+ZGNYFhySftUfwChB9QtqBygeXiQSL5cIUcPOE2jd9o3AGGvXYs+X1dY
tOjppbM6XgPH7lj9jU0VINxu7I6qxvS7eQMNXTALs5SeE/8mXpOdoNBTpMIVb+9hitp1dayewK4yZ7xevB5O5niYKi0CR3Mw2Ya4Dwvn3VGVOFo01Zz/GsHyBz1dQVUEXLA5EI+9mUWLfKUgksSo3xt9vKz114SWLhjrhCkH/zlZvaL8309a0OiP+8nOdXVO1kagW5WyfSm1g5nlCQj/mReGl+rfJAoLW/zPb4KX1atFk2vPp+meyAEw/vgFlFmZKAjsl41Icsx3J3sjPdo9430bVSoX+RS24y8HvvcuDLePvfHGuCyT0WD7L4jyosNaNw8gfSrrv4tYMPU5OGCSMUC8Ufyopu/8oCbO1U8UKdHuip/j7q9oLUmoyEjNocQxouo5UK2huU0NP0NU0GNADzoxU9hcAAM9RUDXaO6KRQvj7/I4B2eL6/ypjLKNvuLcs8fDSNQFq1Fk/JdVvcO56b2o+OoZ01RHcCnnDD3A3FjJMLBQbvSh//8wLfvnMnd4UWf9E253V2A=
kCZtrAjp4auZOhLk0//tuH8/DkqNgJlhy4dZHZwc4f8DTqcq2vTAky2jHvDVx0yEyqyYZxk0erhncIlV5rlTnY1n8k3P/Z+PhWUHxaimh2otou6y7WOdWvSXZwMJsHwDt7jCimPyI9eu+Akxx0uL03iEYEaRN1fETnMCyoO45D22X+Kg6HHRbww9eIDq5b6OchgnGsqNNi7ZHaNgi+Xf9plmh/Lte+JhAfkt+2H0RToaE7/ToQnQAk29LBClc5PwyJ9gu/JX6tok3MNprczHjLa2pX9rw4L8P/uLf9Rl3JYVwkLo+yvzzCxZ64UM8AcxZX/ZHbUECK6hz9RT2GU3qCU8/OwBVAFUFihhqxe8PR+/DpcM2UuN11brV/Q=
c0BIWL9LNOIGssz6E0zGTPLqhiv/OAaIDdOIVqyxMwSX/lEl7CQBx3N2Z5KqTCArXRueSKV/rDy6FFhfaQyagBdIiW2WgbOl/V8y9b9Ffzf13Yd92B5n0l0aLoqdW31ihK9nO3mInDvHgAIyE0rDb95AiYm382trCDygfuEPt/w+SwLy84AEBcZnIhiYyTHXfIX4OJpdXjYCoOciurXWFqklo1j73T/O6V5HSp3DAtlxQa1DEUylgmqrf+vRMTA6PYUsKNVLc8i4p6ADgu8KYlRkQ9HddCc0xg5lRxv7YsRPw4tHpF08rmX6glCLkxN0XOFrPXxI54kVxxklxTzoltH31GuoXdeQVQQ8VHHs4exmkOETZwTdp8+2VzSpc23vJtNXzA==
nWhRffgFvzRNqwcp2BseNHwBj4UvqywsFjpcFGXdrdQMGniNqC7YypPSC1IvlnG+jMo9Dek60hpBXZsWBQFLbAfKxbHFWfK5V6I=
PAXGytyj7cWCQTyHbWwncUoYji5WjiXzzZOrlK3rRA2pWHeREnVnCWq5Ke+9Q8gxGgjEV90=
hOUymYEF5i3tAllPYNxgXkZbeYgQV9vKOTavRUNzg8MR2/+XoYTHDzbF64zdMbjh5YGY3cO/dwf6GTgczlfX
2b4brziusFFdhSFBm7cA2FeX1X9hi81T5ufTYrTktwjlXPwMQfeBNNYIYYvX3L2//+6XbBnrDTcWy1fU
IXYymdZ/B2P26MFgJQcIc5eSluGwOiivq8wi7yWV89KnFjxXj0AfVwZv2cqNnJLvcj1Ae/zeHWbpymHZErfd5KEWEAxp+suzke3XQ0lbx7QBY4cdjYALUS4tg5musUUPEQvMQb6wmFeB
H3OzyyYDLtJtXd+WskjpZAJ+pfhRQa4DnK/L6u7ol089Ai6g6q3nYycjVwngWjYwKMqtrzFSfMC847AstBxTuJ/sR0RN2JzwWcRRWF6sIZevCA0zF6q3UEEfnZver1eI
eEhmroH1DOGZOZln8FeVm8DEzen6c5zV75NoGbNQElYXzbmEpipmI3fxs7XPk3zEllKMLAXFnbzMsggVCFYI4pP62yqPDgEWTKINEokCAnLBtcsu5Rl7hEdiNSlloaKRV4o=
iqc+Z3aErJfRNWEdocRi6iN+3NI6shAlQ2xqahfxwbhWFh4fl83LiT+vBPhW7vSQ9XnlACwOcKn46nBeE0ajln+yeaqsHnWueb56zgGJsxIVJQO4p15NFZWd2q1Xtg==
gNYYRzLPup4+41sFCWJSQpeSluGwOiivq8wi7yWV89K8FjxXj0AfVwZv2cqNnJLvcj1Ae/zeHWbpymHZErfd5KEWEAxp+suzke3XQ0lbx7QBY4cdjYALUS4tg5musUUPEQvMQb6wmFeB
dzfxVoPdvTc4ssh8baIMZZYmR3lzynuSZWBhRovtQzGX6Fjhk0gCXhfFqZyG0lZrNzlDDa8L7EwW2hy05X3t9Ax6OG0oThjqk/LLMq92Md6M6n2qaZqS+kE9W7aFoYtMByoF0UW5splXgg==
Sfva4ggkCks4HNFZ5ao5a5GZkOiUPTy5jdwi6iax6dCxFjxXj0AfVwZv2cqNnJLvcj1Ae/zeHWbpymHZErfd5KEWEAxp+suzke3XQ0lbx7QBY4cdjYALUS4tg5musUUPEQvMQb6wmFeB
Ad+EuLV8i6XO19N/sOUhrx0d+hwmaS/JjDenySkaoqNm3SNEuC6w1YM8CloXwaHolua+jxddKzl//yQIVp7UQDXJhZCsntDZuDqQbhN2Q0Y/wtk6LI4VHrluWr4BeZNCVZXjKCfO7eVVzbqdV4Y=
o7z9ZHKbr5zCcP4O2+Tst/CPO1GgsSYOlxaeGfjGGgeuGRxSSsSz3bMrSEgNBJChyxi9zoUBWv5VgXBTbsynnbyG1GYKTUioH5qpcuxGpUbZ1so2gfED+rVNU2BnBh09dbWqlVeO
wTlwiekwc0710rYkROBriyL+P5UX89MH8Zx0KqmKvQEyF07W24WFGhY3pdtlVcgYoYFUXjBWPZ2asIvCfWqUmudbX1fBhOdP0UVLTL0xmKEFATgdo79XRxqZmNyuV7c=
