+DcSliDr2c3+rWg1B6pyonH21lr56XYXPYf5mSxPbDXHmNM7thYlQcCg99gAAwB41LGhb1DPJob62xODOfs3NJHDUd3doBtRPk1TWf7R1Y+ha3yBjtCoV7E=
h1IdutOor6t2rnSOpUFRpcWEodoXBN+zLRI9aX9GojrGKks8IH5bGFKswpHqdKDEILAxAuRH9m5krRzEI0EE98txsRR4dmYAc8X5faP72lcJjMtyCgVvXuMybRdzFLeMhIEhMXZAP8tK3iGBRGjLbq1bZBiwyc3/DMdiBj7TzxPVA9PUdRv9beHonxE6BS8pkolxr4XT0JFSWGxXdQ==
iGsb9azC6wORs8qrytNmBCWigQeW4bJTMmVJe4JNFRUaPsfm+L1qdAwoq5tehr3BWDBfNbpzyLic4XlPOP/ehoLr+6NhK/902TPpvXUwg9Gm3Tv5BmGdT2k7JGGmoJBXiQ==
SbSgyjGHei85UAaq/be7MI3jcklwxtDpc0ZQ06/zazmWgVsqLkHrbaUwl9uxOTsW41+zKH5Ck3OtU8uUzSvljQkYV5HyNYeJivkJ752DaLF6yKRXvQ==
AQ6Lj+4tS+xCgdD7plgEmh/n9GDWcoZW1XH1OGz24CEYokBGE16T3p866VLsJmWkWXYKVoERQ1o1LROAZybdnfVV6rVXrg==
txSd6HEYjisePwKeGlJIocCQ9TT1C0pVXN+DDT22Bd+e4afjDUN2bRkhOFRYL27TKbA3jh92exTTmhBMnqVKIt/Db7sxQbL5enijXwbVVhXArveR7pkmByaANM/oCfoUuYZOedtof0DCl52NUGQk4zRWaCeNFvL7AqcyeAHMBxWYiqB0+/l5bbJysIE6xfqv7/ahEU7AgduX1n+HhogO4c0wzoHJibDk0YFRWn4mrhoAab4jy4T1sPlhv93Tft89gGwnkn9gn5Fu6SGWWfgCgXYdLajyWcXoh4hTsVz7ezPh7MZNft97q59aL/wI3qSyvsdU5N/cXmneBlhFaAFgYAMIYwqNrlEXvp2s4gKf7PYZqoy07+KcfLaT+7bZX2Ig95WqnYjTVZLQLpnjFN9OYLHGyfN5k/Ele1KkAXDB9tv7bthyo4OZug9O+ohVJc8lOu6j9Qt1QHN0dLmcktK/7Su+ELfLL/hGD7NpAemH0aLw/P0BFBkMs1+KySJsFoVVmWZqBoHBo0p1XXOw59b9LbVFSmVXfg==
mKHJOrD8ZhzCQM/DFls2CK4kktOvxXehlswO8C3umxg5xKU+cVnjwIYwHGJZhytP/ThRjQ/niQZ2hekUccCJYEgQYYq0S9/Fb3iCV7d+guSQMlbc6F+tykYVpVIgHHq3vx1Nt9NHAk8Dg9muLImGB5Vu+0OoaajihJiCGA0IF3NLxPpWh1wE37sFiV7MoZeuAhrEwKCbu4jRr/BvyjrR74ifvzssSJtLQaGULUJ5LhLDaSWeLlaEUR5qp03xSf7+/s62eCLBm4d2tnD/42+39FinC7DEV0Io4AeLX9CQyLoXaz9nr8FTKL5A6Lz9wMOyi7Pnead/1x80JZXzo0kOKqJwe+x62jxKDboCnkWFUwIzb2cWhyIijSlxsoCDm/wUSlhmD9mU718sTKIcs00f55RZths+T0OyPnjM9Nj3Z8aFk5bjkSuv3KcteP3W5tftssuwisggBQ9Den8djocX7iBbWmLNizLvjnE6QzFMZZOm9Pym6CvbH92kW8cWVa+0MfGUmaGRfBXf38sPHqk8RGJXew==
Q59B2Win+ZOO+JS+kEaLwqare9BnIXOWXbXt3dscR20BHwMSdJ7jZNo7pLM36dvumUsf7t02wTPUX266s1AsgdPMC7gaXvtK+N/S499zBsiisrGHICjeZYLPTOHHDPBrb8S6cno8dBXkIAd/Vex6ozzdapN1b2784VlseqtGWNTkEyb0lethJ9nVy8UST83ntbjzuShPgEWjcuUzIkZeNFgUd6KiWiMTkp2v7UbpuuW7/GHauoPjBF7MXiRCyJI/Rghvo17bCo/x2qKUU+AXucejTzeZUuJ7JmO77iY8i78UAeNNnflOWXp5UcgMMnGBZdlMaprfMRofDn90FK6HNE6KSGIhWu62UfVHOi9vey6TUjalxZGeqPfLyMy2mNpXrcRbt8DsDnQn/YsfCNkqY6r/11qS2KCcbCeTHjnT6rul+1v0i00U1cIWw9Wuy6yy3NARJy8aUzV6VyO2XBvmujlbhofi0Zarpfzx6zp0YF58m093cQS3L6IF2+yNMWhBlcEIPfM/JycK2Sh8fldn
RI8xgSIH2bd3wdAp2io2hfcMOnACgNwclKb40NxMMS3yQ472NeOC8Tb0Zp7qK+RweqbjDSiQ82IE7hnqvoxqqRq6+caEIFnjydMVQKDtZHKNrNBNQd8/xdE4SXAJeSZ1zYz3bg69PrNPpkC386XdIBn4ph8rmo89MO3LcS/3PQG9//LdRh3O8ofImoV4DmvEB5J2mKjSiE6LuI9zCI/zf+Wu3PdRuLWlEk1B4bOHuSf5JZiT2U0Qyc4qT9vFSNNzH7/YhFngGaL5lLCuQdFDLUwyf2W5qgFPw5UEEee+GmRSkKfYWCJ1nhWxb1YSVsXG+K75BI0vD4PGaqGymRq2xjnVfyonb3M+q3Je1Z3RJngfK1B8PhhSJzVk82c4LNZED53zDwDZInNSH/9qypjYzMSHC+6xU2ILPZszpDONzCUqNvvFpsukouTw+df32utlEje7BtSbbkqh+y7XmpHOm40cCfsydGhOBPtnR6nET/8KpUOcBbHg8Q0h4O1Lf39XYvkQbHZXbw==
ROY2wv3HzdiettytrVcKXR0d+hwmaS/JjDenySkaoqNm3SNEuC6w1YM8CloXwaHolua+jxddKzl//yQIVprWTjXJhZCsntDZuDqQbhN2Q0Y/wtk6LI4VHbluWr4BeZNCVZXjKCfO7eVVzbqdV4Y=
7SWLhviFNbXN5D62q0vOE5GZkOiUPTy5jdwi6iax6dCxFjxXj0AfVwZv2cqNnJLvcj1Ae/zeHWbtyG/ZErfd5KEWEAxp+suzke3XQ0lbx7QBY4QdjYALUS4tg5musUUPEQvMQb6wmFeB
J5ylx6QjM1f3dY9rFQ0zL5YmR3lzynuSZWBhRovtQzGX6Fjhk0gCXhfFqZyG0lZrNzlDDa8L7EwW3h665X3t9Ax6OG0oThjqk/LLMq92Md6M6n2paZqS+kE9W7aFoYtMByoF0UW5splXgg==
V5FA5uVe8akFN3rCLpqS2peSluGwOiivq8wi7yWV89K8FjxXj0AfVwZv2cqNnJLvcj1Ae/zeHWbtyG/ZErfd5KEWEAxp+suzke3XQ0lbx7QBY4QdjYALUS4tg5musUUPEQvMQb6wmFeB
WcC9rxc64jDviO9QSToiuiN+3NI6shAlQ2xqahfxwbhWFh4fl83LiT+vBPhW6vae9XnlACwOcKn46nBeE0ajln+yeaqsHnWteb56zgGJsxIVJQO4p15NFZWd2q1Xtg==
tCO1Y5SZKCgvJKoTwf3t7sDEzen6c5zV75NoGbNQElYXzbmEpipmI3fxs7XPk3zEllaOIgXFnbzMsggVCFYI4pP62yqPDgEWTKINEYkCAnLBtcsu5Rl7hEdiNSlloaKRV4o=
Dgv7i3bSLmGFH7IYaRK+jQJ+pfhRQa4DnK/L6u7ol089Ai6g6q3nYycjVwngWjY0KsStrzFSfMC847AstBxTuJ/sR0RN2JzwWcdRWF6sIZevCA0zF6q3UEEfnZver1eI
UaddRTiCabe3VZcSWSVJrJeSluGwOiivq8wi7yWV89KnFjxXj0AfVwZv2cqNnJLvcj1Ae/zeHWbtyG/ZErfd5KEWEAxp+suzke3XQ0lbx7QBY4QdjYALUS4tg5musUUPEQvMQb6wmFeB
GSkQIwFM23HxwCNCl1t1pP7g+trTV7/9w6YiF7NCD1BXh7eEtDdgYz3ktbqbzHWEi0eSY0vS2K3DogIUKhVc4orJwDyPDgEWTKINHokCAnLBtcsu5Rl7hEdiNSlloaKRV4o=
GGnp9Q23vYhtd6MuaSfniH8/DkqNgJlgy4dZHZwc4f8DTqcq2vTAky2jHvDVx0yEyqyYZxk0erhncIlV5rlTnY1n8k3P/Z+PhWUHxaimh2otou6y7WOdWvSXZwMJsHwDt7jCimPyI9eu+Akxx0uL03iEYEaRN1fETnMCyoO45D22X+Kg6HHRbww9eIDq5b6OchgnGsqNNi7ZHaNgi+Xf9plmh/Lte+JhAfkt+2H0RToaE7/ToQnQAk29LBClc5PwyJ9gu/JX6tok3MNprczHjLa2pX9rw4L8P/uLf9Rl3JYVwkLo+yvzzCxZ64UM8AcxZX/ZHbUECK6hz9RT2GU3qCU8/OwBXAFUFihhqxe8PR+/DpcM2UuN11brV/Q=
EpmdfTS+LH33q0rXjmAiUHy6L9sspJ5MM8xP8hQ2P483ONO8uvtwToXvCIjFhBdgqktj1kHBEynwDAYnDBPsejBNegMG89b3UDLJI4uD+bYfH9TRAzJUJ0ZDb6gyyZMqV0GVHz646xkEPUSP0nZ/WEuDILv9KFDiL6nH0OxoFKqdKraNJrrOyNWwSlovHIO/93j6urdfniPlAXpLhyeNL2+P3B7IV6r9Dtu7AfvUKMeec978e2teDDXPTGfh1pRoRvBQ9tPS77N8tyPj7ZhtfVIZ9E4lebhLuh46iCfraSq1WcxPpbrKezB2f4Ow6wRhkCeTZBdHbLQ2cpqD+Xv3NFFDG92dIFtRfs2TWT5RFY9h67yBzlDoV/E=
sd08uNsW4eAUkkaqzOMoyURlFkX4gn9ycmT2CJOkuM+T1oIOFInkDgOsfyioXZQp4VADfOqbYE6Vz9hIlSSH4NrrkxYx4eMpgCz2Z3yzHPqg7apDVtPG90DSGWPbY2k2r/9kkTPSZCd2o1/ogikjqsehxV/uWPsZFB0UzwLW79i7I1D7DQgg4t+JtxAcyGQqDYrmTfaa3sjF0Bqa/3wTP0cYSnqHP64j1WFKizdHPa//7wzemDe6/R77a8GrdLhH7tMuPAtLrgxF77wnkXZk6NZQgLaD8v+zbFfzo714/f3i+UQOFZmIS4r+CsiXC9mqJbmcD3Va2nsgVi/DYEuU4WCH4yTnZxy0xlLqQwnbh7TB40sdTQBLUW6tw5nuMYUP0YsMQf4w2FfB
0PWLHstuZs4Pv2qqtCfOqsrLq2y+cKGkhVMxZ5B4/+6w4V61/y+mCe2H6hAHpIM4hKWwCQUIL4y206QO0QeE+Hl8IwC+U3+GjWlnqQSkSvcQC/iaBDXG84qbAjcEGsUT97sNFouHSIFP2mAncqsj+K5RB4qjeekvMpC/2dBVyH9uDku4X5s8a7GApGJbAQuA8HAAyqnSCv2qUpqIAZhGatMk9x9j4GZqezeqI9FptpsbvxmPG7cgLsR/fr1aMzdxRywcp4prwqy3wyqMwWcAt/3OgIhyiOwGX7o7cyifL9ORoJndxoFoHmmRjEuO9nbYu3P9ikFhsH+pkp675B7zcwyTMIGEP4+0W++YNELaVtPlY+NUZbunrRHIDxGq5Z9pwmlhL/VzIFECONxXxQ==
fQdOG4EzwJr1zHoDkjocQikutuNg5WtiRS9BGn+O6NIJGXmGxWrJ3ZTBAEIvlnG+jMo9C+o60hpBXZsWBQFLbAfKxbHFWfK5V6I=
/s1MT3JgvP+K9oHi4+oa5iNitoJpaTTbusFs6x++J5/h4AB2qb0RclXeQUobQZL2v2IZGixu1X86jpreAZnTItV1o0gn7q1F1W36vVem
9OjvK0ss+ltmwNIRN+k52igutuNg5WtiRS9BGn+O6NIJGXmGxWrJ3ZTBAEIvlnG+jMo9D+060hpBXZsWBQFLbAfKxbHFWfK5V6I=
Z9r7J9Y+XoeruhLYahw9ziNitoJpaTTbusFs6x+/J5/h4AB2qb0RclXeQUobQZL2v2IZGixu1Xs9jpreAZnTItV1o0gn7q1F1W36vVem
F4kgLZPd7TtjezEbyyM3P2pWay7Q/XMuWYB2FHrJy7VkhycjeYLzIQqHg8Fl2yS0+tYP49HLb/Qpk7N5RVCT0bb9y7lWgS3P+ZtUoXbAoFe5
epRr7zm4bpxaQhxgUC1972awjQqO7YFTZmdSYJFbHQsebcvPsbthdjFYptQK6du1dGcXY6kig6Ga5zMBNfvUtIr236NhK/902TPjuXUwg9Gm3Tv5BmGdT2k7JGGmoJBXiQ==
7rEXxU1W8zdeYGN60teb2yK8tmQfwPFYiZas5gvFKm4gdUdms01Ks76lnC+FHIJeQKjml0V/CT1SQAUCXSwOKASM7fJyuTFqnrVuTasSa2Eyd0uh/Qvfu5aclwOZu1c0sQP7Wb1g+1EeDfPZHhG1j4GrnAHukIhXkQ==
ixWCFR8M2nmMRIKuFuy+Wa63gC0Uh/P1U0AEo/pZnnLu7Pgbx1Hp4gx4mZf1FG0MPZTbG2agF4B1tLzkUfSlfAZg4eMHlJ237wbXhIljrX/Go1e8
qmtxLCXNVxqpD3gmxHQj8GtWay7Q/XMuWYB2FHrJy7VkhycjeYLzIQqHg8Fl2yS0+tYP49HLb/Qpk7J5RVCT0bb9y7lWgS3P+ZtUoXbAoFe5
HHlwH3gAYYHBwD7L28kdua62gC0Uh/P1U0AEo/tZnnLu7Pgbx1Hp4gx4mZf1FG0MPZTbG2agF4B1tLzkUfWlfAZg4eMHlJ237wbXhIljrX/Go1e8
9P0kNvTmdU2szJhf0zwPjGhWay7Q/XMuWYB2FHrJy7VkhycjeYLzIQqHg8Fl2yS0+tYP49HLb/Qpk7h8RV+T0bb9y7lWgS3P+ZtUoXbAoFe5
ka8qFl4lYjvWoxzogf7ipq62gC0Uh/P1U0AEo/hZnnLu7Pgbx1Hp4gx4mZf1FG0MPZTbG2agF4B1tLzkUf+gfAlg4eMHlJ237wbXhIljrX/Go1e8
RsWMnzCj0pTUr3YSsq7tHGLdDp6GODhHPzXZ7gSMuastUL2glQJVj8kV58y9gNwYSfmzEOE0oT9/cC07Z3J3ONGn/VPut1eg
6wE0YJx4xEsrzSGROAmLF2lWay7Q/XMuWYB2FHrJy7VkhycjeYLzIQqHg8Fl2yS0+tYP49HLb/Qpk71/RV+T0bb9y7lWgS3P+ZtUoXbAoFe5
97xpjs7M2JtGbo/iyrZtma62gC0Uh/P1U0AEo/lZnnLu7Pgbx1Hp4gx4mZf1FG0MPZTbG2agF4B1tLzkUfqjfAlg4eMHlJ237wbXhIljrX/Go1e8
HDy4RWUOGiLMGrY0wn61ja8LS4koaLHieRHwBWRDAAVHNLXYo9y7FSGVDlPla6smmbGAAxFpBw/u9DACbcvDz2XkQ7doMIeL+XFcaUkxxCXHn7NfBomU1KpXsw==
NorS8o5vsnxPNMmEevtmpILKJzMlI3V/0m83SDzJkhSLskURbkauLiZOA1zf7Yw6cBBRHxtpP0ADKgcRb/nzcusrftKQKQroicGU5KTxqLp74NEwPQ+XYDXUvASRnCXcyUDhw8c0Hdcv5tfkyYMt34aDV5w=
yeyVWFbI6CsUbT9hmc1WfodhdL0xUlq5JWjLoVgT/gsoJ352u1AbdWZhoh3zu3ggCAq/zRFm66FdUFycqdnco+iEu92tgq6exc3H+17x7jR/qu5UcS10MGxNGB7jbFFEVVPHJA34nBCZZdU4EYwhd2+ojVNXirewgb8d+56PV2g=
44UamtIre+WncpyChlZ6yIdhdL0xUlq5JWjLoVgT/gsoJ352u1AbdWZioh3zu3ggCAq/zRFm66FdUFycqdnco+iEu92tgq6exc3G+17x7jR/qu5UcS10MGxNGB7jbFFEVVPHJA34nBCZYdA4EIwhd2+ojVNXirewgb8d+56PV2g=
l+nOBn8TXaxGlThBLBDib4LKJzMlI3ckh3UgQybYvxS9p2pTPmKXSWkKi/cVbGy4sdXcVwBYaxkVLg4KTbG1nwa9rgBXtv5QicGU5KTxqLp74NEwPQ+XYDXUvASRmyDcyEDhw8c0Hdcv5tfkyYMt34aDV5w=
DGxiFfTsyp38JAOQvRcdzBENP5oi7H3d5tlQS8AolL3JZF3BgztXcBUkPHSxhGVMJXHh8yekXccPllcU6ZPtT+azV6w=
qVgeVgquzStHgpAFEhHsjyZV8RVYz//L+riNoQ698Od4nAQhQeDdTRuv58y9gNwYSfiwEOw1oT9/cC07Z3J3ONGn/VPut1eg
CTo1Ym4dzCS6omEKafZ394iDYBwzl5CvLh4Ygem5bSKkz0AsbVDvSfAwpojiSrPoaIdTvbCBKHOtU8uUzSvnjQkaVpHyNYeJivkJ752DaLF6yKRXvQ==
PF08SRSKBoSWlNQCvY7oja+oiXgU2PzxUV0M96SYJ7R2H3bSHtaq8FlJ0Nug2NSN6XRd0aMLF4B1tLzkUfqifARh4eMHlJ237wbXhIljrX/Go1e8
hZd4SJpU50lRq1cPEWm7TEpkJH2bwH6ZnVKJ9N5L+ELeDXPi+Y60jY2KhfikRwItPjhUz53VFfB2xh0w26YTExh4XDaNEFb7bX0O/ZaLEy/1ZPNX2XS3ZehxTEm5cbSFNx8j/9ZJxLSaV4M=
5OISgV7MW3uS3+dXRfc5UvHw1ntAyPfjF0AHo+nYYf5yH3bSHtaq8FlJ0Nug2NSN6XRd0aMLF4B1tLzkUfmgfAdh4eMHlJ237wbXhIljrX/Go1e8
Oiu76tuNiPnOI0YXwtslul/jcjLinL8TYiGi8axYGAe5xRHoqoZBqF82d9vUWFA+aSASQ5H9ckVSu3cn+US/HznlM/00sRBRvWGQzfv/r3dyuYDMple/
+6zhVlA0Krom8EXZ6Mq0aFMr+LwECPtBgvWI6vTuy084AG/i+bOgN2FkEVqqUzYmNsq69CFlMI/oJGTpcfjdZUtXR0RN2JzwWcBUWF+tIZevCA0zF6q3UEEfnZver1eI
Clg5JKXpBLfXg99YGFC2OfHw1ntAyPfjF0AHo+nYYf5yH3bSHtaq8FlJ0Nug2NSN6XRd0aMLF4B1tLzkUfukfAdh4eMHlJ237wbXhIljrX/Go1e8
qn36dbVBSVFE1ljGuNRdUqwLS4koaLHieRHwBWRDAQVHNLXYo9y7FSGVDlPla6smmbGAAxFpBw/u9DACbcvDz2XkQ7doNoeE+HFcaUkxxCXHn7NfBomU1KpXsw==
l1GdmW2Hswq4Tz6MoOIIfa0LS4koaLHieRHwBWRDAgVHNLXYo9y7FSGVDlPla6smmbGAAxFpBw/u9DACbcvDz2XkQ7dtNoeE+HFcaUkxxCXHn7NfBomU1KpXsw==
sikeOfas+3jy2hxZheOYwq4LS4koaLHieRHwBWRDAwVHNLXYo9y7FSGVDlPla6smmbGAAxFpBw/u9DACbcvDz2XkQ7dhNoeE+HFcaUkxxCXHn7NfBomU1KpXsw==
IJBBEXcP4RU0AdqFNRTTZa7VmXpZ3PHkREABo+nYYf5yH3bSHtaq8FlJ0Nuh2NSN6XRd0aMLF4B1tLzkUfykfAZh4eMHlJ237wbXhIljrX/Go1e8
P3MngeoEwO5T5cXO8sN0tLKI5OT57cxHDCzM7bl5bBuczPeIPtu2nsZi2izwLXB32UxE8WHw3V07f6ccHRBciOkg8MDAJaEvX6Bt68fi96hxd72DzqdXsA==
66FfuUqUkBYdIUBK4ItLZ2LjwVPJsv9DODgNNJdKEQsOesOrp790aH4rr90X5Jzmd2QZbqF2sujWs/+4tC8nPUQpdKNhK/902TPiuXU+gtGm3Tv5BmGdT2k7JGGmoJBXiQ==
896QlQa+b9nA+wqhQySDIK+M4gu5mTU/u5ajSnwGXcOrpSRvbRVl0GbGDVDrZqNyqPjMV93Qhtsdff7dxsvDz2XkQ7dpNIeC/XFfa0kyxCXHn7NfBoa11apXsw==
sSMny05f7qKaKkR123P1Hnees7Kjs5JhNpDPPIVkRmqBRQMcCjbC/uO/lVUaE1PtW6xYJjMs1Z4dDhYIcitjKDino73Aofgz/bNbFH3LVcw5/UOR4Rf3ynpZeW8NIzh+i6mUV40=
Q2rR9DSR/EkHqT81eVJCmu/K5BrplXYoqpa9SnwGXcOrpSRvbRVl0GbGDVDrZqNyqPjMV93Qhtsdff7dxsvDz2XkQ7dtNoeB/XFfa0kyxCXHn7NfBoa11apXsw==
NYKkpJDkfpdhs0MGxUvD9QEowIQiY0vNExywppvcnf4FPm7IqrvbyHD3S72ocTBTRSMDVIX7TS/xjesRiac/6mKpQS/Vs0DeQ/m8V6U=
5cV85zcwFD5KZM/E1+DhGxx1fypFZHkgTeLJrE4YJrWvq/Zab+KCNRY8IsSy9lxTwKWN+ry7PT4dH/+57ybRTgx63Xwt6rcOQU55RkbxK9yHumUBiqjTqVey
FT8jI6ufYcdZC8pbjhruOhfODks0+6Iqd9ess4umXo3Gzsj/XHZ0L7anuuyFM7dE/kaVwHPGS6LguARntfB+62V9Bu2+6yv/LSSL5wORHxBl8cf70dJsdY9fey8uZo2lkleL
ph1G0tIOxITxl8zfKsftD2eG22KXvFydxaVHy77kOxfSOHifx52JDXxZCkjK1Pv/4nw3uF7rtq6mUhqckJ3wx7n8hMEBwN1tW09nrH2g3DiJkDPwrRChHD2QrlunUncYEcdykq+XV4A=
DqYyICAo/DRDjp0XPYvE/hENP5oi7H3d5tlQS8IolL3JZF3BgztXcBUkPHSxiGFMJHTh8CWkXscPllcU6ZPibuezV6w=
raKsRwjlyKGqeSmLnubYRiZV8RVYz//L+riNoQ698Od6nAQhQeDdTRuv58y9gNwYSf6xEOwwoTx9cC47Z3J3ONGn8nLvt1eg
bg4MPpjlkii7ob6E258N3EhFSyFc8NGtY2kk0dnSdzgWa51x3D5mAhXH2v+gCRaWDDelsp2TZzVfSknibNYFEZom6EKBAiGKdp3z8OeWfW26pMulV74=
zo3k3bDIQee++RDUUoAFRYn+cB5+k526OwMV1aT5KmjrxkYpK03pFc0drIjiSLPoaIdTvbCBKHOtU8uUzSvljQkXU5HxN4eKivkJ752DaL5byaRXvQ==
G7zeicnHJ/KTMYVLY9OEMuLtp8vM2q/NTHCZ3o2Zlh+HiFozOjZK5ZzM3FUgYR4IN/6JmJOvjoJIqflib+IBqFt7EGPSYDQ1mUxd6dOz9zgFDHzcIcNERHncYVh1rH6Pnz4XPPnbQua3m1eE
4JHtkTNgj9Dqnufkxuzhr7KHuOa35tpySjvK+LFiKUzbw76GcNW5lsdukUyDJ3B32kxE8WHw3V07f6ccHRBciOkh9cDBIKEsXaBu68fi96hxd7Kiz6dXsA==
+TENmrym4y4rqDc0H6aDieLtp8vM2q/NTHCZ3o2Zlh+EiFozOjZK5ZzM3FUgYR4IN/6JmJOvjoJIqflib+IBqFt7EGPSYDQ1mUxd6dOz9zgFDHzcIcdBRHjcYVh1rH6Pnz4XPPnbQua3m1eE
XcAZY6Z5m5mnsXopfUAlmLOHuOa35tpySjvK+LFiKUzbw76GcNW5lsdukUyDJ3B32kxE8WHw3V07f6ccHRBciOkr8sDAIKEsXaBu68fi96hxd7Kiz6dXsA==
EQxlmhz+2sbZ3b1+6EnE0+Ltp8vM2q/NTHCZ3o2Zlh+EiFozOjZK5ZzM3FUgYR4IN/6JmJOvjoJIqflib+IBqFt7EGPSYDQ1mUxd6dOz9zgFDHzcIcJCRHjcYVh1rH6Pnz4XPPnbQua3m1eE
TPfn0wPNy+KzXG2sk1Y7cNamLx0qg5aofR4egem5bCLvxkYpK03pFc0drIjiSLPoaIdTvbCBKHOtU8uUzSvvjgkWU5HxN4eKivkJ752DaL5byaRXvQ==
i5rnG5RSSc33lPFMvuwlxLKHuOa35tpySjvK+LFiKUzbw76GcNW5lsdukUyDJ3B32kxE8WHw3V07f6ccHRBciOkq88DAIKEsXaBu68fi96hxd7Kiz6dXsA==
4HUHKCUmh9h/sBk6aGjYJLOHuOa35tpySjvK+LFiKUzbw76GcNW5lsdukUyDJ3B32kxE8WHw3V07f6ccHRBciOkg88DAIKEsXaBu68fi96hxd7Kiz6dXsA==
xVSmM/ROiniYlAsCuA8uiOLtp8vM2q/NTHCZ3o2Zlh+HiFozOjZK5ZzM3FUgYR4IN/6JmJOvjoJIqflib+IBqFt7EGPSYDQ1mUxd6dOz9zgFDHzcIcZERHjcYVh1rH6Pnz4XPPnbQua3m1eE
lgJg5ngoobNNZtRiRFaH1NamLx0qg5aofR4egem5bCLvxkYpK03pFc0drIjiSLPoaIdTvbCBKHOtU8uUzSviiAkWU5HxN4eKivkJ752DaL5byaRXvQ==
owPyTqxNwqM8BvT9EbqqHLKHuOa35tpySjvK+LFiKUzbw76GcNW5lsdukUyDJ3B32kxE8WHw3V07f6ccHRBciOkg9MDAIKEsXaBu68fi96hxd7Kiz6dXsA==
L55jiI083rFXvlcdW5WaPeLtp8vM2q/NTHCZ3o2Zlh+EiFozOjZK5ZzM3FUgYR4IN/6JmJOvjoJIqflib+IBqFt7EGPSYDQ1mUxd6dOz9zgFDHzcIcRFRHjcYVh1rH6Pnz4XPPnbQua3m1eE
lgjdfBuxmwW+QogP20x2/NamLx0qg5aofR4egem5bCLvxkYpK03pFc0drIjiSLPoaIdTvbCBKHOtU8uUzSvliQkWU5HxN4eKivkJ752DaL5byaRXvQ==
9/zOCdE76h/ouIUtYVvvHxENP5oi7H3d5tlQS8MolL3JZF3BgztXcBUkPHSxjWBMIHbh8CWkXscPllcU6ZPibuezV6w=
Fd6mXVRY3z6fOyaAwrWEOCZV8RVYz//L+riNoQ698Od7nAQhQeDdTRuv58y9gNwYSfuwEOgyoTx9cC47Z3J3ONGn8nLvt1eg
c+YwFqN0HnPQCLxNVUlPk4uDYBwzl5CvLh4Ygem5bSKkz0AsbVDvSfAwpojiSbPoaIdTvbCBKHOtU8uUzSvmjQkeUZHxN4eKivkJ752DaL5byaRXvQ==
feyLXfgRvnOj3QUEkbXUu7KI5OT57cxnDCzM7bl5bBuczPeIPtu2nsZi2izyLXB320xE8WHw3V07f6ccHRBciOkh8sDIIqEsXaBu68fi96hxd7Kiz6dXsA==
eg1vX8JBedwUAx3Vi3jAYmLjwVPKsv9DODgNNJdKEQsOesOrp790aH4rr90X5Jzmd2QZbqF0sujWsf+4tC8nPUQpdKNhK/902TPjuHU2hdGl3zv6BmGdT2k7JG6HoZBXiQ==
oCEjmNtfAuI/d1mrzk2OXvHw1ntAyPfjF0AHo+nYYf5yH3bSHtaq8FpJ0Nuj2NSN6XRd0aMLF4B1tLzkUfilfABm4eAFlJ637wbXhIljol7Ho1e8
npzurJTzet+SFHrhCyuMMa6M4gu5mTU/u5ajSnwGXcOrpSRvbRVl0GbGDVDrZqNwqPjMVd3Qhtsdff7dxsvDz2XkQ7dsNYeB/3Ffa0kyxCXHn7NfBoa11apXsw==
I9eRPuadoIHppvUY95qEpN7YbAHi8GVf3UHaFvTOGgOuXgdCXMnwn7IkRVwNQd2m2RT+idYAWvhCyiZvIJn3RkwHRYKdo4cFH5qpcuxGpUTb1s4wgfIB+rZNU2BnBh09epSrlVeO
VW9yZAh2X/wpaJUhFGsJp3eesLKjs5JhNpDPPIVkRmqBRQMcCjbC/uO/lVUaE1PtW6xYJjMs1Z4dDBYIciljKDino73Aofgz/bNbFH3LX885/EGR4Rf3ynpZeW8NIzh+i6mUV40=
a/7jQdUO8KQyZrbiR3386O/K5BrplXYoqpa9SnwGXcOrpSRvbRVl0GbGDVDrZqNwqPjMVd3Qhtsdff7dxsvDz2XkQ7dgMIeA/3Ffa0kyxCXHn7NfBoa11apXsw==
I54KHhzwtxh0u/qBpLKZEcsOgGdRj31JpLIpGj+I49uTV1gIUsP7jcM8wKarvE0+ddzeSDoZiwhAl1u9uJEAE5WDk9Q1m7lsoWvZEXmHbyrSCbGvRVMQnrPZrFe1
31k4FAwYbwu9t0PRZ9fzNBfNDks0+6Iqd9ess4umXo3GzMj/XHZ0L7anuuyFM7dE/kaVwHPGS6DguARltfB+62V9Bu2+6yv/LSSL5waVHxZn8cf70dJsdY9fey8uZo2lkleL
NMwz5YPjP0YjhMIfntc7WWeG2GKXvFydxaVHy77kOxfSOHifx52JDXxZCkjK1Pv/4nw3uF7rtq6mUhqckp3wx7v8hMEBwN1tW09nrH2g3DiJnTTwrBKhHD2QrlunUncYEcdykq+XV4A=
KB52s9JdhPueNJoRl4fD5K6oiXgU2PzxUV0M96SYJ7R2H3bSHtaq8FpJ0Nuj2NSN6XRd0aMLF4B1tLzkUf+kfAdm4eAFlJ637wbXhIljol7Ho1e8
MZF/GgDz2dUPrbuyIFPhkUpkJH2bwH6ZnVKJ9N5L+ELdDXPi+Y60jY2KhfikRwItPjhUz53VFfB2xh0w26YTEBh4XDWNEFb7bX0O/ZaLEy/1ZPNX2XW3ZO9xT0u5crSFNx8j/9ZG5bWaV4M=
Gr1UmxRJCTgst9vOG8N4h/Hw1ntAyPfjF0AHo+nYYf5yH3bSHtaq8FpJ0Nuj2NSN6XRd0aMLF4B1tLzkUfmhfAZm4eAFlJ637wbXhIljol7Ho1e8
ynufYUuqtIqnOYkQUXRFAF/jcjLinL8TYiGi8axYGAe5xRHoqoZBqF82d9jUWFA9aSASQ5H9ckVSu3cn+US/Hz3mM/wzsRNTvWKQzfv/r3dytqHNple/
YjRpvFc/wOkitPzlt8SxxlMr+LwECPtBgveI6vTuy084AG/i+bOgN2FkEVqqUzYmNsq69CJlMI/rJGTpcfjdZUtXR0RN2JzwWcRUWF6qIZStCA4zF6q3UEEfkrrfr1eI
ZvMtTzRZeqARtxkdbWmCEPHw1ntAyPfjF0AHo+nYYf5yH3bSHtaq8FpJ0Nuj2NSN6XRd0aMLF4B1tLzkUfWkfAZm4eAFlJ637wbXhIljol7Ho1e8
/bScYFbKTxUuJyLSTWsSs4dhdL0xUlq5JWjLoVgT/gsoJ352u1AbdWZioh3zu3ggCAq/zRFm66FdUFycqdnco+iEu92tgq6exc3G+17x7jR/qu5UcS10MGxJEQnkbFFEVVPHJA34nBCZY9I4GIshdG2ojlNXirewgb8S2p+PV2g=
HLTI77M0aQApJAs4ewt9Q4LKJzMlI3V/0m83SDzJkhSLskURbkauLiZPA1zf7Yw6cBBRHxtpP0ADKgcRb/nzcusrftKQKQroicGU5KT1oa184NEwPQ+XYDXUvASRnyLcwEfhwMU0Htcv5tfkyYMi/oeDV5w=
fsvTAfjWAGb7EixRXPxThGPdDp6GODhHPzXZ7gSMuastUL2glQJVj8kV58y9gNwYSfuyEOgzoTx9cC47Z3J3ONGn8nLvt1eg
INT9LGXAaE6ZRfRefgTYI4dhdL0xUlq5JWjLoVgT/gsoJ352u1AbdWZjoh3zu3ggCAq/zRFm66FdUFycqdnco+iEu92tgq6exc3F+17x7jR/qu5UcS10MGxJEQnkbFFEVVPHJA34nBCZY9I4GIshdG2ojlNXirewgb8S2p+PV2g=
Hog+smPMZtjhvJI7lpNvOGDdDp6GODhHPzXZ7gSMuastUL2glQJVj8kV58y9gNwYSfuyEOgzoTx9cC47Z3J3ONGn8nLvt1eg
Kiy/dQVEDsC0wCUiaHRO9YLKJzMlI3ckh3UgQybYvxS9p2pTPmKXSWkKi/cVbGy4sdXcVwBYaxkVLg4KTbG0nwa9rgBXtv5QicGU5KT1oa184NEwPQ+XYDXUvASRmCLcwEfhwMU0Htcv5tfkyYMi/oeDV5w=
xZ199QBlIUwScROJQ5dEpWHdDp6GODhHPzXZ7gSMuastUL2glQJVj8kV58y9gNwYSfyyEOgzoTx9cC47Z3J3ONGn8nLvt1eg
PMhDld6NTC4d0PHyS+AHGG5Way7Q/XMuWYB2FHrJy7VkhycjeYLzIQqHg8Fl2yS0+tYP49HLb/Qpk7t/RVaU0bX/y7pWgS3P+ZtUrlfBoFe5
1L8MfPd4GJSH5IyPfSbXwq62gC0Uh/P1U0AEo/5ZnnLu7Pgbx1Hp4gx4mZf1FG0MPZTbG2agF4B1tLzkUfyjfABn4eAFlJ637wbXhIljol7Ho1e8
aPrjyJ9LNTXfO+0og0joJ29Way7Q/XMuWYB2FHrJy7VkhycjeYLzIQqHg8Fl2yS0+tYP49HLb/Qpk7l/RVaU0bX/y7pWgS3P+ZtUrlfBoFe5
1aveOL3lH1lrtdkuxGQ8r662gC0Uh/P1U0AEo/9ZnnLu7Pgbx1Hp4gx4mZf1FG0MPZTbG2agF4B1tLzkUf6jfABn4eAFlJ637wbXhIljol7Ho1e8
sF+XbRiZso+SHr5RYVXYHWxWay7Q/XMuWYB2FHrJy7VkhycjeYLzIQqHg8Fl2yS0+tYP49HLb/Qpk79/RVaU0bX/y7pWgS3P+ZtUrlfBoFe5
fezBzyysvcahz8PjEKi+K662gC0Uh/P1U0AEo/xZnnLu7Pgbx1Hp4gx4mZf1FG0MPZTbG2agF4B1tLzkUfijfABn4eAFlJ637wbXhIljol7Ho1e8
iWwRjZ1Iy/Kr1ojcOqCHNK4LS4koaLHieRHwBWRDBwVHNLXYo9y7FSGVDlPla6smmbGAAxFpBw/u9DACbcvDz2XkQ7dpMIeC/nFfa0kyxCXHn7NfBoa11apXsw==
HoR+fRc9WmK3FfVUG6mZs60LS4koaLHieRHwBWRDBgVHNLXYo9y7FSGVDlPla6smmbGAAxFpBw/u9DACbcvDz2XkQ7dsMIeC/nFfa0kyxCXHn7NfBoa11apXsw==
3K4Vy/vFdyYbqkIEz10yd6wLS4koaLHieRHwBWRDBQVHNLXYo9y7FSGVDlPla6smmbGAAxFpBw/u9DACbcvDz2XkQ7dvMIeC/nFfa0kyxCXHn7NfBoa11apXsw==
YOyiZj2YrDj5dQ23MPFoz4LKJzMlI3V/0m83SDzJkhSLskURbkauLiZPA1zf7Yw6cBBRHxtpP0ADKgcRb/nzcusrftKQKQroicGU5KTxqLp74NEwPQ+XYDXUvASRnCTcw0fhwMU0Htcv5tfkyYMi/oeDV5w=
9NmmEVbknDiqh4nANO4FPodhdL0xUlq5JWjLoVgT/gsoJ352u1AbdWZioh3zu3ggCAq/zRFm66FdUFycqdnco+iEu92tgq6exc3G+17x7jR/qu5UcS10MGxNGB7jbFFEVVPHJA34nBCZZdQ4G4shdG2ojlNXirewgb8S2p+PV2g=
HOzn0qimWENiTP3pW4Mwa4dhdL0xUlq5JWjLoVgT/gsoJ352u1AbdWZjoh3zu3ggCAq/zRFm66FdUFycqdnco+iEu92tgq6exc3F+17x7jR/qu5UcS10MGxNGB7jbFFEVVPHJA34nBCZYtU4G4shdG2ojlNXirewgb8S2p+PV2g=
How2NP7iFnagl8Zp9k7XHYLKJzMlI3ckh3UgQybYvxS9p2pTPmKXSWkKi/cVbGy4sdXcVwBYaxkVLg4KTbG0nwa9rgBXtv5QicGU5KTxqLp74NEwPQ+XYDXUvASRmiXcw0fhwMU0Htcv5tfkyYMi/oeDV5w=
D1JklA0ET0poDRyuwjAwGRENP5oi7H3d5tlQS8EolL3JZF3BgztXcBUkPHSxhWNMInfh8CWkXscPllcU6ZPibuezV6w=
cWRw3qxDVhbNE0Vb4aJPkSZV8RVYz//L+riNoQ698Od5nAQhQeDdTRuv58y9gNwYSfm0EOozoTx9cC47Z3J3ONGn8nLvt1eg
lgo5b0nHHIrQBEafCDV83rKHuOa35tpySjvK+LFiKUzbwr7NedO80NpozXGuLXB32UxE8WHw3V07f6ccHRBciOkv8MDMI6EsXaBu68fi96hxd7Kiz6dXsA==
lhPugKW7O5pI3NS+oGjp/E4lKhXshMDFx7AyUVmcyqeRdSe6+zEU9Ibf79eenYWivFp/NgMXOTkP6lb7OgyX5J3BEvT8mPiv8YDac+n9inUaG++3UQSX7w2Fey6qMYuDdULo/RM/x+fqVum9nleH
MviE9bjE3v8N5qcLjDNL1Ozf5+Xj9tFgDCbBrPwibwbfwr7NedO80NpozXGuLXB32UxE8WHw3V07f6ccHRBciOkp8sDMI6EsXaBu68fi96hxd7Kiz6dXsA==
3JPWP+F1UQunitN2ok373K2M4gu5mTUsqIu1Hn4KE473t21hIxpqk27MQ0zhcf4sqPjMV93Qhtsdff7dxsvDz2XkQ7dgNoeG/nFfa0kyxCXHn7NfBoa11apXsw==
IRLeBArSN/efQbFUbBNVR9rgA1IV6zfpVtsLJqmJKsmb1pkZIh024LT2j5pHRi6h0Sd8rOKM/X2mOVArAYgUXYlEXeHD29fQ1UQ8lPEu5CzkV+HQ5cTeZ092V3QpM2KOp5NXjA==
F6MG6Fnp8qWJCwpRtqksx+zf5+Xj9tFgDCbBrPwibwbfwr7NedO80NpozXGuLXB32UxE8WHw3V07f6ccHRBciOku9MDMI6EsXaBu68fi96hxd7Kiz6dXsA==
gXXsYJf27O1ovZyshF3CpGC7KpEV7cMgpYk5JKyLsRZyGg+Wk5eJWV8qptsqDIcErYFCVAwYaM9BQApTmf16VUpbX1fBhOdP3UFLTroxm6MFAjgdo79XRxqWud2uV7c=
lmfzzHZJKbR+nVQQcE6kMnGGrqyjp5hjNICXc59jQnaMVRFZWGDe8q3yyUdTHR3iVO9QLH0w34lAUBYIcitjKDino73Aofgz/bNbFH3LUsg5+ECR4Rf3ynpZeW8NIzh+i6mUV40=
wxKOD3dT4TWh+Gm8H0rrsGC0dpNb5tUG8IMpZaacugxpBw+Wk5eJWV8qptsqDIcErYFCVAwYaM9BQApTmf16VUpbX1fBhOdP0EFLTLoxm6MFAjgdo79XRxqWud2uV7c=
pGHbXfEtJxd6Cl0N+kwZktHSwajAZn3u7IU47Dms/N2ZTCBRmAkQHAxgz9/Z2tWnb3VJMqDXHGyxyGvZFPjqqO5D19isPy89TDlsQ0lbx7QBY4AejY4MUS0vg5qusUUPEQvMTp+xmFeB
J4X4wgaSNUzJHtTDWHNdOSDycIIL6pYR4YM3ZaacugxpBw+Wk5eJWV8qptsqDIcErYFCVAwYaM9BQApTmf16VUpbX1fBhOdP1EdLQroxm6MFAjgdo79XRxqWud2uV7c=
ILhwD76EBDmXsgCIqmg2cy6Xiq5BSr3nh0UxEmiHhOwpmCM5LIjCaEbTT3jkD9c9NAmk49HLb/Qpk754RV6U0bX/y7pWgS3P+ZtUrlfBoFe5
7IYDibM/YRwBq1ezGzdayih1w9QukExnVGxialD71fsBFAsYmZqHgHbzDflctvaa9X+qN2BBJW4sL7W6nZt3LX+yeaqsHnWtfb50yQGKsRIWJQO4p15NFZq8261Xtg==
QbAzZ5qaLbMaGmsjs9K1Jy0MpS7TDEAPGA+Iawn5TpTtu1LQhoyD4BQlARUbkYvtp4rOS7KMH5QFYfokRNignxlg4mPh/YJlInuHh4nEL79pJuPbJbEDM+2iQK1rfx8XwnaRrZZXjw==
YE8320DLyM4jyi+STvpcduPto9DP2qrKTH6cxY+Xlx+GhlszOipI69+f3FMxag0IN/6JmJOujslBr/wkcuRdlXZxEGPRYDQ1mUxd6dOz9zgFDHzcIcRFRHHYYVh1rH6Pnz4XPPnbQua3m1eE
+aM+rW9xMPZdvk0/rhcSgBENP5oi7H3d5tlQS8MolL3JZF3BgztXcBUkPHSximFMIHDh8CWkXscPllcU6ZPibuezV6w=
ODY4ypin1uiBJxKiObzXByZV8RVYz//L+riNoQ698Od7nAQhQeDdTRuv58y9gNwYSfGxEOg0oTx9cC47Z3J3ONGn8nLvt1eg
exyHRz033EE5u8jiyPsrtIuDYBwzl5CvLh4Ygem5bSKkz0AsbVDvSfAwpojiSbPoaIdTvbCBKHOtU8uUzSvijgkeV5HxN4eKivkJ752DaL5byaRXvQ==
ixii1GJQ3RNxy7ibpkijUK6oiXgU2PzxUV0M96SYJ7R2H3bSHtaq8FpJ0Nuj2NSN6XRd0aMLF4B1tLzkUfyhfANg4eAFlJ637wbXhIljol7Ho1e8
jBVZ6tniLwpLp20m8HKV9UpkJH2bwH6ZnVKJ9N5L+ELdDXPi+Y60jY2KhfikRwItPjhUz53VFfB2xh0w26YTEBh4XDWNEFb7bX0O/ZaLEy/1ZPNX2XC3YelxT0u5crSFNx8j/9ZG5bWaV4M=
90T/FseTP8FHxTjr9yjq6vHw1ntAyPfjF0AHo+nYYf5yH3bSHtaq8FpJ0Nuj2NSN6XRd0aMLF4B1tLzkUf+kfANg4eAFlJ637wbXhIljol7Ho1e8
B6e5hzqjlUaR6PptrZxuVF/jcjLinL8TYiGi8axYGAe5xRHoqoZBqF82d9jUWFA9aSASQ5H9ckVSu3cn+US/HzTgM/k1sRNTvWKQzfv/r3dytqHNple/
hG1kM1ZkxmjaFwtPjcOngVMr+LwECPtBgveI6vTuy084AG/i+bOgN2FkEVqqUzYmNsq69CJlMI/rJGTpcfjdZUtXR0RN2JzwWcdRWFqsIZStCA4zF6q3UEEfkrrfr1eI
tgBLxo5aWQFGyM5SAjLZWfHw1ntAyPfjF0AHo+nYYf5yH3bSHtaq8FpJ0Nuj2NSN6XRd0aMLF4B1tLzkUfyifAJg4eAFlJ637wbXhIljol7Ho1e8
Dt2T8mw4E4/1IMUMDCMVZAEowIQiY0vNExywppvcnf4FPG7IqrnbyHD3S72ocTBTRSMDVIX7Sy7xjO8Riac/6mKpQS/Vs0DeQ/m8V6U=
tg13yjZO9AMR/ndA7iZ1srKI5OT57cxnDCzM7bl5bBuczPeIPtu2nsZi2izyLXB320xE8WHw3V07f6ccHRBciOkv88DKJKEsXaBu68fi96hxd7Kiz6dXsA==
4RR0lnWnokAg85Yg+6o/eWLjwVPKsv9DODgNNJdKEQsOesOrpL90aH4rr90X5Jzmd2QZbqF0sujWsf+4tC8nPUQpdKNhK/902TPquXU0g9Gl3zv6BmGdT2k7JG6HoZBXiQ==
z+wT8+TBKhoSm40cXqSPEmLjwVPKsv9DODgNNJdKEQsOesOrp790aH4rr90X5Jzmd2QZbqF0sujWsf+4tC8nPUQpdKNhK/902TPsuXU0g9Gl3zv6BmGdT2k7JG6HoZBXiQ==
EI5LA6mxi0G9VcuL1RB9r/Hw1ntAyPfjF0AHo+nYYf5yH3bSHtaq8FpJ0Nuj2NSN6XRd0aMLF4B1tLzkUfygfAVg4eAFlJ637wbXhIljol7Ho1e8
F5hP8uYM4v69iheO/O4wjK6M4gu5mTU/u5ajSnwGXcOrpSRvbRVl0GbGDVDrZqNwqPjMVd3Qhtsdff7dxsvDz2XkQ7dpNYeH+XFfa0kyxCXHn7NfBoa11apXsw==
Kdlt61ufBXbJt672xRiZBHeesLKjs5JhNpDPPIVkRmqBRQMcCjbC/uO/lVUaE1PtW6xYJjMs1Z4dDBYIciljKDino73Aofgz/bNbFH3LUs45+0eR4Rf3ynpZeW8NIzh+i6mUV40=
KiSqXWBsML5e4AGwJWFobe/K5BrplXYoqpa9SnwGXcOrpSRvbRVl0GbGDVDrZqNwqPjMVd3Qhtsdff7dxsvDz2XkQ7dsN4eH+XFfa0kyxCXHn7NfBoa11apXsw==
l98FqHxwAbKj/a+xOImOhssOgGdRj31JpLIpGj+I49uTV1gIUsP7jcM8wKarvE0+ddzeSDoZiwhAl1u9uJEAE5WDk9Q1m79poWvfEXmHbyrSCbGvRVMQnrPZrFe1
KAA3hOHo0iFK0FBCjJ9ZMBfNDks0+6Iqd9ess4umXo3GzMj/XHZ0L7anuuyFM7dE/kaVwHPGS6DguARltfB+62V9Bu2+6yv/LSSL5weWHxZh8cf70dJsdY9fey8uZo2lkleL
tqU6bjkzB+Fxwm8lsH5pEWeG2GKXvFydxaVHy77kOxfSOHifx52JDXxZCkjK1Pv/4nw3uF7rtq6mUhqckp3wx7v8hMEBwN1tW09nrH2g3DiJkDTwrBShHD2QrlunUncYEcdykq+XV4A=
B7LdCVGYU51RGE5GUr21exENP5oi7H3d5tlQS8IolL3JZF3BgztXcBUkPHSxhWJMJ3Dh8CWkXscPllcU6ZPibuezV6w=
Y9jpZ86/b6x43sdRG4x2fCZV8RVYz//L+riNoQ698Od6nAQhQeDdTRuv58y9gNwYSfizEO80oTx9cC47Z3J3ONGn8nLvt1eg
y+KIpK/mFJdFvJfo2r835khFSyFc8NGtY2kk0dnSdzgWa51x3D5mAhXH2v+gCRaWDDelsp2TZzVfSknibNYFG5sm60aBAiGKdp3z8OeWfW26pMulV74=
PIVbmX+QaOlS0w8g6bxOmIn+cB5+k526OwMV1aT5KmjrxkYpK03pFc0drIjiSLPoaIdTvbCBKHOtU8uUzSvviAkZV5HxN4eKivkJ752DaL5byaRXvQ==
RoNoiSwcVJHTF/n44nBLEOLtp8vM2q/NTHCZ3o2Zlh+HiFozOjZK5ZzM3FUgYR4IN/6JmJOvjoJIqflib+IBqFt7EGPSYDQ1mUxd6dOz9zgFDHzcIcZARHbYYVh1rH6Pnz4XPPnbQua3m1eE
bG9itTbNOycJiaXmxAdxLtamLx0qg5aofR4egem5bCLvxkYpK03pFc0drIjiSLPoaIdTvbCBKHOtU8uUzSvvjAkYV5HxN4eKivkJ752DaL5byaRXvQ==
W/mhQvXoHVffk4LMyu8lLLKHuOa35tpySjvK+LFiKUzbw76GcNW5lsdukUyDJ3B32kxE8WHw3V07f6ccHRBciOks8cDOJKEsXaBu68fi96hxd7Kiz6dXsA==
61Dg/zZLRVLC4f/IdL5+peLtp8vM2q/NTHCZ3o2Zlh+EiFozOjZK5ZzM3FUgYR4IN/6JmJOvjoJIqflib+IBqFt7EGPSYDQ1mUxd6dOz9zgFDHzcIcRCRHbYYVh1rH6Pnz4XPPnbQua3m1eE
7ZbtbdAQitx3CNIdqIyH6damLx0qg5aofR4egem5bCLvxkYpK03pFc0drIjiSLPoaIdTvbCBKHOtU8uUzSvljgkYV5HxN4eKivkJ752DaL5byaRXvQ==
TGUJdTTnQuy2BNZvorlztANb46QZaifQtsNt6VymFqq1rwpH4PFFvuxflaqdi1ddv2IZGixu1XI8jpXeAZrRItZ1o0gn7q1F2kz7vVem
2zOHHCXD+KLJdVAsQnVpXW0EnqYvsmIlFixCFHKGvuNAVS9KfOsdLh0P3+kvlnG+jMo9Bu063RpBXpkWBgFLbAfKxbHKePO5V6I=
zHYpuxvJiFvJSQBkZ0iM1B5grpYkA+yuEch1dyRleNA4eHz1LZC2Ow197r32C7Nv1WTTFzDw16oJcW+LGfIURVcfw7+2xkX1ulej
sowqAlolLpVXYXqZ+rGfTuk4tYKIB+rnBGiim2XwXUNGPMBg7RBAEzyMVzT3vqqaKMF2ZsyxGUsOlxyigVFsAVNlH3SW8pzo6FDOGXfR/hsh0GApKX10CUEKo2ATYmF2/xI5yqw+tUv9HjuvAWpxspZFQ5invo21GtybjVeW
HAsQh4kDFq2cIOeD0I6IuRGk/2LKYIdExGG2KHOj4Csj40cWH0CZy5866VLsJmWjXXYLV4ESQVo2LROAZybdnfp067VXrg==
BUNUDhRiRsp/xteCAb+4y0ZbeYgQV9vKOTavRUNzg8MR2/+XoYTHDzTB643cMbvj5YKY3cO/dwf6FhkdzlfX
ntW2XGBd1lKHi/Zu3gEtuFeX1X9hi81T5ufTYrTktwjlXPwMQfWFNNcJYYjV3L6//+6XbBnrAhYXy1fU
OcD4tmS14oZIGjHXN/wP7uk4tYKIB+rnBGiim2XwXUNGPMBg7RBAEzyMVzT3vqqaKMF2ZsyxGUsOlxyigVFsAVNlH3SW8pzo6FDOGXfR/hsh0GApKX10CUEKo2ATYmF2/xI5yqw+tU39HjuvAWpxspZFQ5invo21GtybjVeW
nEfHAp2111Ipveng5D0sokZbeYgQV9vKOTavRUNzg8MR2/+XoYTHDzLB643cMbvj5YKY3cO/dwf6FhkdzlfX
cp06D1NcU9K4gfj00tEoU1eX1X9hi81T5ufTYrTktwjlXPwMQfOFNNcJYYjV3L6//+6XbBnrAhYXy1fU
yc9W2j1J0Je/NwZj4hrbOxGk/2LKYIdExGG2KHOj4Csj40cWH0CZy5866VLsJmWlXXYLV4ESQVo2LROAZybdnfp067VXrg==
RBGcrWUFLuBTxIW6O+HJc38o1X2nNGGko29VgCnCUczEzr8g2odhbkCfeA23E7xjQIzDCXuCAoNzK4vKcio+GoxDdhf+8eWe7Z4VrgW5icOVhhdRNRczzUjLWCpvM0EQ1T7CADWkUt0aW8rpVzYsZKxYSY5L3Ej4WHh6b14yaa1K+m1tgv8AfWYvkN3YxM8tqexE7NatIyezaZ39JGoHJsUYlIK/7O5CNC5eMIJvH/mZHBVD2x214zEOni8iHv/AHJX95Nvr7bd4E3M+gB4YJCtxdvii4hMepJcsyi0WWimkI9eAoyAJ7QLIEF3Ie2LzA//I9m6gt0+aD3MSxhKRAhsEOux3iEnY5DdbXugCgrpIatUVr94L/sJXGyajTiko/XOGY6iI0klwdPFk+I7vxNCuLg1ffOkpXsK/+z4H6JW5oKgQXUmESZIimcj9ibl1fbejjMALgPeKeXPAjKiDhbVItzB+YgVz0ydSoFdPi9OMIWxqndYiJAOP41AErSvplPT3DS0r+ZGNYFhySftUfwChB9QtqBygeXeVSL9dIUQNOE6jd9o3AGGvUqo/X1dY
ZgzX32qeNeqfLdHl9KZ8ztxu7I6qxvS7eQMNXTALs5SeE/8mXpOdoNBTpMIVb+9hitp1dayewK4yZ7xevB5O5niYKi0CR3Mw2Ya4Dwvn3VGVOFo01Zz/GsHyBz1dQVUEXLA5EI+9mUWLfKUgksSo3xt9vKz114SWLhjrhCkH/zlZvaL8309a0OiP+8nOdXVO1kagW5WyfSm1g5nlCQj/mReGl+rfJAoLW/zPb4KX1atFk2vPp+meyAEw/vgFlFmZKAjsl41Icsx3J3sjPdo9430bVSoX+RS24y8HvvcuDLePvfHGuCyT0WD7L4jyosNaNw8gfSrrv4teMPE/OGCSMUC8Ufyopu/8oCbO1U8UKdHuip/j7q9oLUmoyEjNocQxouo5UK2huU0NP0NU0GNADzoxU9hcAAM9RUDXaO6KRQvj7/I4B2eL6/ypjLKNvuLcs8fDSNQFq1Fk/JdVvcO56b2o+OoZ01RHcCnnDD3A3FjJP7VQb/Wh/P0wLvvnMnd4UWfyMm93V2A=
/WBgXDa+bQK4KYPNOnHy8/Lqhiv/OAaODdeOVqyxMwSX/lEl7CQBx3N2Z5KqTCArXRueSKV/rDy6FFhfaQyagBdIiW2WgbOl/V8y9b9Ffzf13Yd92B5n0l0aLoqdW31ihK9nO3mInDvHgAIyE0rDb95AiYm382trCDygfuEPt/w+SwLy84AEBcZnIhiYyTHXfIX4OJpdXjYCoOciurXWFqklo1j73T/O6V5HSp3DAtlxQa1DEUylgmqrf+vRMTA6PYUsKNVLc8i4p6ADgu8KYlRkQ9HddCc0xg5lRxv7YsRPw4tHpF08rmX6glCLkxN0XOFrPXxI54kVxxklxTzoltH31GuoXdeQVQQ8VHHk5exnkeEQZQTep8+2VzSpc2LOJ9NXzA==
fv1YykwtsQCnDdFph/WqfX8/DkqNgJlhy4dZHZwc4f8DTqcq2vTAky2jHvDVx0yEyqyYZxk0erhncIlV5rlTnY1n8k3P/Z+PhWUHxaimh2otou6y7WOdWvSXZwMJsHwDt7jCimPyI9eu+Akxx0uL03iEYEaRN1fETnMCyoO45D22X+Kg6HHRbww9eIDq5b6OchgnGsqNNi7ZHaNgi+Xf9plmh/Lte+JhAfkt+2H0RToaE7/ToQnQAk29LBClc5PwyJ9gu/JX6tok3MNprczHjLa2pX9rw4L8P/uLf9Rl3JYVwkLo+yvzzCxZ64UM8AcxZX/ZHbUECK6hz9RT2GU3qCU8/OwBUABUFilhqBW8Ph+/DpcM2UuC9lfrV/Q=
ZtefAKWqsgxfHG77A7HHi3wBj4UvqywsFjpcFGXdrdQMGniNqC7YypPSC1IvlnG+jMo9Cug60htBXpkWBgFLbAfKxbHKePO5V6I=
8OzoDOGoZ48RFJL01nV8QUoYji5WjiXzzZOrlK3rQwypWHaREXdnCmq5Ke+9Q8g+OwnEV90=
7wmWDtDzP8I1Uu9wtVgUREZbeYgQV9vKOTavRUNzg8MR2/+XoYTHDzHE64zcMbvj5YKY3cO/dwf6FhkdzlfX
0aQgjnRokL8+DkPmicIDBVeX1X9hi81T5ufTYrTktwjlXPwMQfCANNYJYYjV3L6//+6XbBnrAhYXy1fU
uIatzR1qFQarNTYiVJkxFpeSluGwOiivq8wi7yWV89KnFjxXj0AfVwZv2cqNnJLvcj1Ae/zeHWbpymHZErfd5KEWEAxp+suzke3XQ0lbx7QBY4ccjYAKUS0vg5qusUUPEQvMTp+xmFeB
vdBZ9dMcFAyOcMugDwgh9QJ+pfhRQa4DnK/L6u7ol089Ai6g6q3nYycjVwngWjYwKMqtrzFSfMC847AstBxTuJ/sR0RN2JzwWcRQWF6tIZStCA4zF6q3UEEfkrrfr1eI
/5zNogAFTzTlzkkg3u5mT8DEzen6c5zV75NoGbNQElYXzbmEpipmI3fxs7XPk3zEllKMLAXFnbzMsggVCFYI4pP62yqPDgEWTKINEogCAnPBtsku5hl7hEdiNSlqgKORV4o=
8liCIlAYlNJI57xUJg/pOyN+3NI6shAlQ2xqahfxwbhWFh4fl83LiT+vBPhW7vSQ9XnlACwOcKn46nBeE0ajln+yeaqsHnWueL56zwGKsRIWJQO4p15NFZq8261Xtg==
+vKHgNaFplHC8mCS9JaJ9peSluGwOiivq8wi7yWV89K8FjxXj0AfVwZv2cqNnJLvcj1Ae/zeHWbpymHZErfd5KEWEAxp+suzke3XQ0lbx7QBY4ccjYAKUS0vg5qusUUPEQvMTp+xmFeB
m09tw8xQWOM6ghSCv23XqZYmR3lzynuSZWBhRovtQzGX6Fjhk0gCXhfFqZyG0lZrNzlDDa8L7EwW2hy05X3t9Ax6OG0oThjqk/LLMq92Md6M6n2qaJqS+0E+WbaGoYtMByoF0UqYs5lXgg==
C3VWU7hq7nLH0qTPwHTL5JGZkOiUPTy5jdwi6iax6dCxFjxXj0AfVwZv2cqNnJLvcj1Ae/zeHWbpymHZErfd5KEWEAxp+suzke3XQ0lbx7QBY4ccjYAKUS0vg5qusUUPEQvMTp+xmFeB
SIoje3J6AKeRk3w/K2DWsh0d+hwmaS/JjDenySkaoqNm3SNEuC6w1YM8CloXwaHolua+jxddKzl//yQIVp7UQDXJhZCsntDZuDqQbhN2Q0Y/wtk6LI4VHrhuWr8BepFCVpXjKCfO7eVa7LudV4Y=
OR5Fz2oRJxUXvfP0MMYmkfCPO1GgsSYOlxaeGfjGGgeuGRxSSsSz3bMrSEgNBJChyxi9zoUBWv5VgXBTbsynnbyG1GYKTUioH5qpcuxGpUbY1so3gfIB+rZNU2BnBh09epSrlVeO
bfjzPMhxgHg4up6ufLHnuiL+P5UX89MH8Zx0KqmKvQEyF07W24WFGhY3pdtlVcgYoYFUXjBWPZ2asIvCfWqUmudbX1fBhOdP0URLTLwxm6MFAjgdo79XRxqWud2uV7c=
