eQ345oMYpA/gotXFR/zlN3H21lr56XYXPYf5mSxPbDXHmNM7thYlQcCg99gAAwB41LGhb1DPJob62xODOfs3NJHDVNzdpx1RP01TWf7R1Y+ha3yBjtCoV7E=
GSqYc9NCeOwl6CEBabRnu8WEodoXBN+zLRI9aX9GojrGKks8IH5bGFKswpHqdKDEILAxAuRH9m5krRzEI0EE98txsRR4dmYAc8X5faP72lcJjMtyCgVvXuMybRdzFLeMhIEhMXZAP8tK3iGBRGjLbq1bZBiwyc3/DMdiBj7TzxPVA9PUdRv4bOHvmRE7BS8pkolxr4XT0JFSWGxXdQ==
JyrIz+m7p81X7rF0HQ77eCWigQeW4bJTMmVJe4JNFRUaPsfm+L1qdAwoq5tehr3BWDBfNbpzyLic4XlPOP/ehoLr+6NhK/902TPsvHU3hdGn3Tv5BmGdT2k7JGGmoJBXiQ==
C6HBO4e+/lvJPPvzGlmfOo3jcklwxtDpc0ZQ06/zazmWgVsqLkHrbaUwl9uxOTsW41+zKH5Ck3OtU8uUzSvgjAkfUZHzNYeJivkJ752DaLF6yKRXvQ==
QVE46a3wR+cjklMZpPj40h/n9GDWcoZW1XH1OGz24CEYokBGE16T3p866VLsJmWiWXYNUIEQQ1o1LROAZybdnfVV6rVXrg==
MlcY7ZftcHMtangCBRy0PK4kktOvxXehlswO8C3umxg5xKU+cVnjwIYwHGJZhytP/ThRjQ/niQZ2hekUccCJYEgQYYq0S9/Fb3iCV7d+guSQMlbc6F+tykYVpVIgHHq3vx1Nt9NHAk8Dg9muLImGB5Vu+0OoaajihJiCGA0IF3NLxPpWh1wE37sFiV7MoZeuAhrEwKCbu4jRr/BvyjrR74ifvzssSJtLQaGULUJ5LhLDaSWeLlaEUR5qp03xSf7+/s62eCLBm4d2tnD/42+39FinC7DEV0Io4AeLX9CQyLoXaz9nr8FTKL5A6Lz9wMOyi7Pnead/1x80JZXzo0kOKqJwe+x62jxKDboCnkWFUwIzb2cWhyIijSlxsoCDm/wUSlhmD9mU718sTKIcs00f55RZths+T0OyPnjM9Nj3Z8aFk5bjkSuv3KcteP3W5tftssuwisggBQ9Den8djocX7iBbWmLNizLvjnE6QzFMZZOm9Pym6CvbH92kW8cQVa+zN/GVmaGRfBXf38sPHqk8RGJXew==
Yu3MR7cCqF08XKpKe6rGV8CQ9TT1C0pVXN+DDT22Bd+e4afjDUN2bRkhOFRYL27TKbA3jh92exTTmhBMnqVKIt/Db7sxQbL5enijXwbVVhXArveR7pkmByaANM/oCfoUuYZOedtof0DCl52NUGQk4zRWaCeNFvL7AqcyeAHMBxWYiqB0+/l5bbJysIE6xfqv7/ahEU7AgduX1n+HhogO4c0wzoHJibDk0YFRWn4mrhoAab4jy4T1sPlhv93Tft89gGwnkn9gn5Fu6SGWWfgCgXYdLajyWcXoh4hTsVz7ezPh7MZNft97q59aL/wI3qSyvsdU5N/cXmneBlhFaAFgYAMIYwqNrlEXvp2s4gKf7PYZqoy07+KcfLaT+7bZX2Ig95WqnYjTVZLQLpnjFN9OYLHGyfN5k/Ele1KkAXDB9tv7bthyo4OZug9O+ohVJc8lOu6j9Qt1QHN0dLmcktK/7Su+ELfLL/hGD7NpAemH0aLw/P0BFBkMs1+KySJsFoVTmWZtAIHAo0p1XXOw59b9LbVFSmVXfg==
0eOT5xZQLZHBP2u7NTSsw/cMOnACgNwclKb40NxMMS3yQ472NeOC8Tb0Zp7qK+RweqbjDSiQ82IE7hnqvoxqqRq6+caEIFnjydMVQKDtZHKNrNBNQd8/xdE4SXAJeSZ1zYz3bg69PrNPpkC386XdIBn4ph8rmo89MO3LcS/3PQG9//LdRh3O8ofImoV4DmvEB5J2mKjSiE6LuI9zCI/zf+Wu3PdRuLWlEk1B4bOHuSf5JZiT2U0Qyc4qT9vFSNNzH7/YhFngGaL5lLCuQdFDLUwyf2W5qgFPw5UEEee+GmRSkKfYWCJ1nhWxb1YSVsXG+K75BI0vD4PGaqGymRq2xjnVfyonb3M+q3Je1Z3RJngfK1B8PhhSJzVk82c4LNZED53zDwDZInNSH/9qypjYzMSHC+6xU2ILPZszpDONzCUqNvvFpsukouTw+df32utlEje7BtSbbkqh+y7XmpHOm40cCfsydGhOBPtnR6nET/8MpUObA7Hh8Q0h4O1Lf39XYvkQbHZXbw==
r4DoxLoDDcc8BqEWbhdBbqare9BnIXOWXbXt3dscR20BHwMSdJ7jZNo7pLM36dvumUsf7t02wTPUX266s1AsgdPMC7gaXvtK+N/S499zBsiisrGHICjeZYLPTOHHDPBrb8S6cno8dBXkIAd/Vex6ozzdapN1b2784VlseqtGWNTkEyb0lethJ9nVy8UST83ntbjzuShPgEWjcuUzIkZeNFgUd6KiWiMTkp2v7UbpuuW7/GHauoPjBF7MXiRCyJI/Rghvo17bCo/x2qKUU+AXucejTzeZUuJ7JmO77iY8i78UAeNNnflOWXp5UcgMMnGBZdlMaprfMRofDn90FK6HNE6KSGIhWu62UfVHOi9vey6TUjalxZGeqPfLyMy2mNpXrcRbt8DsDnQn/YsfCNkqY6r/11qS2KCcbCeTHjnT6rul+1v0i00U1cIWw9Wuy6yy3NARJy8aUzV6VyO2XBvmujlbhofi0Zarpfzx6zp0YF58m093cQS3L6QF2+uLMWlBlcEIPfM/JycK2Sh8fldn
Dc7YWRLANwprVMGT2LjpjR0d+hwmaS/JjDenySkaoqNm3SNEuC6w1YM8CloXwaHolua+jxddKzl//yQIVprWTjXJhZCsntDZuDqQbhN2Q0Y/wtk6LI4VG7luXbgBeJNCVZXjKCfO7eVVzbqdV4Y=
u4614xTDJSq5VUPrJ/LwgpGZkOiUPTy5jdwi6iax6dCxFjxXj0AfVwZv2cqNnJLvcj1Ae/zeHWbtyG/ZErfd5KEWEAxp+suzke3XQ0lbx7QBY4IdjYcNUS8tg5musUUPEQvMQb6wmFeB
7NY6lHtq2F2mt5di/Egy/pYmR3lzynuSZWBhRovtQzGX6Fjhk0gCXhfFqZyG0lZrNzlDDa8L7EwW3h665X3t9Ax6OG0oThjqk/LLMq92Md6M6n2vaZqV/EE8W7aFoYtMByoF0UW5splXgg==
rcIyz8737nLq9DSE3LFN/JeSluGwOiivq8wi7yWV89K8FjxXj0AfVwZv2cqNnJLvcj1Ae/zeHWbtyG/ZErfd5KEWEAxp+suzke3XQ0lbx7QBY4IdjYcNUS8tg5musUUPEQvMQb6wmFeB
awcY6gwmZQ3+o4oYZHy4KCN+3NI6shAlQ2xqahfxwbhWFh4fl83LiT+vBPhW6vae9XnlACwOcKn46nBeE0ajln+yeaqsHnWreb59yAGIsxIVJQO4p15NFZWd2q1Xtg==
cUQ5uu0srMby0DAcXFxqGcDEzen6c5zV75NoGbNQElYXzbmEpipmI3fxs7XPk3zEllaOIgXFnbzMsggVCFYI4pP62yqPDgEWTKINF4kCBXTBtMsu5Rl7hEdiNSlloaKRV4o=
hl1PmV74CFcpZlFsQuzGigJ+pfhRQa4DnK/L6u7ol089Ai6g6q3nYycjVwngWjY0KsStrzFSfMC847AstBxTuJ/sR0RN2JzwWcFRWFmqIZavCA0zF6q3UEEfnZver1eI
nVS67TYKBq+i7rBqnx5rhZeSluGwOiivq8wi7yWV89KnFjxXj0AfVwZv2cqNnJLvcj1Ae/zeHWbtyG/ZErfd5KEWEAxp+suzke3XQ0lbx7QBY4IdjYcNUS8tg5musUUPEQvMQb6wmFeB
vrGSrCj4p2JYGX3SmKorsf7g+trTV7/9w6YiF7NCD1BXh7eEtDdgYz3ktbqbzHWEi0eSY0vS2K3DogIUKhVc4orJwDyPDgEWTKINFIkCBXTBtMsu5Rl7hEdiNSlloaKRV4o=
0/i0H7KxrTsXQtjn0SPLV3y6L9sspJ5MM8xP8hQ2P483ONO8uvtwToXvCIjFhBdgqktj1kHBEynwDAYnDBPsejBNegMG89b3UDLJI4uD+bYfH9TRAzJUJ0ZDb6gyyZMqV0GVHz646xkEPUSP0nZ/WEuDILv9KFDiL6nH0OxoFKqdKraNJrrOyNWwSlovHIO/93j6urdfniPlAXpLhyeNL2+P3B7IV6r9Dtu7AfvUKMeec978e2teDDXPTGfh1pRoRvBQ9tPS77N8tyPj7ZhtfVIZ9E4lebhLuh46iCfraSq1WcxPpbrKezB2f4Ow6wRhkCeTZBdHbLQ2cpqD+Xv3NFFDEd2dJ11Rf82TWT5RFY9h67yBzlDoV/E=
J3bP2QFkxhthvGRyJpozp38/DkqNgJlgy4dZHZwc4f8DTqcq2vTAky2jHvDVx0yEyqyYZxk0erhncIlV5rlTnY1n8k3P/Z+PhWUHxaimh2otou6y7WOdWvSXZwMJsHwDt7jCimPyI9eu+Akxx0uL03iEYEaRN1fETnMCyoO45D22X+Kg6HHRbww9eIDq5b6OchgnGsqNNi7ZHaNgi+Xf9plmh/Lte+JhAfkt+2H0RToaE7/ToQnQAk29LBClc5PwyJ9gu/JX6tok3MNprczHjLa2pX9rw4L8P/uLf9Rl3JYVwkLo+yvzzCxZ64UM8AcxZX/ZHbUECK6hz9RT2GU3qCU8/OwBVgFUES5hqhe8PR+/DpcM2UuN11brV/Q=
T+RkvMsIY505vuBhI+agQURlFkX4gn9ycmT2CJOkuM+T1oIOFInkDgOsfyioXZQp4VADfOqbYE6Vz9hIlSSH4NrrkxYx4eMpgCz2Z3yzHPqg7apDVtPG90DSGWPbY2k2r/9kkTPSZCd2o1/ogikjqsehxV/uWPsZFB0UzwLW79i7I1D7DQgg4t+JtxAcyGQqDYrmTfaa3sjF0Bqa/3wTP0cYSnqHP64j1WFKizdHPa//7wzemDe6/R77a8GrdLhH7tMuPAtLrgxF77wnkXZk6NZQgLaD8v+zbFfzo714/f3i+UQOFZmIS4r+CsiXC9mqJbmcD3Va2nsgVi/DYEuU4WCH4yTnZxy0xlLqQwnbh7TB40EdTQdNUW+tw5nuMYUP0YsMQf4w2FfB
1sbJCdpy69rUOj+WT19/E8rLq2y+cKGkhVMxZ5B4/+6w4V61/y+mCe2H6hAHpIM4hKWwCQUIL4y206QO0QeE+Hl8IwC+U3+GjWlnqQSkSvcQC/iaBDXG84qbAjcEGsUT97sNFouHSIFP2mAncqsj+K5RB4qjeekvMpC/2dBVyH9uDku4X5s8a7GApGJbAQuA8HAAyqnSCv2qUpqIAZhGatMk9x9j4GZqezeqI9FptpsbvxmPG7cgLsR/fr1aMzdxRywcp4prwqy3wyqMwWcAt/3OgIhyiOwGX7o7cyifL9ORoJndxoFoHmmRjEuO9nbYu3P9ikFhsH+pkp675B7zcwyTMIGEP4+0W++YNELaVtPlY+NUZbutrRHPCRGr5Z9pwmlhL/VzIFECONxXxQ==
swKORlFTbMmqYAsyX7XIdSkutuNg5WtiRS9BGn+O6NIJGXmGxWrJ3ZTBAEIvlnG+jMo9COg63BxBXJsWBQFLbAfKxbHFWfK5V6I=
f3Sm1wvg1xuDbifB1QGa+CNitoJpaTTbusFs6x++J5/h4AB2qb0RclXeQUobQZL2v2IZGixu1Xw4jpTYAZjTItV1o0gn7q1F1W36vVem
SXzZvORQ/V2fZ1N/EccfnygutuNg5WtiRS9BGn+O6NIJGXmGxWrJ3ZTBAEIvlnG+jMo9Bug63BxBXJsWBQFLbAfKxbHFWfK5V6I=
5N0lLMIbRezqwXYbXYrboCNitoJpaTTbusFs6x+/J5/h4AB2qb0RclXeQUobQZL2v2IZGixu1XI4jpTYAZjTItV1o0gn7q1F1W36vVem
rCLYK7DVDZLp+V5OFq+4EmpWay7Q/XMuWYB2FHrJy7VkhycjeYLzIQqHg8Fl2yS0+tYP49HLb/Qpk7h+RV6V0bf9y7lWgS3P+ZtUoXbAoFe5
SqXa99yWXgkNlyLQ4fqFk2awjQqO7YFTZmdSYJFbHQsebcvPsbthdjFYptQK6du1dGcXY6kig6Ga5zMBNfvUtIr236NhK/902TPovnU+hdGn3Tv5BmGdT2k7JGGmoJBXiQ==
4RRBPy2J5UyxkQ1Rf/YBuyK8tmQfwPFYiZas5gvFKm4gdUdms01Ks76lnC+FHIJeQKjml0V/CT1SQAUCXSwOKASM7fJyuTFqnrVuTasSa2Eyd0uh/Qvfu5aclwOZu1c0sQPwXr1u/VEfDfPZHhG1j4GrnAHukIhXkQ==
9amzMXmUCl3Xa5WnRf5Hqq62gC0Uh/P1U0AEo/pZnnLu7Pgbx1Hp4gx4mZf1FG0MPZTbG2agF4B1tLzkUf+ifAhm4eIHlJ237wbXhIljrX/Go1e8
NIlD4Q3hwhH2shx8yDl0FWtWay7Q/XMuWYB2FHrJy7VkhycjeYLzIQqHg8Fl2yS0+tYP49HLb/Qpk7t/RV6V0bf9y7lWgS3P+ZtUoXbAoFe5
EVXmBNoluPWNdF4u/qtu6a62gC0Uh/P1U0AEo/tZnnLu7Pgbx1Hp4gx4mZf1FG0MPZTbG2agF4B1tLzkUfyjfAhm4eIHlJ237wbXhIljrX/Go1e8
vH02789vVzb0UDkRYSstX4LKJzMlI3Z/0m83SDzJkhSLskURbkauLiZOA1zf7Yw6cBBRHxtpP0ADKgcRb/nzcusrftKQKQroicGU5KTxqLp74NEwPQ+XYDXUvASRnyXcyEbhwsc0Hdcv5tfkyYMt34aDV5w=
8szfw/tv7O5p7JcL19XWKIdhdL0xUlu5JWjLoVgT/gsoJ352u1AbdWZhoh3zu3ggCAq/zRFm66FdUFycqdnco+iEu92tgq6exc3H+17x7jR/qu5UcS10MGxNGB7jbFFEVVPHJA34nBCZY9E4GYshdm+ojVNXirewgb8d+56PV2g=
Xa+fSu6hTtEi4jIqTvAyM4LKJzMlI3ckh3UgQybYvxS9p2pTPmKXSWkKi/QVbGy4sdXcVwBYaxkVLg4KTbG2nwa9rgBXtv5QicGU5KTxqLp74NEwPQ+XYDXUvASRmiHcwUfhwsc0Hdcv5tfkyYMt34aDV5w=
bOw6gEArEnm8/14ZmUfR2GhWay7Q/XMuWYB2FHrJy7VkhycjeYLzIQqHg8Fl2yS0+tYP49HLb/Qpk719RVKU0bf9y7lWgS3P+ZtUoXbAoFe5
L0Y1IUAoJOy6kay6kq+VXK62gC0Uh/P1U0AEo/hZnnLu7Pgbx1Hp4gx4mZf1FG0MPZTbG2agF4B1tLzkUfqhfARn4eIHlJ237wbXhIljrX/Go1e8
OHSYvWwABcICr2Y4+1OdQ4LKJzMlI3ckh3UgQybYvxS9p2pTPmKXSWkKi/QVbGy4sdXcVwBYaxkVLg4KTbG2nwa9rgBXtv5QicGU5KT1oa184NEwPQ+XYDXUvASRlSLcxEfhwsc0Hdcv5tfkyYMt34aDV5w=
3kZwc3d8rV3tFMLi7DOzEILKJzMlI3Z/0m83SDzJkhSLskURbkauLiZMA1zf7Yw6cBBRHxtpP0ADKgcRb/nzcusrftKQKAroicGU5KTxqLp74NEwPQ+XYDXUvASRniPcxEfhwsc0Hdcv5tfkyYMt34aDV5w=
SB5U4LS7lSEDMHW1ttDQh4dhdL0xUlu5JWjLoVgT/gsoJ352u1AbdWZhoh3zu3ggCAq/zRFm66FdUFycqdnco+iEu92tgq6exc3H+17x7jR/qu5UcS10MGxJEQnkbFFEVVPHJA34nBCZZNU4HIshdm+ojVNXirewgb8d+56PV2g=
YHzuv/ioFlJvfcflBm47AIdhdL0xUlq5JWjLoVgT/gsoJ352u1AbdWZhoh3zu3ggCAq/zRFm66FdUFycqdnco+iEu92tgq6exc3H+17x7jR/qu5UcS10MGxNGB7jbFFEVVPHJA34nBCZZdU4HIshdm+ojVNXirewgb8d+56PV2g=
kuwfFUbC/T+6SVD3aemPv4LKJzMlI3Z/0m83SDzJkhSLskURbkauLiZMA1zf7Yw6cBBRHxtpP0ADKgcRb/nzcusrftKQKAroicGU5KT1oa184NEwPQ+XYDXUvASRmiDcx0fhwsc0Hdcv5tfkyYMt34aDV5w=
j3JtN5cdhv2pYuybc34qQ4LKJzMlI3Z/0m83SDzJkhSLskURbkauLiZMA1zf7Yw6cBBRHxtpP0ADKgcRb/nzcusrftKQKAroicGU5KTxqLp74NEwPQ+XYDXUvASRlSDcx0fhwsc0Hdcv5tfkyYMt34aDV5w=
ZAnrB1acUrMyFvQvdRn0uodhdL0xUlu5JWjLoVgT/gsoJ352u1AbdWZhoh3zu3ggCAq/zRFm66FdUFycqdnco+iEu92tgq6exc3F+17x7jR/qu5UcS10MGxNGB7jbFFEVVPHJA34nBCZZNE4H4shdm+ojVNXirewgb8d+56PV2g=
uT8XiihBVZyAQ0d4wNiI5CgutuNg5WtiRS9BGn+O6NIJGXmGxWrJ3ZTBAEIvlnG+jMo9Duk63R1BXJsWBQFLbAfKxbHFWfK5V6I=
Mb9LS3G0ynymrRXQGMyknRWAp5VsA2nI1j0GgPcEZRVVFHeM1MT5c124nZiFG1Sb9CyHNO1IHEC5kBGocbshps/YzUO3OjfgoU/da/6/V7g=
kTvcJMC/a45LnWXh+erFtQ6u34gxSa7tiww5Fi7A2qcwqRZtY4LzIQqHg8Fl2ze7/swP49HLb/Qpk7t9RV+U0bf9y7lWgS3P+ZtUoXbAoFe5
qCY4UkWXysxmQ9WP31tCNFZZN5UT2SmS7OgZB5XkLTwdhtUDUYFXcBUkPHSxjWFMKXfh8iekXccPllcU6ZPtT+azV6w=
R4fWZj+VFoL78CIm64RCNxENP5oi7H3d5tlQS8AolL3JZF3BgztXcBUkPHSxj2VMKXfh8iekXccPllcU6ZPtT+azV6w=
MwX5mU/H0sgWU0yEbYsAVSZV8RVYz//L+riNoQ698Od4nAQhQeDdTRuv58y9gNwYSfC1EOEzoT5/cC07Z3J3ONGn/VPut1eg
VZ6RKjzVg/yWcK0QplSaq4iDYBwzl5CvLh4Ygem5bSKkz0AsbVDvSfAwpojiSrPoaIdTvbCBKHOtU8uUzSvjjAkWUJHzNYeJivkJ752DaLF6yKRXvQ==
yGzHtLoaTUYcLOl/Olig/6+oiXgU2PzxUV0M96SYJ7R2H3bSHtaq8FlJ0Nug2NSN6XRd0aMLF4B1tLzkUf2hfAhn4eIHlJ237wbXhIljrX/Go1e8
AiQXLVjeD+fsh+Ym96854FMr+LwECPtBgvWI6vTuy084AG/i+bOgN2FkEVqqUzYmNsq69CFlMI/oJGTpcfjdZUtXR0RN2JzwWcJVWFCrIZavCA0zF6q3UEEfnZver1eI
RR7fivfOpcTO+ZX4i6FNQ/Hw1ntAyPfjF0AHo+nYYf5yH3bSHtaq8FlJ0Nug2NSN6XRd0aMLF4B1tLzkUfqlfAhn4eIHlJ237wbXhIljrX/Go1e8
o8X5fJofhWeQ3QCvnQZd7VzjcjLinL8TYiGi8axYGAe5xRHoqoZBqF82d9vUWFA+aSASQ5H9ckVSu3cn+US/HzzkM/s1sRFRvWGQzfv/r3dyuYDMple/
bqVeTTx3X1zGOzhpiEDwUFMr+LwECPtBgvSI6vTuy084AG/i+bOgN2FkEVqqUzYmNsq69CFlMI/oJGTpcfjdZUtXR0RN2JzwWcdQWFmsIZavCA0zF6q3UEEfnZver1eI
/V0SQ352vtHDto5px936hPHw1ntAyPfjF0AHo+nYYf5yH3bSHtaq8FlJ0Nug2NSN6XRd0aMLF4B1tLzkUfuhfAFg4eIHlJ237wbXhIljrX/Go1e8
z5mrWBECIf/hd43qiDx6GVzjcjLinL8TYiGi8axYGAe5xRHoqoZBqF82d9vUWFA+aSASQ5H9ckVSu3cn+US/Hz7kM/o1sRFRvWGQzfv/r3dyuYDMple/
PO+LubtUQagTFnrw8h8N713jcjLinL8TYiGi8axYGAe5xRHoqoZBqF82d9vUWFA+aSASQ5H9ckVSu3cn+US/HzXkM/o1sRFRvWGQzfv/r3dyuYDMple/
RLfQZ8gEx3qD9jOTGBMICVzjcjLinL8TYiGi8axYGAe5xRHoqoZBqF82d9vUWFA+aSASQ5H9ckVSu3cn+US/Hz/mM/o1sRFRvWGQzfv/r3dyuYDMple/
7dwnN7HnJYLOV1ogaO30tFMr+LwECPtBgvOI6vTuy084AG/i+bOgN2FkEVqqUzYmNsq69CFlMI/oJGTpcfjdZUtXR0RN2JzwWcdSWFisIZavCA0zF6q3UEEfnZver1eI
HA7wa2AjIgjwffzOkEn49/Hw1ntAyPfjF0AHo+nYYf5yH3bSHtaq8FlJ0Nug2NSN6XRd0aMLF4B1tLzkUfyjfABg4eIHlJ237wbXhIljrX/Go1e8
73flpn0hOboCLGCvdpL8j13jcjLinL8TYiGi8axYGAe5xRHoqoZBqF82d9vUWFA+aSASQ5H9ckVSu3cn+US/HznnM/o1sRFRvWGQzfv/r3dyuYDMple/
2jL5Zlmnx2dYtrBwbm/ut1Mr+LwECPtBgvSI6vTuy084AG/i+bOgN2FkEVqqUzYmNsq69CFlMI/oJGTpcfjdZUtXR0RN2JzwWclTWFisIZavCA0zF6q3UEEfnZver1eI
HVKXE6ZuZoO4D72HtMzY5odhdL0xUlq5JWjLoVgT/gsoJ352u1AbdWZhoh3zu3ggCAq/zRFm66FdUFycqdnco+iEu92tgq6exc3H+17x7jR/qu5UcS10MGxJEQnkbFFEVVPHJA34nBCZYtE4G4whdm+ojVNXirewgb8d+56PV2g=
qKk9cbAvF5cMHiXuljMSCYLKJzMlI3Z/0m83SDzJkhSLskURbkauLiZOA1zf7Yw6cBBRHxtpP0ADKgcRb/nzcusrftKQKQroicGU5KT1oa184NEwPQ+XYDXUvASRniHcw0Dhwsc0Hdcv5tfkyYMt34aDV5w=
3xkyT7QxOist/JELfrvrnGLdDp6GODhHPzXZ7gSMuastUL2glQJVj8kV58y9gNwYSfqxEOs0oT5/cC07Z3J3ONGn/VPut1eg
6SDBu1wS7ngjkw31IzEHoWlWay7Q/XMuWYB2FHrJy7VkhycjeYLzIQqHg8Fl2yS0+tYP49HLb/Qpk759RVWT0bf9y7lWgS3P+ZtUoXbAoFe5
RHrOaPJzo0yA+FdwmuEWCq62gC0Uh/P1U0AEo/lZnnLu7Pgbx1Hp4gx4mZf1FG0MPZTbG2agF4B1tLzkUfmhfANg4eIHlJ237wbXhIljrX/Go1e8
gzgZI4BSzIaY2CVPDPPlLq8LS4koaLHieRHwBWRDAAVHNLXYo9y7FSGVDlPla6smmbGAAxFpBw/u9DACbcvDz2XkQ7dvNoeB+XFdaUkxxCXHn7NfBomU1KpXsw==
irkEd2y0sInYN3C0faLKK4LKJzMlI3Z/0m83SDzJkhSLskURbkauLiZOA1zf7Yw6cBBRHxtpP0ADKgcRb/nzcusrftKQKQroicGU5KTxqLp74NEwPQ+XYDXUvASRmSPcw0Dhwsc0Hdcv5tfkyYMt34aDV5w=
nAfREcdfzR9qAW6AZut4aodhdL0xUlq5JWjLoVgT/gsoJ352u1AbdWZhoh3zu3ggCAq/zRFm66FdUFycqdnco+iEu92tgq6exc3H+17x7jR/qu5UcS10MGxNGB7jbFFEVVPHJA34nBCZYNQ4G4whdm+ojVNXirewgb8d+56PV2g=
Y/ZVH60/iYFa06mbqDwEORENP5oi7H3d5tlQS8AolL3JZF3BgztXcBUkPHSximRMI3Dh8iekXccPllcU6ZPtT+azV6w=
JWtEOfWi2tgUx2PntvB3xyZV8RVYz//L+riNoQ698Od4nAQhQeDdTRuv58y9gNwYSfC0EOs0oT5/cC07Z3J3ONGn/VPut1eg
6J7fwqP44d5fkmQDJv0sn4iDYBwzl5CvLh4Ygem5bSKkz0AsbVDvSfAwpojiSrPoaIdTvbCBKHOtU8uUzSvliQkdV5HzNYeJivkJ752DaLF6yKRXvQ==
q9bFFS7R5lrRoD+GagDmAK6oiXgU2PzxUV0M96SYJ7R2H3bSHtaq8FlJ0Nug2NSN6XRd0aMLF4B1tLzkUf+gfAJg4eIHlJ237wbXhIljrX/Go1e8
z0Gf2MlyvmUtgdG5VRgnR1Mr+LwECPtBgvOI6vTuy084AG/i+bOgN2FkEVqqUzYmNsq69CFlMI/oJGTpcfjdZUtXR0RN2JzwWcVRWFqsIZavCA0zF6q3UEEfnZver1eI
Xqc7vO6zC9csQONvVbqnD/Hw1ntAyPfjF0AHo+nYYf5yH3bSHtaq8FlJ0Nug2NSN6XRd0aMLF4B1tLzkUfShfAJg4eIHlJ237wbXhIljrX/Go1e8
5hHskszP+sA92VEfPuwdWF3jcjLinL8TYiGi8axYGAe5xRHoqoZBqF82d9vUWFA+aSASQ5H9ckVSu3cn+US/HzXmM/g1sRFRvWGQzfv/r3dyuYDMple/
6SUoXEWM5f5e9NPaDmpYIVMr+LwECPtBgvSI6vTuy084AG/i+bOgN2FkEVqqUzYmNsq69CFlMI/oJGTpcfjdZUtXR0RN2JzwWcJTWFqsIZavCA0zF6q3UEEfnZver1eI
GhoIMb+VmbtYd/Uh2wOzdPHw1ntAyPfjF0AHo+nYYf5yH3bSHtaq8FlJ0Nug2NSN6XRd0aMLF4B1tLzkUfijfAJg4eIHlJ237wbXhIljrX/Go1e8
pEayvbNm+ii7Rq1zdfwephENP5oi7H3d5tlQS8EolL3JZF3BgztXcBUkPHSxjWBMJXDh8iekXccPllcU6ZPtT+azV6w=
tDtWBT5EQaH+bOxfN6acoiZV8RVYz//L+riNoQ698Od5nAQhQeDdTRuv58y9gNwYSfywEO00oT5/cC07Z3J3ONGn/VPut1eg
NapmEakrSSx13/P3oeCjr7OHuOa35tpySjvK+LFiKUzbwr7NedO80NpozXGuLXB32UxE8WHw3V07f6ccHRBciOku8sDNJKEuX6Bt68fi96hxd72DzqdXsA==
WbUIQA0+dmQs5Nw40NVpg9rgA1EV6zfpVtoLJqmJKsmb1pkZIh024LT2j5pHRi6h0Sd8rOKM/X2mOVArAYgUXYlEXeHD29fQ1UQ8lPEq4yzlUOHS58TdZ092V3QpM22vppNXjA==
LM7qjgRBwn27P/3dpH8Z0uzf5+Xj9tFgDCbBrPwibwbfwr7NedO80NpozXGuLXB32UxE8WHw3V07f6ccHRBciOkq9MDNJKEuX6Bt68fi96hxd72DzqdXsA==
jYCb0l1S54aiJBsEQxJ5Aa+M4gu5mTUsqIu1Hn4KE473t21hIxpqk27MQ0zhcf4sqPjMV93Qhtsdff7dxsvDz2XkQ7dhMIeH+XFdaUkxxCXHn7NfBomU1KpXsw==
iJgyG/ics4aCI5ojpOHuy9rgA1IV6zfpVtsLJqmJKsmb1pkZIh024LT2j5pHRi6h0Sd8rOKM/X2mOVArAYgUXYlEXeHD29fQ1UQ8lPEp5SzlUOHS58TdZ092V3QpM22vppNXjA==
bO7q75/VGOocwluXBl5crezf5+Xj9tFgDCbBrPwibwbfwr7NedO80NpozXGuLXB32UxE8WHw3V07f6ccHRBciOkv9cDNJKEuX6Bt68fi96hxd72DzqdXsA==
VRgTX4BsD0B9uopr6inKhy6Xiq5BSr3nh0UxEmiHhOwpmCM5LIjCaEbTT3jkD9c9NAmk49HLb/Qpk7x8RVKT0bf9y7lWgS3P+ZtUoXbAoFe5
IL0o2NljtnGpYPU4NJOU9QNb46QZaifQtsNt6VymFqq1rwpH4PFFvuxflaqdi1ddv2IZGixu1XM4jpjeAZjTItV1o0gn7q1F1W36vVem
XbEWMOqqZNQs321HwHaULUu062ufJYZS1Xe6DyC5tebMZ4WinYNHZZ866VLsJmWjWXYIVoEQQ1o1LROAZybdnfVV6rVXrg==
dy9XcKNVHXuBXqELbdht1RENP5oi7H3d5tlQS8EolL3JZF3BgztXcBUkPHSxiGFMJHDh8iekXccPllcU6ZPtT+azV6w=
Ky1RlcrX4IczDg4AxkWlLCZV8RVYz//L+riNoQ698Od5nAQhQeDdTRuv58y9gNwYSf6xEOw0oT5/cC07Z3J3ONGn/VPut1eg
06Ia/tBU3XJKylIxkoWW/khFSyFc8NGtY2kk0dnSdzgWa51x3D5mAhXH2v+gCRWWDDelsp2TZzVfSknibNYFEJom6EaBACOKdZ3z8OeWfW21hcqlV74=
hOV2QRiZpFIkr83PMv/nRIn+cB5+k526OwMV1aT5KmjrxkYpK03pFc0drIjiS7PoaIdTvbCBKHOtU8uUzSvvjgkaV5HzNYeJivkJ752DaLF6yKRXvQ==
CqpbSG4k4eEf46u0MfbLJWLjwVHCsvVDODwbZ5dcBh0Of4K957ltIX0h4NJTrpLpf2UVJcEFuOjWs/+4tC8nPUQpdKNhK/902TPquHUyg9Gn3Tv5BmGdT2k7JGGmoJBXiQ==
J9cv/HfMaIJ8jT+TCzJVmdamLx0qg5aofR4egem5bCLvxkYpK03pFc0drIjiS7PoaIdTvbCBKHOtU8uUzSvhiAkaV5HzNYeJivkJ752DaLF6yKRXvQ==
iIv2Aw+jb+B4guCk4Jx0krKHuOa35tpySjvK+LFiKUzbw76GcNW5lsdukUyDJ3B32UxE8WHw3V07f6ccHRBciOkq9cDMJKEuX6Bt68fi96hxd72DzqdXsA==
rcLomsfO/9mWoFtmqLfK5WLjwVLCsvVDOD0bZ5dcBh0Of4K957ltIX0h4NJTrpLpf2UVJcEFuOjWs/+4tC8nPUQpdKNhK/902TPqvHUxg9Gn3Tv5BmGdT2k7JGGmoJBXiQ==
XUCCEsIlTYvJ95jLe4pFVNamLx0qg5aofR4egem5bCLvxkYpK03pFc0drIjiS7PoaIdTvbCBKHOtU8uUzSvkjAkZV5HzNYeJivkJ752DaLF6yKRXvQ==
B5R3j3bm1IilvxiU7/tYChENP5oi7H3d5tlQS8IolL3JZF3BgztXcBUkPHSxj2JMJ3Dh8iekXccPllcU6ZPtT+azV6w=
DJSBPWEWRsPGDW6SaHs7RiZV8RVYz//L+riNoQ698Od6nAQhQeDdTRuv58y9gNwYSf2yEO80oT5/cC07Z3J3ONGn/VPut1eg
TAEiDTuxf0hFxCyW/0AXEYqDYBwzl5CvLh4Ygem5bSKkz0AsbVDvSfAwpojiSLPoaIdTvbCBKHOtU8uUzSvnjwkZV5HzNYeJivkJ752DaLF6yKRXvQ==
I/8uy35Evp85lOvMgZw4l6+oiXgU2PzxUV0M96SYJ7R2H3bSHtaq8FtJ0Nui2NSN6XRd0aMLF4B1tLzkUfukfAdg4eIHlJ237wbXhIljrX/Go1e8
ROgWpyYhUoaI6xt00zwTmFMr+L8ECPtBgvWI6vTuy084AG/i+bOgN2FkEVqqUzYmNsq69CNlMI/qJGTpcfjdZUtXR0RN2JzwWclVWF+sIZavCA0zF6q3UEEfnZver1eI
t85Z8pkwJnPtOvNuW2m9cPHw1ntAyPfjF0AHo+nYYf5yH3bSHtaq8FtJ0Nui2NSN6XRd0aMLF4B1tLzkUfmgfAZg4eIHlJ237wbXhIljrX/Go1e8
HSjr/lN4aqgYV8fYZaRQwlzjcjLinL8TYiGi8axYGAe5xRHoqoZBqF82d9nUWFA8aSASQ5H9ckVSu3cn+US/HzvgM/g0sRFRvWGQzfv/r3dyuYDMple/
SflkRricjExflxgnkRtMflMr+LwECPtBgvaI6vTuy084AG/i+bOgN2FkEVqqUzYmNsq69CNlMI/qJGTpcfjdZUtXR0RN2JzwWcRVWFqtIZavCA0zF6q3UEEfnZver1eI
OKq+sZAp63YIfNSsHW9fZ/Hw1ntAyPfjF0AHo+nYYf5yH3bSHtaq8FtJ0Nui2NSN6XRd0aMLF4B1tLzkUfmlfAJh4eIHlJ237wbXhIljrX/Go1e8
eM03KVkoSWaj6LId2wORm3YgeULhBTCvqMTkSbGY3UULt8fkjbic0Bkg0ficzSG27+iNk9fKt3AB/x07Hs9XqA==
VyRYH1sWhzJU7MctKneKUwtIeco/6imLudlQS8AolL3JZF3BgztXcBUkPHSxj2FMJHHh8iekXccPllcU6ZPtT+azV6w=
i8m53WmRqjOF8DuO1RiNkxx1fypFZHkgTeLJrE4YJrWvq/Zab+KCNRY8IsSy9l1TwKWM+ry7PT4dH/+57ybRTgx63Xgq6rALQUx7RkXxK9yHumUBhYnSqVey
USrwowrBExiq1m1WNwTlC76/uYuPF+a8j/VpTOoTSwUMib2TsjFxbW/zprLPijLNlkSSLBKejYuA/VzS3JPNBh0nD5GPDgEWTKINEIsCAnPBtMsu5Rl7hEdiNSlloaKRV4o=
2zFxUaQF6i+aqi/uEKy9D1+vNrNhRVjo9nOfOBRvxz0k6dQjgWvfdLnzST2Vf6LRxx2beeYhvU8J+4ThRuCwV6k=
7JpVS7ec9utpB1o3fMi7dOZhOSEaYXpeHb08CJLrA6iY50O9oGFYsx3zOxRdi7NNWTdmkQNVV0naGZlvLeOY8UrotFet
3yDqiCC2efyIneVabrTdJPjNuxjskyRguoqxCXkNRo3op3QlZFAlmmjJBVHnLcMBovjMV93Qhtsdff7dxsvDz2XkQ7dvMYeL+HFdaUkxxCXHn7NfBomU1KpXsw==
GVOh8pvcD8IIsI7n8SMWcBbGDkE0+6Y8Y9W1pousXo3F2Y3uXWxpfaDnvPXMML0K8EmdwX+NK9HquARntfB+62V9Bu2+6yv/LSSL5wiVHxpg8cX50dFsdY9fey8uaaykkleL
txtSSBXCpBKnNCZ9HiLL8BXGDkE0+6c8Y9W1pousXo3A2Y3uXWxpfaDnvPXMML0K8EmdwX+NK9HquARntfB+62V9Bu2+6yv/LSSL5wWXHxpg8cX50dFsdY9fey8uaaykkleL
fWn/nXL2sSKoW0eJIaggX8sOgGdRj31JpLIpGj+I49uTV1gIUsP7jcM8wKarvE0+dd3eSDoYiwhAl1u9uJEAE5WDk9Q1m7duoW/bEXqFbynSCbGvRVMQkZLYrFe1
WcJG30biUbjsSoX8TXiJwL2/uYuPF+e8j/VpTOoTSwUNib2TsjFxbW/zprLPijLNlkSSLBKej4uA/V7S3JPNBh0nD5GPDgEWTKINFIgCBHbBtcsu5Rl7hEdiNSlloaKRV4o=
eA3CehWtAteWAKOlCVL1z72/uYuPF+e8j/VpTOoTSwUKib2TsjFxbW/zprLPijLNlkSSLBKej4uA/V7S3JPNBh0nD5GPDgEWTKINHogCBHbBtcsu5Rl7hEdiNSlloaKRV4o=
zt03AyXCae2ip9js8e9kXr6/uYuPF+a8j/VpTOoTSwUPib2TsjFxbW/zprLPijLNlkSSLBKejYuA/VzS3JPNBh0nD5GPDgEWTKINFooCBHbBtcsu5Rl7hEdiNSlloaKRV4o=
+lJIy645q7AB3sKLRLZ7M+k4tYKKB+rnBGiim2XwXUNGPMBg7RBAEzyMVzT3vqqaKMF2ZsyxGUsOlxyigVFsAVNlH3SW8pzo6FDOGXfR/hsh0GApKX10CUEKo2ATYmF2/xI5yqw+tUP6Hj6qAWlzspVFQ5invo21Ff2ajVeW
IPxI/oVl+/rH7RT71bw1/BGk/2LKYIdExGG2KHOj4Csj40cWH0CZy5866VLsJmWrWnYOUoERQ1o1LROAZybdnfVV6rVXrg==
gjLpYl702ITroj5k+eSaf0ZbeYgQV9vKOTavRUNzg8MR2/+XoYTHDzzG64jZMbjh5YGY3cO/dwf6GTgczlfX
fZOQqE0Fx5JNYUnI+fOOTleX1X9hi81T5ufTYrTktwjlXPwMQf2CNNIMYYvX3L2//+6XbBnrDTcWy1fU
ooEbPuPgW+eJH2eAcWS5nOk4tYKKB+rnBGiim2XwXUNGPMBg7RBAEzyMVzT3vqqaKMF2ZsyxGUsOlxyigVFsAVNlH3SW8pzo6FDOGXfR/hsh0GApKX10CUEKo2ATYmF2/xI5yqw+tU79Hj6qAWlzspVFQ5invo21Ff2ajVeW
E0OxADYjuFMjGGgeJAASGUZbeYgQV9vKOTavRUNzg8MR2/+XoYTHDzDB64jZMbjh5YGY3cO/dwf6GTgczlfX
H+muIWquS1h+HApx32TlCVeX1X9hi81T5ufTYrTktwjlXPwMQfGFNNIMYYvX3L2//+6XbBnrDTcWy1fU
fyv0FXuLUZ9bRzAs9Nn5whGk/2LKYIdExGG2KHOj4Csj40cWH0CZy5866VLsJmWnXXYOUoERQ1o1LROAZybdnfVV6rVXrg==
Ppqhb6x5tmfvrnoEe1PEpX8o1X2nNGGko29VgCnCUczEzr8g2odhbkCfeA23E7xjQIzDCXuCAoNzK4vKcio+GoxDdhf+8eWe7Z4VrgW5icOVhhdRNRczzUjLWCpvM0EQ1T7CADWkUt0aW8rpVzYsZKxYSY5L3Ej4WHh6b14yaa1K+m1tgv8AfWYvkN3YxM8tqexE7NatIyezaZ39JGoHJsUYlIK/7O5CNC5eMIJvH/mZHBVD2x214zEOni8iHv/AHJX95Nvr7bd4E3M+gB4YJCtxdvii4hMepJcsyi0WWimkI9eAoyAJ7QLIEF3Ie2LzA//J9GijvUicD3MSxhKRAhsEOux3iEnY5DdbXugCgrpIatUVr94L/sJXGyajTiko/XOGY6iI0klwdPFk+I7vxNCuLg1ffOkpXsK/+z4H6JW5oKgQXUmESZIimcj9ibl1fbejjMALgPeKeXPAjKiDhbVItzB+YgVz0ydSoFdPi9OMIWxqndYiJAOP41AErSvplPT3DS0r+ZGNYFhySftUfwChB9QtqBygeXWVSLpYIUcPOE2jd9o3AGGvXYs+X1dY
bEkjFf+UTXrmfhKIoYCVjtxu7I6qxvS7eQMNXTALs5SeE/8mXpOdoNBTpMIVb+9hitp1dayewK4yZ7xevB5O5niYKi0CR3Mw2Ya4Dwvn3VGVOFo01Zz/GsHyBz1dQVUEXLA5EI+9mUWLfKUgksSo3xt9vKz114SWLhjrhCkH/zlZvaL8309a0OiP+8nOdXVO1kagW5WyfSm1g5nlCQj/mReGl+rfJAoLW/zPb4KX1atFk2vPp+meyAEw/vgFlFmZKAjsl41Icsx3J3sjPdo9430bVSoX+RS24y8HvvcuDLePvfHGuCyT0WD7L4jyosNaNw8gfSrrv4taOvY5OGCSMUC8Ufyopu/8oCbO1U8UKdHuip/j7q9oLUmoyEjNocQxouo5UK2huU0NP0NU0GNADzoxU9hcAAM9RUDXaO6KRQvj7/I4B2eL6/ypjLKNvuLcs8fDSNQFq1Fk/JdVvcO56b2o+OoZ01RHcCnnDD3A3FjJPbVQavCh//8wLfvnMnd4UWf9E253V2A=
JWpdyibQWJacEcN/7P+kOn8/DkqNgJlhy4dZHZwc4f8DTqcq2vTAky2jHvDVx0yEyqyYZxk0erhncIlV5rlTnY1n8k3P/Z+PhWUHxaimh2otou6y7WOdWvSXZwMJsHwDt7jCimPyI9eu+Akxx0uL03iEYEaRN1fETnMCyoO45D22X+Kg6HHRbww9eIDq5b6OchgnGsqNNi7ZHaNgi+Xf9plmh/Lte+JhAfkt+2H0RToaE7/ToQnQAk29LBClc5PwyJ9gu/JX6tok3MNprczHjLa2pX9rw4L8P/uLf9Rl3JYVwkLo+yvzzCxZ64UM8AcxZX/ZHbUECK6hz9RT2GU3qCU8/OwBUgVUEixhqxe8PR+/DpcM2UuN11brV/Q=
Y/yHEoNlgHLLbnTvmQsTCvLqhiv/OAaKB9CIVqyxMwSX/lEl7CQBx3N2Z5KqTCArXRueSKV/rDy6FFhfaQyagBdIiW2WgbOl/V8y9b9Ffzf13Yd92B5n0l0aLoqdW31ihK9nO3mInDvHgAIyE0rDb95AiYm382trCDygfuEPt/w+SwLy84AEBcZnIhiYyTHXfIX4OJpdXjYCoOciurXWFqklo1j73T/O6V5HSp3DAtlxQa1DEUylgmqrf+vRMTA6PYUsKNVLc8i4p6ADgu8KYlRkQ9HddCc0xg5lRxv7YsRPw4tHpF08rmX6glCLkxN0XOFrPXxI54kVxxklxTzoltH31GuoXdeQVQQ8VHHq5exilOETZwTdp8+2VzSpc23vJtNXzA==
UOvjga78AobhYwM2jpfDSnwBj4UvqywsFjpcFGXdrdQMGniNqC7YypPSC1IvlnG+jMo9Dug60R5BXZsWBQFLbAfKxbHFWfK5V6I=
AUn9BrbEw38iQG1cNBDqfUoYji5WjiXzzZOrlK3rRwypW3OREnVnCWq5Ke+9Q8gxGgjEV90=
C8mw/nsCvlx4DYfgIq34aEZbeYgQV9vKOTavRUNzg8MR2/+XoYTHDzXE64/ZMbjh5YGY3cO/dwf6GTgczlfX
7WNLVT/2i60GUbv/GP9eVVeX1X9hi81T5ufTYrTktwjlXPwMQfSANNUMYYvX3L2//+6XbBnrDTcWy1fU
XkB/nfB0nTJ4EVIOvVp6upeSluGwOiivq8wi7yWV89KnFjxXj0AfVwZv2cqNnJLvcj1Ae/zeHWbpymHZErfd5KEWEAxp+suzke3XQ0lbx7QBY4McjYMPUS4tg5musUUPEQvMQb6wmFeB
KCC3X59AkHIeg7v83Jq3UQJ+pfhRQa4DnK/L6u7ol089Ai6g6q3nYycjVwngWjYwKMqtrzFSfMC847AstBxTuJ/sR0RN2JzwWcBQWF2oIZevCA0zF6q3UEEfnZver1eI
66mnthhEucb9gNrBgIgIyMDEzen6c5zV75NoGbNQElYXzbmEpipmI3fxs7XPk3zEllKMLAXFnbzMsggVCFYI4pP62yqPDgEWTKINFogCAXbBtcsu5Rl7hEdiNSlloaKRV4o=
V8TC4at6k5rBGcuyIYe5/yN+3NI6shAlQ2xqahfxwbhWFh4fl83LiT+vBPhW7vSQ9XnlACwOcKn46nBeE0ajln+yeaqsHnWqeL55ygGJsxIVJQO4p15NFZWd2q1Xtg==
EQNdcN6awZ+p9KtUnpcCl5eSluGwOiivq8wi7yWV89K8FjxXj0AfVwZv2cqNnJLvcj1Ae/zeHWbpymHZErfd5KEWEAxp+suzke3XQ0lbx7QBY4McjYMPUS4tg5musUUPEQvMQb6wmFeB
itlwj644EitavKgcqyuixpYmR3lzynuSZWBhRovtQzGX6Fjhk0gCXhfFqZyG0lZrNzlDDa8L7EwW2hy05X3t9Ax6OG0oThjqk/LLMq92Md6M6n2uaJqR/kE9W7aFoYtMByoF0UW5splXgg==
vB2L7fq4WKm+l4W6/oS6sZGZkOiUPTy5jdwi6iax6dCxFjxXj0AfVwZv2cqNnJLvcj1Ae/zeHWbpymHZErfd5KEWEAxp+suzke3XQ0lbx7QBY4McjYMPUS4tg5musUUPEQvMQb6wmFeB
PjJeqVwnG268tqg1J5I0MR0d+hwmaS/JjDenySkaoqNm3SNEuC6w1YM8CloXwaHolua+jxddKzl//yQIVp7UQDXJhZCsntDZuDqQbhN2Q0Y/wtk6LI4VGrhuWboBeZNCVZXjKCfO7eVVzbqdV4Y=
PXarmvTMsHhme513pAr7XvCPO1GgsSYOlxaeGfjGGgeuGRxSSsSz3bMrSEgNBJChyxi9zoUBWv5VgXBTbsynnbyG1GYKTUioH5qpcuxGpULY1skygfED+rVNU2BnBh09dbWqlVeO
0ruJ3v3CS4ygi7yLAXNIzCL+P5UX89MH8Zx0KqmKvQEyF07W24WFGhY3pdtlVcgYoYFUXjBWPZ2asIvCfWqUmudbX1fBhOdP1URLT7kxmKEFATgdo79XRxqZmNyuV7c=
