2022-10-27 15:42:16,549 INFO notifyConnectTimeout:200

2022-10-27 15:42:16,557 INFO notifySocketTimeout:8000

2022-10-27 15:42:16,557 INFO isHealthCheck:true

2022-10-27 15:42:16,557 INFO maxHealthCheckFailCount:12

2022-10-27 15:42:16,557 INFO maxContent:10485760

2022-10-27 15:42:26,890 INFO use local db service for init

2022-10-27 15:42:28,401 WARN Lexical error at line 4, column 66.  Encountered: <EOF> after : "".

2022-10-27 15:42:28,469 WARN Syntax error: Encountered "*" at line 1, column 1.

2022-10-27 15:42:28,529 WARN Table/View 'CONFIG_INFO' already exists in Schema 'NACOS'.

2022-10-27 15:42:28,625 WARN Table/View 'HIS_CONFIG_INFO' already exists in Schema 'NACOS'.

2022-10-27 15:42:28,645 WARN Table/View 'CONFIG_INFO_BETA' already exists in Schema 'NACOS'.

2022-10-27 15:42:28,657 WARN Table/View 'CONFIG_INFO_TAG' already exists in Schema 'NACOS'.

2022-10-27 15:42:28,669 WARN Table/View 'CONFIG_INFO_AGGR' already exists in Schema 'NACOS'.

2022-10-27 15:42:28,681 WARN Table/View 'APP_LIST' already exists in Schema 'NACOS'.

2022-10-27 15:42:28,689 WARN Table/View 'APP_CONFIGDATA_RELATION_SUBS' already exists in Schema 'NACOS'.

2022-10-27 15:42:28,701 WARN Table/View 'APP_CONFIGDATA_RELATION_PUBS' already exists in Schema 'NACOS'.

2022-10-27 15:42:28,709 WARN Table/View 'CONFIG_TAGS_RELATION' already exists in Schema 'NACOS'.

2022-10-27 15:42:28,721 WARN Table/View 'GROUP_CAPACITY' already exists in Schema 'NACOS'.

2022-10-27 15:42:28,733 WARN Table/View 'TENANT_CAPACITY' already exists in Schema 'NACOS'.

2022-10-27 15:42:28,745 WARN Table/View 'TENANT_INFO' already exists in Schema 'NACOS'.

2022-10-27 15:42:28,757 WARN Table/View 'USERS' already exists in Schema 'NACOS'.

2022-10-27 15:42:28,765 WARN Table/View 'ROLES' already exists in Schema 'NACOS'.

2022-10-27 15:42:28,773 WARN Table/View 'PERMISSIONS' already exists in Schema 'NACOS'.

2022-10-27 15:42:28,881 WARN The statement was aborted because it would have caused a duplicate key value in a unique or primary key constraint or unique index identified by 'SQL200716160117510' defined on 'USERS'.

2022-10-27 15:42:28,889 WARN The statement was aborted because it would have caused a duplicate key value in a unique or primary key constraint or unique index identified by 'UK_USERNAME_ROLE' defined on 'ROLES'.

2022-10-27 15:42:28,889 INFO use StandaloneDatabaseOperateImpl

2022-10-27 15:42:30,772 WARN DumpService start

2022-10-27 15:42:30,776 INFO start clear all config-info.

2022-10-27 15:42:30,788 WARN clear all config-info failed.

2022-10-27 15:42:30,788 WARN clear all config-info-tenant failed.

2022-10-27 15:42:30,925 INFO [all-dump] 422208951071215616 / 422208951071215616

2022-10-27 15:42:30,925 INFO start clear all config-info-beta.

2022-10-27 15:42:30,925 WARN clear all config-info-beta failed.

2022-10-27 15:42:30,925 WARN clear all config-info-beta-tenant failed.

2022-10-27 15:42:31,013 INFO start clear all config-info-tag.

2022-10-27 15:42:31,013 WARN clear all config-info-tag failed.

2022-10-27 15:42:31,013 WARN clear all config-info-tag-tenant failed.

