2022-10-27 15:42:16,561 INFO Starting Nacos v1.3.1 on DESKTOP-O4JCLRP with PID 24036 (C:\Users\Bexh0lder\OneDrive\HomeworkInZUCC\大三上\软件体系结构原理和实验\nacos\target\nacos-server.jar started by Bexh0lder in C:\Users\Bexh0lder\OneDrive\HomeworkInZUCC\大三上\软件体系结构原理和实验\nacos\bin)

2022-10-27 15:42:16,569 INFO The following profiles are active: standalone

2022-10-27 15:42:25,267 INFO Bean 'org.springframework.security.config.annotation.configuration.ObjectPostProcessorConfiguration' of type [org.springframework.security.config.annotation.configuration.ObjectPostProcessorConfiguration$$EnhancerBySpringCGLIB$$440239d5] is not eligible for getting processed by all BeanPostProcessors (for example: not eligible for auto-proxying)

2022-10-27 15:42:25,411 INFO Bean 'objectPostProcessor' of type [org.springframework.security.config.annotation.configuration.AutowireBeanFactoryObjectPostProcessor] is not eligible for getting processed by all BeanPostProcessors (for example: not eligible for auto-proxying)

2022-10-27 15:42:25,423 INFO Bean 'org.springframework.security.access.expression.method.DefaultMethodSecurityExpressionHandler@2f4854d6' of type [org.springframework.security.access.expression.method.DefaultMethodSecurityExpressionHandler] is not eligible for getting processed by all BeanPostProcessors (for example: not eligible for auto-proxying)

2022-10-27 15:42:25,423 INFO Bean 'org.springframework.security.config.annotation.method.configuration.GlobalMethodSecurityConfiguration' of type [org.springframework.security.config.annotation.method.configuration.GlobalMethodSecurityConfiguration$$EnhancerBySpringCGLIB$$68d6dc87] is not eligible for getting processed by all BeanPostProcessors (for example: not eligible for auto-proxying)

2022-10-27 15:42:25,431 INFO Bean 'methodSecurityMetadataSource' of type [org.springframework.security.access.method.DelegatingMethodSecurityMetadataSource] is not eligible for getting processed by all BeanPostProcessors (for example: not eligible for auto-proxying)

2022-10-27 15:42:26,185 INFO Tomcat initialized with port(s): 8848 (http)

2022-10-27 15:42:26,217 INFO Starting service [Tomcat]

2022-10-27 15:42:26,221 INFO Starting Servlet Engine: Apache Tomcat/9.0.13

2022-10-27 15:42:26,241 INFO The APR based Apache Tomcat Native library which allows optimal performance in production environments was not found on the java.library.path: [C:\Life\Software\Complier\Java\jdk-18.0.1.1\bin;C:\Windows\Sun\Java\bin;C:\Windows\system32;C:\Windows;C:\Program Files\PowerShell\7;C:\Life\Software\Complier\Python\3.10.4\Scripts\;C:\Life\Software\Complier\Python\3.10.4\;C:\Life\Software\MyTools\VMware\VMware Workstation Pro\bin\;C:\Windows\system32;C:\Windows;C:\Windows\System32\Wbem;C:\Windows\System32\WindowsPowerShell\v1.0\;C:\Windows\System32\OpenSSH\;C:\Life\Software\Compress\Bandizip\;C:\Program Files (x86)\gsudo\;C:\Program Files\Pandoc\;C:\Program Files\MySQL\MySQL Server 8.0\bin;C:\Life\Software\Complier\Python\3.9.12\Scripts\;C:\Life\Software\Complier\Python\3.9.12\;C:\Life\Software\Complier\Python\3.8.0b4\Scripts\;C:\Life\Software\Complier\Python\3.8.0b4\;C:\Life\Software\MyTools\WinSCP\;C:\Life\Software\MyTools\signapk;C:\Life\Software\MyTools\apktools;C:\Life\Software\Complier\Android\android-sdk\tools;C:\Life\Software\Complier\Android\android-sdk\platform-tools;C:\Life\Software\Complier\Python\2.7.18\;C:\Life\Software\Complier\Python\2.7.18\Scripts;C:\ProgramData\chocolatey\bin;C:\Life\Software\Complier\Nodejs\;C:\Life\Software\MyTools\Git\cmd;C:\Life\Software\MyTools\upx-3.96-win64;C:\Program Files\dotnet\;C:\Life\Software\Complier\Java\jdk-18.0.1.1\bin;C:\Life\Software\Complier\Java\jdk-18.0.1.1\jre\bin;C:\Life\Software\MyTools\platform-tools;C:\Program Files\Microsoft SQL Server\150\Tools\Binn\;C:\Program Files\Microsoft SQL Server\Client SDK\ODBC\170\Tools\Binn\;C:\Program Files\PowerShell\7\;C:\Program Files\Mono\bin;;C:\Program Files\Docker\Docker\resources\bin;C:\ProgramData\DockerDesktop\version-bin;C:\Life\Software\Complier\Python\3.8.1\Scripts\;C:\Life\Software\Complier\Python\3.8.1\;C:\Program Files\MySQL\MySQL Shell 8.0\bin\;C:\Users\Bexh0lder\AppData\Local\Microsoft\WindowsApps;C:\Program Files (x86)\oh-my-posh\bin;C:\Users\Bexh0lder\AppData\Local\Programs\oh-my-posh\bin;C:\Users\Bexh0lder\.dotnet\tools;C:\Users\Bexh0lder\AppData\Local\Programs\Microsoft VS Code\bin;C:\Users\Bexh0lder\AppData\Roaming\npm;C:\Life\Software\MyTools\Nmap;C:\Life\Software\MyTools\Fiddler;.]

2022-10-27 15:42:26,421 INFO Initializing Spring embedded WebApplicationContext

2022-10-27 15:42:26,421 INFO Root WebApplicationContext: initialization completed in 9732 ms

2022-10-27 15:42:27,563 WARN HikariPool-1 - idleTimeout has been set but has no effect because the pool is operating as a fixed size pool.

2022-10-27 15:42:27,563 INFO HikariPool-1 - Starting...

2022-10-27 15:42:27,583 WARN Registered driver with driverClassName=org.apache.derby.jdbc.EmbeddedDriver was not found, trying direct instantiation.

2022-10-27 15:42:28,231 INFO HikariPool-1 - Driver does not support get/set network timeout for connections. (Feature not implemented: No details.)

2022-10-27 15:42:28,243 INFO HikariPool-1 - Start completed.

2022-10-27 15:42:29,635 INFO Nacos-related cluster resource initialization

2022-10-27 15:42:29,649 INFO The cluster resource is initialized

2022-10-27 15:42:30,265 INFO Reflections took 76 ms to scan 1 urls, producing 6 keys and 24 values 

2022-10-27 15:42:30,327 INFO Reflections took 8 ms to scan 1 urls, producing 2 keys and 12 values 

2022-10-27 15:42:30,339 INFO Reflections took 8 ms to scan 1 urls, producing 3 keys and 15 values 

2022-10-27 15:42:31,978 INFO Initializing ExecutorService 'applicationTaskExecutor'

2022-10-27 15:42:32,238 INFO Adding welcome page: class path resource [static/index.html]

2022-10-27 15:42:32,882 INFO Creating filter chain: Ant [pattern='/**'], []

2022-10-27 15:42:32,950 INFO Creating filter chain: any request, [org.springframework.security.web.context.request.async.WebAsyncManagerIntegrationFilter@7c663eaf, org.springframework.security.web.context.SecurityContextPersistenceFilter@fb49fdf, org.springframework.security.web.header.HeaderWriterFilter@57ad1178, org.springframework.security.web.csrf.CsrfFilter@6ebc9573, org.springframework.security.web.authentication.logout.LogoutFilter@6d091cad, org.springframework.security.web.savedrequest.RequestCacheAwareFilter@7da34b26, org.springframework.security.web.servletapi.SecurityContextHolderAwareRequestFilter@21b6c9c2, org.springframework.security.web.authentication.AnonymousAuthenticationFilter@3bb5ceb, org.springframework.security.web.session.SessionManagementFilter@7f4701b1, org.springframework.security.web.access.ExceptionTranslationFilter@65fe2691]

2022-10-27 15:42:33,186 INFO Exposing 2 endpoint(s) beneath base path '/actuator'

2022-10-27 15:42:33,225 INFO Initializing ExecutorService 'taskScheduler'

2022-10-27 15:42:33,432 INFO Tomcat started on port(s): 8848 (http) with context path '/nacos'

2022-10-27 15:42:33,437 INFO Started Nacos in 18.884 seconds (JVM running for 20.403)

2022-10-27 15:42:33,437 INFO Nacos Log files: C:\Users\Bexh0lder\OneDrive\HomeworkInZUCC\大三上\软件体系结构原理和实验\nacos\logs

2022-10-27 15:42:33,440 INFO Nacos Log files: C:\Users\Bexh0lder\OneDrive\HomeworkInZUCC\大三上\软件体系结构原理和实验\nacos\conf

2022-10-27 15:42:33,440 INFO Nacos Log files: C:\Users\Bexh0lder\OneDrive\HomeworkInZUCC\大三上\软件体系结构原理和实验\nacos\data

2022-10-27 15:42:33,441 INFO Nacos started successfully in stand alone mode. use embedded storage

2022-10-27 15:43:01,825 INFO Initializing Spring DispatcherServlet 'dispatcherServlet'

2022-10-27 15:43:01,825 INFO Initializing Servlet 'dispatcherServlet'

2022-10-27 15:43:01,841 INFO Completed initialization in 16 ms

2022-10-27 15:52:30,658 INFO [capacityManagement] start correct usage

2022-10-27 15:52:30,678 INFO [capacityManagement] end correct usage, cost: 0s

2022-10-27 15:52:31,036 WARN clearConfigHistory start

2022-10-27 15:52:31,043 WARN clearConfigHistory, getBeforeStamp:2022-09-27 15:52:31.0, totalCount:92, pageSize:1000, removeTime:1

2022-10-27 16:02:30,685 INFO [capacityManagement] start correct usage

2022-10-27 16:02:30,685 INFO [capacityManagement] end correct usage, cost: 0s

2022-10-27 16:02:31,049 WARN clearConfigHistory start

2022-10-27 16:02:31,049 WARN clearConfigHistory, getBeforeStamp:2022-09-27 16:02:31.0, totalCount:92, pageSize:1000, removeTime:1

2022-10-27 16:12:30,694 INFO [capacityManagement] start correct usage

2022-10-27 16:12:30,694 INFO [capacityManagement] end correct usage, cost: 0s

2022-10-27 16:12:31,062 WARN clearConfigHistory start

2022-10-27 16:12:31,062 WARN clearConfigHistory, getBeforeStamp:2022-09-27 16:12:31.0, totalCount:92, pageSize:1000, removeTime:1

2022-10-27 16:14:31,296 WARN [HttpClientManager] Start destroying HttpClient

2022-10-27 16:14:31,296 WARN [ThreadPoolManager] Start destroying ThreadPool

2022-10-27 16:14:31,296 WARN [NotifyCenter] Start destroying Publisher

2022-10-27 16:14:31,300 WARN [NotifyCenter] Destruction of the end

2022-10-27 16:14:31,306 WARN [HttpClientManager] Destruction of the end

2022-10-27 16:14:31,310 INFO Shutting down ExecutorService 'taskScheduler'

2022-10-27 16:14:31,314 INFO Shutting down ExecutorService 'applicationTaskExecutor'

